Start testing: Oct 16 17:50 PDT
----------------------------------------------------------
1/69 Testing: SelSortRuntime.FindMin
1/69 Test: SelSortRuntime.FindMin
Command: "/home/cs104/cs104/hw-nyilkhan/hw2/hw2_tests/selection_sort_tests/selection_sort_runtime" "--gtest_filter=SelSortRuntime.FindMin"
Directory: /home/cs104/cs104/hw-nyilkhan/hw2/hw2_tests/selection_sort_tests
"SelSortRuntime.FindMin" start time: Oct 16 17:50 PDT
Output:
----------------------------------------------------------
Running main() from gtest_main.cc
Note: Google Test filter = SelSortRuntime.FindMin
[==========] Running 1 test from 1 test case.
[----------] Global test environment set-up.
[----------] 1 test from SelSortRuntime
[ RUN      ] SelSortRuntime.FindMin
Stack size was 8388608 bytes, setting it to the max of infinity bytes.
>> Evaluating runtime of using findMin()
Testing with 2^6 (64) elements (trial 1/35)2/35)3/35)4/35)5/35)6/35)7/35)8/35)9/35)10/35)11/35)12/35)13/35)14/35)15/35)16/35)17/35)18/35)19/35)20/35)21/35)22/35)23/35)24/35)25/35)26/35)27/35)28/35)29/35)30/35)31/35)32/35)33/35)34/35)35/35)
Testing with 2^7 (128) elements (trial 1/35)2/35)3/35)4/35)5/35)6/35)7/35)8/35)9/35)10/35)11/35)12/35)13/35)14/35)15/35)16/35)17/35)18/35)19/35)20/35)21/35)22/35)23/35)24/35)25/35)26/35)27/35)28/35)29/35)30/35)31/35)32/35)33/35)34/35)35/35)
Testing with 2^8 (256) elements (trial 1/35)2/35)3/35)4/35)5/35)6/35)7/35)8/35)9/35)10/35)11/35)12/35)13/35)14/35)15/35)16/35)17/35)18/35)19/35)20/35)21/35)22/35)23/35)24/35)25/35)26/35)27/35)28/35)29/35)30/35)31/35)32/35)33/35)34/35)35/35)
Testing with 2^9 (512) elements (trial 1/35)2/35)3/35)4/35)5/35)6/35)7/35)8/35)9/35)10/35)11/35)12/35)13/35)14/35)15/35)16/35)17/35)18/35)19/35)20/35)21/35)22/35)23/35)24/35)25/35)26/35)27/35)28/35)29/35)30/35)31/35)32/35)33/35)34/35)35/35)
Testing with 2^10 (1024) elements (trial 1/35)2/35)3/35)4/35)5/35)6/35)7/35)8/35)9/35)10/35)11/35)12/35)13/35)14/35)15/35)16/35)17/35)18/35)19/35)20/35)21/35)22/35)23/35)24/35)25/35)26/35)27/35)28/35)29/35)30/35)31/35)32/35)33/35)34/35)35/35)
Testing with 2^11 (2048) elements (trial 1/35)2/35)3/35)4/35)5/35)6/35)7/35)8/35)9/35)10/35)11/35)12/35)13/35)14/35)15/35)16/35)17/35)18/35)19/35)20/35)21/35)22/35)23/35)24/35)25/35)26/35)27/35)28/35)29/35)30/35)31/35)32/35)33/35)34/35)35/35)
Testing with 2^12 (4096) elements (trial 1/35)2/35)3/35)4/35)5/35)6/35)7/35)8/35)9/35)10/35)11/35)12/35)13/35)14/35)15/35)16/35)17/35)18/35)19/35)20/35)21/35)22/35)23/35)24/35)25/35)26/35)27/35)28/35)29/35)30/35)31/35)32/35)33/35)34/35)35/35)
Testing with 2^13 (8192) elements (trial 1/35)2/35)3/35)4/35)5/35)6/35)7/35)8/35)9/35)10/35)11/35)12/35)13/35)14/35)15/35)16/35)17/35)18/35)19/35)20/35)21/35)22/35)23/35)24/35)25/35)26/35)27/35)28/35)29/35)30/35)31/35)32/35)33/35)34/35)35/35)
Testing with 2^14 (16384) elements (trial 1/35)2/35)3/35)4/35)5/35)6/35)7/35)8/35)9/35)10/35)11/35)12/35)13/35)14/35)15/35)16/35)17/35)18/35)19/35)20/35)21/35)22/35)23/35)24/35)25/35)26/35)27/35)28/35)29/35)30/35)31/35)32/35)33/35)34/35)35/35)
Testing with 2^15 (32768) elements (trial 1/35)2/35)3/35)4/35)5/35)6/35)7/35)8/35)9/35)10/35)11/35)12/35)13/35)14/35)15/35)16/35)17/35)18/35)19/35)20/35)21/35)22/35)23/35)24/35)25/35)26/35)27/35)28/35)29/35)30/35)31/35)32/35)33/35)34/35)35/35)
Testing with 2^16 (65536) elements (trial 1/35)2/35)3/35)4/35)5/35)6/35)7/35)8/35)9/35)10/35)11/35)12/35)13/35)14/35)15/35)16/35)17/35)18/35)19/35)20/35)21/35)22/35)23/35)24/35)25/35)26/35)27/35)28/35)29/35)30/35)31/35)32/35)33/35)34/35)35/35)
Testing with 2^17 (131072) elements (trial 1/35)2/35)3/35)4/35)5/35)6/35)7/35)8/35)9/35)10/35)11/35)12/35)13/35)14/35)15/35)16/35)17/35)18/35)19/35)20/35)21/35)22/35)23/35)24/35)25/35)26/35)27/35)28/35)29/35)30/35)31/35)32/35)33/35)34/35)35/35)
Testing if time complexity could be linear...
Correlation factor (0.4275) is < threshold (1.1000)
Testing if time complexity could be constant...
Correlation factor (1.1906) is >= threshold (1.1000)
>> Time complexity of using findMin() is likely constant
Testing if time complexity could be logarithmic...
Correlation factor (-18.6628) is < threshold (1.1000)
Testing if time complexity could be quadratic...
Correlation factor (0.6984) is < threshold (1.1000)
Testing if time complexity could be cubic...
Correlation factor (0.5619) is < threshold (1.1000)
[       OK ] SelSortRuntime.FindMin (548 ms)
[----------] 1 test from SelSortRuntime (548 ms total)

[----------] Global test environment tear-down
[==========] 1 test from 1 test case ran. (548 ms total)
[  PASSED  ] 1 test.
<end of output>
Test time =   0.55 sec
----------------------------------------------------------
Test Passed.
"SelSortRuntime.FindMin" end time: Oct 16 17:51 PDT
"SelSortRuntime.FindMin" time elapsed: 00:00:00
----------------------------------------------------------

3/69 Testing: FindMin.01_NullList
3/69 Test: FindMin.01_NullList
Command: "/usr/bin/valgrind" "--tool=memcheck" "--leak-check=yes" "--trace-children=no" "/home/cs104/cs104/hw-nyilkhan/hw2/hw2_tests/selection_sort_tests/selection_sort_test" "--gtest_filter=FindMin.01_NullList"
Directory: /home/cs104/cs104/hw-nyilkhan/hw2/hw2_tests/selection_sort_tests
"FindMin.01_NullList" start time: Oct 16 17:51 PDT
Output:
----------------------------------------------------------
==5199== Memcheck, a memory error detector
==5199== Copyright (C) 2002-2017, and GNU GPL'd, by Julian Seward et al.
==5199== Using Valgrind-3.13.0 and LibVEX; rerun with -h for copyright info
==5199== Command: /home/cs104/cs104/hw-nyilkhan/hw2/hw2_tests/selection_sort_tests/selection_sort_test --gtest_filter=FindMin.01_NullList
==5199== 
Running main() from gtest_main.cc
Note: Google Test filter = FindMin.01_NullList
[==========] Running 1 test from 1 test case.
[----------] Global test environment set-up.
[----------] 1 test from FindMin
[ RUN      ] FindMin.01_NullList
[       OK ] FindMin.01_NullList (5 ms)
[----------] 1 test from FindMin (11 ms total)

[----------] Global test environment tear-down
[==========] 1 test from 1 test case ran. (37 ms total)
[  PASSED  ] 1 test.
==5199== 
==5199== HEAP SUMMARY:
==5199==     in use at exit: 72,704 bytes in 1 blocks
==5199==   total heap usage: 309 allocs, 308 frees, 128,622 bytes allocated
==5199== 
==5199== LEAK SUMMARY:
==5199==    definitely lost: 0 bytes in 0 blocks
==5199==    indirectly lost: 0 bytes in 0 blocks
==5199==      possibly lost: 0 bytes in 0 blocks
==5199==    still reachable: 0 bytes in 0 blocks
==5199==         suppressed: 72,704 bytes in 1 blocks
==5199== 
==5199== For counts of detected and suppressed errors, rerun with: -v
==5199== ERROR SUMMARY: 0 errors from 0 contexts (suppressed: 0 from 0)
<end of output>
Test time =   0.91 sec
----------------------------------------------------------
Test Passed.
"FindMin.01_NullList" end time: Oct 16 17:51 PDT
"FindMin.01_NullList" time elapsed: 00:00:00
----------------------------------------------------------

2/69 Testing: SelSortRuntime.SelectionSort
2/69 Test: SelSortRuntime.SelectionSort
Command: "/home/cs104/cs104/hw-nyilkhan/hw2/hw2_tests/selection_sort_tests/selection_sort_runtime" "--gtest_filter=SelSortRuntime.SelectionSort"
Directory: /home/cs104/cs104/hw-nyilkhan/hw2/hw2_tests/selection_sort_tests
"SelSortRuntime.SelectionSort" start time: Oct 16 17:50 PDT
Output:
----------------------------------------------------------
Running main() from gtest_main.cc
Note: Google Test filter = SelSortRuntime.SelectionSort
[==========] Running 1 test from 1 test case.
[----------] Global test environment set-up.
[----------] 1 test from SelSortRuntime
[ RUN      ] SelSortRuntime.SelectionSort
Stack size was 8388608 bytes, setting it to the max of infinity bytes.
>> Evaluating runtime of sorting with LLSelectionSort()
Testing with 2^4 (16) elements (trial 1/20)2/20)3/20)4/20)5/20)6/20)7/20)8/20)9/20)10/20)11/20)12/20)13/20)14/20)15/20)16/20)17/20)18/20)19/20)20/20)
Testing with 2^5 (32) elements (trial 1/20)2/20)3/20)4/20)5/20)6/20)7/20)8/20)9/20)10/20)11/20)12/20)13/20)14/20)15/20)16/20)17/20)18/20)19/20)20/20)
Testing with 2^6 (64) elements (trial 1/20)2/20)3/20)4/20)5/20)6/20)7/20)8/20)9/20)10/20)11/20)12/20)13/20)14/20)15/20)16/20)17/20)18/20)19/20)20/20)
Testing with 2^7 (128) elements (trial 1/20)2/20)3/20)4/20)5/20)6/20)7/20)8/20)9/20)10/20)11/20)12/20)13/20)14/20)15/20)16/20)17/20)18/20)19/20)20/20)
Testing with 2^8 (256) elements (trial 1/20)2/20)3/20)4/20)5/20)6/20)7/20)8/20)9/20)10/20)11/20)12/20)13/20)14/20)15/20)16/20)17/20)18/20)19/20)20/20)
Testing with 2^9 (512) elements (trial 1/20)2/20)3/20)4/20)5/20)6/20)7/20)8/20)9/20)10/20)11/20)12/20)13/20)14/20)15/20)16/20)17/20)18/20)19/20)20/20)
Testing with 2^10 (1024) elements (trial 1/20)2/20)3/20)4/20)5/20)6/20)7/20)8/20)9/20)10/20)11/20)12/20)13/20)14/20)15/20)16/20)17/20)18/20)19/20)20/20)
Testing with 2^11 (2048) elements (trial 1/20)2/20)3/20)4/20)5/20)6/20)7/20)8/20)9/20)10/20)11/20)12/20)13/20)14/20)15/20)16/20)17/20)18/20)19/20)20/20)
Testing with 2^12 (4096) elements (trial 1/20)2/20)3/20)4/20)5/20)6/20)7/20)8/20)9/20)10/20)11/20)12/20)13/20)14/20)15/20)16/20)17/20)18/20)19/20)20/20)
Testing with 2^13 (8192) elements (trial 1/20)2/20)3/20)4/20)5/20)6/20)7/20)8/20)9/20)10/20)11/20)12/20)13/20)14/20)15/20)16/20)17/20)18/20)19/20)20/20)
Testing if time complexity could be linear...
Correlation factor (1.0788) is < threshold (2.0000)
Testing if time complexity could be constant...
Correlation factor (0.8329) is < threshold (2.0000)
Testing if time complexity could be logarithmic...
Correlation factor (-21.3747) is < threshold (2.0000)
Testing if time complexity could be quadratic...
Correlation factor (2.9710) is >= threshold (2.0000)
>> Time complexity of sorting with LLSelectionSort() is likely quadratic
Testing if time complexity could be cubic...
Correlation factor (1.4692) is < threshold (2.0000)
[       OK ] SelSortRuntime.SelectionSort (1872 ms)
[----------] 1 test from SelSortRuntime (1872 ms total)

[----------] Global test environment tear-down
[==========] 1 test from 1 test case ran. (1872 ms total)
[  PASSED  ] 1 test.
<end of output>
Test time =   1.88 sec
----------------------------------------------------------
Test Passed.
"SelSortRuntime.SelectionSort" end time: Oct 16 17:51 PDT
"SelSortRuntime.SelectionSort" time elapsed: 00:00:01
----------------------------------------------------------

4/69 Testing: FindMin.02_OneElement
4/69 Test: FindMin.02_OneElement
Command: "/usr/bin/valgrind" "--tool=memcheck" "--leak-check=yes" "--trace-children=no" "/home/cs104/cs104/hw-nyilkhan/hw2/hw2_tests/selection_sort_tests/selection_sort_test" "--gtest_filter=FindMin.02_OneElement"
Directory: /home/cs104/cs104/hw-nyilkhan/hw2/hw2_tests/selection_sort_tests
"FindMin.02_OneElement" start time: Oct 16 17:51 PDT
Output:
----------------------------------------------------------
==5200== Memcheck, a memory error detector
==5200== Copyright (C) 2002-2017, and GNU GPL'd, by Julian Seward et al.
==5200== Using Valgrind-3.13.0 and LibVEX; rerun with -h for copyright info
==5200== Command: /home/cs104/cs104/hw-nyilkhan/hw2/hw2_tests/selection_sort_tests/selection_sort_test --gtest_filter=FindMin.02_OneElement
==5200== 
Running main() from gtest_main.cc
Note: Google Test filter = FindMin.02_OneElement
[==========] Running 1 test from 1 test case.
[----------] Global test environment set-up.
[----------] 1 test from FindMin
[ RUN      ] FindMin.02_OneElement
[       OK ] FindMin.02_OneElement (6 ms)
[----------] 1 test from FindMin (12 ms total)

[----------] Global test environment tear-down
[==========] 1 test from 1 test case ran. (38 ms total)
[  PASSED  ] 1 test.
==5200== 
==5200== HEAP SUMMARY:
==5200==     in use at exit: 72,704 bytes in 1 blocks
==5200==   total heap usage: 311 allocs, 310 frees, 128,664 bytes allocated
==5200== 
==5200== LEAK SUMMARY:
==5200==    definitely lost: 0 bytes in 0 blocks
==5200==    indirectly lost: 0 bytes in 0 blocks
==5200==      possibly lost: 0 bytes in 0 blocks
==5200==    still reachable: 0 bytes in 0 blocks
==5200==         suppressed: 72,704 bytes in 1 blocks
==5200== 
==5200== For counts of detected and suppressed errors, rerun with: -v
==5200== ERROR SUMMARY: 0 errors from 0 contexts (suppressed: 0 from 0)
<end of output>
Test time =   0.72 sec
----------------------------------------------------------
Test Passed.
"FindMin.02_OneElement" end time: Oct 16 17:51 PDT
"FindMin.02_OneElement" time elapsed: 00:00:00
----------------------------------------------------------

5/69 Testing: FindMin.03_ThreeElements
5/69 Test: FindMin.03_ThreeElements
Command: "/usr/bin/valgrind" "--tool=memcheck" "--leak-check=yes" "--trace-children=no" "/home/cs104/cs104/hw-nyilkhan/hw2/hw2_tests/selection_sort_tests/selection_sort_test" "--gtest_filter=FindMin.03_ThreeElements"
Directory: /home/cs104/cs104/hw-nyilkhan/hw2/hw2_tests/selection_sort_tests
"FindMin.03_ThreeElements" start time: Oct 16 17:51 PDT
Output:
----------------------------------------------------------
==5201== Memcheck, a memory error detector
==5201== Copyright (C) 2002-2017, and GNU GPL'd, by Julian Seward et al.
==5201== Using Valgrind-3.13.0 and LibVEX; rerun with -h for copyright info
==5201== Command: /home/cs104/cs104/hw-nyilkhan/hw2/hw2_tests/selection_sort_tests/selection_sort_test --gtest_filter=FindMin.03_ThreeElements
==5201== 
Running main() from gtest_main.cc
Note: Google Test filter = FindMin.03_ThreeElements
[==========] Running 1 test from 1 test case.
[----------] Global test environment set-up.
[----------] 1 test from FindMin
[ RUN      ] FindMin.03_ThreeElements
[       OK ] FindMin.03_ThreeElements (8 ms)
[----------] 1 test from FindMin (16 ms total)

[----------] Global test environment tear-down
[==========] 1 test from 1 test case ran. (50 ms total)
[  PASSED  ] 1 test.
==5201== 
==5201== HEAP SUMMARY:
==5201==     in use at exit: 72,704 bytes in 1 blocks
==5201==   total heap usage: 340 allocs, 339 frees, 129,377 bytes allocated
==5201== 
==5201== LEAK SUMMARY:
==5201==    definitely lost: 0 bytes in 0 blocks
==5201==    indirectly lost: 0 bytes in 0 blocks
==5201==      possibly lost: 0 bytes in 0 blocks
==5201==    still reachable: 0 bytes in 0 blocks
==5201==         suppressed: 72,704 bytes in 1 blocks
==5201== 
==5201== For counts of detected and suppressed errors, rerun with: -v
==5201== ERROR SUMMARY: 0 errors from 0 contexts (suppressed: 0 from 0)
<end of output>
Test time =   0.80 sec
----------------------------------------------------------
Test Passed.
"FindMin.03_ThreeElements" end time: Oct 16 17:51 PDT
"FindMin.03_ThreeElements" time elapsed: 00:00:00
----------------------------------------------------------

6/69 Testing: FindMin.04_Uniform
6/69 Test: FindMin.04_Uniform
Command: "/usr/bin/valgrind" "--tool=memcheck" "--leak-check=yes" "--trace-children=no" "/home/cs104/cs104/hw-nyilkhan/hw2/hw2_tests/selection_sort_tests/selection_sort_test" "--gtest_filter=FindMin.04_Uniform"
Directory: /home/cs104/cs104/hw-nyilkhan/hw2/hw2_tests/selection_sort_tests
"FindMin.04_Uniform" start time: Oct 16 17:51 PDT
Output:
----------------------------------------------------------
==5202== Memcheck, a memory error detector
==5202== Copyright (C) 2002-2017, and GNU GPL'd, by Julian Seward et al.
==5202== Using Valgrind-3.13.0 and LibVEX; rerun with -h for copyright info
==5202== Command: /home/cs104/cs104/hw-nyilkhan/hw2/hw2_tests/selection_sort_tests/selection_sort_test --gtest_filter=FindMin.04_Uniform
==5202== 
Running main() from gtest_main.cc
Note: Google Test filter = FindMin.04_Uniform
[==========] Running 1 test from 1 test case.
[----------] Global test environment set-up.
[----------] 1 test from FindMin
[ RUN      ] FindMin.04_Uniform
[       OK ] FindMin.04_Uniform (8 ms)
[----------] 1 test from FindMin (13 ms total)

[----------] Global test environment tear-down
[==========] 1 test from 1 test case ran. (40 ms total)
[  PASSED  ] 1 test.
==5202== 
==5202== HEAP SUMMARY:
==5202==     in use at exit: 72,704 bytes in 1 blocks
==5202==   total heap usage: 312 allocs, 311 frees, 128,671 bytes allocated
==5202== 
==5202== LEAK SUMMARY:
==5202==    definitely lost: 0 bytes in 0 blocks
==5202==    indirectly lost: 0 bytes in 0 blocks
==5202==      possibly lost: 0 bytes in 0 blocks
==5202==    still reachable: 0 bytes in 0 blocks
==5202==         suppressed: 72,704 bytes in 1 blocks
==5202== 
==5202== For counts of detected and suppressed errors, rerun with: -v
==5202== ERROR SUMMARY: 0 errors from 0 contexts (suppressed: 0 from 0)
<end of output>
Test time =   0.72 sec
----------------------------------------------------------
Test Passed.
"FindMin.04_Uniform" end time: Oct 16 17:51 PDT
"FindMin.04_Uniform" time elapsed: 00:00:00
----------------------------------------------------------

7/69 Testing: FindMin.05_UniformLarge
7/69 Test: FindMin.05_UniformLarge
Command: "/usr/bin/valgrind" "--tool=memcheck" "--leak-check=yes" "--trace-children=no" "/home/cs104/cs104/hw-nyilkhan/hw2/hw2_tests/selection_sort_tests/selection_sort_test" "--gtest_filter=FindMin.05_UniformLarge"
Directory: /home/cs104/cs104/hw-nyilkhan/hw2/hw2_tests/selection_sort_tests
"FindMin.05_UniformLarge" start time: Oct 16 17:51 PDT
Output:
----------------------------------------------------------
==5203== Memcheck, a memory error detector
==5203== Copyright (C) 2002-2017, and GNU GPL'd, by Julian Seward et al.
==5203== Using Valgrind-3.13.0 and LibVEX; rerun with -h for copyright info
==5203== Command: /home/cs104/cs104/hw-nyilkhan/hw2/hw2_tests/selection_sort_tests/selection_sort_test --gtest_filter=FindMin.05_UniformLarge
==5203== 
Running main() from gtest_main.cc
Note: Google Test filter = FindMin.05_UniformLarge
[==========] Running 1 test from 1 test case.
[----------] Global test environment set-up.
[----------] 1 test from FindMin
[ RUN      ] FindMin.05_UniformLarge
[       OK ] FindMin.05_UniformLarge (6 ms)
[----------] 1 test from FindMin (11 ms total)

[----------] Global test environment tear-down
[==========] 1 test from 1 test case ran. (36 ms total)
[  PASSED  ] 1 test.
==5203== 
==5203== HEAP SUMMARY:
==5203==     in use at exit: 72,704 bytes in 1 blocks
==5203==   total heap usage: 410 allocs, 409 frees, 131,450 bytes allocated
==5203== 
==5203== LEAK SUMMARY:
==5203==    definitely lost: 0 bytes in 0 blocks
==5203==    indirectly lost: 0 bytes in 0 blocks
==5203==      possibly lost: 0 bytes in 0 blocks
==5203==    still reachable: 0 bytes in 0 blocks
==5203==         suppressed: 72,704 bytes in 1 blocks
==5203== 
==5203== For counts of detected and suppressed errors, rerun with: -v
==5203== ERROR SUMMARY: 0 errors from 0 contexts (suppressed: 0 from 0)
<end of output>
Test time =   0.82 sec
----------------------------------------------------------
Test Passed.
"FindMin.05_UniformLarge" end time: Oct 16 17:51 PDT
"FindMin.05_UniformLarge" time elapsed: 00:00:00
----------------------------------------------------------

8/69 Testing: FindMin.06_AlternatingElements
8/69 Test: FindMin.06_AlternatingElements
Command: "/usr/bin/valgrind" "--tool=memcheck" "--leak-check=yes" "--trace-children=no" "/home/cs104/cs104/hw-nyilkhan/hw2/hw2_tests/selection_sort_tests/selection_sort_test" "--gtest_filter=FindMin.06_AlternatingElements"
Directory: /home/cs104/cs104/hw-nyilkhan/hw2/hw2_tests/selection_sort_tests
"FindMin.06_AlternatingElements" start time: Oct 16 17:51 PDT
Output:
----------------------------------------------------------
==5204== Memcheck, a memory error detector
==5204== Copyright (C) 2002-2017, and GNU GPL'd, by Julian Seward et al.
==5204== Using Valgrind-3.13.0 and LibVEX; rerun with -h for copyright info
==5204== Command: /home/cs104/cs104/hw-nyilkhan/hw2/hw2_tests/selection_sort_tests/selection_sort_test --gtest_filter=FindMin.06_AlternatingElements
==5204== 
Running main() from gtest_main.cc
Note: Google Test filter = FindMin.06_AlternatingElements
[==========] Running 1 test from 1 test case.
[----------] Global test environment set-up.
[----------] 1 test from FindMin
[ RUN      ] FindMin.06_AlternatingElements
[       OK ] FindMin.06_AlternatingElements (6 ms)
[----------] 1 test from FindMin (11 ms total)

[----------] Global test environment tear-down
[==========] 1 test from 1 test case ran. (36 ms total)
[  PASSED  ] 1 test.
==5204== 
==5204== HEAP SUMMARY:
==5204==     in use at exit: 72,704 bytes in 1 blocks
==5204==   total heap usage: 310 allocs, 309 frees, 129,099 bytes allocated
==5204== 
==5204== LEAK SUMMARY:
==5204==    definitely lost: 0 bytes in 0 blocks
==5204==    indirectly lost: 0 bytes in 0 blocks
==5204==      possibly lost: 0 bytes in 0 blocks
==5204==    still reachable: 0 bytes in 0 blocks
==5204==         suppressed: 72,704 bytes in 1 blocks
==5204== 
==5204== For counts of detected and suppressed errors, rerun with: -v
==5204== ERROR SUMMARY: 0 errors from 0 contexts (suppressed: 0 from 0)
<end of output>
Test time =   0.75 sec
----------------------------------------------------------
Test Passed.
"FindMin.06_AlternatingElements" end time: Oct 16 17:51 PDT
"FindMin.06_AlternatingElements" time elapsed: 00:00:00
----------------------------------------------------------

9/69 Testing: FindMin.07_Descending
9/69 Test: FindMin.07_Descending
Command: "/usr/bin/valgrind" "--tool=memcheck" "--leak-check=yes" "--trace-children=no" "/home/cs104/cs104/hw-nyilkhan/hw2/hw2_tests/selection_sort_tests/selection_sort_test" "--gtest_filter=FindMin.07_Descending"
Directory: /home/cs104/cs104/hw-nyilkhan/hw2/hw2_tests/selection_sort_tests
"FindMin.07_Descending" start time: Oct 16 17:51 PDT
Output:
----------------------------------------------------------
==5205== Memcheck, a memory error detector
==5205== Copyright (C) 2002-2017, and GNU GPL'd, by Julian Seward et al.
==5205== Using Valgrind-3.13.0 and LibVEX; rerun with -h for copyright info
==5205== Command: /home/cs104/cs104/hw-nyilkhan/hw2/hw2_tests/selection_sort_tests/selection_sort_test --gtest_filter=FindMin.07_Descending
==5205== 
Running main() from gtest_main.cc
Note: Google Test filter = FindMin.07_Descending
[==========] Running 1 test from 1 test case.
[----------] Global test environment set-up.
[----------] 1 test from FindMin
[ RUN      ] FindMin.07_Descending
[       OK ] FindMin.07_Descending (7 ms)
[----------] 1 test from FindMin (12 ms total)

[----------] Global test environment tear-down
[==========] 1 test from 1 test case ran. (44 ms total)
[  PASSED  ] 1 test.
==5205== 
==5205== HEAP SUMMARY:
==5205==     in use at exit: 72,704 bytes in 1 blocks
==5205==   total heap usage: 417 allocs, 416 frees, 132,056 bytes allocated
==5205== 
==5205== LEAK SUMMARY:
==5205==    definitely lost: 0 bytes in 0 blocks
==5205==    indirectly lost: 0 bytes in 0 blocks
==5205==      possibly lost: 0 bytes in 0 blocks
==5205==    still reachable: 0 bytes in 0 blocks
==5205==         suppressed: 72,704 bytes in 1 blocks
==5205== 
==5205== For counts of detected and suppressed errors, rerun with: -v
==5205== ERROR SUMMARY: 0 errors from 0 contexts (suppressed: 0 from 0)
<end of output>
Test time =   0.73 sec
----------------------------------------------------------
Test Passed.
"FindMin.07_Descending" end time: Oct 16 17:51 PDT
"FindMin.07_Descending" time elapsed: 00:00:00
----------------------------------------------------------

10/69 Testing: FindMin.08_Ascending
10/69 Test: FindMin.08_Ascending
Command: "/usr/bin/valgrind" "--tool=memcheck" "--leak-check=yes" "--trace-children=no" "/home/cs104/cs104/hw-nyilkhan/hw2/hw2_tests/selection_sort_tests/selection_sort_test" "--gtest_filter=FindMin.08_Ascending"
Directory: /home/cs104/cs104/hw-nyilkhan/hw2/hw2_tests/selection_sort_tests
"FindMin.08_Ascending" start time: Oct 16 17:51 PDT
Output:
----------------------------------------------------------
==5206== Memcheck, a memory error detector
==5206== Copyright (C) 2002-2017, and GNU GPL'd, by Julian Seward et al.
==5206== Using Valgrind-3.13.0 and LibVEX; rerun with -h for copyright info
==5206== Command: /home/cs104/cs104/hw-nyilkhan/hw2/hw2_tests/selection_sort_tests/selection_sort_test --gtest_filter=FindMin.08_Ascending
==5206== 
Running main() from gtest_main.cc
Note: Google Test filter = FindMin.08_Ascending
[==========] Running 1 test from 1 test case.
[----------] Global test environment set-up.
[----------] 1 test from FindMin
[ RUN      ] FindMin.08_Ascending
[       OK ] FindMin.08_Ascending (7 ms)
[----------] 1 test from FindMin (13 ms total)

[----------] Global test environment tear-down
[==========] 1 test from 1 test case ran. (46 ms total)
[  PASSED  ] 1 test.
==5206== 
==5206== HEAP SUMMARY:
==5206==     in use at exit: 72,704 bytes in 1 blocks
==5206==   total heap usage: 417 allocs, 416 frees, 132,049 bytes allocated
==5206== 
==5206== LEAK SUMMARY:
==5206==    definitely lost: 0 bytes in 0 blocks
==5206==    indirectly lost: 0 bytes in 0 blocks
==5206==      possibly lost: 0 bytes in 0 blocks
==5206==    still reachable: 0 bytes in 0 blocks
==5206==         suppressed: 72,704 bytes in 1 blocks
==5206== 
==5206== For counts of detected and suppressed errors, rerun with: -v
==5206== ERROR SUMMARY: 0 errors from 0 contexts (suppressed: 0 from 0)
<end of output>
Test time =   0.72 sec
----------------------------------------------------------
Test Passed.
"FindMin.08_Ascending" end time: Oct 16 17:51 PDT
"FindMin.08_Ascending" time elapsed: 00:00:00
----------------------------------------------------------

11/69 Testing: FindMin.09_ExtremeValues
11/69 Test: FindMin.09_ExtremeValues
Command: "/usr/bin/valgrind" "--tool=memcheck" "--leak-check=yes" "--trace-children=no" "/home/cs104/cs104/hw-nyilkhan/hw2/hw2_tests/selection_sort_tests/selection_sort_test" "--gtest_filter=FindMin.09_ExtremeValues"
Directory: /home/cs104/cs104/hw-nyilkhan/hw2/hw2_tests/selection_sort_tests
"FindMin.09_ExtremeValues" start time: Oct 16 17:51 PDT
Output:
----------------------------------------------------------
==5207== Memcheck, a memory error detector
==5207== Copyright (C) 2002-2017, and GNU GPL'd, by Julian Seward et al.
==5207== Using Valgrind-3.13.0 and LibVEX; rerun with -h for copyright info
==5207== Command: /home/cs104/cs104/hw-nyilkhan/hw2/hw2_tests/selection_sort_tests/selection_sort_test --gtest_filter=FindMin.09_ExtremeValues
==5207== 
Running main() from gtest_main.cc
Note: Google Test filter = FindMin.09_ExtremeValues
[==========] Running 1 test from 1 test case.
[----------] Global test environment set-up.
[----------] 1 test from FindMin
[ RUN      ] FindMin.09_ExtremeValues
[       OK ] FindMin.09_ExtremeValues (11 ms)
[----------] 1 test from FindMin (16 ms total)

[----------] Global test environment tear-down
[==========] 1 test from 1 test case ran. (51 ms total)
[  PASSED  ] 1 test.
==5207== 
==5207== HEAP SUMMARY:
==5207==     in use at exit: 72,704 bytes in 1 blocks
==5207==   total heap usage: 611 allocs, 610 frees, 136,657 bytes allocated
==5207== 
==5207== LEAK SUMMARY:
==5207==    definitely lost: 0 bytes in 0 blocks
==5207==    indirectly lost: 0 bytes in 0 blocks
==5207==      possibly lost: 0 bytes in 0 blocks
==5207==    still reachable: 0 bytes in 0 blocks
==5207==         suppressed: 72,704 bytes in 1 blocks
==5207== 
==5207== For counts of detected and suppressed errors, rerun with: -v
==5207== ERROR SUMMARY: 0 errors from 0 contexts (suppressed: 0 from 0)
<end of output>
Test time =   0.74 sec
----------------------------------------------------------
Test Passed.
"FindMin.09_ExtremeValues" end time: Oct 16 17:51 PDT
"FindMin.09_ExtremeValues" time elapsed: 00:00:00
----------------------------------------------------------

12/69 Testing: SelectionSort.01_NullList
12/69 Test: SelectionSort.01_NullList
Command: "/usr/bin/valgrind" "--tool=memcheck" "--leak-check=yes" "--trace-children=no" "/home/cs104/cs104/hw-nyilkhan/hw2/hw2_tests/selection_sort_tests/selection_sort_test" "--gtest_filter=SelectionSort.01_NullList"
Directory: /home/cs104/cs104/hw-nyilkhan/hw2/hw2_tests/selection_sort_tests
"SelectionSort.01_NullList" start time: Oct 16 17:51 PDT
Output:
----------------------------------------------------------
==5208== Memcheck, a memory error detector
==5208== Copyright (C) 2002-2017, and GNU GPL'd, by Julian Seward et al.
==5208== Using Valgrind-3.13.0 and LibVEX; rerun with -h for copyright info
==5208== Command: /home/cs104/cs104/hw-nyilkhan/hw2/hw2_tests/selection_sort_tests/selection_sort_test --gtest_filter=SelectionSort.01_NullList
==5208== 
Running main() from gtest_main.cc
Note: Google Test filter = SelectionSort.01_NullList
[==========] Running 1 test from 1 test case.
[----------] Global test environment set-up.
[----------] 1 test from SelectionSort
[ RUN      ] SelectionSort.01_NullList
[       OK ] SelectionSort.01_NullList (5 ms)
[----------] 1 test from SelectionSort (10 ms total)

[----------] Global test environment tear-down
[==========] 1 test from 1 test case ran. (37 ms total)
[  PASSED  ] 1 test.
==5208== 
==5208== HEAP SUMMARY:
==5208==     in use at exit: 72,704 bytes in 1 blocks
==5208==   total heap usage: 309 allocs, 308 frees, 128,664 bytes allocated
==5208== 
==5208== LEAK SUMMARY:
==5208==    definitely lost: 0 bytes in 0 blocks
==5208==    indirectly lost: 0 bytes in 0 blocks
==5208==      possibly lost: 0 bytes in 0 blocks
==5208==    still reachable: 0 bytes in 0 blocks
==5208==         suppressed: 72,704 bytes in 1 blocks
==5208== 
==5208== For counts of detected and suppressed errors, rerun with: -v
==5208== ERROR SUMMARY: 0 errors from 0 contexts (suppressed: 0 from 0)
<end of output>
Test time =   0.81 sec
----------------------------------------------------------
Test Passed.
"SelectionSort.01_NullList" end time: Oct 16 17:51 PDT
"SelectionSort.01_NullList" time elapsed: 00:00:00
----------------------------------------------------------

13/69 Testing: SelectionSort.02_TwoElements
13/69 Test: SelectionSort.02_TwoElements
Command: "/usr/bin/valgrind" "--tool=memcheck" "--leak-check=yes" "--trace-children=no" "/home/cs104/cs104/hw-nyilkhan/hw2/hw2_tests/selection_sort_tests/selection_sort_test" "--gtest_filter=SelectionSort.02_TwoElements"
Directory: /home/cs104/cs104/hw-nyilkhan/hw2/hw2_tests/selection_sort_tests
"SelectionSort.02_TwoElements" start time: Oct 16 17:51 PDT
Output:
----------------------------------------------------------
==5209== Memcheck, a memory error detector
==5209== Copyright (C) 2002-2017, and GNU GPL'd, by Julian Seward et al.
==5209== Using Valgrind-3.13.0 and LibVEX; rerun with -h for copyright info
==5209== Command: /home/cs104/cs104/hw-nyilkhan/hw2/hw2_tests/selection_sort_tests/selection_sort_test --gtest_filter=SelectionSort.02_TwoElements
==5209== 
Running main() from gtest_main.cc
Note: Google Test filter = SelectionSort.02_TwoElements
[==========] Running 1 test from 1 test case.
[----------] Global test environment set-up.
[----------] 1 test from SelectionSort
[ RUN      ] SelectionSort.02_TwoElements
[       OK ] SelectionSort.02_TwoElements (14 ms)
[----------] 1 test from SelectionSort (20 ms total)

[----------] Global test environment tear-down
[==========] 1 test from 1 test case ran. (51 ms total)
[  PASSED  ] 1 test.
==5209== 
==5209== HEAP SUMMARY:
==5209==     in use at exit: 72,704 bytes in 1 blocks
==5209==   total heap usage: 322 allocs, 321 frees, 129,053 bytes allocated
==5209== 
==5209== LEAK SUMMARY:
==5209==    definitely lost: 0 bytes in 0 blocks
==5209==    indirectly lost: 0 bytes in 0 blocks
==5209==      possibly lost: 0 bytes in 0 blocks
==5209==    still reachable: 0 bytes in 0 blocks
==5209==         suppressed: 72,704 bytes in 1 blocks
==5209== 
==5209== For counts of detected and suppressed errors, rerun with: -v
==5209== ERROR SUMMARY: 0 errors from 0 contexts (suppressed: 0 from 0)
<end of output>
Test time =   0.91 sec
----------------------------------------------------------
Test Passed.
"SelectionSort.02_TwoElements" end time: Oct 16 17:51 PDT
"SelectionSort.02_TwoElements" time elapsed: 00:00:00
----------------------------------------------------------

14/69 Testing: SelectionSort.03_Ascending
14/69 Test: SelectionSort.03_Ascending
Command: "/usr/bin/valgrind" "--tool=memcheck" "--leak-check=yes" "--trace-children=no" "/home/cs104/cs104/hw-nyilkhan/hw2/hw2_tests/selection_sort_tests/selection_sort_test" "--gtest_filter=SelectionSort.03_Ascending"
Directory: /home/cs104/cs104/hw-nyilkhan/hw2/hw2_tests/selection_sort_tests
"SelectionSort.03_Ascending" start time: Oct 16 17:51 PDT
Output:
----------------------------------------------------------
==5210== Memcheck, a memory error detector
==5210== Copyright (C) 2002-2017, and GNU GPL'd, by Julian Seward et al.
==5210== Using Valgrind-3.13.0 and LibVEX; rerun with -h for copyright info
==5210== Command: /home/cs104/cs104/hw-nyilkhan/hw2/hw2_tests/selection_sort_tests/selection_sort_test --gtest_filter=SelectionSort.03_Ascending
==5210== 
Running main() from gtest_main.cc
Note: Google Test filter = SelectionSort.03_Ascending
[==========] Running 1 test from 1 test case.
[----------] Global test environment set-up.
[----------] 1 test from SelectionSort
[ RUN      ] SelectionSort.03_Ascending
[       OK ] SelectionSort.03_Ascending (14 ms)
[----------] 1 test from SelectionSort (19 ms total)

[----------] Global test environment tear-down
[==========] 1 test from 1 test case ran. (46 ms total)
[  PASSED  ] 1 test.
==5210== 
==5210== HEAP SUMMARY:
==5210==     in use at exit: 72,704 bytes in 1 blocks
==5210==   total heap usage: 517 allocs, 516 frees, 136,891 bytes allocated
==5210== 
==5210== LEAK SUMMARY:
==5210==    definitely lost: 0 bytes in 0 blocks
==5210==    indirectly lost: 0 bytes in 0 blocks
==5210==      possibly lost: 0 bytes in 0 blocks
==5210==    still reachable: 0 bytes in 0 blocks
==5210==         suppressed: 72,704 bytes in 1 blocks
==5210== 
==5210== For counts of detected and suppressed errors, rerun with: -v
==5210== ERROR SUMMARY: 0 errors from 0 contexts (suppressed: 0 from 0)
<end of output>
Test time =   0.84 sec
----------------------------------------------------------
Test Passed.
"SelectionSort.03_Ascending" end time: Oct 16 17:51 PDT
"SelectionSort.03_Ascending" time elapsed: 00:00:00
----------------------------------------------------------

16/69 Testing: SelectionSort.05_Uniform
16/69 Test: SelectionSort.05_Uniform
Command: "/usr/bin/valgrind" "--tool=memcheck" "--leak-check=yes" "--trace-children=no" "/home/cs104/cs104/hw-nyilkhan/hw2/hw2_tests/selection_sort_tests/selection_sort_test" "--gtest_filter=SelectionSort.05_Uniform"
Directory: /home/cs104/cs104/hw-nyilkhan/hw2/hw2_tests/selection_sort_tests
"SelectionSort.05_Uniform" start time: Oct 16 17:51 PDT
Output:
----------------------------------------------------------
==5212== Memcheck, a memory error detector
==5212== Copyright (C) 2002-2017, and GNU GPL'd, by Julian Seward et al.
==5212== Using Valgrind-3.13.0 and LibVEX; rerun with -h for copyright info
==5212== Command: /home/cs104/cs104/hw-nyilkhan/hw2/hw2_tests/selection_sort_tests/selection_sort_test --gtest_filter=SelectionSort.05_Uniform
==5212== 
Running main() from gtest_main.cc
Note: Google Test filter = SelectionSort.05_Uniform
[==========] Running 1 test from 1 test case.
[----------] Global test environment set-up.
[----------] 1 test from SelectionSort
[ RUN      ] SelectionSort.05_Uniform
[       OK ] SelectionSort.05_Uniform (18 ms)
[----------] 1 test from SelectionSort (25 ms total)

[----------] Global test environment tear-down
[==========] 1 test from 1 test case ran. (51 ms total)
[  PASSED  ] 1 test.
==5212== 
==5212== HEAP SUMMARY:
==5212==     in use at exit: 72,704 bytes in 1 blocks
==5212==   total heap usage: 411 allocs, 410 frees, 131,505 bytes allocated
==5212== 
==5212== LEAK SUMMARY:
==5212==    definitely lost: 0 bytes in 0 blocks
==5212==    indirectly lost: 0 bytes in 0 blocks
==5212==      possibly lost: 0 bytes in 0 blocks
==5212==    still reachable: 0 bytes in 0 blocks
==5212==         suppressed: 72,704 bytes in 1 blocks
==5212== 
==5212== For counts of detected and suppressed errors, rerun with: -v
==5212== ERROR SUMMARY: 0 errors from 0 contexts (suppressed: 0 from 0)
<end of output>
Test time =   0.73 sec
----------------------------------------------------------
Test Passed.
"SelectionSort.05_Uniform" end time: Oct 16 17:51 PDT
"SelectionSort.05_Uniform" time elapsed: 00:00:00
----------------------------------------------------------

15/69 Testing: SelectionSort.04_Descending
15/69 Test: SelectionSort.04_Descending
Command: "/usr/bin/valgrind" "--tool=memcheck" "--leak-check=yes" "--trace-children=no" "/home/cs104/cs104/hw-nyilkhan/hw2/hw2_tests/selection_sort_tests/selection_sort_test" "--gtest_filter=SelectionSort.04_Descending"
Directory: /home/cs104/cs104/hw-nyilkhan/hw2/hw2_tests/selection_sort_tests
"SelectionSort.04_Descending" start time: Oct 16 17:51 PDT
Output:
----------------------------------------------------------
==5211== Memcheck, a memory error detector
==5211== Copyright (C) 2002-2017, and GNU GPL'd, by Julian Seward et al.
==5211== Using Valgrind-3.13.0 and LibVEX; rerun with -h for copyright info
==5211== Command: /home/cs104/cs104/hw-nyilkhan/hw2/hw2_tests/selection_sort_tests/selection_sort_test --gtest_filter=SelectionSort.04_Descending
==5211== 
Running main() from gtest_main.cc
Note: Google Test filter = SelectionSort.04_Descending
[==========] Running 1 test from 1 test case.
[----------] Global test environment set-up.
[----------] 1 test from SelectionSort
[ RUN      ] SelectionSort.04_Descending
[       OK ] SelectionSort.04_Descending (13 ms)
[----------] 1 test from SelectionSort (20 ms total)

[----------] Global test environment tear-down
[==========] 1 test from 1 test case ran. (45 ms total)
[  PASSED  ] 1 test.
==5211== 
==5211== HEAP SUMMARY:
==5211==     in use at exit: 72,704 bytes in 1 blocks
==5211==   total heap usage: 517 allocs, 516 frees, 136,898 bytes allocated
==5211== 
==5211== LEAK SUMMARY:
==5211==    definitely lost: 0 bytes in 0 blocks
==5211==    indirectly lost: 0 bytes in 0 blocks
==5211==      possibly lost: 0 bytes in 0 blocks
==5211==    still reachable: 0 bytes in 0 blocks
==5211==         suppressed: 72,704 bytes in 1 blocks
==5211== 
==5211== For counts of detected and suppressed errors, rerun with: -v
==5211== ERROR SUMMARY: 0 errors from 0 contexts (suppressed: 0 from 0)
<end of output>
Test time =   0.73 sec
----------------------------------------------------------
Test Passed.
"SelectionSort.04_Descending" end time: Oct 16 17:51 PDT
"SelectionSort.04_Descending" time elapsed: 00:00:00
----------------------------------------------------------

17/69 Testing: SelectionSort.06_Repeating
17/69 Test: SelectionSort.06_Repeating
Command: "/usr/bin/valgrind" "--tool=memcheck" "--leak-check=yes" "--trace-children=no" "/home/cs104/cs104/hw-nyilkhan/hw2/hw2_tests/selection_sort_tests/selection_sort_test" "--gtest_filter=SelectionSort.06_Repeating"
Directory: /home/cs104/cs104/hw-nyilkhan/hw2/hw2_tests/selection_sort_tests
"SelectionSort.06_Repeating" start time: Oct 16 17:51 PDT
Output:
----------------------------------------------------------
==5213== Memcheck, a memory error detector
==5213== Copyright (C) 2002-2017, and GNU GPL'd, by Julian Seward et al.
==5213== Using Valgrind-3.13.0 and LibVEX; rerun with -h for copyright info
==5213== Command: /home/cs104/cs104/hw-nyilkhan/hw2/hw2_tests/selection_sort_tests/selection_sort_test --gtest_filter=SelectionSort.06_Repeating
==5213== 
Running main() from gtest_main.cc
Note: Google Test filter = SelectionSort.06_Repeating
[==========] Running 1 test from 1 test case.
[----------] Global test environment set-up.
[----------] 1 test from SelectionSort
[ RUN      ] SelectionSort.06_Repeating
[       OK ] SelectionSort.06_Repeating (13 ms)
[----------] 1 test from SelectionSort (18 ms total)

[----------] Global test environment tear-down
[==========] 1 test from 1 test case ran. (45 ms total)
[  PASSED  ] 1 test.
==5213== 
==5213== HEAP SUMMARY:
==5213==     in use at exit: 72,704 bytes in 1 blocks
==5213==   total heap usage: 421 allocs, 420 frees, 132,283 bytes allocated
==5213== 
==5213== LEAK SUMMARY:
==5213==    definitely lost: 0 bytes in 0 blocks
==5213==    indirectly lost: 0 bytes in 0 blocks
==5213==      possibly lost: 0 bytes in 0 blocks
==5213==    still reachable: 0 bytes in 0 blocks
==5213==         suppressed: 72,704 bytes in 1 blocks
==5213== 
==5213== For counts of detected and suppressed errors, rerun with: -v
==5213== ERROR SUMMARY: 0 errors from 0 contexts (suppressed: 0 from 0)
<end of output>
Test time =   0.81 sec
----------------------------------------------------------
Test Passed.
"SelectionSort.06_Repeating" end time: Oct 16 17:51 PDT
"SelectionSort.06_Repeating" time elapsed: 00:00:00
----------------------------------------------------------

18/69 Testing: SelSortBasic.OneElementFindMin
18/69 Test: SelSortBasic.OneElementFindMin
Command: "/usr/bin/valgrind" "--tool=memcheck" "--leak-check=yes" "--trace-children=no" "/home/cs104/cs104/hw-nyilkhan/hw2/hw2_tests/selection_sort_tests/selection_sort_test" "--gtest_filter=SelSortBasic.OneElementFindMin"
Directory: /home/cs104/cs104/hw-nyilkhan/hw2/hw2_tests/selection_sort_tests
"SelSortBasic.OneElementFindMin" start time: Oct 16 17:51 PDT
Output:
----------------------------------------------------------
==5214== Memcheck, a memory error detector
==5214== Copyright (C) 2002-2017, and GNU GPL'd, by Julian Seward et al.
==5214== Using Valgrind-3.13.0 and LibVEX; rerun with -h for copyright info
==5214== Command: /home/cs104/cs104/hw-nyilkhan/hw2/hw2_tests/selection_sort_tests/selection_sort_test --gtest_filter=SelSortBasic.OneElementFindMin
==5214== 
Running main() from gtest_main.cc
Note: Google Test filter = SelSortBasic.OneElementFindMin
[==========] Running 1 test from 1 test case.
[----------] Global test environment set-up.
[----------] 1 test from SelSortBasic
[ RUN      ] SelSortBasic.OneElementFindMin
[       OK ] SelSortBasic.OneElementFindMin (6 ms)
[----------] 1 test from SelSortBasic (12 ms total)

[----------] Global test environment tear-down
[==========] 1 test from 1 test case ran. (38 ms total)
[  PASSED  ] 1 test.
==5214== 
==5214== HEAP SUMMARY:
==5214==     in use at exit: 72,704 bytes in 1 blocks
==5214==   total heap usage: 311 allocs, 310 frees, 128,727 bytes allocated
==5214== 
==5214== LEAK SUMMARY:
==5214==    definitely lost: 0 bytes in 0 blocks
==5214==    indirectly lost: 0 bytes in 0 blocks
==5214==      possibly lost: 0 bytes in 0 blocks
==5214==    still reachable: 0 bytes in 0 blocks
==5214==         suppressed: 72,704 bytes in 1 blocks
==5214== 
==5214== For counts of detected and suppressed errors, rerun with: -v
==5214== ERROR SUMMARY: 0 errors from 0 contexts (suppressed: 0 from 0)
<end of output>
Test time =   0.81 sec
----------------------------------------------------------
Test Passed.
"SelSortBasic.OneElementFindMin" end time: Oct 16 17:51 PDT
"SelSortBasic.OneElementFindMin" time elapsed: 00:00:00
----------------------------------------------------------

19/69 Testing: SelSortBasic.ThreeElementFindMin
19/69 Test: SelSortBasic.ThreeElementFindMin
Command: "/usr/bin/valgrind" "--tool=memcheck" "--leak-check=yes" "--trace-children=no" "/home/cs104/cs104/hw-nyilkhan/hw2/hw2_tests/selection_sort_tests/selection_sort_test" "--gtest_filter=SelSortBasic.ThreeElementFindMin"
Directory: /home/cs104/cs104/hw-nyilkhan/hw2/hw2_tests/selection_sort_tests
"SelSortBasic.ThreeElementFindMin" start time: Oct 16 17:51 PDT
Output:
----------------------------------------------------------
==5215== Memcheck, a memory error detector
==5215== Copyright (C) 2002-2017, and GNU GPL'd, by Julian Seward et al.
==5215== Using Valgrind-3.13.0 and LibVEX; rerun with -h for copyright info
==5215== Command: /home/cs104/cs104/hw-nyilkhan/hw2/hw2_tests/selection_sort_tests/selection_sort_test --gtest_filter=SelSortBasic.ThreeElementFindMin
==5215== 
Running main() from gtest_main.cc
Note: Google Test filter = SelSortBasic.ThreeElementFindMin
[==========] Running 1 test from 1 test case.
[----------] Global test environment set-up.
[----------] 1 test from SelSortBasic
[ RUN      ] SelSortBasic.ThreeElementFindMin
[       OK ] SelSortBasic.ThreeElementFindMin (7 ms)
[----------] 1 test from SelSortBasic (11 ms total)

[----------] Global test environment tear-down
[==========] 1 test from 1 test case ran. (38 ms total)
[  PASSED  ] 1 test.
==5215== 
==5215== HEAP SUMMARY:
==5215==     in use at exit: 72,704 bytes in 1 blocks
==5215==   total heap usage: 313 allocs, 312 frees, 128,841 bytes allocated
==5215== 
==5215== LEAK SUMMARY:
==5215==    definitely lost: 0 bytes in 0 blocks
==5215==    indirectly lost: 0 bytes in 0 blocks
==5215==      possibly lost: 0 bytes in 0 blocks
==5215==    still reachable: 0 bytes in 0 blocks
==5215==         suppressed: 72,704 bytes in 1 blocks
==5215== 
==5215== For counts of detected and suppressed errors, rerun with: -v
==5215== ERROR SUMMARY: 0 errors from 0 contexts (suppressed: 0 from 0)
<end of output>
Test time =   0.78 sec
----------------------------------------------------------
Test Passed.
"SelSortBasic.ThreeElementFindMin" end time: Oct 16 17:51 PDT
"SelSortBasic.ThreeElementFindMin" time elapsed: 00:00:00
----------------------------------------------------------

20/69 Testing: SelSortBasic.TenElementFindMin
20/69 Test: SelSortBasic.TenElementFindMin
Command: "/usr/bin/valgrind" "--tool=memcheck" "--leak-check=yes" "--trace-children=no" "/home/cs104/cs104/hw-nyilkhan/hw2/hw2_tests/selection_sort_tests/selection_sort_test" "--gtest_filter=SelSortBasic.TenElementFindMin"
Directory: /home/cs104/cs104/hw-nyilkhan/hw2/hw2_tests/selection_sort_tests
"SelSortBasic.TenElementFindMin" start time: Oct 16 17:51 PDT
Output:
----------------------------------------------------------
==5216== Memcheck, a memory error detector
==5216== Copyright (C) 2002-2017, and GNU GPL'd, by Julian Seward et al.
==5216== Using Valgrind-3.13.0 and LibVEX; rerun with -h for copyright info
==5216== Command: /home/cs104/cs104/hw-nyilkhan/hw2/hw2_tests/selection_sort_tests/selection_sort_test --gtest_filter=SelSortBasic.TenElementFindMin
==5216== 
Running main() from gtest_main.cc
Note: Google Test filter = SelSortBasic.TenElementFindMin
[==========] Running 1 test from 1 test case.
[----------] Global test environment set-up.
[----------] 1 test from SelSortBasic
[ RUN      ] SelSortBasic.TenElementFindMin
[       OK ] SelSortBasic.TenElementFindMin (7 ms)
[----------] 1 test from SelSortBasic (11 ms total)

[----------] Global test environment tear-down
[==========] 1 test from 1 test case ran. (38 ms total)
[  PASSED  ] 1 test.
==5216== 
==5216== HEAP SUMMARY:
==5216==     in use at exit: 72,704 bytes in 1 blocks
==5216==   total heap usage: 320 allocs, 319 frees, 128,979 bytes allocated
==5216== 
==5216== LEAK SUMMARY:
==5216==    definitely lost: 0 bytes in 0 blocks
==5216==    indirectly lost: 0 bytes in 0 blocks
==5216==      possibly lost: 0 bytes in 0 blocks
==5216==    still reachable: 0 bytes in 0 blocks
==5216==         suppressed: 72,704 bytes in 1 blocks
==5216== 
==5216== For counts of detected and suppressed errors, rerun with: -v
==5216== ERROR SUMMARY: 0 errors from 0 contexts (suppressed: 0 from 0)
<end of output>
Test time =   0.73 sec
----------------------------------------------------------
Test Passed.
"SelSortBasic.TenElementFindMin" end time: Oct 16 17:51 PDT
"SelSortBasic.TenElementFindMin" time elapsed: 00:00:00
----------------------------------------------------------

22/69 Testing: SelSortBasic.TenElementSort
22/69 Test: SelSortBasic.TenElementSort
Command: "/usr/bin/valgrind" "--tool=memcheck" "--leak-check=yes" "--trace-children=no" "/home/cs104/cs104/hw-nyilkhan/hw2/hw2_tests/selection_sort_tests/selection_sort_test" "--gtest_filter=SelSortBasic.TenElementSort"
Directory: /home/cs104/cs104/hw-nyilkhan/hw2/hw2_tests/selection_sort_tests
"SelSortBasic.TenElementSort" start time: Oct 16 17:51 PDT
Output:
----------------------------------------------------------
==5218== Memcheck, a memory error detector
==5218== Copyright (C) 2002-2017, and GNU GPL'd, by Julian Seward et al.
==5218== Using Valgrind-3.13.0 and LibVEX; rerun with -h for copyright info
==5218== Command: /home/cs104/cs104/hw-nyilkhan/hw2/hw2_tests/selection_sort_tests/selection_sort_test --gtest_filter=SelSortBasic.TenElementSort
==5218== 
Running main() from gtest_main.cc
Note: Google Test filter = SelSortBasic.TenElementSort
[==========] Running 1 test from 1 test case.
[----------] Global test environment set-up.
[----------] 1 test from SelSortBasic
[ RUN      ] SelSortBasic.TenElementSort
[       OK ] SelSortBasic.TenElementSort (15 ms)
[----------] 1 test from SelSortBasic (20 ms total)

[----------] Global test environment tear-down
[==========] 1 test from 1 test case ran. (46 ms total)
[  PASSED  ] 1 test.
==5218== 
==5218== HEAP SUMMARY:
==5218==     in use at exit: 72,704 bytes in 1 blocks
==5218==   total heap usage: 329 allocs, 328 frees, 129,390 bytes allocated
==5218== 
==5218== LEAK SUMMARY:
==5218==    definitely lost: 0 bytes in 0 blocks
==5218==    indirectly lost: 0 bytes in 0 blocks
==5218==      possibly lost: 0 bytes in 0 blocks
==5218==    still reachable: 0 bytes in 0 blocks
==5218==         suppressed: 72,704 bytes in 1 blocks
==5218== 
==5218== For counts of detected and suppressed errors, rerun with: -v
==5218== ERROR SUMMARY: 0 errors from 0 contexts (suppressed: 0 from 0)
<end of output>
Test time =   0.74 sec
----------------------------------------------------------
Test Passed.
"SelSortBasic.TenElementSort" end time: Oct 16 17:51 PDT
"SelSortBasic.TenElementSort" time elapsed: 00:00:00
----------------------------------------------------------

21/69 Testing: SelSortBasic.ThreeElementSort
21/69 Test: SelSortBasic.ThreeElementSort
Command: "/usr/bin/valgrind" "--tool=memcheck" "--leak-check=yes" "--trace-children=no" "/home/cs104/cs104/hw-nyilkhan/hw2/hw2_tests/selection_sort_tests/selection_sort_test" "--gtest_filter=SelSortBasic.ThreeElementSort"
Directory: /home/cs104/cs104/hw-nyilkhan/hw2/hw2_tests/selection_sort_tests
"SelSortBasic.ThreeElementSort" start time: Oct 16 17:51 PDT
Output:
----------------------------------------------------------
==5217== Memcheck, a memory error detector
==5217== Copyright (C) 2002-2017, and GNU GPL'd, by Julian Seward et al.
==5217== Using Valgrind-3.13.0 and LibVEX; rerun with -h for copyright info
==5217== Command: /home/cs104/cs104/hw-nyilkhan/hw2/hw2_tests/selection_sort_tests/selection_sort_test --gtest_filter=SelSortBasic.ThreeElementSort
==5217== 
Running main() from gtest_main.cc
Note: Google Test filter = SelSortBasic.ThreeElementSort
[==========] Running 1 test from 1 test case.
[----------] Global test environment set-up.
[----------] 1 test from SelSortBasic
[ RUN      ] SelSortBasic.ThreeElementSort
[       OK ] SelSortBasic.ThreeElementSort (12 ms)
[----------] 1 test from SelSortBasic (17 ms total)

[----------] Global test environment tear-down
[==========] 1 test from 1 test case ran. (43 ms total)
[  PASSED  ] 1 test.
==5217== 
==5217== HEAP SUMMARY:
==5217==     in use at exit: 72,704 bytes in 1 blocks
==5217==   total heap usage: 316 allocs, 315 frees, 128,920 bytes allocated
==5217== 
==5217== LEAK SUMMARY:
==5217==    definitely lost: 0 bytes in 0 blocks
==5217==    indirectly lost: 0 bytes in 0 blocks
==5217==      possibly lost: 0 bytes in 0 blocks
==5217==    still reachable: 0 bytes in 0 blocks
==5217==         suppressed: 72,704 bytes in 1 blocks
==5217== 
==5217== For counts of detected and suppressed errors, rerun with: -v
==5217== ERROR SUMMARY: 0 errors from 0 contexts (suppressed: 0 from 0)
<end of output>
Test time =   0.74 sec
----------------------------------------------------------
Test Passed.
"SelSortBasic.ThreeElementSort" end time: Oct 16 17:51 PDT
"SelSortBasic.ThreeElementSort" time elapsed: 00:00:00
----------------------------------------------------------

23/69 Testing: ListInsert.NoElements
23/69 Test: ListInsert.NoElements
Command: "/usr/bin/valgrind" "--tool=memcheck" "--leak-check=yes" "--trace-children=no" "/home/cs104/cs104/hw-nyilkhan/hw2/hw2_tests/circular_list_tests/circular_list_test" "--gtest_filter=ListInsert.NoElements"
Directory: /home/cs104/cs104/hw-nyilkhan/hw2/hw2_tests/circular_list_tests
"ListInsert.NoElements" start time: Oct 16 17:51 PDT
Output:
----------------------------------------------------------
==5219== Memcheck, a memory error detector
==5219== Copyright (C) 2002-2017, and GNU GPL'd, by Julian Seward et al.
==5219== Using Valgrind-3.13.0 and LibVEX; rerun with -h for copyright info
==5219== Command: /home/cs104/cs104/hw-nyilkhan/hw2/hw2_tests/circular_list_tests/circular_list_test --gtest_filter=ListInsert.NoElements
==5219== 
Running main() from gtest_main.cc
Note: Google Test filter = ListInsert.NoElements
[==========] Running 1 test from 1 test case.
[----------] Global test environment set-up.
[----------] 1 test from ListInsert
[ RUN      ] ListInsert.NoElements
[       OK ] ListInsert.NoElements (6 ms)
[----------] 1 test from ListInsert (11 ms total)

[----------] Global test environment tear-down
[==========] 1 test from 1 test case ran. (37 ms total)
[  PASSED  ] 1 test.
==5219== 
==5219== HEAP SUMMARY:
==5219==     in use at exit: 72,704 bytes in 1 blocks
==5219==   total heap usage: 410 allocs, 409 frees, 134,527 bytes allocated
==5219== 
==5219== LEAK SUMMARY:
==5219==    definitely lost: 0 bytes in 0 blocks
==5219==    indirectly lost: 0 bytes in 0 blocks
==5219==      possibly lost: 0 bytes in 0 blocks
==5219==    still reachable: 0 bytes in 0 blocks
==5219==         suppressed: 72,704 bytes in 1 blocks
==5219== 
==5219== For counts of detected and suppressed errors, rerun with: -v
==5219== ERROR SUMMARY: 0 errors from 0 contexts (suppressed: 0 from 0)
<end of output>
Test time =   0.81 sec
----------------------------------------------------------
Test Passed.
"ListInsert.NoElements" end time: Oct 16 17:51 PDT
"ListInsert.NoElements" time elapsed: 00:00:00
----------------------------------------------------------

24/69 Testing: ListInsert.IntMax
24/69 Test: ListInsert.IntMax
Command: "/usr/bin/valgrind" "--tool=memcheck" "--leak-check=yes" "--trace-children=no" "/home/cs104/cs104/hw-nyilkhan/hw2/hw2_tests/circular_list_tests/circular_list_test" "--gtest_filter=ListInsert.IntMax"
Directory: /home/cs104/cs104/hw-nyilkhan/hw2/hw2_tests/circular_list_tests
"ListInsert.IntMax" start time: Oct 16 17:51 PDT
Output:
----------------------------------------------------------
==5220== Memcheck, a memory error detector
==5220== Copyright (C) 2002-2017, and GNU GPL'd, by Julian Seward et al.
==5220== Using Valgrind-3.13.0 and LibVEX; rerun with -h for copyright info
==5220== Command: /home/cs104/cs104/hw-nyilkhan/hw2/hw2_tests/circular_list_tests/circular_list_test --gtest_filter=ListInsert.IntMax
==5220== 
Running main() from gtest_main.cc
Note: Google Test filter = ListInsert.IntMax
[==========] Running 1 test from 1 test case.
[----------] Global test environment set-up.
[----------] 1 test from ListInsert
[ RUN      ] ListInsert.IntMax
[       OK ] ListInsert.IntMax (6 ms)
[----------] 1 test from ListInsert (11 ms total)

[----------] Global test environment tear-down
[==========] 1 test from 1 test case ran. (38 ms total)
[  PASSED  ] 1 test.
==5220== 
==5220== HEAP SUMMARY:
==5220==     in use at exit: 72,704 bytes in 1 blocks
==5220==   total heap usage: 411 allocs, 410 frees, 134,523 bytes allocated
==5220== 
==5220== LEAK SUMMARY:
==5220==    definitely lost: 0 bytes in 0 blocks
==5220==    indirectly lost: 0 bytes in 0 blocks
==5220==      possibly lost: 0 bytes in 0 blocks
==5220==    still reachable: 0 bytes in 0 blocks
==5220==         suppressed: 72,704 bytes in 1 blocks
==5220== 
==5220== For counts of detected and suppressed errors, rerun with: -v
==5220== ERROR SUMMARY: 0 errors from 0 contexts (suppressed: 0 from 0)
<end of output>
Test time =   0.74 sec
----------------------------------------------------------
Test Passed.
"ListInsert.IntMax" end time: Oct 16 17:51 PDT
"ListInsert.IntMax" time elapsed: 00:00:00
----------------------------------------------------------

25/69 Testing: ListInsert.IntMin
25/69 Test: ListInsert.IntMin
Command: "/usr/bin/valgrind" "--tool=memcheck" "--leak-check=yes" "--trace-children=no" "/home/cs104/cs104/hw-nyilkhan/hw2/hw2_tests/circular_list_tests/circular_list_test" "--gtest_filter=ListInsert.IntMin"
Directory: /home/cs104/cs104/hw-nyilkhan/hw2/hw2_tests/circular_list_tests
"ListInsert.IntMin" start time: Oct 16 17:51 PDT
Output:
----------------------------------------------------------
==5221== Memcheck, a memory error detector
==5221== Copyright (C) 2002-2017, and GNU GPL'd, by Julian Seward et al.
==5221== Using Valgrind-3.13.0 and LibVEX; rerun with -h for copyright info
==5221== Command: /home/cs104/cs104/hw-nyilkhan/hw2/hw2_tests/circular_list_tests/circular_list_test --gtest_filter=ListInsert.IntMin
==5221== 
Running main() from gtest_main.cc
Note: Google Test filter = ListInsert.IntMin
[==========] Running 1 test from 1 test case.
[----------] Global test environment set-up.
[----------] 1 test from ListInsert
[ RUN      ] ListInsert.IntMin
[       OK ] ListInsert.IntMin (7 ms)
[----------] 1 test from ListInsert (13 ms total)

[----------] Global test environment tear-down
[==========] 1 test from 1 test case ran. (39 ms total)
[  PASSED  ] 1 test.
==5221== 
==5221== HEAP SUMMARY:
==5221==     in use at exit: 72,704 bytes in 1 blocks
==5221==   total heap usage: 411 allocs, 410 frees, 134,523 bytes allocated
==5221== 
==5221== LEAK SUMMARY:
==5221==    definitely lost: 0 bytes in 0 blocks
==5221==    indirectly lost: 0 bytes in 0 blocks
==5221==      possibly lost: 0 bytes in 0 blocks
==5221==    still reachable: 0 bytes in 0 blocks
==5221==         suppressed: 72,704 bytes in 1 blocks
==5221== 
==5221== For counts of detected and suppressed errors, rerun with: -v
==5221== ERROR SUMMARY: 0 errors from 0 contexts (suppressed: 0 from 0)
<end of output>
Test time =   0.74 sec
----------------------------------------------------------
Test Passed.
"ListInsert.IntMin" end time: Oct 16 17:51 PDT
"ListInsert.IntMin" time elapsed: 00:00:00
----------------------------------------------------------

26/69 Testing: ListInsert.ThreeElements
26/69 Test: ListInsert.ThreeElements
Command: "/usr/bin/valgrind" "--tool=memcheck" "--leak-check=yes" "--trace-children=no" "/home/cs104/cs104/hw-nyilkhan/hw2/hw2_tests/circular_list_tests/circular_list_test" "--gtest_filter=ListInsert.ThreeElements"
Directory: /home/cs104/cs104/hw-nyilkhan/hw2/hw2_tests/circular_list_tests
"ListInsert.ThreeElements" start time: Oct 16 17:51 PDT
Output:
----------------------------------------------------------
==5222== Memcheck, a memory error detector
==5222== Copyright (C) 2002-2017, and GNU GPL'd, by Julian Seward et al.
==5222== Using Valgrind-3.13.0 and LibVEX; rerun with -h for copyright info
==5222== Command: /home/cs104/cs104/hw-nyilkhan/hw2/hw2_tests/circular_list_tests/circular_list_test --gtest_filter=ListInsert.ThreeElements
==5222== 
Running main() from gtest_main.cc
Note: Google Test filter = ListInsert.ThreeElements
[==========] Running 1 test from 1 test case.
[----------] Global test environment set-up.
[----------] 1 test from ListInsert
[ RUN      ] ListInsert.ThreeElements
[       OK ] ListInsert.ThreeElements (8 ms)
[----------] 1 test from ListInsert (13 ms total)

[----------] Global test environment tear-down
[==========] 1 test from 1 test case ran. (39 ms total)
[  PASSED  ] 1 test.
==5222== 
==5222== HEAP SUMMARY:
==5222==     in use at exit: 72,704 bytes in 1 blocks
==5222==   total heap usage: 415 allocs, 414 frees, 134,648 bytes allocated
==5222== 
==5222== LEAK SUMMARY:
==5222==    definitely lost: 0 bytes in 0 blocks
==5222==    indirectly lost: 0 bytes in 0 blocks
==5222==      possibly lost: 0 bytes in 0 blocks
==5222==    still reachable: 0 bytes in 0 blocks
==5222==         suppressed: 72,704 bytes in 1 blocks
==5222== 
==5222== For counts of detected and suppressed errors, rerun with: -v
==5222== ERROR SUMMARY: 0 errors from 0 contexts (suppressed: 0 from 0)
<end of output>
Test time =   0.82 sec
----------------------------------------------------------
Test Passed.
"ListInsert.ThreeElements" end time: Oct 16 17:51 PDT
"ListInsert.ThreeElements" time elapsed: 00:00:00
----------------------------------------------------------

27/69 Testing: ListInsert.50RandomElements
27/69 Test: ListInsert.50RandomElements
Command: "/usr/bin/valgrind" "--tool=memcheck" "--leak-check=yes" "--trace-children=no" "/home/cs104/cs104/hw-nyilkhan/hw2/hw2_tests/circular_list_tests/circular_list_test" "--gtest_filter=ListInsert.50RandomElements"
Directory: /home/cs104/cs104/hw-nyilkhan/hw2/hw2_tests/circular_list_tests
"ListInsert.50RandomElements" start time: Oct 16 17:51 PDT
Output:
----------------------------------------------------------
==5223== Memcheck, a memory error detector
==5223== Copyright (C) 2002-2017, and GNU GPL'd, by Julian Seward et al.
==5223== Using Valgrind-3.13.0 and LibVEX; rerun with -h for copyright info
==5223== Command: /home/cs104/cs104/hw-nyilkhan/hw2/hw2_tests/circular_list_tests/circular_list_test --gtest_filter=ListInsert.50RandomElements
==5223== 
Running main() from gtest_main.cc
Note: Google Test filter = ListInsert.50RandomElements
[==========] Running 1 test from 1 test case.
[----------] Global test environment set-up.
[----------] 1 test from ListInsert
[ RUN      ] ListInsert.50RandomElements
[       OK ] ListInsert.50RandomElements (27 ms)
[----------] 1 test from ListInsert (33 ms total)

[----------] Global test environment tear-down
[==========] 1 test from 1 test case ran. (58 ms total)
[  PASSED  ] 1 test.
==5223== 
==5223== HEAP SUMMARY:
==5223==     in use at exit: 72,704 bytes in 1 blocks
==5223==   total heap usage: 3,501 allocs, 3,500 frees, 238,369 bytes allocated
==5223== 
==5223== LEAK SUMMARY:
==5223==    definitely lost: 0 bytes in 0 blocks
==5223==    indirectly lost: 0 bytes in 0 blocks
==5223==      possibly lost: 0 bytes in 0 blocks
==5223==    still reachable: 0 bytes in 0 blocks
==5223==         suppressed: 72,704 bytes in 1 blocks
==5223== 
==5223== For counts of detected and suppressed errors, rerun with: -v
==5223== ERROR SUMMARY: 0 errors from 0 contexts (suppressed: 0 from 0)
<end of output>
Test time =   0.75 sec
----------------------------------------------------------
Test Passed.
"ListInsert.50RandomElements" end time: Oct 16 17:51 PDT
"ListInsert.50RandomElements" time elapsed: 00:00:00
----------------------------------------------------------

28/69 Testing: ListInsert.WrapAround_50RandomElements
28/69 Test: ListInsert.WrapAround_50RandomElements
Command: "/usr/bin/valgrind" "--tool=memcheck" "--leak-check=yes" "--trace-children=no" "/home/cs104/cs104/hw-nyilkhan/hw2/hw2_tests/circular_list_tests/circular_list_test" "--gtest_filter=ListInsert.WrapAround_50RandomElements"
Directory: /home/cs104/cs104/hw-nyilkhan/hw2/hw2_tests/circular_list_tests
"ListInsert.WrapAround_50RandomElements" start time: Oct 16 17:51 PDT
Output:
----------------------------------------------------------
==5224== Memcheck, a memory error detector
==5224== Copyright (C) 2002-2017, and GNU GPL'd, by Julian Seward et al.
==5224== Using Valgrind-3.13.0 and LibVEX; rerun with -h for copyright info
==5224== Command: /home/cs104/cs104/hw-nyilkhan/hw2/hw2_tests/circular_list_tests/circular_list_test --gtest_filter=ListInsert.WrapAround_50RandomElements
==5224== 
Running main() from gtest_main.cc
Note: Google Test filter = ListInsert.WrapAround_50RandomElements
[==========] Running 1 test from 1 test case.
[----------] Global test environment set-up.
[----------] 1 test from ListInsert
[ RUN      ] ListInsert.WrapAround_50RandomElements
[       OK ] ListInsert.WrapAround_50RandomElements (35 ms)
[----------] 1 test from ListInsert (41 ms total)

[----------] Global test environment tear-down
[==========] 1 test from 1 test case ran. (78 ms total)
[  PASSED  ] 1 test.
==5224== 
==5224== HEAP SUMMARY:
==5224==     in use at exit: 72,704 bytes in 1 blocks
==5224==   total heap usage: 3,501 allocs, 3,500 frees, 238,750 bytes allocated
==5224== 
==5224== LEAK SUMMARY:
==5224==    definitely lost: 0 bytes in 0 blocks
==5224==    indirectly lost: 0 bytes in 0 blocks
==5224==      possibly lost: 0 bytes in 0 blocks
==5224==    still reachable: 0 bytes in 0 blocks
==5224==         suppressed: 72,704 bytes in 1 blocks
==5224== 
==5224== For counts of detected and suppressed errors, rerun with: -v
==5224== ERROR SUMMARY: 0 errors from 0 contexts (suppressed: 0 from 0)
<end of output>
Test time =   0.84 sec
----------------------------------------------------------
Test Passed.
"ListInsert.WrapAround_50RandomElements" end time: Oct 16 17:51 PDT
"ListInsert.WrapAround_50RandomElements" time elapsed: 00:00:00
----------------------------------------------------------

30/69 Testing: ListBasic.ConstructionDestruction
30/69 Test: ListBasic.ConstructionDestruction
Command: "/usr/bin/valgrind" "--tool=memcheck" "--leak-check=yes" "--trace-children=no" "/home/cs104/cs104/hw-nyilkhan/hw2/hw2_tests/circular_list_tests/circular_list_test" "--gtest_filter=ListBasic.ConstructionDestruction"
Directory: /home/cs104/cs104/hw-nyilkhan/hw2/hw2_tests/circular_list_tests
"ListBasic.ConstructionDestruction" start time: Oct 16 17:51 PDT
Output:
----------------------------------------------------------
==5226== Memcheck, a memory error detector
==5226== Copyright (C) 2002-2017, and GNU GPL'd, by Julian Seward et al.
==5226== Using Valgrind-3.13.0 and LibVEX; rerun with -h for copyright info
==5226== Command: /home/cs104/cs104/hw-nyilkhan/hw2/hw2_tests/circular_list_tests/circular_list_test --gtest_filter=ListBasic.ConstructionDestruction
==5226== 
Running main() from gtest_main.cc
Note: Google Test filter = ListBasic.ConstructionDestruction
[==========] Running 1 test from 1 test case.
[----------] Global test environment set-up.
[----------] 1 test from ListBasic
[ RUN      ] ListBasic.ConstructionDestruction
[       OK ] ListBasic.ConstructionDestruction (4 ms)
[----------] 1 test from ListBasic (11 ms total)

[----------] Global test environment tear-down
[==========] 1 test from 1 test case ran. (36 ms total)
[  PASSED  ] 1 test.
==5226== 
==5226== HEAP SUMMARY:
==5226==     in use at exit: 72,704 bytes in 1 blocks
==5226==   total heap usage: 410 allocs, 409 frees, 134,725 bytes allocated
==5226== 
==5226== LEAK SUMMARY:
==5226==    definitely lost: 0 bytes in 0 blocks
==5226==    indirectly lost: 0 bytes in 0 blocks
==5226==      possibly lost: 0 bytes in 0 blocks
==5226==    still reachable: 0 bytes in 0 blocks
==5226==         suppressed: 72,704 bytes in 1 blocks
==5226== 
==5226== For counts of detected and suppressed errors, rerun with: -v
==5226== ERROR SUMMARY: 0 errors from 0 contexts (suppressed: 0 from 0)
<end of output>
Test time =   0.71 sec
----------------------------------------------------------
Test Passed.
"ListBasic.ConstructionDestruction" end time: Oct 16 17:51 PDT
"ListBasic.ConstructionDestruction" time elapsed: 00:00:00
----------------------------------------------------------

31/69 Testing: ListBasic.OneItemAdd
31/69 Test: ListBasic.OneItemAdd
Command: "/usr/bin/valgrind" "--tool=memcheck" "--leak-check=yes" "--trace-children=no" "/home/cs104/cs104/hw-nyilkhan/hw2/hw2_tests/circular_list_tests/circular_list_test" "--gtest_filter=ListBasic.OneItemAdd"
Directory: /home/cs104/cs104/hw-nyilkhan/hw2/hw2_tests/circular_list_tests
"ListBasic.OneItemAdd" start time: Oct 16 17:51 PDT
Output:
----------------------------------------------------------
==5227== Memcheck, a memory error detector
==5227== Copyright (C) 2002-2017, and GNU GPL'd, by Julian Seward et al.
==5227== Using Valgrind-3.13.0 and LibVEX; rerun with -h for copyright info
==5227== Command: /home/cs104/cs104/hw-nyilkhan/hw2/hw2_tests/circular_list_tests/circular_list_test --gtest_filter=ListBasic.OneItemAdd
==5227== 
Running main() from gtest_main.cc
Note: Google Test filter = ListBasic.OneItemAdd
[==========] Running 1 test from 1 test case.
[----------] Global test environment set-up.
[----------] 1 test from ListBasic
[ RUN      ] ListBasic.OneItemAdd
[       OK ] ListBasic.OneItemAdd (9 ms)
[----------] 1 test from ListBasic (15 ms total)

[----------] Global test environment tear-down
[==========] 1 test from 1 test case ran. (41 ms total)
[  PASSED  ] 1 test.
==5227== 
==5227== HEAP SUMMARY:
==5227==     in use at exit: 72,704 bytes in 1 blocks
==5227==   total heap usage: 411 allocs, 410 frees, 134,544 bytes allocated
==5227== 
==5227== LEAK SUMMARY:
==5227==    definitely lost: 0 bytes in 0 blocks
==5227==    indirectly lost: 0 bytes in 0 blocks
==5227==      possibly lost: 0 bytes in 0 blocks
==5227==    still reachable: 0 bytes in 0 blocks
==5227==         suppressed: 72,704 bytes in 1 blocks
==5227== 
==5227== For counts of detected and suppressed errors, rerun with: -v
==5227== ERROR SUMMARY: 0 errors from 0 contexts (suppressed: 0 from 0)
<end of output>
Test time =   0.74 sec
----------------------------------------------------------
Test Passed.
"ListBasic.OneItemAdd" end time: Oct 16 17:51 PDT
"ListBasic.OneItemAdd" time elapsed: 00:00:00
----------------------------------------------------------

29/69 Testing: ListInsert.10000RandomElements
29/69 Test: ListInsert.10000RandomElements
Command: "/usr/bin/valgrind" "--tool=memcheck" "--leak-check=yes" "--trace-children=no" "/home/cs104/cs104/hw-nyilkhan/hw2/hw2_tests/circular_list_tests/circular_list_test" "--gtest_filter=ListInsert.10000RandomElements"
Directory: /home/cs104/cs104/hw-nyilkhan/hw2/hw2_tests/circular_list_tests
"ListInsert.10000RandomElements" start time: Oct 16 17:51 PDT
Output:
----------------------------------------------------------
==5225== Memcheck, a memory error detector
==5225== Copyright (C) 2002-2017, and GNU GPL'd, by Julian Seward et al.
==5225== Using Valgrind-3.13.0 and LibVEX; rerun with -h for copyright info
==5225== Command: /home/cs104/cs104/hw-nyilkhan/hw2/hw2_tests/circular_list_tests/circular_list_test --gtest_filter=ListInsert.10000RandomElements
==5225== 
Running main() from gtest_main.cc
Note: Google Test filter = ListInsert.10000RandomElements
[==========] Running 1 test from 1 test case.
[----------] Global test environment set-up.
[----------] 1 test from ListInsert
[ RUN      ] ListInsert.10000RandomElements
[       OK ] ListInsert.10000RandomElements (866 ms)
[----------] 1 test from ListInsert (871 ms total)

[----------] Global test environment tear-down
[==========] 1 test from 1 test case ran. (897 ms total)
[  PASSED  ] 1 test.
==5225== 
==5225== HEAP SUMMARY:
==5225==     in use at exit: 72,704 bytes in 1 blocks
==5225==   total heap usage: 40,417 allocs, 40,416 frees, 1,494,710 bytes allocated
==5225== 
==5225== LEAK SUMMARY:
==5225==    definitely lost: 0 bytes in 0 blocks
==5225==    indirectly lost: 0 bytes in 0 blocks
==5225==      possibly lost: 0 bytes in 0 blocks
==5225==    still reachable: 0 bytes in 0 blocks
==5225==         suppressed: 72,704 bytes in 1 blocks
==5225== 
==5225== For counts of detected and suppressed errors, rerun with: -v
==5225== ERROR SUMMARY: 0 errors from 0 contexts (suppressed: 0 from 0)
<end of output>
Test time =   1.59 sec
----------------------------------------------------------
Test Passed.
"ListInsert.10000RandomElements" end time: Oct 16 17:51 PDT
"ListInsert.10000RandomElements" time elapsed: 00:00:01
----------------------------------------------------------

32/69 Testing: ListBasic.ThreeItemAdd
32/69 Test: ListBasic.ThreeItemAdd
Command: "/usr/bin/valgrind" "--tool=memcheck" "--leak-check=yes" "--trace-children=no" "/home/cs104/cs104/hw-nyilkhan/hw2/hw2_tests/circular_list_tests/circular_list_test" "--gtest_filter=ListBasic.ThreeItemAdd"
Directory: /home/cs104/cs104/hw-nyilkhan/hw2/hw2_tests/circular_list_tests
"ListBasic.ThreeItemAdd" start time: Oct 16 17:51 PDT
Output:
----------------------------------------------------------
==5228== Memcheck, a memory error detector
==5228== Copyright (C) 2002-2017, and GNU GPL'd, by Julian Seward et al.
==5228== Using Valgrind-3.13.0 and LibVEX; rerun with -h for copyright info
==5228== Command: /home/cs104/cs104/hw-nyilkhan/hw2/hw2_tests/circular_list_tests/circular_list_test --gtest_filter=ListBasic.ThreeItemAdd
==5228== 
Running main() from gtest_main.cc
Note: Google Test filter = ListBasic.ThreeItemAdd
[==========] Running 1 test from 1 test case.
[----------] Global test environment set-up.
[----------] 1 test from ListBasic
[ RUN      ] ListBasic.ThreeItemAdd
List was: 
[768, 1024, 1536]
[       OK ] ListBasic.ThreeItemAdd (12 ms)
[----------] 1 test from ListBasic (17 ms total)

[----------] Global test environment tear-down
[==========] 1 test from 1 test case ran. (43 ms total)
[  PASSED  ] 1 test.
==5228== 
==5228== HEAP SUMMARY:
==5228==     in use at exit: 72,704 bytes in 1 blocks
==5228==   total heap usage: 415 allocs, 414 frees, 134,634 bytes allocated
==5228== 
==5228== LEAK SUMMARY:
==5228==    definitely lost: 0 bytes in 0 blocks
==5228==    indirectly lost: 0 bytes in 0 blocks
==5228==      possibly lost: 0 bytes in 0 blocks
==5228==    still reachable: 0 bytes in 0 blocks
==5228==         suppressed: 72,704 bytes in 1 blocks
==5228== 
==5228== For counts of detected and suppressed errors, rerun with: -v
==5228== ERROR SUMMARY: 0 errors from 0 contexts (suppressed: 0 from 0)
<end of output>
Test time =   0.74 sec
----------------------------------------------------------
Test Passed.
"ListBasic.ThreeItemAdd" end time: Oct 16 17:51 PDT
"ListBasic.ThreeItemAdd" time elapsed: 00:00:00
----------------------------------------------------------

33/69 Testing: ListBasic.Empty
33/69 Test: ListBasic.Empty
Command: "/usr/bin/valgrind" "--tool=memcheck" "--leak-check=yes" "--trace-children=no" "/home/cs104/cs104/hw-nyilkhan/hw2/hw2_tests/circular_list_tests/circular_list_test" "--gtest_filter=ListBasic.Empty"
Directory: /home/cs104/cs104/hw-nyilkhan/hw2/hw2_tests/circular_list_tests
"ListBasic.Empty" start time: Oct 16 17:51 PDT
Output:
----------------------------------------------------------
==5229== Memcheck, a memory error detector
==5229== Copyright (C) 2002-2017, and GNU GPL'd, by Julian Seward et al.
==5229== Using Valgrind-3.13.0 and LibVEX; rerun with -h for copyright info
==5229== Command: /home/cs104/cs104/hw-nyilkhan/hw2/hw2_tests/circular_list_tests/circular_list_test --gtest_filter=ListBasic.Empty
==5229== 
Running main() from gtest_main.cc
Note: Google Test filter = ListBasic.Empty
[==========] Running 1 test from 1 test case.
[----------] Global test environment set-up.
[----------] 1 test from ListBasic
[ RUN      ] ListBasic.Empty
[       OK ] ListBasic.Empty (7 ms)
[----------] 1 test from ListBasic (12 ms total)

[----------] Global test environment tear-down
[==========] 1 test from 1 test case ran. (37 ms total)
[  PASSED  ] 1 test.
==5229== 
==5229== HEAP SUMMARY:
==5229==     in use at exit: 72,704 bytes in 1 blocks
==5229==   total heap usage: 372 allocs, 371 frees, 133,307 bytes allocated
==5229== 
==5229== LEAK SUMMARY:
==5229==    definitely lost: 0 bytes in 0 blocks
==5229==    indirectly lost: 0 bytes in 0 blocks
==5229==      possibly lost: 0 bytes in 0 blocks
==5229==    still reachable: 0 bytes in 0 blocks
==5229==         suppressed: 72,704 bytes in 1 blocks
==5229== 
==5229== For counts of detected and suppressed errors, rerun with: -v
==5229== ERROR SUMMARY: 0 errors from 0 contexts (suppressed: 0 from 0)
<end of output>
Test time =   0.81 sec
----------------------------------------------------------
Test Passed.
"ListBasic.Empty" end time: Oct 16 17:51 PDT
"ListBasic.Empty" time elapsed: 00:00:00
----------------------------------------------------------

34/69 Testing: ListBasic.OneItemRemove
34/69 Test: ListBasic.OneItemRemove
Command: "/usr/bin/valgrind" "--tool=memcheck" "--leak-check=yes" "--trace-children=no" "/home/cs104/cs104/hw-nyilkhan/hw2/hw2_tests/circular_list_tests/circular_list_test" "--gtest_filter=ListBasic.OneItemRemove"
Directory: /home/cs104/cs104/hw-nyilkhan/hw2/hw2_tests/circular_list_tests
"ListBasic.OneItemRemove" start time: Oct 16 17:51 PDT
Output:
[...]
==5578==  Block was alloc'd at
==5578==    at 0x4C2E17F: operator new(unsigned long) (in /usr/lib/valgrind/vgpreload_memcheck-amd64-linux.so)
==5578==    by 0x401787: CircularListInt::push_back(int) (circular_list_int.cpp:53)
==5578==    by 0x4015ED: main (duck_duck_goose.cpp:31)
==5578== 
==5578== Invalid read of size 8
==5578==    at 0x401752: CircularListInt::get(unsigned long) const (circular_list_int.cpp:30)
==5578==    by 0x40107C: simulateDDGRound(GameData*, std::ostream&) (duck_duck_goose.cpp:57)
==5578==    by 0x40161F: main (duck_duck_goose.cpp:38)
==5578==  Address 0x5ab8f98 is 8 bytes inside a block of size 24 free'd
==5578==    at 0x4C2F23B: operator delete(void*) (in /usr/lib/valgrind/vgpreload_memcheck-amd64-linux.so)
==5578==    by 0x40187C: CircularListInt::remove(unsigned long) (circular_list_int.cpp:100)
==5578==    by 0x40136F: simulateDDGRound(GameData*, std::ostream&) (duck_duck_goose.cpp:79)
==5578==    by 0x40161F: main (duck_duck_goose.cpp:38)
==5578==  Block was alloc'd at
==5578==    at 0x4C2E17F: operator new(unsigned long) (in /usr/lib/valgrind/vgpreload_memcheck-amd64-linux.so)
==5578==    by 0x401787: CircularListInt::push_back(int) (circular_list_int.cpp:53)
==5578==    by 0x4015ED: main (duck_duck_goose.cpp:31)
==5578== 
==5578== Invalid read of size 8
==5578==    at 0x401752: CircularListInt::get(unsigned long) const (circular_list_int.cpp:30)
==5578==    by 0x401115: simulateDDGRound(GameData*, std::ostream&) (duck_duck_goose.cpp:62)
==5578==    by 0x40161F: main (duck_duck_goose.cpp:38)
==5578==  Address 0x5ab8f98 is 8 bytes inside a block of size 24 free'd
==5578==    at 0x4C2F23B: operator delete(void*) (in /usr/lib/valgrind/vgpreload_memcheck-amd64-linux.so)
==5578==    by 0x40187C: CircularListInt::remove(unsigned long) (circular_list_int.cpp:100)
==5578==    by 0x40136F: simulateDDGRound(GameData*, std::ostream&) (duck_duck_goose.cpp:79)
==5578==    by 0x40161F: main (duck_duck_goose.cpp:38)
==5578==  Block was alloc'd at
==5578==    at 0x4C2E17F: operator new(unsigned long) (in /usr/lib/valgrind/vgpreload_memcheck-amd64-linux.so)
==5578==    by 0x401787: CircularListInt::push_back(int) (circular_list_int.cpp:53)
==5578==    by 0x4015ED: main (duck_duck_goose.cpp:31)
==5578== 
==5578== Invalid read of size 8
==5578==    at 0x401826: CircularListInt::set(unsigned long, int) (circular_list_int.cpp:78)
==5578==    by 0x4012D5: simulateDDGRound(GameData*, std::ostream&) (duck_duck_goose.cpp:75)
==5578==    by 0x40161F: main (duck_duck_goose.cpp:38)
==5578==  Address 0x5ab8f98 is 8 bytes inside a block of size 24 free'd
==5578==    at 0x4C2F23B: operator delete(void*) (in /usr/lib/valgrind/vgpreload_memcheck-amd64-linux.so)
==5578==    by 0x40187C: CircularListInt::remove(unsigned long) (circular_list_int.cpp:100)
==5578==    by 0x40136F: simulateDDGRound(GameData*, std::ostream&) (duck_duck_goose.cpp:79)
==5578==    by 0x40161F: main (duck_duck_goose.cpp:38)
==5578==  Block was alloc'd at
==5578==    at 0x4C2E17F: operator new(unsigned long) (in /usr/lib/valgrind/vgpreload_memcheck-amd64-linux.so)
==5578==    by 0x401787: CircularListInt::push_back(int) (circular_list_int.cpp:53)
==5578==    by 0x4015ED: main (duck_duck_goose.cpp:31)
==5578== 
==5578== Invalid read of size 8
==5578==    at 0x401849: CircularListInt::remove(unsigned long) (circular_list_int.cpp:86)
==5578==    by 0x40136F: simulateDDGRound(GameData*, std::ostream&) (duck_duck_goose.cpp:79)
==5578==    by 0x40161F: main (duck_duck_goose.cpp:38)
==5578==  Address 0x5ab8f98 is 8 bytes inside a block of size 24 free'd
==5578==    at 0x4C2F23B: operator delete(void*) (in /usr/lib/valgrind/vgpreload_memcheck-amd64-linux.so)
==5578==    by 0x40187C: CircularListInt::remove(unsigned long) (circular_list_int.cpp:100)
==5578==    by 0x40136F: simulateDDGRound(GameData*, std::ostream&) (duck_duck_goose.cpp:79)
==5578==    by 0x40161F: main (duck_duck_goose.cpp:38)
==5578==  Block was alloc'd at
==5578==    at 0x4C2E17F: operator new(unsigned long) (in /usr/lib/valgrind/vgpreload_memcheck-amd64-linux.so)
==5578==    by 0x401787: CircularListInt::push_back(int) (circular_list_int.cpp:53)
==5578==    by 0x4015ED: main (duck_duck_goose.cpp:31)
==5578== 
==5578== Invalid read of size 8
==5578==    at 0x401754: CircularListInt::get(unsigned long) const (circular_list_int.cpp:31)
==5578==    by 0x40107C: simulateDDGRound(GameData*, std::ostream&) (duck_duck_goose.cpp:57)
==5578==    by 0x40161F: main (duck_duck_goose.cpp:38)
==5578==  Address 0x5ab8f98 is 8 bytes inside a block of size 24 free'd
==5578==    at 0x4C2F23B: operator delete(void*) (in /usr/lib/valgrind/vgpreload_memcheck-amd64-linux.so)
==5578==    by 0x40187C: CircularListInt::remove(unsigned long) (circular_list_int.cpp:100)
==5578==    by 0x40136F: simulateDDGRound(GameData*, std::ostream&) (duck_duck_goose.cpp:79)
==5578==    by 0x40161F: main (duck_duck_goose.cpp:38)
==5578==  Block was alloc'd at
==5578==    at 0x4C2E17F: operator new(unsigned long) (in /usr/lib/valgrind/vgpreload_memcheck-amd64-linux.so)
==5578==    by 0x401787: CircularListInt::push_back(int) (circular_list_int.cpp:53)
==5578==    by 0x4015ED: main (duck_duck_goose.cpp:31)
==5578== 
==5578== Invalid read of size 8
==5578==    at 0x401754: CircularListInt::get(unsigned long) const (circular_list_int.cpp:31)
==5578==    by 0x401115: simulateDDGRound(GameData*, std::ostream&) (duck_duck_goose.cpp:62)
==5578==    by 0x40161F: main (duck_duck_goose.cpp:38)
==5578==  Address 0x5ab8f98 is 8 bytes inside a block of size 24 free'd
==5578==    at 0x4C2F23B: operator delete(void*) (in /usr/lib/valgrind/vgpreload_memcheck-amd64-linux.so)
==5578==    by 0x40187C: CircularListInt::remove(unsigned long) (circular_list_int.cpp:100)
==5578==    by 0x40136F: simulateDDGRound(GameData*, std::ostream&) (duck_duck_goose.cpp:79)
==5578==    by 0x40161F: main (duck_duck_goose.cpp:38)
==5578==  Block was alloc'd at
==5578==    at 0x4C2E17F: operator new(unsigned long) (in /usr/lib/valgrind/vgpreload_memcheck-amd64-linux.so)
==5578==    by 0x401787: CircularListInt::push_back(int) (circular_list_int.cpp:53)
==5578==    by 0x4015ED: main (duck_duck_goose.cpp:31)
==5578== 
==5578== Invalid read of size 8
==5578==    at 0x401828: CircularListInt::set(unsigned long, int) (circular_list_int.cpp:79)
==5578==    by 0x4012D5: simulateDDGRound(GameData*, std::ostream&) (duck_duck_goose.cpp:75)
==5578==    by 0x40161F: main (duck_duck_goose.cpp:38)
==5578==  Address 0x5ab8f98 is 8 bytes inside a block of size 24 free'd
==5578==    at 0x4C2F23B: operator delete(void*) (in /usr/lib/valgrind/vgpreload_memcheck-amd64-linux.so)
==5578==    by 0x40187C: CircularListInt::remove(unsigned long) (circular_list_int.cpp:100)
==5578==    by 0x40136F: simulateDDGRound(GameData*, std::ostream&) (duck_duck_goose.cpp:79)
==5578==    by 0x40161F: main (duck_duck_goose.cpp:38)
==5578==  Block was alloc'd at
==5578==    at 0x4C2E17F: operator new(unsigned long) (in /usr/lib/valgrind/vgpreload_memcheck-amd64-linux.so)
==5578==    by 0x401787: CircularListInt::push_back(int) (circular_list_int.cpp:53)
==5578==    by 0x4015ED: main (duck_duck_goose.cpp:31)
==5578== 
==5578== Invalid read of size 8
==5578==    at 0x40184B: CircularListInt::remove(unsigned long) (circular_list_int.cpp:87)
==5578==    by 0x40136F: simulateDDGRound(GameData*, std::ostream&) (duck_duck_goose.cpp:79)
==5578==    by 0x40161F: main (duck_duck_goose.cpp:38)
==5578==  Address 0x5ab8f98 is 8 bytes inside a block of size 24 free'd
==5578==    at 0x4C2F23B: operator delete(void*) (in /usr/lib/valgrind/vgpreload_memcheck-amd64-linux.so)
==5578==    by 0x40187C: CircularListInt::remove(unsigned long) (circular_list_int.cpp:100)
==5578==    by 0x40136F: simulateDDGRound(GameData*, std::ostream&) (duck_duck_goose.cpp:79)
==5578==    by 0x40161F: main (duck_duck_goose.cpp:38)
==5578==  Block was alloc'd at
==5578==    at 0x4C2E17F: operator new(unsigned long) (in /usr/lib/valgrind/vgpreload_memcheck-amd64-linux.so)
==5578==    by 0x401787: CircularListInt::push_back(int) (circular_list_int.cpp:53)
==5578==    by 0x4015ED: main (duck_duck_goose.cpp:31)
==5578== 
==5578== Invalid write of size 8
==5578==    at 0x401874: CircularListInt::remove(unsigned long) (circular_list_int.cpp:98)
==5578==    by 0x40136F: simulateDDGRound(GameData*, std::ostream&) (duck_duck_goose.cpp:79)
==5578==    by 0x40161F: main (duck_duck_goose.cpp:38)
==5578==  Address 0x5ab8fa0 is 16 bytes inside a block of size 24 free'd
==5578==    at 0x4C2F23B: operator delete(void*) (in /usr/lib/valgrind/vgpreload_memcheck-amd64-linux.so)
==5578==    by 0x40187C: CircularListInt::remove(unsigned long) (circular_list_int.cpp:100)
==5578==    by 0x40136F: simulateDDGRound(GameData*, std::ostream&) (duck_duck_goose.cpp:79)
==5578==    by 0x40161F: main (duck_duck_goose.cpp:38)
==5578==  Block was alloc'd at
==5578==    at 0x4C2E17F: operator new(unsigned long) (in /usr/lib/valgrind/vgpreload_memcheck-amd64-linux.so)
==5578==    by 0x401787: CircularListInt::push_back(int) (circular_list_int.cpp:53)
==5578==    by 0x4015ED: main (duck_duck_goose.cpp:31)
==5578== 
==5578== Invalid read of size 4
==5578==    at 0x40175E: CircularListInt::get(unsigned long) const (circular_list_int.cpp:33)
==5578==    by 0x401115: simulateDDGRound(GameData*, std::ostream&) (duck_duck_goose.cpp:62)
==5578==    by 0x40161F: main (duck_duck_goose.cpp:38)
==5578==  Address 0x5ab8f90 is 0 bytes inside a block of size 24 free'd
==5578==    at 0x4C2F23B: operator delete(void*) (in /usr/lib/valgrind/vgpreload_memcheck-amd64-linux.so)
==5578==    by 0x40187C: CircularListInt::remove(unsigned long) (circular_list_int.cpp:100)
==5578==    by 0x40136F: simulateDDGRound(GameData*, std::ostream&) (duck_duck_goose.cpp:79)
==5578==    by 0x40161F: main (duck_duck_goose.cpp:38)
==5578==  Block was alloc'd at
==5578==    at 0x4C2E17F: operator new(unsigned long) (in /usr/lib/valgrind/vgpreload_memcheck-amd64-linux.so)
==5578==    by 0x401787: CircularListInt::push_back(int) (circular_list_int.cpp:53)
==5578==    by 0x4015ED: main (duck_duck_goose.cpp:31)
==5578== 
==5578== Invalid write of size 4
==5578==    at 0x401832: CircularListInt::set(unsigned long, int) (circular_list_int.cpp:81)
==5578==    by 0x4012D5: simulateDDGRound(GameData*, std::ostream&) (duck_duck_goose.cpp:75)
==5578==    by 0x40161F: main (duck_duck_goose.cpp:38)
==5578==  Address 0x5ab9230 is 0 bytes inside a block of size 24 free'd
==5578==    at 0x4C2F23B: operator delete(void*) (in /usr/lib/valgrind/vgpreload_memcheck-amd64-linux.so)
==5578==    by 0x40187C: CircularListInt::remove(unsigned long) (circular_list_int.cpp:100)
==5578==    by 0x40136F: simulateDDGRound(GameData*, std::ostream&) (duck_duck_goose.cpp:79)
==5578==    by 0x40161F: main (duck_duck_goose.cpp:38)
==5578==  Block was alloc'd at
==5578==    at 0x4C2E17F: operator new(unsigned long) (in /usr/lib/valgrind/vgpreload_memcheck-amd64-linux.so)
==5578==    by 0x4017D5: CircularListInt::push_back(int) (circular_list_int.cpp:66)
==5578==    by 0x4015ED: main (duck_duck_goose.cpp:31)
==5578== 
==5578== Invalid read of size 8
==5578==    at 0x401864: CircularListInt::remove(unsigned long) (circular_list_int.cpp:95)
==5578==    by 0x40136F: simulateDDGRound(GameData*, std::ostream&) (duck_duck_goose.cpp:79)
==5578==    by 0x40161F: main (duck_duck_goose.cpp:38)
==5578==  Address 0x5ab9238 is 8 bytes inside a block of size 24 free'd
==5578==    at 0x4C2F23B: operator delete(void*) (in /usr/lib/valgrind/vgpreload_memcheck-amd64-linux.so)
==5578==    by 0x40187C: CircularListInt::remove(unsigned long) (circular_list_int.cpp:100)
==5578==    by 0x40136F: simulateDDGRound(GameData*, std::ostream&) (duck_duck_goose.cpp:79)
==5578==    by 0x40161F: main (duck_duck_goose.cpp:38)
==5578==  Block was alloc'd at
==5578==    at 0x4C2E17F: operator new(unsigned long) (in /usr/lib/valgrind/vgpreload_memcheck-amd64-linux.so)
==5578==    by 0x4017D5: CircularListInt::push_back(int) (circular_list_int.cpp:66)
==5578==    by 0x4015ED: main (duck_duck_goose.cpp:31)
==5578== 
==5578== Invalid read of size 8
==5578==    at 0x401868: CircularListInt::remove(unsigned long) (circular_list_int.cpp:96)
==5578==    by 0x40136F: simulateDDGRound(GameData*, std::ostream&) (duck_duck_goose.cpp:79)
==5578==    by 0x40161F: main (duck_duck_goose.cpp:38)
==5578==  Address 0x5ab9240 is 16 bytes inside a block of size 24 free'd
==5578==    at 0x4C2F23B: operator delete(void*) (in /usr/lib/valgrind/vgpreload_memcheck-amd64-linux.so)
==5578==    by 0x40187C: CircularListInt::remove(unsigned long) (circular_list_int.cpp:100)
==5578==    by 0x40136F: simulateDDGRound(GameData*, std::ostream&) (duck_duck_goose.cpp:79)
==5578==    by 0x40161F: main (duck_duck_goose.cpp:38)
==5578==  Block was alloc'd at
==5578==    at 0x4C2E17F: operator new(unsigned long) (in /usr/lib/valgrind/vgpreload_memcheck-amd64-linux.so)
==5578==    by 0x4017D5: CircularListInt::push_back(int) (circular_list_int.cpp:66)
==5578==    by 0x4015ED: main (duck_duck_goose.cpp:31)
==5578== 
==5578== Invalid write of size 8
==5578==    at 0x40186C: CircularListInt::remove(unsigned long) (circular_list_int.cpp:97)
==5578==    by 0x40136F: simulateDDGRound(GameData*, std::ostream&) (duck_duck_goose.cpp:79)
==5578==    by 0x40161F: main (duck_duck_goose.cpp:38)
==5578==  Address 0x5ab8f98 is 8 bytes inside a block of size 24 free'd
==5578==    at 0x4C2F23B: operator delete(void*) (in /usr/lib/valgrind/vgpreload_memcheck-amd64-linux.so)
==5578==    by 0x40187C: CircularListInt::remove(unsigned long) (circular_list_int.cpp:100)
==5578==    by 0x40136F: simulateDDGRound(GameData*, std::ostream&) (duck_duck_goose.cpp:79)
==5578==    by 0x40161F: main (duck_duck_goose.cpp:38)
==5578==  Block was alloc'd at
==5578==    at 0x4C2E17F: operator new(unsigned long) (in /usr/lib/valgrind/vgpreload_memcheck-amd64-linux.so)
==5578==    by 0x401787: CircularListInt::push_back(int) (circular_list_int.cpp:53)
==5578==    by 0x4015ED: main (duck_duck_goose.cpp:31)
==5578== 
==5578== Invalid read of size 8
==5578==    at 0x401870: CircularListInt::remove(unsigned long) (circular_list_int.cpp:98)
==5578==    by 0x40136F: simulateDDGRound(GameData*, std::ostream&) (duck_duck_goose.cpp:79)
==5578==    by 0x40161F: main (duck_duck_goose.cpp:38)
==5578==  Address 0x5ab9238 is 8 bytes inside a block of size 24 free'd
==5578==    at 0x4C2F23B: operator delete(void*) (in /usr/lib/valgrind/vgpreload_memcheck-amd64-linux.so)
==5578==    by 0x40187C: CircularListInt::remove(unsigned long) (circular_list_int.cpp:100)
==5578==    by 0x40136F: simulateDDGRound(GameData*, std::ostream&) (duck_duck_goose.cpp:79)
==5578==    by 0x40161F: main (duck_duck_goose.cpp:38)
==5578==  Block was alloc'd at
==5578==    at 0x4C2E17F: operator new(unsigned long) (in /usr/lib/valgrind/vgpreload_memcheck-amd64-linux.so)
==5578==    by 0x4017D5: CircularListInt::push_back(int) (circular_list_int.cpp:66)
==5578==    by 0x4015ED: main (duck_duck_goose.cpp:31)
==5578== 
==5578== Invalid free() / delete / delete[] / realloc()
==5578==    at 0x4C2F23B: operator delete(void*) (in /usr/lib/valgrind/vgpreload_memcheck-amd64-linux.so)
==5578==    by 0x40187C: CircularListInt::remove(unsigned long) (circular_list_int.cpp:100)
==5578==    by 0x40136F: simulateDDGRound(GameData*, std::ostream&) (duck_duck_goose.cpp:79)
==5578==    by 0x40161F: main (duck_duck_goose.cpp:38)
==5578==  Address 0x5ab9230 is 0 bytes inside a block of size 24 free'd
==5578==    at 0x4C2F23B: operator delete(void*) (in /usr/lib/valgrind/vgpreload_memcheck-amd64-linux.so)
==5578==    by 0x40187C: CircularListInt::remove(unsigned long) (circular_list_int.cpp:100)
==5578==    by 0x40136F: simulateDDGRound(GameData*, std::ostream&) (duck_duck_goose.cpp:79)
==5578==    by 0x40161F: main (duck_duck_goose.cpp:38)
==5578==  Block was alloc'd at
==5578==    at 0x4C2E17F: operator new(unsigned long) (in /usr/lib/valgrind/vgpreload_memcheck-amd64-linux.so)
==5578==    by 0x4017D5: CircularListInt::push_back(int) (circular_list_int.cpp:66)
==5578==    by 0x4015ED: main (duck_duck_goose.cpp:31)
==5578== 
==5578== 48 (24 direct, 24 indirect) bytes in 1 blocks are definitely lost in loss record 2 of 3
==5578==    at 0x4C2E17F: operator new(unsigned long) (in /usr/lib/valgrind/vgpreload_memcheck-amd64-linux.so)
==5578==    by 0x4017D5: CircularListInt::push_back(int) (circular_list_int.cpp:66)
==5578==    by 0x4015ED: main (duck_duck_goose.cpp:31)
==5578== 
WARNING: user program created Valgrind errors!
/home/cs104/cs104/hw-nyilkhan/hw2/hw2_tests/duck_duck_goose_tests/whole_program_test.cpp:61: Failure
Value of: checkDDGGameOutput(output, otherPlayers, itPlayer)
  Actual: false (In round 1: Unrecognized output line "")
Expected: true
[  FAILED  ] DDGProgram.TwoHundredPlayers (1849 ms)
[----------] 1 test from DDGProgram (1855 ms total)

[----------] Global test environment tear-down
[==========] 1 test from 1 test case ran. (1880 ms total)
[  PASSED  ] 0 tests.
[  FAILED  ] 1 test, listed below:
[  FAILED  ] DDGProgram.TwoHundredPlayers

 1 FAILED TEST
==5577== 
==5577== HEAP SUMMARY:
==5577==     in use at exit: 72,704 bytes in 1 blocks
==5577==   total heap usage: 618 allocs, 617 frees, 7,077,685 bytes allocated
==5577== 
==5577== LEAK SUMMARY:
==5577==    definitely lost: 0 bytes in 0 blocks
==5577==    indirectly lost: 0 bytes in 0 blocks
==5577==      possibly lost: 0 bytes in 0 blocks
==5577==    still reachable: 0 bytes in 0 blocks
==5577==         suppressed: 72,704 bytes in 1 blocks
==5577== 
==5577== For counts of detected and suppressed errors, rerun with: -v
==5577== ERROR SUMMARY: 0 errors from 0 contexts (suppressed: 0 from 0)
<end of output>
Test time =   2.63 sec
----------------------------------------------------------
Test Failed.
"DDGProgram.TwoHundredPlayers" end time: Oct 16 17:52 PDT
"DDGProgram.TwoHundredPlayers" time elapsed: 00:00:02
----------------------------------------------------------

59/69 Testing: DDGRuntime.DDGRound
59/69 Test: DDGRuntime.DDGRound
Command: "/home/cs104/cs104/hw-nyilkhan/hw2/hw2_tests/duck_duck_goose_tests/duck_duck_goose_runtime" "--gtest_filter=DDGRuntime.DDGRound"
Directory: /home/cs104/cs104/hw-nyilkhan/hw2/hw2_tests/duck_duck_goose_tests
"DDGRuntime.DDGRound" start time: Oct 16 17:51 PDT
Output:
----------------------------------------------------------
Running main() from gtest_main.cc
Note: Google Test filter = DDGRuntime.DDGRound
[==========] Running 1 test from 1 test case.
[----------] Global test environment set-up.
[----------] 1 test from DDGRuntime
[ RUN      ] DDGRuntime.DDGRound
>> Evaluating runtime of running simulateDDGRound()
Testing with 2^6 (64) elements (trial 1/30)2/30)3/30)4/30)5/30)6/30)7/30)8/30)9/30)10/30)11/30)12/30)13/30)14/30)15/30)16/30)17/30)18/30)19/30)20/30)21/30)22/30)23/30)24/30)25/30)26/30)27/30)28/30)29/30)30/30)
Testing with 2^7 (128) elements (trial 1/30)2/30)3/30)4/30)5/30)6/30)7/30)8/30)9/30)10/30)11/30)12/30)13/30)14/30)15/30)16/30)17/30)18/30)19/30)20/30)21/30)22/30)23/30)24/30)25/30)26/30)27/30)28/30)29/30)30/30)
Testing with 2^8 (256) elements (trial 1/30)2/30)3/30)4/30)5/30)6/30)7/30)8/30)9/30)10/30)11/30)12/30)13/30)14/30)15/30)16/30)17/30)18/30)
<end of output>
Test time =  60.00 sec
----------------------------------------------------------
Test Failed.
"DDGRuntime.DDGRound" end time: Oct 16 17:52 PDT
"DDGRuntime.DDGRound" time elapsed: 00:01:00
----------------------------------------------------------

End testing: Oct 16 17:52 PDT
