Start testing: Oct 16 10:43 PDT
----------------------------------------------------------
4/15 Testing: SelSortBasic.ThreeElementSort
4/15 Test: SelSortBasic.ThreeElementSort
Command: "/usr/bin/valgrind" "--tool=memcheck" "--leak-check=yes" "--error-exitcode=42" "--trace-children=no" "/home/cs104/Dropbox/cs104/hw-nyilkhan/hw2/hw2-check/selection_sort_tests/selection_sort_test" "--gtest_filter=SelSortBasic.ThreeElementSort" "--gtest_color=yes"
Directory: /home/cs104/Dropbox/cs104/hw-nyilkhan/hw2/hw2-check/selection_sort_tests
"SelSortBasic.ThreeElementSort" start time: Oct 16 10:43 PDT
Output:
----------------------------------------------------------
==3292== Memcheck, a memory error detector
==3292== Copyright (C) 2002-2017, and GNU GPL'd, by Julian Seward et al.
==3292== Using Valgrind-3.13.0 and LibVEX; rerun with -h for copyright info
==3292== Command: /home/cs104/Dropbox/cs104/hw-nyilkhan/hw2/hw2-check/selection_sort_tests/selection_sort_test --gtest_filter=SelSortBasic.ThreeElementSort --gtest_color=yes
==3292== 
Running main() from gtest_main.cc
[0;33mNote: Google Test filter = SelSortBasic.ThreeElementSort
[m[0;32m[==========] [mRunning 1 test from 1 test case.
[0;32m[----------] [mGlobal test environment set-up.
[0;32m[----------] [m1 test from SelSortBasic
[0;32m[ RUN      ] [mSelSortBasic.ThreeElementSort
[0;32m[       OK ] [mSelSortBasic.ThreeElementSort (13 ms)
[0;32m[----------] [m1 test from SelSortBasic (24 ms total)

[0;32m[----------] [mGlobal test environment tear-down
[0;32m[==========] [m1 test from 1 test case ran. (57 ms total)
[0;32m[  PASSED  ] [m1 test.
==3292== 
==3292== HEAP SUMMARY:
==3292==     in use at exit: 72,704 bytes in 1 blocks
==3292==   total heap usage: 238 allocs, 237 frees, 125,617 bytes allocated
==3292== 
==3292== LEAK SUMMARY:
==3292==    definitely lost: 0 bytes in 0 blocks
==3292==    indirectly lost: 0 bytes in 0 blocks
==3292==      possibly lost: 0 bytes in 0 blocks
==3292==    still reachable: 0 bytes in 0 blocks
==3292==         suppressed: 72,704 bytes in 1 blocks
==3292== 
==3292== For counts of detected and suppressed errors, rerun with: -v
==3292== ERROR SUMMARY: 0 errors from 0 contexts (suppressed: 0 from 0)
<end of output>
Test time =   1.82 sec
----------------------------------------------------------
Test Passed.
"SelSortBasic.ThreeElementSort" end time: Oct 16 10:43 PDT
"SelSortBasic.ThreeElementSort" time elapsed: 00:00:01
----------------------------------------------------------

15/15 Testing: DDGBasic.FivePlayers
15/15 Test: DDGBasic.FivePlayers
Command: "/usr/bin/valgrind" "--tool=memcheck" "--leak-check=yes" "--error-exitcode=42" "--trace-children=no" "/home/cs104/Dropbox/cs104/hw-nyilkhan/hw2/hw2-check/duck_duck_goose_tests/duck_duck_goose_test" "--gtest_filter=DDGBasic.FivePlayers" "--gtest_color=yes"
Directory: /home/cs104/Dropbox/cs104/hw-nyilkhan/hw2/hw2-check/duck_duck_goose_tests
"DDGBasic.FivePlayers" start time: Oct 16 10:43 PDT
Output:
----------------------------------------------------------
==3291== Memcheck, a memory error detector
==3291== Copyright (C) 2002-2017, and GNU GPL'd, by Julian Seward et al.
==3291== Using Valgrind-3.13.0 and LibVEX; rerun with -h for copyright info
==3291== Command: /home/cs104/Dropbox/cs104/hw-nyilkhan/hw2/hw2-check/duck_duck_goose_tests/duck_duck_goose_test --gtest_filter=DDGBasic.FivePlayers --gtest_color=yes
==3291== 
Running main() from gtest_main.cc
[0;33mNote: Google Test filter = DDGBasic.FivePlayers
[m[0;32m[==========] [mRunning 1 test from 1 test case.
[0;32m[----------] [mGlobal test environment set-up.
[0;32m[----------] [m1 test from DDGBasic
[0;32m[ RUN      ] [mDDGBasic.FivePlayers
Executing program: /usr/bin/valgrind --tool=memcheck -q --leak-check=yes --error-exitcode=113 /home/cs104/Dropbox/cs104/hw-nyilkhan/hw2/hw2-check/duck_duck_goose /home/cs104/Dropbox/cs104/hw-nyilkhan/hw2/hw2-check/duck_duck_goose_tests/testFiles/basic_five_players/config.txt /home/cs104/Dropbox/cs104/hw-nyilkhan/hw2/hw2-check/duck_duck_goose_tests/testFiles/basic_five_players/output.txt
==3293== Conditional jump or move depends on uninitialised value(s)
==3293==    at 0x40106C: simulateDDGRound(GameData*, std::ostream&) (duck_duck_goose.cpp:56)
==3293==    by 0x40161F: main (duck_duck_goose.cpp:38)
==3293== 
==3293== Conditional jump or move depends on uninitialised value(s)
==3293==    at 0x401752: CircularListInt::get(unsigned long) const (circular_list_int.cpp:30)
==3293==    by 0x401115: simulateDDGRound(GameData*, std::ostream&) (duck_duck_goose.cpp:62)
==3293==    by 0x40161F: main (duck_duck_goose.cpp:38)
==3293== 
==3293== Conditional jump or move depends on uninitialised value(s)
==3293==    at 0x4011D6: simulateDDGRound(GameData*, std::ostream&) (duck_duck_goose.cpp:68)
==3293==    by 0x40161F: main (duck_duck_goose.cpp:38)
==3293== 
==3293== Conditional jump or move depends on uninitialised value(s)
==3293==    at 0x401215: simulateDDGRound(GameData*, std::ostream&) (duck_duck_goose.cpp:72)
==3293==    by 0x40161F: main (duck_duck_goose.cpp:38)
==3293== 
==3293== Conditional jump or move depends on uninitialised value(s)
==3293==    at 0x40139C: simulateDDGRound(GameData*, std::ostream&) (duck_duck_goose.cpp:82)
==3293==    by 0x40161F: main (duck_duck_goose.cpp:38)
==3293== 
==3293== Conditional jump or move depends on uninitialised value(s)
==3293==    at 0x4F3CCAE: std::ostreambuf_iterator<char, std::char_traits<char> > std::num_put<char, std::ostreambuf_iterator<char, std::char_traits<char> > >::_M_insert_int<long>(std::ostreambuf_iterator<char, std::char_traits<char> >, std::ios_base&, char, long) const (in /usr/lib/x86_64-linux-gnu/libstdc++.so.6.0.21)
==3293==    by 0x4F3CEDC: std::num_put<char, std::ostreambuf_iterator<char, std::char_traits<char> > >::do_put(std::ostreambuf_iterator<char, std::char_traits<char> >, std::ios_base&, char, long) const (in /usr/lib/x86_64-linux-gnu/libstdc++.so.6.0.21)
==3293==    by 0x4F493F9: std::ostream& std::ostream::_M_insert<long>(long) (in /usr/lib/x86_64-linux-gnu/libstdc++.so.6.0.21)
==3293==    by 0x4013C7: simulateDDGRound(GameData*, std::ostream&) (duck_duck_goose.cpp:86)
==3293==    by 0x40161F: main (duck_duck_goose.cpp:38)
==3293== 
==3293== Use of uninitialised value of size 8
==3293==    at 0x4F3BB13: ??? (in /usr/lib/x86_64-linux-gnu/libstdc++.so.6.0.21)
==3293==    by 0x4F3CCD9: std::ostreambuf_iterator<char, std::char_traits<char> > std::num_put<char, std::ostreambuf_iterator<char, std::char_traits<char> > >::_M_insert_int<long>(std::ostreambuf_iterator<char, std::char_traits<char> >, std::ios_base&, char, long) const (in /usr/lib/x86_64-linux-gnu/libstdc++.so.6.0.21)
==3293==    by 0x4F3CEDC: std::num_put<char, std::ostreambuf_iterator<char, std::char_traits<char> > >::do_put(std::ostreambuf_iterator<char, std::char_traits<char> >, std::ios_base&, char, long) const (in /usr/lib/x86_64-linux-gnu/libstdc++.so.6.0.21)
==3293==    by 0x4F493F9: std::ostream& std::ostream::_M_insert<long>(long) (in /usr/lib/x86_64-linux-gnu/libstdc++.so.6.0.21)
==3293==    by 0x4013C7: simulateDDGRound(GameData*, std::ostream&) (duck_duck_goose.cpp:86)
==3293==    by 0x40161F: main (duck_duck_goose.cpp:38)
==3293== 
==3293== Conditional jump or move depends on uninitialised value(s)
==3293==    at 0x4F3BB1F: ??? (in /usr/lib/x86_64-linux-gnu/libstdc++.so.6.0.21)
==3293==    by 0x4F3CCD9: std::ostreambuf_iterator<char, std::char_traits<char> > std::num_put<char, std::ostreambuf_iterator<char, std::char_traits<char> > >::_M_insert_int<long>(std::ostreambuf_iterator<char, std::char_traits<char> >, std::ios_base&, char, long) const (in /usr/lib/x86_64-linux-gnu/libstdc++.so.6.0.21)
==3293==    by 0x4F3CEDC: std::num_put<char, std::ostreambuf_iterator<char, std::char_traits<char> > >::do_put(std::ostreambuf_iterator<char, std::char_traits<char> >, std::ios_base&, char, long) const (in /usr/lib/x86_64-linux-gnu/libstdc++.so.6.0.21)
==3293==    by 0x4F493F9: std::ostream& std::ostream::_M_insert<long>(long) (in /usr/lib/x86_64-linux-gnu/libstdc++.so.6.0.21)
==3293==    by 0x4013C7: simulateDDGRound(GameData*, std::ostream&) (duck_duck_goose.cpp:86)
==3293==    by 0x40161F: main (duck_duck_goose.cpp:38)
==3293== 
==3293== Conditional jump or move depends on uninitialised value(s)
==3293==    at 0x4F3CD0C: std::ostreambuf_iterator<char, std::char_traits<char> > std::num_put<char, std::ostreambuf_iterator<char, std::char_traits<char> > >::_M_insert_int<long>(std::ostreambuf_iterator<char, std::char_traits<char> >, std::ios_base&, char, long) const (in /usr/lib/x86_64-linux-gnu/libstdc++.so.6.0.21)
==3293==    by 0x4F3CEDC: std::num_put<char, std::ostreambuf_iterator<char, std::char_traits<char> > >::do_put(std::ostreambuf_iterator<char, std::char_traits<char> >, std::ios_base&, char, long) const (in /usr/lib/x86_64-linux-gnu/libstdc++.so.6.0.21)
==3293==    by 0x4F493F9: std::ostream& std::ostream::_M_insert<long>(long) (in /usr/lib/x86_64-linux-gnu/libstdc++.so.6.0.21)
==3293==    by 0x4013C7: simulateDDGRound(GameData*, std::ostream&) (duck_duck_goose.cpp:86)
==3293==    by 0x40161F: main (duck_duck_goose.cpp:38)
==3293== 
==3293== Conditional jump or move depends on uninitialised value(s)
==3293==    at 0x4F3CCAE: std::ostreambuf_iterator<char, std::char_traits<char> > std::num_put<char, std::ostreambuf_iterator<char, std::char_traits<char> > >::_M_insert_int<long>(std::ostreambuf_iterator<char, std::char_traits<char> >, std::ios_base&, char, long) const (in /usr/lib/x86_64-linux-gnu/libstdc++.so.6.0.21)
==3293==    by 0x4F3CEDC: std::num_put<char, std::ostreambuf_iterator<char, std::char_traits<char> > >::do_put(std::ostreambuf_iterator<char, std::char_traits<char> >, std::ios_base&, char, long) const (in /usr/lib/x86_64-linux-gnu/libstdc++.so.6.0.21)
==3293==    by 0x4F493F9: std::ostream& std::ostream::_M_insert<long>(long) (in /usr/lib/x86_64-linux-gnu/libstdc++.so.6.0.21)
==3293==    by 0x401226: simulateDDGRound(GameData*, std::ostream&) (duck_duck_goose.cpp:73)
==3293==    by 0x40161F: main (duck_duck_goose.cpp:38)
==3293== 
==3293== Conditional jump or move depends on uninitialised value(s)
==3293==    at 0x4F3CD0C: std::ostreambuf_iterator<char, std::char_traits<char> > std::num_put<char, std::ostreambuf_iterator<char, std::char_traits<char> > >::_M_insert_int<long>(std::ostreambuf_iterator<char, std::char_traits<char> >, std::ios_base&, char, long) const (in /usr/lib/x86_64-linux-gnu/libstdc++.so.6.0.21)
==3293==    by 0x4F3CEDC: std::num_put<char, std::ostreambuf_iterator<char, std::char_traits<char> > >::do_put(std::ostreambuf_iterator<char, std::char_traits<char> >, std::ios_base&, char, long) const (in /usr/lib/x86_64-linux-gnu/libstdc++.so.6.0.21)
==3293==    by 0x4F493F9: std::ostream& std::ostream::_M_insert<long>(long) (in /usr/lib/x86_64-linux-gnu/libstdc++.so.6.0.21)
==3293==    by 0x401226: simulateDDGRound(GameData*, std::ostream&) (duck_duck_goose.cpp:73)
==3293==    by 0x40161F: main (duck_duck_goose.cpp:38)
==3293== 
==3293== Conditional jump or move depends on uninitialised value(s)
==3293==    at 0x4F3CCAE: std::ostreambuf_iterator<char, std::char_traits<char> > std::num_put<char, std::ostreambuf_iterator<char, std::char_traits<char> > >::_M_insert_int<long>(std::ostreambuf_iterator<char, std::char_traits<char> >, std::ios_base&, char, long) const (in /usr/lib/x86_64-linux-gnu/libstdc++.so.6.0.21)
==3293==    by 0x4F3CEDC: std::num_put<char, std::ostreambuf_iterator<char, std::char_traits<char> > >::do_put(std::ostreambuf_iterator<char, std::char_traits<char> >, std::ios_base&, char, long) const (in /usr/lib/x86_64-linux-gnu/libstdc++.so.6.0.21)
==3293==    by 0x4F493F9: std::ostream& std::ostream::_M_insert<long>(long) (in /usr/lib/x86_64-linux-gnu/libstdc++.so.6.0.21)
==3293==    by 0x401086: simulateDDGRound(GameData*, std::ostream&) (duck_duck_goose.cpp:58)
==3293==    by 0x40161F: main (duck_duck_goose.cpp:38)
==3293== 
==3293== Conditional jump or move depends on uninitialised value(s)
==3293==    at 0x4F3CD0C: std::ostreambuf_iterator<char, std::char_traits<char> > std::num_put<char, std::ostreambuf_iterator<char, std::char_traits<char> > >::_M_insert_int<long>(std::ostreambuf_iterator<char, std::char_traits<char> >, std::ios_base&, char, long) const (in /usr/lib/x86_64-linux-gnu/libstdc++.so.6.0.21)
==3293==    by 0x4F3CEDC: std::num_put<char, std::ostreambuf_iterator<char, std::char_traits<char> > >::do_put(std::ostreambuf_iterator<char, std::char_traits<char> >, std::ios_base&, char, long) const (in /usr/lib/x86_64-linux-gnu/libstdc++.so.6.0.21)
==3293==    by 0x4F493F9: std::ostream& std::ostream::_M_insert<long>(long) (in /usr/lib/x86_64-linux-gnu/libstdc++.so.6.0.21)
==3293==    by 0x401086: simulateDDGRound(GameData*, std::ostream&) (duck_duck_goose.cpp:58)
==3293==    by 0x40161F: main (duck_duck_goose.cpp:38)
==3293== 
==3293== Conditional jump or move depends on uninitialised value(s)
==3293==    at 0x4F3CCAE: std::ostreambuf_iterator<char, std::char_traits<char> > std::num_put<char, std::ostreambuf_iterator<char, std::char_traits<char> > >::_M_insert_int<long>(std::ostreambuf_iterator<char, std::char_traits<char> >, std::ios_base&, char, long) const (in /usr/lib/x86_64-linux-gnu/libstdc++.so.6.0.21)
==3293==    by 0x4F3CEDC: std::num_put<char, std::ostreambuf_iterator<char, std::char_traits<char> > >::do_put(std::ostreambuf_iterator<char, std::char_traits<char> >, std::ios_base&, char, long) const (in /usr/lib/x86_64-linux-gnu/libstdc++.so.6.0.21)
==3293==    by 0x4F493F9: std::ostream& std::ostream::_M_insert<long>(long) (in /usr/lib/x86_64-linux-gnu/libstdc++.so.6.0.21)
==3293==    by 0x401122: simulateDDGRound(GameData*, std::ostream&) (duck_duck_goose.cpp:63)
==3293==    by 0x40161F: main (duck_duck_goose.cpp:38)
==3293== 
==3293== Conditional jump or move depends on uninitialised value(s)
==3293==    at 0x4F3CD0C: std::ostreambuf_iterator<char, std::char_traits<char> > std::num_put<char, std::ostreambuf_iterator<char, std::char_traits<char> > >::_M_insert_int<long>(std::ostreambuf_iterator<char, std::char_traits<char> >, std::ios_base&, char, long) const (in /usr/lib/x86_64-linux-gnu/libstdc++.so.6.0.21)
==3293==    by 0x4F3CEDC: std::num_put<char, std::ostreambuf_iterator<char, std::char_traits<char> > >::do_put(std::ostreambuf_iterator<char, std::char_traits<char> >, std::ios_base&, char, long) const (in /usr/lib/x86_64-linux-gnu/libstdc++.so.6.0.21)
==3293==    by 0x4F493F9: std::ostream& std::ostream::_M_insert<long>(long) (in /usr/lib/x86_64-linux-gnu/libstdc++.so.6.0.21)
==3293==    by 0x401122: simulateDDGRound(GameData*, std::ostream&) (duck_duck_goose.cpp:63)
==3293==    by 0x40161F: main (duck_duck_goose.cpp:38)
==3293== 
==3293== Conditional jump or move depends on uninitialised value(s)
==3293==    at 0x4F3CCAE: std::ostreambuf_iterator<char, std::char_traits<char> > std::num_put<char, std::ostreambuf_iterator<char, std::char_traits<char> > >::_M_insert_int<long>(std::ostreambuf_iterator<char, std::char_traits<char> >, std::ios_base&, char, long) const (in /usr/lib/x86_64-linux-gnu/libstdc++.so.6.0.21)
==3293==    by 0x4F3CEDC: std::num_put<char, std::ostreambuf_iterator<char, std::char_traits<char> > >::do_put(std::ostreambuf_iterator<char, std::char_traits<char> >, std::ios_base&, char, long) const (in /usr/lib/x86_64-linux-gnu/libstdc++.so.6.0.21)
==3293==    by 0x4F493F9: std::ostream& std::ostream::_M_insert<long>(long) (in /usr/lib/x86_64-linux-gnu/libstdc++.so.6.0.21)
==3293==    by 0x401246: simulateDDGRound(GameData*, std::ostream&) (duck_duck_goose.cpp:73)
==3293==    by 0x40161F: main (duck_duck_goose.cpp:38)
==3293== 
==3293== Conditional jump or move depends on uninitialised value(s)
==3293==    at 0x4F3CD0C: std::ostreambuf_iterator<char, std::char_traits<char> > std::num_put<char, std::ostreambuf_iterator<char, std::char_traits<char> > >::_M_insert_int<long>(std::ostreambuf_iterator<char, std::char_traits<char> >, std::ios_base&, char, long) const (in /usr/lib/x86_64-linux-gnu/libstdc++.so.6.0.21)
==3293==    by 0x4F3CEDC: std::num_put<char, std::ostreambuf_iterator<char, std::char_traits<char> > >::do_put(std::ostreambuf_iterator<char, std::char_traits<char> >, std::ios_base&, char, long) const (in /usr/lib/x86_64-linux-gnu/libstdc++.so.6.0.21)
==3293==    by 0x4F493F9: std::ostream& std::ostream::_M_insert<long>(long) (in /usr/lib/x86_64-linux-gnu/libstdc++.so.6.0.21)
==3293==    by 0x401246: simulateDDGRound(GameData*, std::ostream&) (duck_duck_goose.cpp:73)
==3293==    by 0x40161F: main (duck_duck_goose.cpp:38)
==3293== 
==3293== Conditional jump or move depends on uninitialised value(s)
==3293==    at 0x401826: CircularListInt::set(unsigned long, int) (circular_list_int.cpp:78)
==3293==    by 0x4012D5: simulateDDGRound(GameData*, std::ostream&) (duck_duck_goose.cpp:75)
==3293==    by 0x40161F: main (duck_duck_goose.cpp:38)
==3293== 
==3293== Conditional jump or move depends on uninitialised value(s)
==3293==    at 0x4F3CCAE: std::ostreambuf_iterator<char, std::char_traits<char> > std::num_put<char, std::ostreambuf_iterator<char, std::char_traits<char> > >::_M_insert_int<long>(std::ostreambuf_iterator<char, std::char_traits<char> >, std::ios_base&, char, long) const (in /usr/lib/x86_64-linux-gnu/libstdc++.so.6.0.21)
==3293==    by 0x4F3CEDC: std::num_put<char, std::ostreambuf_iterator<char, std::char_traits<char> > >::do_put(std::ostreambuf_iterator<char, std::char_traits<char> >, std::ios_base&, char, long) const (in /usr/lib/x86_64-linux-gnu/libstdc++.so.6.0.21)
==3293==    by 0x4F493F9: std::ostream& std::ostream::_M_insert<long>(long) (in /usr/lib/x86_64-linux-gnu/libstdc++.so.6.0.21)
==3293==    by 0x4012E6: simulateDDGRound(GameData*, std::ostream&) (duck_duck_goose.cpp:78)
==3293==    by 0x40161F: main (duck_duck_goose.cpp:38)
==3293== 
==3293== Conditional jump or move depends on uninitialised value(s)
==3293==    at 0x4F3CD0C: std::ostreambuf_iterator<char, std::char_traits<char> > std::num_put<char, std::ostreambuf_iterator<char, std::char_traits<char> > >::_M_insert_int<long>(std::ostreambuf_iterator<char, std::char_traits<char> >, std::ios_base&, char, long) const (in /usr/lib/x86_64-linux-gnu/libstdc++.so.6.0.21)
==3293==    by 0x4F3CEDC: std::num_put<char, std::ostreambuf_iterator<char, std::char_traits<char> > >::do_put(std::ostreambuf_iterator<char, std::char_traits<char> >, std::ios_base&, char, long) const (in /usr/lib/x86_64-linux-gnu/libstdc++.so.6.0.21)
==3293==    by 0x4F493F9: std::ostream& std::ostream::_M_insert<long>(long) (in /usr/lib/x86_64-linux-gnu/libstdc++.so.6.0.21)
==3293==    by 0x4012E6: simulateDDGRound(GameData*, std::ostream&) (duck_duck_goose.cpp:78)
==3293==    by 0x40161F: main (duck_duck_goose.cpp:38)
==3293== 
==3293== Conditional jump or move depends on uninitialised value(s)
==3293==    at 0x401849: CircularListInt::remove(unsigned long) (circular_list_int.cpp:86)
==3293==    by 0x40136F: simulateDDGRound(GameData*, std::ostream&) (duck_duck_goose.cpp:79)
==3293==    by 0x40161F: main (duck_duck_goose.cpp:38)
==3293== 
==3293== Invalid read of size 4
==3293==    at 0x40175E: CircularListInt::get(unsigned long) const (circular_list_int.cpp:33)
==3293==    by 0x40107C: simulateDDGRound(GameData*, std::ostream&) (duck_duck_goose.cpp:57)
==3293==    by 0x40161F: main (duck_duck_goose.cpp:38)
==3293==  Address 0x5ab8f90 is 0 bytes inside a block of size 24 free'd
==3293==    at 0x4C2F23B: operator delete(void*) (in /usr/lib/valgrind/vgpreload_memcheck-amd64-linux.so)
==3293==    by 0x40187C: CircularListInt::remove(unsigned long) (circular_list_int.cpp:100)
==3293==    by 0x40136F: simulateDDGRound(GameData*, std::ostream&) (duck_duck_goose.cpp:79)
==3293==    by 0x40161F: main (duck_duck_goose.cpp:38)
==3293==  Block was alloc'd at
==3293==    at 0x4C2E17F: operator new(unsigned long) (in /usr/lib/valgrind/vgpreload_memcheck-amd64-linux.so)
==3293==    by 0x401787: CircularListInt::push_back(int) (circular_list_int.cpp:53)
==3293==    by 0x4015ED: main (duck_duck_goose.cpp:31)
==3293== 
==3293== Invalid read of size 8
==3293==    at 0x401752: CircularListInt::get(unsigned long) const (circular_list_int.cpp:30)
==3293==    by 0x40107C: simulateDDGRound(GameData*, std::ostream&) (duck_duck_goose.cpp:57)
==3293==    by 0x40161F: main (duck_duck_goose.cpp:38)
==3293==  Address 0x5ab8f98 is 8 bytes inside a block of size 24 free'd
==3293==    at 0x4C2F23B: operator delete(void*) (in /usr/lib/valgrind/vgpreload_memcheck-amd64-linux.so)
==3293==    by 0x40187C: CircularListInt::remove(unsigned long) (circular_list_int.cpp:100)
==3293==    by 0x40136F: simulateDDGRound(GameData*, std::ostream&) (duck_duck_goose.cpp:79)
==3293==    by 0x40161F: main (duck_duck_goose.cpp:38)
==3293==  Block was alloc'd at
==3293==    at 0x4C2E17F: operator new(unsigned long) (in /usr/lib/valgrind/vgpreload_memcheck-amd64-linux.so)
==3293==    by 0x401787: CircularListInt::push_back(int) (circular_list_int.cpp:53)
==3293==    by 0x4015ED: main (duck_duck_goose.cpp:31)
==3293== 
==3293== Invalid read of size 8
==3293==    at 0x401752: CircularListInt::get(unsigned long) const (circular_list_int.cpp:30)
==3293==    by 0x401115: simulateDDGRound(GameData*, std::ostream&) (duck_duck_goose.cpp:62)
==3293==    by 0x40161F: main (duck_duck_goose.cpp:38)
==3293==  Address 0x5ab8f98 is 8 bytes inside a block of size 24 free'd
==3293==    at 0x4C2F23B: operator delete(void*) (in /usr/lib/valgrind/vgpreload_memcheck-amd64-linux.so)
==3293==    by 0x40187C: CircularListInt::remove(unsigned long) (circular_list_int.cpp:100)
==3293==    by 0x40136F: simulateDDGRound(GameData*, std::ostream&) (duck_duck_goose.cpp:79)
==3293==    by 0x40161F: main (duck_duck_goose.cpp:38)
==3293==  Block was alloc'd at
==3293==    at 0x4C2E17F: operator new(unsigned long) (in /usr/lib/valgrind/vgpreload_memcheck-amd64-linux.so)
==3293==    by 0x401787: CircularListInt::push_back(int) (circular_list_int.cpp:53)
==3293==    by 0x4015ED: main (duck_duck_goose.cpp:31)
==3293== 
==3293== Invalid read of size 8
==3293==    at 0x401826: CircularListInt::set(unsigned long, int) (circular_list_int.cpp:78)
==3293==    by 0x4012D5: simulateDDGRound(GameData*, std::ostream&) (duck_duck_goose.cpp:75)
==3293==    by 0x40161F: main (duck_duck_goose.cpp:38)
==3293==  Address 0x5ab8f98 is 8 bytes inside a block of size 24 free'd
==3293==    at 0x4C2F23B: operator delete(void*) (in /usr/lib/valgrind/vgpreload_memcheck-amd64-linux.so)
==3293==    by 0x40187C: CircularListInt::remove(unsigned long) (circular_list_int.cpp:100)
==3293==    by 0x40136F: simulateDDGRound(GameData*, std::ostream&) (duck_duck_goose.cpp:79)
==3293==    by 0x40161F: main (duck_duck_goose.cpp:38)
==3293==  Block was alloc'd at
==3293==    at 0x4C2E17F: operator new(unsigned long) (in /usr/lib/valgrind/vgpreload_memcheck-amd64-linux.so)
==3293==    by 0x401787: CircularListInt::push_back(int) (circular_list_int.cpp:53)
==3293==    by 0x4015ED: main (duck_duck_goose.cpp:31)
==3293== 
==3293== Invalid read of size 8
==3293==    at 0x401828: CircularListInt::set(unsigned long, int) (circular_list_int.cpp:79)
==3293==    by 0x4012D5: simulateDDGRound(GameData*, std::ostream&) (duck_duck_goose.cpp:75)
==3293==    by 0x40161F: main (duck_duck_goose.cpp:38)
==3293==  Address 0x5ab8f98 is 8 bytes inside a block of size 24 free'd
==3293==    at 0x4C2F23B: operator delete(void*) (in /usr/lib/valgrind/vgpreload_memcheck-amd64-linux.so)
==3293==    by 0x40187C: CircularListInt::remove(unsigned long) (circular_list_int.cpp:100)
==3293==    by 0x40136F: simulateDDGRound(GameData*, std::ostream&) (duck_duck_goose.cpp:79)
==3293==    by 0x40161F: main (duck_duck_goose.cpp:38)
==3293==  Block was alloc'd at
==3293==    at 0x4C2E17F: operator new(unsigned long) (in /usr/lib/valgrind/vgpreload_memcheck-amd64-linux.so)
==3293==    by 0x401787: CircularListInt::push_back(int) (circular_list_int.cpp:53)
==3293==    by 0x4015ED: main (duck_duck_goose.cpp:31)
==3293== 
==3293== Invalid write of size 4
==3293==    at 0x401832: CircularListInt::set(unsigned long, int) (circular_list_int.cpp:81)
==3293==    by 0x4012D5: simulateDDGRound(GameData*, std::ostream&) (duck_duck_goose.cpp:75)
==3293==    by 0x40161F: main (duck_duck_goose.cpp:38)
==3293==  Address 0x5ab8f90 is 0 bytes inside a block of size 24 free'd
==3293==    at 0x4C2F23B: operator delete(void*) (in /usr/lib/valgrind/vgpreload_memcheck-amd64-linux.so)
==3293==    by 0x40187C: CircularListInt::remove(unsigned long) (circular_list_int.cpp:100)
==3293==    by 0x40136F: simulateDDGRound(GameData*, std::ostream&) (duck_duck_goose.cpp:79)
==3293==    by 0x40161F: main (duck_duck_goose.cpp:38)
==3293==  Block was alloc'd at
==3293==    at 0x4C2E17F: operator new(unsigned long) (in /usr/lib/valgrind/vgpreload_memcheck-amd64-linux.so)
==3293==    by 0x401787: CircularListInt::push_back(int) (circular_list_int.cpp:53)
==3293==    by 0x4015ED: main (duck_duck_goose.cpp:31)
==3293== 
==3293== Invalid read of size 4
==3293==    at 0x40175E: CircularListInt::get(unsigned long) const (circular_list_int.cpp:33)
==3293==    by 0x401115: simulateDDGRound(GameData*, std::ostream&) (duck_duck_goose.cpp:62)
==3293==    by 0x40161F: main (duck_duck_goose.cpp:38)
==3293==  Address 0x5ab8f90 is 0 bytes inside a block of size 24 free'd
==3293==    at 0x4C2F23B: operator delete(void*) (in /usr/lib/valgrind/vgpreload_memcheck-amd64-linux.so)
==3293==    by 0x40187C: CircularListInt::remove(unsigned long) (circular_list_int.cpp:100)
==3293==    by 0x40136F: simulateDDGRound(GameData*, std::ostream&) (duck_duck_goose.cpp:79)
==3293==    by 0x40161F: main (duck_duck_goose.cpp:38)
==3293==  Block was alloc'd at
==3293==    at 0x4C2E17F: operator new(unsigned long) (in /usr/lib/valgrind/vgpreload_memcheck-amd64-linux.so)
==3293==    by 0x401787: CircularListInt::push_back(int) (circular_list_int.cpp:53)
==3293==    by 0x4015ED: main (duck_duck_goose.cpp:31)
==3293== 
==3293== Invalid write of size 8
==3293==    at 0x401874: CircularListInt::remove(unsigned long) (circular_list_int.cpp:98)
==3293==    by 0x40136F: simulateDDGRound(GameData*, std::ostream&) (duck_duck_goose.cpp:79)
==3293==    by 0x40161F: main (duck_duck_goose.cpp:38)
==3293==  Address 0x5ab8fa0 is 16 bytes inside a block of size 24 free'd
==3293==    at 0x4C2F23B: operator delete(void*) (in /usr/lib/valgrind/vgpreload_memcheck-amd64-linux.so)
==3293==    by 0x40187C: CircularListInt::remove(unsigned long) (circular_list_int.cpp:100)
==3293==    by 0x40136F: simulateDDGRound(GameData*, std::ostream&) (duck_duck_goose.cpp:79)
==3293==    by 0x40161F: main (duck_duck_goose.cpp:38)
==3293==  Block was alloc'd at
==3293==    at 0x4C2E17F: operator new(unsigned long) (in /usr/lib/valgrind/vgpreload_memcheck-amd64-linux.so)
==3293==    by 0x401787: CircularListInt::push_back(int) (circular_list_int.cpp:53)
==3293==    by 0x4015ED: main (duck_duck_goose.cpp:31)
==3293== 
==3293== Invalid read of size 8
==3293==    at 0x401864: CircularListInt::remove(unsigned long) (circular_list_int.cpp:95)
==3293==    by 0x40136F: simulateDDGRound(GameData*, std::ostream&) (duck_duck_goose.cpp:79)
==3293==    by 0x40161F: main (duck_duck_goose.cpp:38)
==3293==  Address 0x5ab8f98 is 8 bytes inside a block of size 24 free'd
==3293==    at 0x4C2F23B: operator delete(void*) (in /usr/lib/valgrind/vgpreload_memcheck-amd64-linux.so)
==3293==    by 0x40187C: CircularListInt::remove(unsigned long) (circular_list_int.cpp:100)
==3293==    by 0x40136F: simulateDDGRound(GameData*, std::ostream&) (duck_duck_goose.cpp:79)
==3293==    by 0x40161F: main (duck_duck_goose.cpp:38)
==3293==  Block was alloc'd at
==3293==    at 0x4C2E17F: operator new(unsigned long) (in /usr/lib/valgrind/vgpreload_memcheck-amd64-linux.so)
==3293==    by 0x401787: CircularListInt::push_back(int) (circular_list_int.cpp:53)
==3293==    by 0x4015ED: main (duck_duck_goose.cpp:31)
==3293== 
==3293== Invalid read of size 8
==3293==    at 0x401868: CircularListInt::remove(unsigned long) (circular_list_int.cpp:96)
==3293==    by 0x40136F: simulateDDGRound(GameData*, std::ostream&) (duck_duck_goose.cpp:79)
==3293==    by 0x40161F: main (duck_duck_goose.cpp:38)
==3293==  Address 0x5ab8fa0 is 16 bytes inside a block of size 24 free'd
==3293==    at 0x4C2F23B: operator delete(void*) (in /usr/lib/valgrind/vgpreload_memcheck-amd64-linux.so)
==3293==    by 0x40187C: CircularListInt::remove(unsigned long) (circular_list_int.cpp:100)
==3293==    by 0x40136F: simulateDDGRound(GameData*, std::ostream&) (duck_duck_goose.cpp:79)
==3293==    by 0x40161F: main (duck_duck_goose.cpp:38)
==3293==  Block was alloc'd at
==3293==    at 0x4C2E17F: operator new(unsigned long) (in /usr/lib/valgrind/vgpreload_memcheck-amd64-linux.so)
==3293==    by 0x401787: CircularListInt::push_back(int) (circular_list_int.cpp:53)
==3293==    by 0x4015ED: main (duck_duck_goose.cpp:31)
==3293== 
==3293== Invalid read of size 8
==3293==    at 0x401870: CircularListInt::remove(unsigned long) (circular_list_int.cpp:98)
==3293==    by 0x40136F: simulateDDGRound(GameData*, std::ostream&) (duck_duck_goose.cpp:79)
==3293==    by 0x40161F: main (duck_duck_goose.cpp:38)
==3293==  Address 0x5ab8f98 is 8 bytes inside a block of size 24 free'd
==3293==    at 0x4C2F23B: operator delete(void*) (in /usr/lib/valgrind/vgpreload_memcheck-amd64-linux.so)
==3293==    by 0x40187C: CircularListInt::remove(unsigned long) (circular_list_int.cpp:100)
==3293==    by 0x40136F: simulateDDGRound(GameData*, std::ostream&) (duck_duck_goose.cpp:79)
==3293==    by 0x40161F: main (duck_duck_goose.cpp:38)
==3293==  Block was alloc'd at
==3293==    at 0x4C2E17F: operator new(unsigned long) (in /usr/lib/valgrind/vgpreload_memcheck-amd64-linux.so)
==3293==    by 0x401787: CircularListInt::push_back(int) (circular_list_int.cpp:53)
==3293==    by 0x4015ED: main (duck_duck_goose.cpp:31)
==3293== 
==3293== Invalid free() / delete / delete[] / realloc()
==3293==    at 0x4C2F23B: operator delete(void*) (in /usr/lib/valgrind/vgpreload_memcheck-amd64-linux.so)
==3293==    by 0x40187C: CircularListInt::remove(unsigned long) (circular_list_int.cpp:100)
==3293==    by 0x40136F: simulateDDGRound(GameData*, std::ostream&) (duck_duck_goose.cpp:79)
==3293==    by 0x40161F: main (duck_duck_goose.cpp:38)
==3293==  Address 0x5ab8f90 is 0 bytes inside a block of size 24 free'd
==3293==    at 0x4C2F23B: operator delete(void*) (in /usr/lib/valgrind/vgpreload_memcheck-amd64-linux.so)
==3293==    by 0x40187C: CircularListInt::remove(unsigned long) (circular_list_int.cpp:100)
==3293==    by 0x40136F: simulateDDGRound(GameData*, std::ostream&) (duck_duck_goose.cpp:79)
==3293==    by 0x40161F: main (duck_duck_goose.cpp:38)
==3293==  Block was alloc'd at
==3293==    at 0x4C2E17F: operator new(unsigned long) (in /usr/lib/valgrind/vgpreload_memcheck-amd64-linux.so)
==3293==    by 0x401787: CircularListInt::push_back(int) (circular_list_int.cpp:53)
==3293==    by 0x4015ED: main (duck_duck_goose.cpp:31)
==3293== 
==3293== 24 bytes in 1 blocks are definitely lost in loss record 1 of 2
==3293==    at 0x4C2E17F: operator new(unsigned long) (in /usr/lib/valgrind/vgpreload_memcheck-amd64-linux.so)
==3293==    by 0x4017AB: CircularListInt::push_back(int) (circular_list_int.cpp:59)
==3293==    by 0x4015ED: main (duck_duck_goose.cpp:31)
==3293== 
WARNING: user program created Valgrind errors!
[0;32m[       OK ] [mDDGBasic.FivePlayers (1424 ms)
[0;32m[----------] [m1 test from DDGBasic (1435 ms total)

[0;32m[----------] [mGlobal test environment tear-down
[0;32m[==========] [m1 test from 1 test case ran. (1464 ms total)
[0;32m[  PASSED  ] [m1 test.
==3291== 
==3291== HEAP SUMMARY:
==3291==     in use at exit: 72,704 bytes in 1 blocks
==3291==   total heap usage: 279 allocs, 278 frees, 159,868 bytes allocated
==3291== 
==3291== LEAK SUMMARY:
==3291==    definitely lost: 0 bytes in 0 blocks
==3291==    indirectly lost: 0 bytes in 0 blocks
==3291==      possibly lost: 0 bytes in 0 blocks
==3291==    still reachable: 0 bytes in 0 blocks
==3291==         suppressed: 72,704 bytes in 1 blocks
==3291== 
==3291== For counts of detected and suppressed errors, rerun with: -v
==3291== ERROR SUMMARY: 0 errors from 0 contexts (suppressed: 0 from 0)
<end of output>
Test time =   2.94 sec
----------------------------------------------------------
Test Passed.
"DDGBasic.FivePlayers" end time: Oct 16 10:43 PDT
"DDGBasic.FivePlayers" time elapsed: 00:00:02
----------------------------------------------------------

8/15 Testing: ListBasic.ThreeItemAdd
8/15 Test: ListBasic.ThreeItemAdd
Command: "/usr/bin/valgrind" "--tool=memcheck" "--leak-check=yes" "--error-exitcode=42" "--trace-children=no" "/home/cs104/Dropbox/cs104/hw-nyilkhan/hw2/hw2-check/circular_list_tests/circular_list_test" "--gtest_filter=ListBasic.ThreeItemAdd" "--gtest_color=yes"
Directory: /home/cs104/Dropbox/cs104/hw-nyilkhan/hw2/hw2-check/circular_list_tests
"ListBasic.ThreeItemAdd" start time: Oct 16 10:43 PDT
Output:
----------------------------------------------------------
==3294== Memcheck, a memory error detector
==3294== Copyright (C) 2002-2017, and GNU GPL'd, by Julian Seward et al.
==3294== Using Valgrind-3.13.0 and LibVEX; rerun with -h for copyright info
==3294== Command: /home/cs104/Dropbox/cs104/hw-nyilkhan/hw2/hw2-check/circular_list_tests/circular_list_test --gtest_filter=ListBasic.ThreeItemAdd --gtest_color=yes
==3294== 
Running main() from gtest_main.cc
[0;33mNote: Google Test filter = ListBasic.ThreeItemAdd
[m[0;32m[==========] [mRunning 1 test from 1 test case.
[0;32m[----------] [mGlobal test environment set-up.
[0;32m[----------] [m1 test from ListBasic
[0;32m[ RUN      ] [mListBasic.ThreeItemAdd
List was: 
[768, 1024, 1536]
[0;32m[       OK ] [mListBasic.ThreeItemAdd (17 ms)
[0;32m[----------] [m1 test from ListBasic (26 ms total)

[0;32m[----------] [mGlobal test environment tear-down
[0;32m[==========] [m1 test from 1 test case ran. (123 ms total)
[0;32m[  PASSED  ] [m1 test.
==3294== 
==3294== HEAP SUMMARY:
==3294==     in use at exit: 72,704 bytes in 1 blocks
==3294==   total heap usage: 240 allocs, 239 frees, 126,134 bytes allocated
==3294== 
==3294== LEAK SUMMARY:
==3294==    definitely lost: 0 bytes in 0 blocks
==3294==    indirectly lost: 0 bytes in 0 blocks
==3294==      possibly lost: 0 bytes in 0 blocks
==3294==    still reachable: 0 bytes in 0 blocks
==3294==         suppressed: 72,704 bytes in 1 blocks
==3294== 
==3294== For counts of detected and suppressed errors, rerun with: -v
==3294== ERROR SUMMARY: 0 errors from 0 contexts (suppressed: 0 from 0)
<end of output>
Test time =   1.38 sec
----------------------------------------------------------
Test Passed.
"ListBasic.ThreeItemAdd" end time: Oct 16 10:43 PDT
"ListBasic.ThreeItemAdd" time elapsed: 00:00:01
----------------------------------------------------------

5/15 Testing: SelSortBasic.TenElementSort
5/15 Test: SelSortBasic.TenElementSort
Command: "/usr/bin/valgrind" "--tool=memcheck" "--leak-check=yes" "--error-exitcode=42" "--trace-children=no" "/home/cs104/Dropbox/cs104/hw-nyilkhan/hw2/hw2-check/selection_sort_tests/selection_sort_test" "--gtest_filter=SelSortBasic.TenElementSort" "--gtest_color=yes"
Directory: /home/cs104/Dropbox/cs104/hw-nyilkhan/hw2/hw2-check/selection_sort_tests
"SelSortBasic.TenElementSort" start time: Oct 16 10:43 PDT
Output:
----------------------------------------------------------
==3295== Memcheck, a memory error detector
==3295== Copyright (C) 2002-2017, and GNU GPL'd, by Julian Seward et al.
==3295== Using Valgrind-3.13.0 and LibVEX; rerun with -h for copyright info
==3295== Command: /home/cs104/Dropbox/cs104/hw-nyilkhan/hw2/hw2-check/selection_sort_tests/selection_sort_test --gtest_filter=SelSortBasic.TenElementSort --gtest_color=yes
==3295== 
Running main() from gtest_main.cc
[0;33mNote: Google Test filter = SelSortBasic.TenElementSort
[m[0;32m[==========] [mRunning 1 test from 1 test case.
[0;32m[----------] [mGlobal test environment set-up.
[0;32m[----------] [m1 test from SelSortBasic
[0;32m[ RUN      ] [mSelSortBasic.TenElementSort
[0;32m[       OK ] [mSelSortBasic.TenElementSort (14 ms)
[0;32m[----------] [m1 test from SelSortBasic (20 ms total)

[0;32m[----------] [mGlobal test environment tear-down
[0;32m[==========] [m1 test from 1 test case ran. (46 ms total)
[0;32m[  PASSED  ] [m1 test.
==3295== 
==3295== HEAP SUMMARY:
==3295==     in use at exit: 72,704 bytes in 1 blocks
==3295==   total heap usage: 251 allocs, 250 frees, 126,085 bytes allocated
==3295== 
==3295== LEAK SUMMARY:
==3295==    definitely lost: 0 bytes in 0 blocks
==3295==    indirectly lost: 0 bytes in 0 blocks
==3295==      possibly lost: 0 bytes in 0 blocks
==3295==    still reachable: 0 bytes in 0 blocks
==3295==         suppressed: 72,704 bytes in 1 blocks
==3295== 
==3295== For counts of detected and suppressed errors, rerun with: -v
==3295== ERROR SUMMARY: 0 errors from 0 contexts (suppressed: 0 from 0)
<end of output>
Test time =   1.24 sec
----------------------------------------------------------
Test Passed.
"SelSortBasic.TenElementSort" end time: Oct 16 10:43 PDT
"SelSortBasic.TenElementSort" time elapsed: 00:00:01
----------------------------------------------------------

7/15 Testing: ListBasic.OneItemAdd
7/15 Test: ListBasic.OneItemAdd
Command: "/usr/bin/valgrind" "--tool=memcheck" "--leak-check=yes" "--error-exitcode=42" "--trace-children=no" "/home/cs104/Dropbox/cs104/hw-nyilkhan/hw2/hw2-check/circular_list_tests/circular_list_test" "--gtest_filter=ListBasic.OneItemAdd" "--gtest_color=yes"
Directory: /home/cs104/Dropbox/cs104/hw-nyilkhan/hw2/hw2-check/circular_list_tests
"ListBasic.OneItemAdd" start time: Oct 16 10:43 PDT
Output:
----------------------------------------------------------
==3296== Memcheck, a memory error detector
==3296== Copyright (C) 2002-2017, and GNU GPL'd, by Julian Seward et al.
==3296== Using Valgrind-3.13.0 and LibVEX; rerun with -h for copyright info
==3296== Command: /home/cs104/Dropbox/cs104/hw-nyilkhan/hw2/hw2-check/circular_list_tests/circular_list_test --gtest_filter=ListBasic.OneItemAdd --gtest_color=yes
==3296== 
Running main() from gtest_main.cc
[0;33mNote: Google Test filter = ListBasic.OneItemAdd
[m[0;32m[==========] [mRunning 1 test from 1 test case.
[0;32m[----------] [mGlobal test environment set-up.
[0;32m[----------] [m1 test from ListBasic
[0;32m[ RUN      ] [mListBasic.OneItemAdd
[0;32m[       OK ] [mListBasic.OneItemAdd (40 ms)
[0;32m[----------] [m1 test from ListBasic (49 ms total)

[0;32m[----------] [mGlobal test environment tear-down
[0;32m[==========] [m1 test from 1 test case ran. (82 ms total)
[0;32m[  PASSED  ] [m1 test.
==3296== 
==3296== HEAP SUMMARY:
==3296==     in use at exit: 72,704 bytes in 1 blocks
==3296==   total heap usage: 236 allocs, 235 frees, 126,042 bytes allocated
==3296== 
==3296== LEAK SUMMARY:
==3296==    definitely lost: 0 bytes in 0 blocks
==3296==    indirectly lost: 0 bytes in 0 blocks
==3296==      possibly lost: 0 bytes in 0 blocks
==3296==    still reachable: 0 bytes in 0 blocks
==3296==         suppressed: 72,704 bytes in 1 blocks
==3296== 
==3296== For counts of detected and suppressed errors, rerun with: -v
==3296== ERROR SUMMARY: 0 errors from 0 contexts (suppressed: 0 from 0)
<end of output>
Test time =   1.09 sec
----------------------------------------------------------
Test Passed.
"ListBasic.OneItemAdd" end time: Oct 16 10:43 PDT
"ListBasic.OneItemAdd" time elapsed: 00:00:01
----------------------------------------------------------

3/15 Testing: SelSortBasic.TenElementFindMin
3/15 Test: SelSortBasic.TenElementFindMin
Command: "/usr/bin/valgrind" "--tool=memcheck" "--leak-check=yes" "--error-exitcode=42" "--trace-children=no" "/home/cs104/Dropbox/cs104/hw-nyilkhan/hw2/hw2-check/selection_sort_tests/selection_sort_test" "--gtest_filter=SelSortBasic.TenElementFindMin" "--gtest_color=yes"
Directory: /home/cs104/Dropbox/cs104/hw-nyilkhan/hw2/hw2-check/selection_sort_tests
"SelSortBasic.TenElementFindMin" start time: Oct 16 10:43 PDT
Output:
----------------------------------------------------------
==3297== Memcheck, a memory error detector
==3297== Copyright (C) 2002-2017, and GNU GPL'd, by Julian Seward et al.
==3297== Using Valgrind-3.13.0 and LibVEX; rerun with -h for copyright info
==3297== Command: /home/cs104/Dropbox/cs104/hw-nyilkhan/hw2/hw2-check/selection_sort_tests/selection_sort_test --gtest_filter=SelSortBasic.TenElementFindMin --gtest_color=yes
==3297== 
Running main() from gtest_main.cc
[0;33mNote: Google Test filter = SelSortBasic.TenElementFindMin
[m[0;32m[==========] [mRunning 1 test from 1 test case.
[0;32m[----------] [mGlobal test environment set-up.
[0;32m[----------] [m1 test from SelSortBasic
[0;32m[ RUN      ] [mSelSortBasic.TenElementFindMin
[0;32m[       OK ] [mSelSortBasic.TenElementFindMin (9 ms)
[0;32m[----------] [m1 test from SelSortBasic (14 ms total)

[0;32m[----------] [mGlobal test environment tear-down
[0;32m[==========] [m1 test from 1 test case ran. (48 ms total)
[0;32m[  PASSED  ] [m1 test.
==3297== 
==3297== HEAP SUMMARY:
==3297==     in use at exit: 72,704 bytes in 1 blocks
==3297==   total heap usage: 242 allocs, 241 frees, 125,677 bytes allocated
==3297== 
==3297== LEAK SUMMARY:
==3297==    definitely lost: 0 bytes in 0 blocks
==3297==    indirectly lost: 0 bytes in 0 blocks
==3297==      possibly lost: 0 bytes in 0 blocks
==3297==    still reachable: 0 bytes in 0 blocks
==3297==         suppressed: 72,704 bytes in 1 blocks
==3297== 
==3297== For counts of detected and suppressed errors, rerun with: -v
==3297== ERROR SUMMARY: 0 errors from 0 contexts (suppressed: 0 from 0)
<end of output>
Test time =   0.96 sec
----------------------------------------------------------
Test Passed.
"SelSortBasic.TenElementFindMin" end time: Oct 16 10:43 PDT
"SelSortBasic.TenElementFindMin" time elapsed: 00:00:00
----------------------------------------------------------

10/15 Testing: ListBasic.OneItemRemove
10/15 Test: ListBasic.OneItemRemove
Command: "/usr/bin/valgrind" "--tool=memcheck" "--leak-check=yes" "--error-exitcode=42" "--trace-children=no" "/home/cs104/Dropbox/cs104/hw-nyilkhan/hw2/hw2-check/circular_list_tests/circular_list_test" "--gtest_filter=ListBasic.OneItemRemove" "--gtest_color=yes"
Directory: /home/cs104/Dropbox/cs104/hw-nyilkhan/hw2/hw2-check/circular_list_tests
"ListBasic.OneItemRemove" start time: Oct 16 10:43 PDT
Output:
----------------------------------------------------------
==3298== Memcheck, a memory error detector
==3298== Copyright (C) 2002-2017, and GNU GPL'd, by Julian Seward et al.
==3298== Using Valgrind-3.13.0 and LibVEX; rerun with -h for copyright info
==3298== Command: /home/cs104/Dropbox/cs104/hw-nyilkhan/hw2/hw2-check/circular_list_tests/circular_list_test --gtest_filter=ListBasic.OneItemRemove --gtest_color=yes
==3298== 
Running main() from gtest_main.cc
[0;33mNote: Google Test filter = ListBasic.OneItemRemove
[m[0;32m[==========] [mRunning 1 test from 1 test case.
[0;32m[----------] [mGlobal test environment set-up.
[0;32m[----------] [m1 test from ListBasic
[0;32m[ RUN      ] [mListBasic.OneItemRemove
[0;32m[       OK ] [mListBasic.OneItemRemove (8 ms)
[0;32m[----------] [m1 test from ListBasic (19 ms total)

[0;32m[----------] [mGlobal test environment tear-down
[0;32m[==========] [m1 test from 1 test case ran. (47 ms total)
[0;32m[  PASSED  ] [m1 test.
==3298== 
==3298== HEAP SUMMARY:
==3298==     in use at exit: 72,704 bytes in 1 blocks
==3298==   total heap usage: 236 allocs, 235 frees, 126,066 bytes allocated
==3298== 
==3298== LEAK SUMMARY:
==3298==    definitely lost: 0 bytes in 0 blocks
==3298==    indirectly lost: 0 bytes in 0 blocks
==3298==      possibly lost: 0 bytes in 0 blocks
==3298==    still reachable: 0 bytes in 0 blocks
==3298==         suppressed: 72,704 bytes in 1 blocks
==3298== 
==3298== For counts of detected and suppressed errors, rerun with: -v
==3298== ERROR SUMMARY: 0 errors from 0 contexts (suppressed: 0 from 0)
<end of output>
Test time =   1.07 sec
----------------------------------------------------------
Test Passed.
"ListBasic.OneItemRemove" end time: Oct 16 10:43 PDT
"ListBasic.OneItemRemove" time elapsed: 00:00:01
----------------------------------------------------------

9/15 Testing: ListBasic.Empty
9/15 Test: ListBasic.Empty
Command: "/usr/bin/valgrind" "--tool=memcheck" "--leak-check=yes" "--error-exitcode=42" "--trace-children=no" "/home/cs104/Dropbox/cs104/hw-nyilkhan/hw2/hw2-check/circular_list_tests/circular_list_test" "--gtest_filter=ListBasic.Empty" "--gtest_color=yes"
Directory: /home/cs104/Dropbox/cs104/hw-nyilkhan/hw2/hw2-check/circular_list_tests
"ListBasic.Empty" start time: Oct 16 10:43 PDT
Output:
----------------------------------------------------------
==3300== Memcheck, a memory error detector
==3300== Copyright (C) 2002-2017, and GNU GPL'd, by Julian Seward et al.
==3300== Using Valgrind-3.13.0 and LibVEX; rerun with -h for copyright info
==3300== Command: /home/cs104/Dropbox/cs104/hw-nyilkhan/hw2/hw2-check/circular_list_tests/circular_list_test --gtest_filter=ListBasic.Empty --gtest_color=yes
==3300== 
Running main() from gtest_main.cc
[0;33mNote: Google Test filter = ListBasic.Empty
[m[0;32m[==========] [mRunning 1 test from 1 test case.
[0;32m[----------] [mGlobal test environment set-up.
[0;32m[----------] [m1 test from ListBasic
[0;32m[ RUN      ] [mListBasic.Empty
[0;32m[       OK ] [mListBasic.Empty (6 ms)
[0;32m[----------] [m1 test from ListBasic (12 ms total)

[0;32m[----------] [mGlobal test environment tear-down
[0;32m[==========] [m1 test from 1 test case ran. (38 ms total)
[0;32m[  PASSED  ] [m1 test.
==3300== 
==3300== HEAP SUMMARY:
==3300==     in use at exit: 72,704 bytes in 1 blocks
==3300==   total heap usage: 225 allocs, 224 frees, 125,668 bytes allocated
==3300== 
==3300== LEAK SUMMARY:
==3300==    definitely lost: 0 bytes in 0 blocks
==3300==    indirectly lost: 0 bytes in 0 blocks
==3300==      possibly lost: 0 bytes in 0 blocks
==3300==    still reachable: 0 bytes in 0 blocks
==3300==         suppressed: 72,704 bytes in 1 blocks
==3300== 
==3300== For counts of detected and suppressed errors, rerun with: -v
==3300== ERROR SUMMARY: 0 errors from 0 contexts (suppressed: 0 from 0)
<end of output>
Test time =   0.96 sec
----------------------------------------------------------
Test Passed.
"ListBasic.Empty" end time: Oct 16 10:43 PDT
"ListBasic.Empty" time elapsed: 00:00:00
----------------------------------------------------------

14/15 Testing: DDGRoundBasic.TwoPlayers
14/15 Test: DDGRoundBasic.TwoPlayers
Command: "/usr/bin/valgrind" "--tool=memcheck" "--leak-check=yes" "--error-exitcode=42" "--trace-children=no" "/home/cs104/Dropbox/cs104/hw-nyilkhan/hw2/hw2-check/duck_duck_goose_tests/duck_duck_goose_test" "--gtest_filter=DDGRoundBasic.TwoPlayers" "--gtest_color=yes"
Directory: /home/cs104/Dropbox/cs104/hw-nyilkhan/hw2/hw2-check/duck_duck_goose_tests
"DDGRoundBasic.TwoPlayers" start time: Oct 16 10:43 PDT
Output:
----------------------------------------------------------
==3299== Memcheck, a memory error detector
==3299== Copyright (C) 2002-2017, and GNU GPL'd, by Julian Seward et al.
==3299== Using Valgrind-3.13.0 and LibVEX; rerun with -h for copyright info
==3299== Command: /home/cs104/Dropbox/cs104/hw-nyilkhan/hw2/hw2-check/duck_duck_goose_tests/duck_duck_goose_test --gtest_filter=DDGRoundBasic.TwoPlayers --gtest_color=yes
==3299== 
Running main() from gtest_main.cc
[0;33mNote: Google Test filter = DDGRoundBasic.TwoPlayers
[m[0;32m[==========] [mRunning 1 test from 1 test case.
[0;32m[----------] [mGlobal test environment set-up.
[0;32m[----------] [m1 test from DDGRoundBasic
[0;32m[ RUN      ] [mDDGRoundBasic.TwoPlayers
[0;32m[       OK ] [mDDGRoundBasic.TwoPlayers (14 ms)
[0;32m[----------] [m1 test from DDGRoundBasic (20 ms total)

[0;32m[----------] [mGlobal test environment tear-down
[0;32m[==========] [m1 test from 1 test case ran. (44 ms total)
[0;32m[  PASSED  ] [m1 test.
==3299== 
==3299== HEAP SUMMARY:
==3299==     in use at exit: 72,704 bytes in 1 blocks
==3299==   total heap usage: 226 allocs, 225 frees, 126,025 bytes allocated
==3299== 
==3299== LEAK SUMMARY:
==3299==    definitely lost: 0 bytes in 0 blocks
==3299==    indirectly lost: 0 bytes in 0 blocks
==3299==      possibly lost: 0 bytes in 0 blocks
==3299==    still reachable: 0 bytes in 0 blocks
==3299==         suppressed: 72,704 bytes in 1 blocks
==3299== 
==3299== For counts of detected and suppressed errors, rerun with: -v
==3299== ERROR SUMMARY: 0 errors from 0 contexts (suppressed: 0 from 0)
<end of output>
Test time =   1.08 sec
----------------------------------------------------------
Test Passed.
"DDGRoundBasic.TwoPlayers" end time: Oct 16 10:43 PDT
"DDGRoundBasic.TwoPlayers" time elapsed: 00:00:01
----------------------------------------------------------

11/15 Testing: ListBasic.ThreeItemRemove
11/15 Test: ListBasic.ThreeItemRemove
Command: "/usr/bin/valgrind" "--tool=memcheck" "--leak-check=yes" "--error-exitcode=42" "--trace-children=no" "/home/cs104/Dropbox/cs104/hw-nyilkhan/hw2/hw2-check/circular_list_tests/circular_list_test" "--gtest_filter=ListBasic.ThreeItemRemove" "--gtest_color=yes"
Directory: /home/cs104/Dropbox/cs104/hw-nyilkhan/hw2/hw2-check/circular_list_tests
"ListBasic.ThreeItemRemove" start time: Oct 16 10:43 PDT
Output:
----------------------------------------------------------
==3301== Memcheck, a memory error detector
==3301== Copyright (C) 2002-2017, and GNU GPL'd, by Julian Seward et al.
==3301== Using Valgrind-3.13.0 and LibVEX; rerun with -h for copyright info
==3301== Command: /home/cs104/Dropbox/cs104/hw-nyilkhan/hw2/hw2-check/circular_list_tests/circular_list_test --gtest_filter=ListBasic.ThreeItemRemove --gtest_color=yes
==3301== 
Running main() from gtest_main.cc
[0;33mNote: Google Test filter = ListBasic.ThreeItemRemove
[m[0;32m[==========] [mRunning 1 test from 1 test case.
[0;32m[----------] [mGlobal test environment set-up.
[0;32m[----------] [m1 test from ListBasic
[0;32m[ RUN      ] [mListBasic.ThreeItemRemove
[0;32m[       OK ] [mListBasic.ThreeItemRemove (8 ms)
[0;32m[----------] [m1 test from ListBasic (13 ms total)

[0;32m[----------] [mGlobal test environment tear-down
[0;32m[==========] [m1 test from 1 test case ran. (41 ms total)
[0;32m[  PASSED  ] [m1 test.
==3301== 
==3301== HEAP SUMMARY:
==3301==     in use at exit: 72,704 bytes in 1 blocks
==3301==   total heap usage: 240 allocs, 239 frees, 126,158 bytes allocated
==3301== 
==3301== LEAK SUMMARY:
==3301==    definitely lost: 0 bytes in 0 blocks
==3301==    indirectly lost: 0 bytes in 0 blocks
==3301==      possibly lost: 0 bytes in 0 blocks
==3301==    still reachable: 0 bytes in 0 blocks
==3301==         suppressed: 72,704 bytes in 1 blocks
==3301== 
==3301== For counts of detected and suppressed errors, rerun with: -v
==3301== ERROR SUMMARY: 0 errors from 0 contexts (suppressed: 0 from 0)
<end of output>
Test time =   0.84 sec
----------------------------------------------------------
Test Passed.
"ListBasic.ThreeItemRemove" end time: Oct 16 10:43 PDT
"ListBasic.ThreeItemRemove" time elapsed: 00:00:00
----------------------------------------------------------

6/15 Testing: ListBasic.ConstructionDestruction
6/15 Test: ListBasic.ConstructionDestruction
Command: "/usr/bin/valgrind" "--tool=memcheck" "--leak-check=yes" "--error-exitcode=42" "--trace-children=no" "/home/cs104/Dropbox/cs104/hw-nyilkhan/hw2/hw2-check/circular_list_tests/circular_list_test" "--gtest_filter=ListBasic.ConstructionDestruction" "--gtest_color=yes"
Directory: /home/cs104/Dropbox/cs104/hw-nyilkhan/hw2/hw2-check/circular_list_tests
"ListBasic.ConstructionDestruction" start time: Oct 16 10:43 PDT
Output:
----------------------------------------------------------
==3302== Memcheck, a memory error detector
==3302== Copyright (C) 2002-2017, and GNU GPL'd, by Julian Seward et al.
==3302== Using Valgrind-3.13.0 and LibVEX; rerun with -h for copyright info
==3302== Command: /home/cs104/Dropbox/cs104/hw-nyilkhan/hw2/hw2-check/circular_list_tests/circular_list_test --gtest_filter=ListBasic.ConstructionDestruction --gtest_color=yes
==3302== 
Running main() from gtest_main.cc
[0;33mNote: Google Test filter = ListBasic.ConstructionDestruction
[m[0;32m[==========] [mRunning 1 test from 1 test case.
[0;32m[----------] [mGlobal test environment set-up.
[0;32m[----------] [m1 test from ListBasic
[0;32m[ RUN      ] [mListBasic.ConstructionDestruction
[0;32m[       OK ] [mListBasic.ConstructionDestruction (5 ms)
[0;32m[----------] [m1 test from ListBasic (11 ms total)

[0;32m[----------] [mGlobal test environment tear-down
[0;32m[==========] [m1 test from 1 test case ran. (37 ms total)
[0;32m[  PASSED  ] [m1 test.
==3302== 
==3302== HEAP SUMMARY:
==3302==     in use at exit: 72,704 bytes in 1 blocks
==3302==   total heap usage: 235 allocs, 234 frees, 126,152 bytes allocated
==3302== 
==3302== LEAK SUMMARY:
==3302==    definitely lost: 0 bytes in 0 blocks
==3302==    indirectly lost: 0 bytes in 0 blocks
==3302==      possibly lost: 0 bytes in 0 blocks
==3302==    still reachable: 0 bytes in 0 blocks
==3302==         suppressed: 72,704 bytes in 1 blocks
==3302== 
==3302== For counts of detected and suppressed errors, rerun with: -v
==3302== ERROR SUMMARY: 0 errors from 0 contexts (suppressed: 0 from 0)
<end of output>
Test time =   1.14 sec
----------------------------------------------------------
Test Passed.
"ListBasic.ConstructionDestruction" end time: Oct 16 10:43 PDT
"ListBasic.ConstructionDestruction" time elapsed: 00:00:01
----------------------------------------------------------

13/15 Testing: ListBasic.CircularIndicies
13/15 Test: ListBasic.CircularIndicies
Command: "/usr/bin/valgrind" "--tool=memcheck" "--leak-check=yes" "--error-exitcode=42" "--trace-children=no" "/home/cs104/Dropbox/cs104/hw-nyilkhan/hw2/hw2-check/circular_list_tests/circular_list_test" "--gtest_filter=ListBasic.CircularIndicies" "--gtest_color=yes"
Directory: /home/cs104/Dropbox/cs104/hw-nyilkhan/hw2/hw2-check/circular_list_tests
"ListBasic.CircularIndicies" start time: Oct 16 10:43 PDT
Output:
----------------------------------------------------------
==3303== Memcheck, a memory error detector
==3303== Copyright (C) 2002-2017, and GNU GPL'd, by Julian Seward et al.
==3303== Using Valgrind-3.13.0 and LibVEX; rerun with -h for copyright info
==3303== Command: /home/cs104/Dropbox/cs104/hw-nyilkhan/hw2/hw2-check/circular_list_tests/circular_list_test --gtest_filter=ListBasic.CircularIndicies --gtest_color=yes
==3303== 
Running main() from gtest_main.cc
[0;33mNote: Google Test filter = ListBasic.CircularIndicies
[m[0;32m[==========] [mRunning 1 test from 1 test case.
[0;32m[----------] [mGlobal test environment set-up.
[0;32m[----------] [m1 test from ListBasic
[0;32m[ RUN      ] [mListBasic.CircularIndicies
[0;32m[       OK ] [mListBasic.CircularIndicies (10 ms)
[0;32m[----------] [m1 test from ListBasic (15 ms total)

[0;32m[----------] [mGlobal test environment tear-down
[0;32m[==========] [m1 test from 1 test case ran. (41 ms total)
[0;32m[  PASSED  ] [m1 test.
==3303== 
==3303== HEAP SUMMARY:
==3303==     in use at exit: 72,704 bytes in 1 blocks
==3303==   total heap usage: 240 allocs, 239 frees, 126,166 bytes allocated
==3303== 
==3303== LEAK SUMMARY:
==3303==    definitely lost: 0 bytes in 0 blocks
==3303==    indirectly lost: 0 bytes in 0 blocks
==3303==      possibly lost: 0 bytes in 0 blocks
==3303==    still reachable: 0 bytes in 0 blocks
==3303==         suppressed: 72,704 bytes in 1 blocks
==3303== 
==3303== For counts of detected and suppressed errors, rerun with: -v
==3303== ERROR SUMMARY: 0 errors from 0 contexts (suppressed: 0 from 0)
<end of output>
Test time =   0.83 sec
----------------------------------------------------------
Test Passed.
"ListBasic.CircularIndicies" end time: Oct 16 10:43 PDT
"ListBasic.CircularIndicies" time elapsed: 00:00:00
----------------------------------------------------------

2/15 Testing: SelSortBasic.ThreeElementFindMin
2/15 Test: SelSortBasic.ThreeElementFindMin
Command: "/usr/bin/valgrind" "--tool=memcheck" "--leak-check=yes" "--error-exitcode=42" "--trace-children=no" "/home/cs104/Dropbox/cs104/hw-nyilkhan/hw2/hw2-check/selection_sort_tests/selection_sort_test" "--gtest_filter=SelSortBasic.ThreeElementFindMin" "--gtest_color=yes"
Directory: /home/cs104/Dropbox/cs104/hw-nyilkhan/hw2/hw2-check/selection_sort_tests
"SelSortBasic.ThreeElementFindMin" start time: Oct 16 10:43 PDT
Output:
----------------------------------------------------------
==3304== Memcheck, a memory error detector
==3304== Copyright (C) 2002-2017, and GNU GPL'd, by Julian Seward et al.
==3304== Using Valgrind-3.13.0 and LibVEX; rerun with -h for copyright info
==3304== Command: /home/cs104/Dropbox/cs104/hw-nyilkhan/hw2/hw2-check/selection_sort_tests/selection_sort_test --gtest_filter=SelSortBasic.ThreeElementFindMin --gtest_color=yes
==3304== 
Running main() from gtest_main.cc
[0;33mNote: Google Test filter = SelSortBasic.ThreeElementFindMin
[m[0;32m[==========] [mRunning 1 test from 1 test case.
[0;32m[----------] [mGlobal test environment set-up.
[0;32m[----------] [m1 test from SelSortBasic
[0;32m[ RUN      ] [mSelSortBasic.ThreeElementFindMin
[0;32m[       OK ] [mSelSortBasic.ThreeElementFindMin (6 ms)
[0;32m[----------] [m1 test from SelSortBasic (11 ms total)

[0;32m[----------] [mGlobal test environment tear-down
[0;32m[==========] [m1 test from 1 test case ran. (37 ms total)
[0;32m[  PASSED  ] [m1 test.
==3304== 
==3304== HEAP SUMMARY:
==3304==     in use at exit: 72,704 bytes in 1 blocks
==3304==   total heap usage: 235 allocs, 234 frees, 125,511 bytes allocated
==3304== 
==3304== LEAK SUMMARY:
==3304==    definitely lost: 0 bytes in 0 blocks
==3304==    indirectly lost: 0 bytes in 0 blocks
==3304==      possibly lost: 0 bytes in 0 blocks
==3304==    still reachable: 0 bytes in 0 blocks
==3304==         suppressed: 72,704 bytes in 1 blocks
==3304== 
==3304== For counts of detected and suppressed errors, rerun with: -v
==3304== ERROR SUMMARY: 0 errors from 0 contexts (suppressed: 0 from 0)
<end of output>
Test time =   0.93 sec
----------------------------------------------------------
Test Passed.
"SelSortBasic.ThreeElementFindMin" end time: Oct 16 10:43 PDT
"SelSortBasic.ThreeElementFindMin" time elapsed: 00:00:00
----------------------------------------------------------

12/15 Testing: ListBasic.Set
12/15 Test: ListBasic.Set
Command: "/usr/bin/valgrind" "--tool=memcheck" "--leak-check=yes" "--error-exitcode=42" "--trace-children=no" "/home/cs104/Dropbox/cs104/hw-nyilkhan/hw2/hw2-check/circular_list_tests/circular_list_test" "--gtest_filter=ListBasic.Set" "--gtest_color=yes"
Directory: /home/cs104/Dropbox/cs104/hw-nyilkhan/hw2/hw2-check/circular_list_tests
"ListBasic.Set" start time: Oct 16 10:43 PDT
Output:
----------------------------------------------------------
==3305== Memcheck, a memory error detector
==3305== Copyright (C) 2002-2017, and GNU GPL'd, by Julian Seward et al.
==3305== Using Valgrind-3.13.0 and LibVEX; rerun with -h for copyright info
==3305== Command: /home/cs104/Dropbox/cs104/hw-nyilkhan/hw2/hw2-check/circular_list_tests/circular_list_test --gtest_filter=ListBasic.Set --gtest_color=yes
==3305== 
Running main() from gtest_main.cc
[0;33mNote: Google Test filter = ListBasic.Set
[m[0;32m[==========] [mRunning 1 test from 1 test case.
[0;32m[----------] [mGlobal test environment set-up.
[0;32m[----------] [m1 test from ListBasic
[0;32m[ RUN      ] [mListBasic.Set
[0;32m[       OK ] [mListBasic.Set (19 ms)
[0;32m[----------] [m1 test from ListBasic (29 ms total)

[0;32m[----------] [mGlobal test environment tear-down
[0;32m[==========] [m1 test from 1 test case ran. (82 ms total)
[0;32m[  PASSED  ] [m1 test.
==3305== 
==3305== HEAP SUMMARY:
==3305==     in use at exit: 72,704 bytes in 1 blocks
==3305==   total heap usage: 230 allocs, 229 frees, 125,752 bytes allocated
==3305== 
==3305== LEAK SUMMARY:
==3305==    definitely lost: 0 bytes in 0 blocks
==3305==    indirectly lost: 0 bytes in 0 blocks
==3305==      possibly lost: 0 bytes in 0 blocks
==3305==    still reachable: 0 bytes in 0 blocks
==3305==         suppressed: 72,704 bytes in 1 blocks
==3305== 
==3305== For counts of detected and suppressed errors, rerun with: -v
==3305== ERROR SUMMARY: 0 errors from 0 contexts (suppressed: 0 from 0)
<end of output>
Test time =   0.89 sec
----------------------------------------------------------
Test Passed.
"ListBasic.Set" end time: Oct 16 10:43 PDT
"ListBasic.Set" time elapsed: 00:00:00
----------------------------------------------------------

1/15 Testing: SelSortBasic.OneElementFindMin
1/15 Test: SelSortBasic.OneElementFindMin
Command: "/usr/bin/valgrind" "--tool=memcheck" "--leak-check=yes" "--error-exitcode=42" "--trace-children=no" "/home/cs104/Dropbox/cs104/hw-nyilkhan/hw2/hw2-check/selection_sort_tests/selection_sort_test" "--gtest_filter=SelSortBasic.OneElementFindMin" "--gtest_color=yes"
Directory: /home/cs104/Dropbox/cs104/hw-nyilkhan/hw2/hw2-check/selection_sort_tests
"SelSortBasic.OneElementFindMin" start time: Oct 16 10:43 PDT
Output:
----------------------------------------------------------
==3306== Memcheck, a memory error detector
==3306== Copyright (C) 2002-2017, and GNU GPL'd, by Julian Seward et al.
==3306== Using Valgrind-3.13.0 and LibVEX; rerun with -h for copyright info
==3306== Command: /home/cs104/Dropbox/cs104/hw-nyilkhan/hw2/hw2-check/selection_sort_tests/selection_sort_test --gtest_filter=SelSortBasic.OneElementFindMin --gtest_color=yes
==3306== 
Running main() from gtest_main.cc
[0;33mNote: Google Test filter = SelSortBasic.OneElementFindMin
[m[0;32m[==========] [mRunning 1 test from 1 test case.
[0;32m[----------] [mGlobal test environment set-up.
[0;32m[----------] [m1 test from SelSortBasic
[0;32m[ RUN      ] [mSelSortBasic.OneElementFindMin
[0;32m[       OK ] [mSelSortBasic.OneElementFindMin (6 ms)
[0;32m[----------] [m1 test from SelSortBasic (11 ms total)

[0;32m[----------] [mGlobal test environment tear-down
[0;32m[==========] [m1 test from 1 test case ran. (37 ms total)
[0;32m[  PASSED  ] [m1 test.
==3306== 
==3306== HEAP SUMMARY:
==3306==     in use at exit: 72,704 bytes in 1 blocks
==3306==   total heap usage: 233 allocs, 232 frees, 125,425 bytes allocated
==3306== 
==3306== LEAK SUMMARY:
==3306==    definitely lost: 0 bytes in 0 blocks
==3306==    indirectly lost: 0 bytes in 0 blocks
==3306==      possibly lost: 0 bytes in 0 blocks
==3306==    still reachable: 0 bytes in 0 blocks
==3306==         suppressed: 72,704 bytes in 1 blocks
==3306== 
==3306== For counts of detected and suppressed errors, rerun with: -v
==3306== ERROR SUMMARY: 0 errors from 0 contexts (suppressed: 0 from 0)
<end of output>
Test time =   0.80 sec
----------------------------------------------------------
Test Passed.
"SelSortBasic.OneElementFindMin" end time: Oct 16 10:43 PDT
"SelSortBasic.OneElementFindMin" time elapsed: 00:00:00
----------------------------------------------------------

End testing: Oct 16 10:43 PDT
