Start testing: Nov 27 11:00 PST
----------------------------------------------------------
1/61 Testing: Cave.OneMove
1/61 Test: Cave.OneMove
Command: "/home/cs104/cs104/hw-nyilkhan/hw5/hw5_tests/cave_tests/cave_test" "--gtest_filter=Cave.OneMove"
Directory: /home/cs104/cs104/hw-nyilkhan/hw5/hw5_tests/cave_tests
"Cave.OneMove" start time: Nov 27 11:00 PST
Output:
----------------------------------------------------------
Running main() from gtest_main.cc
Note: Google Test filter = Cave.OneMove
[==========] Running 1 test from 1 test case.
[----------] Global test environment set-up.
[----------] 1 test from Cave
[ RUN      ] Cave.OneMove
This test is executing your program with the following command line: 
/usr/bin/valgrind --tool=memcheck -q --leak-check=yes --error-exitcode=113 /home/cs104/cs104/hw-nyilkhan/hw5/cave
Your program's STDIN was piped from: /home/cs104/cs104/hw-nyilkhan/hw5/hw5_tests/cave_tests/testFiles/OneMove/input.txt
Your program's STDOUT was written to: /home/cs104/cs104/hw-nyilkhan/hw5/hw5_tests/cave_tests/testFiles/OneMove/output.txt
[       OK ] Cave.OneMove (562 ms)
[----------] 1 test from Cave (562 ms total)

[----------] Global test environment tear-down
[==========] 1 test from 1 test case ran. (562 ms total)
[  PASSED  ] 1 test.
<end of output>
Test time =   0.56 sec
----------------------------------------------------------
Test Passed.
"Cave.OneMove" end time: Nov 27 11:00 PST
"Cave.OneMove" time elapsed: 00:00:00
----------------------------------------------------------

2/61 Testing: Cave.TwoMoves
2/61 Test: Cave.TwoMoves
Command: "/home/cs104/cs104/hw-nyilkhan/hw5/hw5_tests/cave_tests/cave_test" "--gtest_filter=Cave.TwoMoves"
Directory: /home/cs104/cs104/hw-nyilkhan/hw5/hw5_tests/cave_tests
"Cave.TwoMoves" start time: Nov 27 11:00 PST
Output:
----------------------------------------------------------
Running main() from gtest_main.cc
Note: Google Test filter = Cave.TwoMoves
[==========] Running 1 test from 1 test case.
[----------] Global test environment set-up.
[----------] 1 test from Cave
[ RUN      ] Cave.TwoMoves
This test is executing your program with the following command line: 
/usr/bin/valgrind --tool=memcheck -q --leak-check=yes --error-exitcode=113 /home/cs104/cs104/hw-nyilkhan/hw5/cave
Your program's STDIN was piped from: /home/cs104/cs104/hw-nyilkhan/hw5/hw5_tests/cave_tests/testFiles/TwoMoves/input.txt
Your program's STDOUT was written to: /home/cs104/cs104/hw-nyilkhan/hw5/hw5_tests/cave_tests/testFiles/TwoMoves/output.txt
[       OK ] Cave.TwoMoves (577 ms)
[----------] 1 test from Cave (577 ms total)

[----------] Global test environment tear-down
[==========] 1 test from 1 test case ran. (577 ms total)
[  PASSED  ] 1 test.
<end of output>
Test time =   0.58 sec
----------------------------------------------------------
Test Passed.
"Cave.TwoMoves" end time: Nov 27 11:00 PST
"Cave.TwoMoves" time elapsed: 00:00:00
----------------------------------------------------------

3/61 Testing: Cave.OneTripEW
3/61 Test: Cave.OneTripEW
Command: "/home/cs104/cs104/hw-nyilkhan/hw5/hw5_tests/cave_tests/cave_test" "--gtest_filter=Cave.OneTripEW"
Directory: /home/cs104/cs104/hw-nyilkhan/hw5/hw5_tests/cave_tests
"Cave.OneTripEW" start time: Nov 27 11:00 PST
Output:
----------------------------------------------------------
Running main() from gtest_main.cc
Note: Google Test filter = Cave.OneTripEW
[==========] Running 1 test from 1 test case.
[----------] Global test environment set-up.
[----------] 1 test from Cave
[ RUN      ] Cave.OneTripEW
This test is executing your program with the following command line: 
/usr/bin/valgrind --tool=memcheck -q --leak-check=yes --error-exitcode=113 /home/cs104/cs104/hw-nyilkhan/hw5/cave
Your program's STDIN was piped from: /home/cs104/cs104/hw-nyilkhan/hw5/hw5_tests/cave_tests/testFiles/OneTripEW/input.txt
Your program's STDOUT was written to: /home/cs104/cs104/hw-nyilkhan/hw5/hw5_tests/cave_tests/testFiles/OneTripEW/output.txt
[       OK ] Cave.OneTripEW (574 ms)
[----------] 1 test from Cave (574 ms total)

[----------] Global test environment tear-down
[==========] 1 test from 1 test case ran. (574 ms total)
[  PASSED  ] 1 test.
<end of output>
Test time =   0.58 sec
----------------------------------------------------------
Test Passed.
"Cave.OneTripEW" end time: Nov 27 11:00 PST
"Cave.OneTripEW" time elapsed: 00:00:00
----------------------------------------------------------

4/61 Testing: Cave.OneTripWE
4/61 Test: Cave.OneTripWE
Command: "/home/cs104/cs104/hw-nyilkhan/hw5/hw5_tests/cave_tests/cave_test" "--gtest_filter=Cave.OneTripWE"
Directory: /home/cs104/cs104/hw-nyilkhan/hw5/hw5_tests/cave_tests
"Cave.OneTripWE" start time: Nov 27 11:00 PST
Output:
----------------------------------------------------------
Running main() from gtest_main.cc
Note: Google Test filter = Cave.OneTripWE
[==========] Running 1 test from 1 test case.
[----------] Global test environment set-up.
[----------] 1 test from Cave
[ RUN      ] Cave.OneTripWE
This test is executing your program with the following command line: 
/usr/bin/valgrind --tool=memcheck -q --leak-check=yes --error-exitcode=113 /home/cs104/cs104/hw-nyilkhan/hw5/cave
Your program's STDIN was piped from: /home/cs104/cs104/hw-nyilkhan/hw5/hw5_tests/cave_tests/testFiles/OneTripWE/input.txt
Your program's STDOUT was written to: /home/cs104/cs104/hw-nyilkhan/hw5/hw5_tests/cave_tests/testFiles/OneTripWE/output.txt
[       OK ] Cave.OneTripWE (583 ms)
[----------] 1 test from Cave (583 ms total)

[----------] Global test environment tear-down
[==========] 1 test from 1 test case ran. (583 ms total)
[  PASSED  ] 1 test.
<end of output>
Test time =   0.59 sec
----------------------------------------------------------
Test Passed.
"Cave.OneTripWE" end time: Nov 27 11:00 PST
"Cave.OneTripWE" time elapsed: 00:00:00
----------------------------------------------------------

5/61 Testing: Cave.OneTripNS
5/61 Test: Cave.OneTripNS
Command: "/home/cs104/cs104/hw-nyilkhan/hw5/hw5_tests/cave_tests/cave_test" "--gtest_filter=Cave.OneTripNS"
Directory: /home/cs104/cs104/hw-nyilkhan/hw5/hw5_tests/cave_tests
"Cave.OneTripNS" start time: Nov 27 11:00 PST
Output:
----------------------------------------------------------
Running main() from gtest_main.cc
Note: Google Test filter = Cave.OneTripNS
[==========] Running 1 test from 1 test case.
[----------] Global test environment set-up.
[----------] 1 test from Cave
[ RUN      ] Cave.OneTripNS
This test is executing your program with the following command line: 
/usr/bin/valgrind --tool=memcheck -q --leak-check=yes --error-exitcode=113 /home/cs104/cs104/hw-nyilkhan/hw5/cave
Your program's STDIN was piped from: /home/cs104/cs104/hw-nyilkhan/hw5/hw5_tests/cave_tests/testFiles/OneTripNS/input.txt
Your program's STDOUT was written to: /home/cs104/cs104/hw-nyilkhan/hw5/hw5_tests/cave_tests/testFiles/OneTripNS/output.txt
[       OK ] Cave.OneTripNS (588 ms)
[----------] 1 test from Cave (588 ms total)

[----------] Global test environment tear-down
[==========] 1 test from 1 test case ran. (588 ms total)
[  PASSED  ] 1 test.
<end of output>
Test time =   0.59 sec
----------------------------------------------------------
Test Passed.
"Cave.OneTripNS" end time: Nov 27 11:00 PST
"Cave.OneTripNS" time elapsed: 00:00:00
----------------------------------------------------------

6/61 Testing: Cave.SmallLoop
6/61 Test: Cave.SmallLoop
Command: "/home/cs104/cs104/hw-nyilkhan/hw5/hw5_tests/cave_tests/cave_test" "--gtest_filter=Cave.SmallLoop"
Directory: /home/cs104/cs104/hw-nyilkhan/hw5/hw5_tests/cave_tests
"Cave.SmallLoop" start time: Nov 27 11:00 PST
Output:
----------------------------------------------------------
Running main() from gtest_main.cc
Note: Google Test filter = Cave.SmallLoop
[==========] Running 1 test from 1 test case.
[----------] Global test environment set-up.
[----------] 1 test from Cave
[ RUN      ] Cave.SmallLoop
This test is executing your program with the following command line: 
/usr/bin/valgrind --tool=memcheck -q --leak-check=yes --error-exitcode=113 /home/cs104/cs104/hw-nyilkhan/hw5/cave
Your program's STDIN was piped from: /home/cs104/cs104/hw-nyilkhan/hw5/hw5_tests/cave_tests/testFiles/SmallLoop/input.txt
Your program's STDOUT was written to: /home/cs104/cs104/hw-nyilkhan/hw5/hw5_tests/cave_tests/testFiles/SmallLoop/output.txt
[       OK ] Cave.SmallLoop (640 ms)
[----------] 1 test from Cave (640 ms total)

[----------] Global test environment tear-down
[==========] 1 test from 1 test case ran. (640 ms total)
[  PASSED  ] 1 test.
<end of output>
Test time =   0.64 sec
----------------------------------------------------------
Test Passed.
"Cave.SmallLoop" end time: Nov 27 11:00 PST
"Cave.SmallLoop" time elapsed: 00:00:00
----------------------------------------------------------

7/61 Testing: Cave.LargeLoop
7/61 Test: Cave.LargeLoop
Command: "/home/cs104/cs104/hw-nyilkhan/hw5/hw5_tests/cave_tests/cave_test" "--gtest_filter=Cave.LargeLoop"
Directory: /home/cs104/cs104/hw-nyilkhan/hw5/hw5_tests/cave_tests
"Cave.LargeLoop" start time: Nov 27 11:00 PST
Output:
----------------------------------------------------------
Running main() from gtest_main.cc
Note: Google Test filter = Cave.LargeLoop
[==========] Running 1 test from 1 test case.
[----------] Global test environment set-up.
[----------] 1 test from Cave
[ RUN      ] Cave.LargeLoop
This test is executing your program with the following command line: 
/usr/bin/valgrind --tool=memcheck -q --leak-check=yes --error-exitcode=113 /home/cs104/cs104/hw-nyilkhan/hw5/cave
Your program's STDIN was piped from: /home/cs104/cs104/hw-nyilkhan/hw5/hw5_tests/cave_tests/testFiles/LargeLoop/input.txt
Your program's STDOUT was written to: /home/cs104/cs104/hw-nyilkhan/hw5/hw5_tests/cave_tests/testFiles/LargeLoop/output.txt
[       OK ] Cave.LargeLoop (571 ms)
[----------] 1 test from Cave (571 ms total)

[----------] Global test environment tear-down
[==========] 1 test from 1 test case ran. (572 ms total)
[  PASSED  ] 1 test.
<end of output>
Test time =   0.57 sec
----------------------------------------------------------
Test Passed.
"Cave.LargeLoop" end time: Nov 27 11:00 PST
"Cave.LargeLoop" time elapsed: 00:00:00
----------------------------------------------------------

8/61 Testing: Cave.LoopRetrace
8/61 Test: Cave.LoopRetrace
Command: "/home/cs104/cs104/hw-nyilkhan/hw5/hw5_tests/cave_tests/cave_test" "--gtest_filter=Cave.LoopRetrace"
Directory: /home/cs104/cs104/hw-nyilkhan/hw5/hw5_tests/cave_tests
"Cave.LoopRetrace" start time: Nov 27 11:00 PST
Output:
----------------------------------------------------------
Running main() from gtest_main.cc
Note: Google Test filter = Cave.LoopRetrace
[==========] Running 1 test from 1 test case.
[----------] Global test environment set-up.
[----------] 1 test from Cave
[ RUN      ] Cave.LoopRetrace
This test is executing your program with the following command line: 
/usr/bin/valgrind --tool=memcheck -q --leak-check=yes --error-exitcode=113 /home/cs104/cs104/hw-nyilkhan/hw5/cave
Your program's STDIN was piped from: /home/cs104/cs104/hw-nyilkhan/hw5/hw5_tests/cave_tests/testFiles/LoopRetrace/input.txt
Your program's STDOUT was written to: /home/cs104/cs104/hw-nyilkhan/hw5/hw5_tests/cave_tests/testFiles/LoopRetrace/output.txt
[       OK ] Cave.LoopRetrace (582 ms)
[----------] 1 test from Cave (582 ms total)

[----------] Global test environment tear-down
[==========] 1 test from 1 test case ran. (582 ms total)
[  PASSED  ] 1 test.
<end of output>
Test time =   0.58 sec
----------------------------------------------------------
Test Passed.
"Cave.LoopRetrace" end time: Nov 27 11:00 PST
"Cave.LoopRetrace" time elapsed: 00:00:00
----------------------------------------------------------

9/61 Testing: Cave.Branching
9/61 Test: Cave.Branching
Command: "/home/cs104/cs104/hw-nyilkhan/hw5/hw5_tests/cave_tests/cave_test" "--gtest_filter=Cave.Branching"
Directory: /home/cs104/cs104/hw-nyilkhan/hw5/hw5_tests/cave_tests
"Cave.Branching" start time: Nov 27 11:00 PST
Output:
----------------------------------------------------------
Running main() from gtest_main.cc
Note: Google Test filter = Cave.Branching
[==========] Running 1 test from 1 test case.
[----------] Global test environment set-up.
[----------] 1 test from Cave
[ RUN      ] Cave.Branching
This test is executing your program with the following command line: 
/usr/bin/valgrind --tool=memcheck -q --leak-check=yes --error-exitcode=113 /home/cs104/cs104/hw-nyilkhan/hw5/cave
Your program's STDIN was piped from: /home/cs104/cs104/hw-nyilkhan/hw5/hw5_tests/cave_tests/testFiles/Branching/input.txt
Your program's STDOUT was written to: /home/cs104/cs104/hw-nyilkhan/hw5/hw5_tests/cave_tests/testFiles/Branching/output.txt
[       OK ] Cave.Branching (556 ms)
[----------] 1 test from Cave (556 ms total)

[----------] Global test environment tear-down
[==========] 1 test from 1 test case ran. (556 ms total)
[  PASSED  ] 1 test.
<end of output>
Test time =   0.56 sec
----------------------------------------------------------
Test Passed.
"Cave.Branching" end time: Nov 27 11:00 PST
"Cave.Branching" time elapsed: 00:00:00
----------------------------------------------------------

10/61 Testing: Cave.RightMovesWrongOrder
10/61 Test: Cave.RightMovesWrongOrder
Command: "/home/cs104/cs104/hw-nyilkhan/hw5/hw5_tests/cave_tests/cave_test" "--gtest_filter=Cave.RightMovesWrongOrder"
Directory: /home/cs104/cs104/hw-nyilkhan/hw5/hw5_tests/cave_tests
"Cave.RightMovesWrongOrder" start time: Nov 27 11:00 PST
Output:
----------------------------------------------------------
Running main() from gtest_main.cc
Note: Google Test filter = Cave.RightMovesWrongOrder
[==========] Running 1 test from 1 test case.
[----------] Global test environment set-up.
[----------] 1 test from Cave
[ RUN      ] Cave.RightMovesWrongOrder
This test is executing your program with the following command line: 
/usr/bin/valgrind --tool=memcheck -q --leak-check=yes --error-exitcode=113 /home/cs104/cs104/hw-nyilkhan/hw5/cave
Your program's STDIN was piped from: /home/cs104/cs104/hw-nyilkhan/hw5/hw5_tests/cave_tests/testFiles/Branching/input.txt
Your program's STDOUT was written to: /home/cs104/cs104/hw-nyilkhan/hw5/hw5_tests/cave_tests/testFiles/Branching/output.txt
[       OK ] Cave.RightMovesWrongOrder (610 ms)
[----------] 1 test from Cave (610 ms total)

[----------] Global test environment tear-down
[==========] 1 test from 1 test case ran. (610 ms total)
[  PASSED  ] 1 test.
<end of output>
Test time =   0.61 sec
----------------------------------------------------------
Test Passed.
"Cave.RightMovesWrongOrder" end time: Nov 27 11:00 PST
"Cave.RightMovesWrongOrder" time elapsed: 00:00:00
----------------------------------------------------------

11/61 Testing: CaveStress.TenThousandMoves
11/61 Test: CaveStress.TenThousandMoves
Command: "/home/cs104/cs104/hw-nyilkhan/hw5/hw5_tests/cave_tests/cave_test" "--gtest_filter=CaveStress.TenThousandMoves"
Directory: /home/cs104/cs104/hw-nyilkhan/hw5/hw5_tests/cave_tests
"CaveStress.TenThousandMoves" start time: Nov 27 11:00 PST
Output:
----------------------------------------------------------
Running main() from gtest_main.cc
Note: Google Test filter = CaveStress.TenThousandMoves
[==========] Running 1 test from 1 test case.
[----------] Global test environment set-up.
[----------] 1 test from CaveStress
[ RUN      ] CaveStress.TenThousandMoves
This test is executing your program with the following command line: 
/usr/bin/valgrind --tool=memcheck -q --leak-check=yes --error-exitcode=113 /home/cs104/cs104/hw-nyilkhan/hw5/cave
Your program's STDIN was piped from: /home/cs104/cs104/hw-nyilkhan/hw5/hw5_tests/cave_tests/testFiles/TenThousandMoves/input.txt
Your program's STDOUT was written to: /home/cs104/cs104/hw-nyilkhan/hw5/hw5_tests/cave_tests/testFiles/TenThousandMoves/output.txt
[       OK ] CaveStress.TenThousandMoves (626 ms)
[----------] 1 test from CaveStress (626 ms total)

[----------] Global test environment tear-down
[==========] 1 test from 1 test case ran. (626 ms total)
[  PASSED  ] 1 test.
<end of output>
Test time =   0.63 sec
----------------------------------------------------------
Test Passed.
"CaveStress.TenThousandMoves" end time: Nov 27 11:00 PST
"CaveStress.TenThousandMoves" time elapsed: 00:00:00
----------------------------------------------------------

12/61 Testing: CaveStress.RandomMovements
12/61 Test: CaveStress.RandomMovements
Command: "/home/cs104/cs104/hw-nyilkhan/hw5/hw5_tests/cave_tests/cave_test" "--gtest_filter=CaveStress.RandomMovements"
Directory: /home/cs104/cs104/hw-nyilkhan/hw5/hw5_tests/cave_tests
"CaveStress.RandomMovements" start time: Nov 27 11:00 PST
Output:
----------------------------------------------------------
Running main() from gtest_main.cc
Note: Google Test filter = CaveStress.RandomMovements
[==========] Running 1 test from 1 test case.
[----------] Global test environment set-up.
[----------] 1 test from CaveStress
[ RUN      ] CaveStress.RandomMovements
This test is executing your program with the following command line: 
/home/cs104/cs104/hw-nyilkhan/hw5/cave
Your program's STDIN was piped from: /home/cs104/cs104/hw-nyilkhan/hw5/hw5_tests/cave_tests/testFiles/RandomMovements/input.txt
Your program's STDOUT was written to: /home/cs104/cs104/hw-nyilkhan/hw5/hw5_tests/cave_tests/testFiles/RandomMovements/output.txt
This test is executing your program with the following command line: 
/home/cs104/cs104/hw-nyilkhan/hw5/cave
Your program's STDIN was piped from: /home/cs104/cs104/hw-nyilkhan/hw5/hw5_tests/cave_tests/testFiles/RandomMovements/input.txt
Your program's STDOUT was written to: /home/cs104/cs104/hw-nyilkhan/hw5/hw5_tests/cave_tests/testFiles/RandomMovements/output.txt
This test is executing your program with the following command line: 
/home/cs104/cs104/hw-nyilkhan/hw5/cave
Your program's STDIN was piped from: /home/cs104/cs104/hw-nyilkhan/hw5/hw5_tests/cave_tests/testFiles/RandomMovements/input.txt
Your program's STDOUT was written to: /home/cs104/cs104/hw-nyilkhan/hw5/hw5_tests/cave_tests/testFiles/RandomMovements/output.txt
This test is executing your program with the following command line: 
/home/cs104/cs104/hw-nyilkhan/hw5/cave
Your program's STDIN was piped from: /home/cs104/cs104/hw-nyilkhan/hw5/hw5_tests/cave_tests/testFiles/RandomMovements/input.txt
Your program's STDOUT was written to: /home/cs104/cs104/hw-nyilkhan/hw5/hw5_tests/cave_tests/testFiles/RandomMovements/output.txt
This test is executing your program with the following command line: 
/home/cs104/cs104/hw-nyilkhan/hw5/cave
Your program's STDIN was piped from: /home/cs104/cs104/hw-nyilkhan/hw5/hw5_tests/cave_tests/testFiles/RandomMovements/input.txt
Your program's STDOUT was written to: /home/cs104/cs104/hw-nyilkhan/hw5/hw5_tests/cave_tests/testFiles/RandomMovements/output.txt
This test is executing your program with the following command line: 
/home/cs104/cs104/hw-nyilkhan/hw5/cave
Your program's STDIN was piped from: /home/cs104/cs104/hw-nyilkhan/hw5/hw5_tests/cave_tests/testFiles/RandomMovements/input.txt
Your program's STDOUT was written to: /home/cs104/cs104/hw-nyilkhan/hw5/hw5_tests/cave_tests/testFiles/RandomMovements/output.txt
This test is executing your program with the following command line: 
/home/cs104/cs104/hw-nyilkhan/hw5/cave
Your program's STDIN was piped from: /home/cs104/cs104/hw-nyilkhan/hw5/hw5_tests/cave_tests/testFiles/RandomMovements/input.txt
Your program's STDOUT was written to: /home/cs104/cs104/hw-nyilkhan/hw5/hw5_tests/cave_tests/testFiles/RandomMovements/output.txt
This test is executing your program with the following command line: 
/home/cs104/cs104/hw-nyilkhan/hw5/cave
Your program's STDIN was piped from: /home/cs104/cs104/hw-nyilkhan/hw5/hw5_tests/cave_tests/testFiles/RandomMovements/input.txt
Your program's STDOUT was written to: /home/cs104/cs104/hw-nyilkhan/hw5/hw5_tests/cave_tests/testFiles/RandomMovements/output.txt
This test is executing your program with the following command line: 
/home/cs104/cs104/hw-nyilkhan/hw5/cave
Your program's STDIN was piped from: /home/cs104/cs104/hw-nyilkhan/hw5/hw5_tests/cave_tests/testFiles/RandomMovements/input.txt
Your program's STDOUT was written to: /home/cs104/cs104/hw-nyilkhan/hw5/hw5_tests/cave_tests/testFiles/RandomMovements/output.txt
This test is executing your program with the following command line: 
/home/cs104/cs104/hw-nyilkhan/hw5/cave
Your program's STDIN was piped from: /home/cs104/cs104/hw-nyilkhan/hw5/hw5_tests/cave_tests/testFiles/RandomMovements/input.txt
Your program's STDOUT was written to: /home/cs104/cs104/hw-nyilkhan/hw5/hw5_tests/cave_tests/testFiles/RandomMovements/output.txt
This test is executing your program with the following command line: 
/home/cs104/cs104/hw-nyilkhan/hw5/cave
Your program's STDIN was piped from: /home/cs104/cs104/hw-nyilkhan/hw5/hw5_tests/cave_tests/testFiles/RandomMovements/input.txt
Your program's STDOUT was written to: /home/cs104/cs104/hw-nyilkhan/hw5/hw5_tests/cave_tests/testFiles/RandomMovements/output.txt
This test is executing your program with the following command line: 
/home/cs104/cs104/hw-nyilkhan/hw5/cave
Your program's STDIN was piped from: /home/cs104/cs104/hw-nyilkhan/hw5/hw5_tests/cave_tests/testFiles/RandomMovements/input.txt
Your program's STDOUT was written to: /home/cs104/cs104/hw-nyilkhan/hw5/hw5_tests/cave_tests/testFiles/RandomMovements/output.txt
This test is executing your program with the following command line: 
/home/cs104/cs104/hw-nyilkhan/hw5/cave
Your program's STDIN was piped from: /home/cs104/cs104/hw-nyilkhan/hw5/hw5_tests/cave_tests/testFiles/RandomMovements/input.txt
Your program's STDOUT was written to: /home/cs104/cs104/hw-nyilkhan/hw5/hw5_tests/cave_tests/testFiles/RandomMovements/output.txt
This test is executing your program with the following command line: 
/home/cs104/cs104/hw-nyilkhan/hw5/cave
Your program's STDIN was piped from: /home/cs104/cs104/hw-nyilkhan/hw5/hw5_tests/cave_tests/testFiles/RandomMovements/input.txt
Your program's STDOUT was written to: /home/cs104/cs104/hw-nyilkhan/hw5/hw5_tests/cave_tests/testFiles/RandomMovements/output.txt
This test is executing your program with the following command line: 
/home/cs104/cs104/hw-nyilkhan/hw5/cave
Your program's STDIN was piped from: /home/cs104/cs104/hw-nyilkhan/hw5/hw5_tests/cave_tests/testFiles/RandomMovements/input.txt
Your program's STDOUT was written to: /home/cs104/cs104/hw-nyilkhan/hw5/hw5_tests/cave_tests/testFiles/RandomMovements/output.txt
This test is executing your program with the following command line: 
/home/cs104/cs104/hw-nyilkhan/hw5/cave
Your program's STDIN was piped from: /home/cs104/cs104/hw-nyilkhan/hw5/hw5_tests/cave_tests/testFiles/RandomMovements/input.txt
Your program's STDOUT was written to: /home/cs104/cs104/hw-nyilkhan/hw5/hw5_tests/cave_tests/testFiles/RandomMovements/output.txt
This test is executing your program with the following command line: 
/home/cs104/cs104/hw-nyilkhan/hw5/cave
Your program's STDIN was piped from: /home/cs104/cs104/hw-nyilkhan/hw5/hw5_tests/cave_tests/testFiles/RandomMovements/input.txt
Your program's STDOUT was written to: /home/cs104/cs104/hw-nyilkhan/hw5/hw5_tests/cave_tests/testFiles/RandomMovements/output.txt
This test is executing your program with the following command line: 
/home/cs104/cs104/hw-nyilkhan/hw5/cave
Your program's STDIN was piped from: /home/cs104/cs104/hw-nyilkhan/hw5/hw5_tests/cave_tests/testFiles/RandomMovements/input.txt
Your program's STDOUT was written to: /home/cs104/cs104/hw-nyilkhan/hw5/hw5_tests/cave_tests/testFiles/RandomMovements/output.txt
This test is executing your program with the following command line: 
/home/cs104/cs104/hw-nyilkhan/hw5/cave
Your program's STDIN was piped from: /home/cs104/cs104/hw-nyilkhan/hw5/hw5_tests/cave_tests/testFiles/RandomMovements/input.txt
Your program's STDOUT was written to: /home/cs104/cs104/hw-nyilkhan/hw5/hw5_tests/cave_tests/testFiles/RandomMovements/output.txt
This test is executing your program with the following command line: 
/home/cs104/cs104/hw-nyilkhan/hw5/cave
Your program's STDIN was piped from: /home/cs104/cs104/hw-nyilkhan/hw5/hw5_tests/cave_tests/testFiles/RandomMovements/input.txt
Your program's STDOUT was written to: /home/cs104/cs104/hw-nyilkhan/hw5/hw5_tests/cave_tests/testFiles/RandomMovements/output.txt
This test is executing your program with the following command line: 
/home/cs104/cs104/hw-nyilkhan/hw5/cave
Your program's STDIN was piped from: /home/cs104/cs104/hw-nyilkhan/hw5/hw5_tests/cave_tests/testFiles/RandomMovements/input.txt
Your program's STDOUT was written to: /home/cs104/cs104/hw-nyilkhan/hw5/hw5_tests/cave_tests/testFiles/RandomMovements/output.txt
This test is executing your program with the following command line: 
/home/cs104/cs104/hw-nyilkhan/hw5/cave
Your program's STDIN was piped from: /home/cs104/cs104/hw-nyilkhan/hw5/hw5_tests/cave_tests/testFiles/RandomMovements/input.txt
Your program's STDOUT was written to: /home/cs104/cs104/hw-nyilkhan/hw5/hw5_tests/cave_tests/testFiles/RandomMovements/output.txt
This test is executing your program with the following command line: 
/home/cs104/cs104/hw-nyilkhan/hw5/cave
Your program's STDIN was piped from: /home/cs104/cs104/hw-nyilkhan/hw5/hw5_tests/cave_tests/testFiles/RandomMovements/input.txt
Your program's STDOUT was written to: /home/cs104/cs104/hw-nyilkhan/hw5/hw5_tests/cave_tests/testFiles/RandomMovements/output.txt
This test is executing your program with the following command line: 
/home/cs104/cs104/hw-nyilkhan/hw5/cave
Your program's STDIN was piped from: /home/cs104/cs104/hw-nyilkhan/hw5/hw5_tests/cave_tests/testFiles/RandomMovements/input.txt
Your program's STDOUT was written to: /home/cs104/cs104/hw-nyilkhan/hw5/hw5_tests/cave_tests/testFiles/RandomMovements/output.txt
This test is executing your program with the following command line: 
/home/cs104/cs104/hw-nyilkhan/hw5/cave
Your program's STDIN was piped from: /home/cs104/cs104/hw-nyilkhan/hw5/hw5_tests/cave_tests/testFiles/RandomMovements/input.txt
Your program's STDOUT was written to: /home/cs104/cs104/hw-nyilkhan/hw5/hw5_tests/cave_tests/testFiles/RandomMovements/output.txt
This test is executing your program with the following command line: 
/home/cs104/cs104/hw-nyilkhan/hw5/cave
Your program's STDIN was piped from: /home/cs104/cs104/hw-nyilkhan/hw5/hw5_tests/cave_tests/testFiles/RandomMovements/input.txt
Your program's STDOUT was written to: /home/cs104/cs104/hw-nyilkhan/hw5/hw5_tests/cave_tests/testFiles/RandomMovements/output.txt
This test is executing your program with the following command line: 
/home/cs104/cs104/hw-nyilkhan/hw5/cave
Your program's STDIN was piped from: /home/cs104/cs104/hw-nyilkhan/hw5/hw5_tests/cave_tests/testFiles/RandomMovements/input.txt
Your program's STDOUT was written to: /home/cs104/cs104/hw-nyilkhan/hw5/hw5_tests/cave_tests/testFiles/RandomMovements/output.txt
This test is executing your program with the following command line: 
/home/cs104/cs104/hw-nyilkhan/hw5/cave
Your program's STDIN was piped from: /home/cs104/cs104/hw-nyilkhan/hw5/hw5_tests/cave_tests/testFiles/RandomMovements/input.txt
Your program's STDOUT was written to: /home/cs104/cs104/hw-nyilkhan/hw5/hw5_tests/cave_tests/testFiles/RandomMovements/output.txt
This test is executing your program with the following command line: 
/home/cs104/cs104/hw-nyilkhan/hw5/cave
Your program's STDIN was piped from: /home/cs104/cs104/hw-nyilkhan/hw5/hw5_tests/cave_tests/testFiles/RandomMovements/input.txt
Your program's STDOUT was written to: /home/cs104/cs104/hw-nyilkhan/hw5/hw5_tests/cave_tests/testFiles/RandomMovements/output.txt
This test is executing your program with the following command line: 
/home/cs104/cs104/hw-nyilkhan/hw5/cave
Your program's STDIN was piped from: /home/cs104/cs104/hw-nyilkhan/hw5/hw5_tests/cave_tests/testFiles/RandomMovements/input.txt
Your program's STDOUT was written to: /home/cs104/cs104/hw-nyilkhan/hw5/hw5_tests/cave_tests/testFiles/RandomMovements/output.txt
This test is executing your program with the following command line: 
/home/cs104/cs104/hw-nyilkhan/hw5/cave
Your program's STDIN was piped from: /home/cs104/cs104/hw-nyilkhan/hw5/hw5_tests/cave_tests/testFiles/RandomMovements/input.txt
Your program's STDOUT was written to: /home/cs104/cs104/hw-nyilkhan/hw5/hw5_tests/cave_tests/testFiles/RandomMovements/output.txt
This test is executing your program with the following command line: 
/home/cs104/cs104/hw-nyilkhan/hw5/cave
Your program's STDIN was piped from: /home/cs104/cs104/hw-nyilkhan/hw5/hw5_tests/cave_tests/testFiles/RandomMovements/input.txt
Your program's STDOUT was written to: /home/cs104/cs104/hw-nyilkhan/hw5/hw5_tests/cave_tests/testFiles/RandomMovements/output.txt
This test is executing your program with the following command line: 
/home/cs104/cs104/hw-nyilkhan/hw5/cave
Your program's STDIN was piped from: /home/cs104/cs104/hw-nyilkhan/hw5/hw5_tests/cave_tests/testFiles/RandomMovements/input.txt
Your program's STDOUT was written to: /home/cs104/cs104/hw-nyilkhan/hw5/hw5_tests/cave_tests/testFiles/RandomMovements/output.txt
This test is executing your program with the following command line: 
/home/cs104/cs104/hw-nyilkhan/hw5/cave
Your program's STDIN was piped from: /home/cs104/cs104/hw-nyilkhan/hw5/hw5_tests/cave_tests/testFiles/RandomMovements/input.txt
Your program's STDOUT was written to: /home/cs104/cs104/hw-nyilkhan/hw5/hw5_tests/cave_tests/testFiles/RandomMovements/output.txt
This test is executing your program with the following command line: 
/home/cs104/cs104/hw-nyilkhan/hw5/cave
Your program's STDIN was piped from: /home/cs104/cs104/hw-nyilkhan/hw5/hw5_tests/cave_tests/testFiles/RandomMovements/input.txt
Your program's STDOUT was written to: /home/cs104/cs104/hw-nyilkhan/hw5/hw5_tests/cave_tests/testFiles/RandomMovements/output.txt
This test is executing your program with the following command line: 
/home/cs104/cs104/hw-nyilkhan/hw5/cave
Your program's STDIN was piped from: /home/cs104/cs104/hw-nyilkhan/hw5/hw5_tests/cave_tests/testFiles/RandomMovements/input.txt
Your program's STDOUT was written to: /home/cs104/cs104/hw-nyilkhan/hw5/hw5_tests/cave_tests/testFiles/RandomMovements/output.txt
This test is executing your program with the following command line: 
/home/cs104/cs104/hw-nyilkhan/hw5/cave
Your program's STDIN was piped from: /home/cs104/cs104/hw-nyilkhan/hw5/hw5_tests/cave_tests/testFiles/RandomMovements/input.txt
Your program's STDOUT was written to: /home/cs104/cs104/hw-nyilkhan/hw5/hw5_tests/cave_tests/testFiles/RandomMovements/output.txt
This test is executing your program with the following command line: 
/home/cs104/cs104/hw-nyilkhan/hw5/cave
Your program's STDIN was piped from: /home/cs104/cs104/hw-nyilkhan/hw5/hw5_tests/cave_tests/testFiles/RandomMovements/input.txt
Your program's STDOUT was written to: /home/cs104/cs104/hw-nyilkhan/hw5/hw5_tests/cave_tests/testFiles/RandomMovements/output.txt
This test is executing your program with the following command line: 
/home/cs104/cs104/hw-nyilkhan/hw5/cave
Your program's STDIN was piped from: /home/cs104/cs104/hw-nyilkhan/hw5/hw5_tests/cave_tests/testFiles/RandomMovements/input.txt
Your program's STDOUT was written to: /home/cs104/cs104/hw-nyilkhan/hw5/hw5_tests/cave_tests/testFiles/RandomMovements/output.txt
This test is executing your program with the following command line: 
/home/cs104/cs104/hw-nyilkhan/hw5/cave
Your program's STDIN was piped from: /home/cs104/cs104/hw-nyilkhan/hw5/hw5_tests/cave_tests/testFiles/RandomMovements/input.txt
Your program's STDOUT was written to: /home/cs104/cs104/hw-nyilkhan/hw5/hw5_tests/cave_tests/testFiles/RandomMovements/output.txt
This test is executing your program with the following command line: 
/home/cs104/cs104/hw-nyilkhan/hw5/cave
Your program's STDIN was piped from: /home/cs104/cs104/hw-nyilkhan/hw5/hw5_tests/cave_tests/testFiles/RandomMovements/input.txt
Your program's STDOUT was written to: /home/cs104/cs104/hw-nyilkhan/hw5/hw5_tests/cave_tests/testFiles/RandomMovements/output.txt
This test is executing your program with the following command line: 
/home/cs104/cs104/hw-nyilkhan/hw5/cave
Your program's STDIN was piped from: /home/cs104/cs104/hw-nyilkhan/hw5/hw5_tests/cave_tests/testFiles/RandomMovements/input.txt
Your program's STDOUT was written to: /home/cs104/cs104/hw-nyilkhan/hw5/hw5_tests/cave_tests/testFiles/RandomMovements/output.txt
This test is executing your program with the following command line: 
/home/cs104/cs104/hw-nyilkhan/hw5/cave
Your program's STDIN was piped from: /home/cs104/cs104/hw-nyilkhan/hw5/hw5_tests/cave_tests/testFiles/RandomMovements/input.txt
Your program's STDOUT was written to: /home/cs104/cs104/hw-nyilkhan/hw5/hw5_tests/cave_tests/testFiles/RandomMovements/output.txt
This test is executing your program with the following command line: 
/home/cs104/cs104/hw-nyilkhan/hw5/cave
Your program's STDIN was piped from: /home/cs104/cs104/hw-nyilkhan/hw5/hw5_tests/cave_tests/testFiles/RandomMovements/input.txt
Your program's STDOUT was written to: /home/cs104/cs104/hw-nyilkhan/hw5/hw5_tests/cave_tests/testFiles/RandomMovements/output.txt
This test is executing your program with the following command line: 
/home/cs104/cs104/hw-nyilkhan/hw5/cave
Your program's STDIN was piped from: /home/cs104/cs104/hw-nyilkhan/hw5/hw5_tests/cave_tests/testFiles/RandomMovements/input.txt
Your program's STDOUT was written to: /home/cs104/cs104/hw-nyilkhan/hw5/hw5_tests/cave_tests/testFiles/RandomMovements/output.txt
This test is executing your program with the following command line: 
/home/cs104/cs104/hw-nyilkhan/hw5/cave
Your program's STDIN was piped from: /home/cs104/cs104/hw-nyilkhan/hw5/hw5_tests/cave_tests/testFiles/RandomMovements/input.txt
Your program's STDOUT was written to: /home/cs104/cs104/hw-nyilkhan/hw5/hw5_tests/cave_tests/testFiles/RandomMovements/output.txt
This test is executing your program with the following command line: 
/home/cs104/cs104/hw-nyilkhan/hw5/cave
Your program's STDIN was piped from: /home/cs104/cs104/hw-nyilkhan/hw5/hw5_tests/cave_tests/testFiles/RandomMovements/input.txt
Your program's STDOUT was written to: /home/cs104/cs104/hw-nyilkhan/hw5/hw5_tests/cave_tests/testFiles/RandomMovements/output.txt
This test is executing your program with the following command line: 
/home/cs104/cs104/hw-nyilkhan/hw5/cave
Your program's STDIN was piped from: /home/cs104/cs104/hw-nyilkhan/hw5/hw5_tests/cave_tests/testFiles/RandomMovements/input.txt
Your program's STDOUT was written to: /home/cs104/cs104/hw-nyilkhan/hw5/hw5_tests/cave_tests/testFiles/RandomMovements/output.txt
This test is executing your program with the following command line: 
/home/cs104/cs104/hw-nyilkhan/hw5/cave
Your program's STDIN was piped from: /home/cs104/cs104/hw-nyilkhan/hw5/hw5_tests/cave_tests/testFiles/RandomMovements/input.txt
Your program's STDOUT was written to: /home/cs104/cs104/hw-nyilkhan/hw5/hw5_tests/cave_tests/testFiles/RandomMovements/output.txt
This test is executing your program with the following command line: 
/home/cs104/cs104/hw-nyilkhan/hw5/cave
Your program's STDIN was piped from: /home/cs104/cs104/hw-nyilkhan/hw5/hw5_tests/cave_tests/testFiles/RandomMovements/input.txt
Your program's STDOUT was written to: /home/cs104/cs104/hw-nyilkhan/hw5/hw5_tests/cave_tests/testFiles/RandomMovements/output.txt
[       OK ] CaveStress.RandomMovements (129 ms)
[----------] 1 test from CaveStress (129 ms total)

[----------] Global test environment tear-down
[==========] 1 test from 1 test case ran. (129 ms total)
[  PASSED  ] 1 test.
<end of output>
Test time =   0.13 sec
----------------------------------------------------------
Test Passed.
"CaveStress.RandomMovements" end time: Nov 27 11:00 PST
"CaveStress.RandomMovements" time elapsed: 00:00:00
----------------------------------------------------------

13/61 Testing: CaveStress.RandomCorrectPath
13/61 Test: CaveStress.RandomCorrectPath
Command: "/home/cs104/cs104/hw-nyilkhan/hw5/hw5_tests/cave_tests/cave_test" "--gtest_filter=CaveStress.RandomCorrectPath"
Directory: /home/cs104/cs104/hw-nyilkhan/hw5/hw5_tests/cave_tests
"CaveStress.RandomCorrectPath" start time: Nov 27 11:00 PST
Output:
----------------------------------------------------------
Running main() from gtest_main.cc
Note: Google Test filter = CaveStress.RandomCorrectPath
[==========] Running 1 test from 1 test case.
[----------] Global test environment set-up.
[----------] 1 test from CaveStress
[ RUN      ] CaveStress.RandomCorrectPath
ewwsesswnswnwwwnwwessssenwesessssewnsewsenwennswnwesenssweswnewnsewnnnnwnweswnnnnweeseeesensennwneew
This test is executing your program with the following command line: 
/home/cs104/cs104/hw-nyilkhan/hw5/cave
Your program's STDIN was piped from: /home/cs104/cs104/hw-nyilkhan/hw5/hw5_tests/cave_tests/testFiles/RandomCorrectPath/input.txt
Your program's STDOUT was written to: /home/cs104/cs104/hw-nyilkhan/hw5/hw5_tests/cave_tests/testFiles/RandomCorrectPath/output.txt
wsweswwwsssennneweweeeeewswsewnwsswnwsswwnnsnwwssewnneesnsseennesennesewnenewwwwwewewssswnnneeenwene
This test is executing your program with the following command line: 
/home/cs104/cs104/hw-nyilkhan/hw5/cave
Your program's STDIN was piped from: /home/cs104/cs104/hw-nyilkhan/hw5/hw5_tests/cave_tests/testFiles/RandomCorrectPath/input.txt
Your program's STDOUT was written to: /home/cs104/cs104/hw-nyilkhan/hw5/hw5_tests/cave_tests/testFiles/RandomCorrectPath/output.txt
wewnswnsswsnssnewsswnsnwewwsnnessnnwwssenwsneesseewwnnwwsneswnneessnnwssneewesnsennewsnnsnennsensewe
This test is executing your program with the following command line: 
/home/cs104/cs104/hw-nyilkhan/hw5/cave
Your program's STDIN was piped from: /home/cs104/cs104/hw-nyilkhan/hw5/hw5_tests/cave_tests/testFiles/RandomCorrectPath/input.txt
Your program's STDOUT was written to: /home/cs104/cs104/hw-nyilkhan/hw5/hw5_tests/cave_tests/testFiles/RandomCorrectPath/output.txt
newwneewnssesnwswnwnnssnswswwwwesnesnwsennnswnenwnseswsenssswnesnwsnweeeenensnnssesenesnwnnsewwseews
This test is executing your program with the following command line: 
/home/cs104/cs104/hw-nyilkhan/hw5/cave
Your program's STDIN was piped from: /home/cs104/cs104/hw-nyilkhan/hw5/hw5_tests/cave_tests/testFiles/RandomCorrectPath/input.txt
Your program's STDOUT was written to: /home/cs104/cs104/hw-nyilkhan/hw5/hw5_tests/cave_tests/testFiles/RandomCorrectPath/output.txt
sewsnwsswwsnnnwnenwnswwweeesnwwnnneswsnewswsnnenwweeswssnenewsnenwssseesnwwweeenseswsesssneennesnewn
This test is executing your program with the following command line: 
/home/cs104/cs104/hw-nyilkhan/hw5/cave
Your program's STDIN was piped from: /home/cs104/cs104/hw-nyilkhan/hw5/hw5_tests/cave_tests/testFiles/RandomCorrectPath/input.txt
Your program's STDOUT was written to: /home/cs104/cs104/hw-nyilkhan/hw5/hw5_tests/cave_tests/testFiles/RandomCorrectPath/output.txt
nneeesswenwsnssnwswsenesnssenwenwewwwnnswnwseewwweweeewwnesensseeewesweswnnsnwswnenesnnsneswennwwwss
This test is executing your program with the following command line: 
/home/cs104/cs104/hw-nyilkhan/hw5/cave
Your program's STDIN was piped from: /home/cs104/cs104/hw-nyilkhan/hw5/hw5_tests/cave_tests/testFiles/RandomCorrectPath/input.txt
Your program's STDOUT was written to: /home/cs104/cs104/hw-nyilkhan/hw5/hw5_tests/cave_tests/testFiles/RandomCorrectPath/output.txt
wssnewenewnsewsweesnssnsensewnnswwseewnweesnwnensnsnswsesnwwesewwneenssewnswnsnnsnwwenewnsewswewsnne
This test is executing your program with the following command line: 
/home/cs104/cs104/hw-nyilkhan/hw5/cave
Your program's STDIN was piped from: /home/cs104/cs104/hw-nyilkhan/hw5/hw5_tests/cave_tests/testFiles/RandomCorrectPath/input.txt
Your program's STDOUT was written to: /home/cs104/cs104/hw-nyilkhan/hw5/hw5_tests/cave_tests/testFiles/RandomCorrectPath/output.txt
nesssnwsseseewwnneewesenssnsnnwnwsnnnseennwwseeesnsnwwwneesswwnsssnesessnsnnswnwewwsseewwnwnnesnnnws
This test is executing your program with the following command line: 
/home/cs104/cs104/hw-nyilkhan/hw5/cave
Your program's STDIN was piped from: /home/cs104/cs104/hw-nyilkhan/hw5/hw5_tests/cave_tests/testFiles/RandomCorrectPath/input.txt
Your program's STDOUT was written to: /home/cs104/cs104/hw-nyilkhan/hw5/hw5_tests/cave_tests/testFiles/RandomCorrectPath/output.txt
enssenwnwswesnesnewseswewwnesswesneewswwsnwnnwsenweswnessesneenewwsnwennwseewenwnewsnwsnweneseswnnsw
This test is executing your program with the following command line: 
/home/cs104/cs104/hw-nyilkhan/hw5/cave
Your program's STDIN was piped from: /home/cs104/cs104/hw-nyilkhan/hw5/hw5_tests/cave_tests/testFiles/RandomCorrectPath/input.txt
Your program's STDOUT was written to: /home/cs104/cs104/hw-nyilkhan/hw5/hw5_tests/cave_tests/testFiles/RandomCorrectPath/output.txt
enwnnwwswwwwewwwesenwensnennwwnwenwewewwenssnenennsswswsnnsweewewesweseesswsnsweswnweeeweeeeneessesw
This test is executing your program with the following command line: 
/home/cs104/cs104/hw-nyilkhan/hw5/cave
Your program's STDIN was piped from: /home/cs104/cs104/hw-nyilkhan/hw5/hw5_tests/cave_tests/testFiles/RandomCorrectPath/input.txt
Your program's STDOUT was written to: /home/cs104/cs104/hw-nyilkhan/hw5/hw5_tests/cave_tests/testFiles/RandomCorrectPath/output.txt
nwessewnewnenennnnneeseswwwssnneeeswnweenenwnsweeewwwenseswswwesenwwwssnneeenwnwwssssswswsewsewnnwes
This test is executing your program with the following command line: 
/home/cs104/cs104/hw-nyilkhan/hw5/cave
Your program's STDIN was piped from: /home/cs104/cs104/hw-nyilkhan/hw5/hw5_tests/cave_tests/testFiles/RandomCorrectPath/input.txt
Your program's STDOUT was written to: /home/cs104/cs104/hw-nyilkhan/hw5/hw5_tests/cave_tests/testFiles/RandomCorrectPath/output.txt
snwsseswwwnsewsnnwssswssnsensnwnewnwweewwweesennnewssswnwweeewweesewsesnswnsnnennnessnewnseeenwnnesn
This test is executing your program with the following command line: 
/home/cs104/cs104/hw-nyilkhan/hw5/cave
Your program's STDIN was piped from: /home/cs104/cs104/hw-nyilkhan/hw5/hw5_tests/cave_tests/testFiles/RandomCorrectPath/input.txt
Your program's STDOUT was written to: /home/cs104/cs104/hw-nyilkhan/hw5/hw5_tests/cave_tests/testFiles/RandomCorrectPath/output.txt
swneesnswwnsneewnsseenswnnwswwssnenwewwsewwnwweenweswweeseewneeweswsnneenessenswwnnsewwsnseensnwwsen
This test is executing your program with the following command line: 
/home/cs104/cs104/hw-nyilkhan/hw5/cave
Your program's STDIN was piped from: /home/cs104/cs104/hw-nyilkhan/hw5/hw5_tests/cave_tests/testFiles/RandomCorrectPath/input.txt
Your program's STDOUT was written to: /home/cs104/cs104/hw-nyilkhan/hw5/hw5_tests/cave_tests/testFiles/RandomCorrectPath/output.txt
nseewwwnwenwwswsnsnssweswnnwnwesennnnesnsennwssnesnwsnnesswnsnwsssswnwesessenwennsnsneneesweseeewwns
This test is executing your program with the following command line: 
/home/cs104/cs104/hw-nyilkhan/hw5/cave
Your program's STDIN was piped from: /home/cs104/cs104/hw-nyilkhan/hw5/hw5_tests/cave_tests/testFiles/RandomCorrectPath/input.txt
Your program's STDOUT was written to: /home/cs104/cs104/hw-nyilkhan/hw5/hw5_tests/cave_tests/testFiles/RandomCorrectPath/output.txt
eweennewenweeesnnnwnseeennnnnesessessneseenwsewsnwesnewneswwnwsnnwnnwnwssssswwwnsesssnwwweswewsswwew
This test is executing your program with the following command line: 
/home/cs104/cs104/hw-nyilkhan/hw5/cave
Your program's STDIN was piped from: /home/cs104/cs104/hw-nyilkhan/hw5/hw5_tests/cave_tests/testFiles/RandomCorrectPath/input.txt
Your program's STDOUT was written to: /home/cs104/cs104/hw-nyilkhan/hw5/hw5_tests/cave_tests/testFiles/RandomCorrectPath/output.txt
nnsnwnsesenwesnnsewwnsswnewenwneswwseweewsneswwnewewseenwsnewwewneenwseswewsennseewnssnweswnwnsesnss
This test is executing your program with the following command line: 
/home/cs104/cs104/hw-nyilkhan/hw5/cave
Your program's STDIN was piped from: /home/cs104/cs104/hw-nyilkhan/hw5/hw5_tests/cave_tests/testFiles/RandomCorrectPath/input.txt
Your program's STDOUT was written to: /home/cs104/cs104/hw-nyilkhan/hw5/hw5_tests/cave_tests/testFiles/RandomCorrectPath/output.txt
enseweeswwnwnsewsnnewesweswwnsssenesseeswnweseewesnwewwnwesenwwnnwswnnnseenwenwewssnewnseseenwwewnsw
This test is executing your program with the following command line: 
/home/cs104/cs104/hw-nyilkhan/hw5/cave
Your program's STDIN was piped from: /home/cs104/cs104/hw-nyilkhan/hw5/hw5_tests/cave_tests/testFiles/RandomCorrectPath/input.txt
Your program's STDOUT was written to: /home/cs104/cs104/hw-nyilkhan/hw5/hw5_tests/cave_tests/testFiles/RandomCorrectPath/output.txt
nennenewnwewewnseenweewswnnnswewesssswsnsnewweneswenwsweewsnsnennnnwewensssenewweswwnsewewesewswssws
This test is executing your program with the following command line: 
/home/cs104/cs104/hw-nyilkhan/hw5/cave
Your program's STDIN was piped from: /home/cs104/cs104/hw-nyilkhan/hw5/hw5_tests/cave_tests/testFiles/RandomCorrectPath/input.txt
Your program's STDOUT was written to: /home/cs104/cs104/hw-nyilkhan/hw5/hw5_tests/cave_tests/testFiles/RandomCorrectPath/output.txt
sessewenenswseseswewnnnnewwnnwnnwnnnsnwewnnnnswnwsnesenssssewesnsssessesseewssssewenwnwnenswswewnnwn
This test is executing your program with the following command line: 
/home/cs104/cs104/hw-nyilkhan/hw5/cave
Your program's STDIN was piped from: /home/cs104/cs104/hw-nyilkhan/hw5/hw5_tests/cave_tests/testFiles/RandomCorrectPath/input.txt
Your program's STDOUT was written to: /home/cs104/cs104/hw-nyilkhan/hw5/hw5_tests/cave_tests/testFiles/RandomCorrectPath/output.txt
senwnesnennweewwnssnnwswwnnsnwenweweswwswnsnenewwnseewswsnseneenweweswesnsseenessnnseewwesswsnwseswn
This test is executing your program with the following command line: 
/home/cs104/cs104/hw-nyilkhan/hw5/cave
Your program's STDIN was piped from: /home/cs104/cs104/hw-nyilkhan/hw5/hw5_tests/cave_tests/testFiles/RandomCorrectPath/input.txt
Your program's STDOUT was written to: /home/cs104/cs104/hw-nyilkhan/hw5/hw5_tests/cave_tests/testFiles/RandomCorrectPath/output.txt
wenwwnewwsnnnennewewenswewwennsnwwenweensesenneswnsenwsswnwnswwesweesnssweewenswewewsswsssneewseeswe
This test is executing your program with the following command line: 
/home/cs104/cs104/hw-nyilkhan/hw5/cave
Your program's STDIN was piped from: /home/cs104/cs104/hw-nyilkhan/hw5/hw5_tests/cave_tests/testFiles/RandomCorrectPath/input.txt
Your program's STDOUT was written to: /home/cs104/cs104/hw-nyilkhan/hw5/hw5_tests/cave_tests/testFiles/RandomCorrectPath/output.txt
neennwewwwwsnnnnnewwenssnnennwewnneewweeewswnwsnewewsnesenewwweewwssewesswssnnsweewsssssneeeewesswws
This test is executing your program with the following command line: 
/home/cs104/cs104/hw-nyilkhan/hw5/cave
Your program's STDIN was piped from: /home/cs104/cs104/hw-nyilkhan/hw5/hw5_tests/cave_tests/testFiles/RandomCorrectPath/input.txt
Your program's STDOUT was written to: /home/cs104/cs104/hw-nyilkhan/hw5/hw5_tests/cave_tests/testFiles/RandomCorrectPath/output.txt
ssnnsennnessnswsennwswwewesseenswnsnwswwneenwwsswewenneeswwseenesnsenswwnnweweenesswnensnnwssswnssnn
This test is executing your program with the following command line: 
/home/cs104/cs104/hw-nyilkhan/hw5/cave
Your program's STDIN was piped from: /home/cs104/cs104/hw-nyilkhan/hw5/hw5_tests/cave_tests/testFiles/RandomCorrectPath/input.txt
Your program's STDOUT was written to: /home/cs104/cs104/hw-nyilkhan/hw5/hw5_tests/cave_tests/testFiles/RandomCorrectPath/output.txt
eseeeswsssnennnneewswesenwwesenewnwswwswenssnsennsnsswnsnnsweneenesewswnweeswnwenewwsssswsnnnenwwwnw
This test is executing your program with the following command line: 
/home/cs104/cs104/hw-nyilkhan/hw5/cave
Your program's STDIN was piped from: /home/cs104/cs104/hw-nyilkhan/hw5/hw5_tests/cave_tests/testFiles/RandomCorrectPath/input.txt
Your program's STDOUT was written to: /home/cs104/cs104/hw-nyilkhan/hw5/hw5_tests/cave_tests/testFiles/RandomCorrectPath/output.txt
enewneweswnessssewsswewsewnneeesseewssseeewnnsnwsnsnesnssewwwnnnewwnnwwwssewnewennewnnnnwsenwewsewsw
This test is executing your program with the following command line: 
/home/cs104/cs104/hw-nyilkhan/hw5/cave
Your program's STDIN was piped from: /home/cs104/cs104/hw-nyilkhan/hw5/hw5_tests/cave_tests/testFiles/RandomCorrectPath/input.txt
Your program's STDOUT was written to: /home/cs104/cs104/hw-nyilkhan/hw5/hw5_tests/cave_tests/testFiles/RandomCorrectPath/output.txt
seenesnwsnsswsnsnennesewssnneneenwnnnnesssweeennesnwsswwwennnwsssseswwswssnnewnwsswsnsnennsnesnwswwn
This test is executing your program with the following command line: 
/home/cs104/cs104/hw-nyilkhan/hw5/cave
Your program's STDIN was piped from: /home/cs104/cs104/hw-nyilkhan/hw5/hw5_tests/cave_tests/testFiles/RandomCorrectPath/input.txt
Your program's STDOUT was written to: /home/cs104/cs104/hw-nyilkhan/hw5/hw5_tests/cave_tests/testFiles/RandomCorrectPath/output.txt
enwwnnswsseswswwwweennwnsessswneensnwnssnwnwwnnwenswesseesesnnsesnswwsennnwnsesswweeeenenwnnensseesw
This test is executing your program with the following command line: 
/home/cs104/cs104/hw-nyilkhan/hw5/cave
Your program's STDIN was piped from: /home/cs104/cs104/hw-nyilkhan/hw5/hw5_tests/cave_tests/testFiles/RandomCorrectPath/input.txt
Your program's STDOUT was written to: /home/cs104/cs104/hw-nyilkhan/hw5/hw5_tests/cave_tests/testFiles/RandomCorrectPath/output.txt
wnsewwwwnsnnnwwwesnwesenswnwnnssenwesewwseeenewnnnsssewswwwneewnweswnnssesenswnwesnweeesssnseeeewnse
This test is executing your program with the following command line: 
/home/cs104/cs104/hw-nyilkhan/hw5/cave
Your program's STDIN was piped from: /home/cs104/cs104/hw-nyilkhan/hw5/hw5_tests/cave_tests/testFiles/RandomCorrectPath/input.txt
Your program's STDOUT was written to: /home/cs104/cs104/hw-nyilkhan/hw5/hw5_tests/cave_tests/testFiles/RandomCorrectPath/output.txt
nswswsnenwssnnnwwsnwnnnswnwsssswswwesewenwnnnwswnsnsenessseswewnweenennnnesensssesneesssnneswsnenens
This test is executing your program with the following command line: 
/home/cs104/cs104/hw-nyilkhan/hw5/cave
Your program's STDIN was piped from: /home/cs104/cs104/hw-nyilkhan/hw5/hw5_tests/cave_tests/testFiles/RandomCorrectPath/input.txt
Your program's STDOUT was written to: /home/cs104/cs104/hw-nyilkhan/hw5/hw5_tests/cave_tests/testFiles/RandomCorrectPath/output.txt
swesnnwnnnwweewenesnewewnseeewswnseeennewesewnesnwesnwsewnwewsswwwnsenewwwnsewewsnwswewweesssessnwen
This test is executing your program with the following command line: 
/home/cs104/cs104/hw-nyilkhan/hw5/cave
Your program's STDIN was piped from: /home/cs104/cs104/hw-nyilkhan/hw5/hw5_tests/cave_tests/testFiles/RandomCorrectPath/input.txt
Your program's STDOUT was written to: /home/cs104/cs104/hw-nyilkhan/hw5/hw5_tests/cave_tests/testFiles/RandomCorrectPath/output.txt
nseswenseewenwnwesnswwnnesnsnnswnnnewnneenesnwswewewenesnwswwssewsssenssnsnwsseensnweseswewwnswenwns
This test is executing your program with the following command line: 
/home/cs104/cs104/hw-nyilkhan/hw5/cave
Your program's STDIN was piped from: /home/cs104/cs104/hw-nyilkhan/hw5/hw5_tests/cave_tests/testFiles/RandomCorrectPath/input.txt
Your program's STDOUT was written to: /home/cs104/cs104/hw-nyilkhan/hw5/hw5_tests/cave_tests/testFiles/RandomCorrectPath/output.txt
sessewseesnssnwwwswwsensenesnwweenssesenwesneennswensswwsnweswnwnnswweesnwswnswneeneeesnnsnwwnewnnwn
This test is executing your program with the following command line: 
/home/cs104/cs104/hw-nyilkhan/hw5/cave
Your program's STDIN was piped from: /home/cs104/cs104/hw-nyilkhan/hw5/hw5_tests/cave_tests/testFiles/RandomCorrectPath/input.txt
Your program's STDOUT was written to: /home/cs104/cs104/hw-nyilkhan/hw5/hw5_tests/cave_tests/testFiles/RandomCorrectPath/output.txt
snnseswssewnwewssnnewnnsweessnnsssswewswesennssewsnewnnsswnwenewennnnssnnwwenssewssnnewesewnnenwnssn
This test is executing your program with the following command line: 
/home/cs104/cs104/hw-nyilkhan/hw5/cave
Your program's STDIN was piped from: /home/cs104/cs104/hw-nyilkhan/hw5/hw5_tests/cave_tests/testFiles/RandomCorrectPath/input.txt
Your program's STDOUT was written to: /home/cs104/cs104/hw-nyilkhan/hw5/hw5_tests/cave_tests/testFiles/RandomCorrectPath/output.txt
nnsseeennnsnwneeenewessnwnnwseeseewsewssnwnwnsewssnnewnsesesnnewnewwnwwnessesnnwewswwwsesnssswwwnnss
This test is executing your program with the following command line: 
/home/cs104/cs104/hw-nyilkhan/hw5/cave
Your program's STDIN was piped from: /home/cs104/cs104/hw-nyilkhan/hw5/hw5_tests/cave_tests/testFiles/RandomCorrectPath/input.txt
Your program's STDOUT was written to: /home/cs104/cs104/hw-nyilkhan/hw5/hw5_tests/cave_tests/testFiles/RandomCorrectPath/output.txt
sesenwswwweswewnnnnwnssesewswnwesneeswensssnseeswsnenwwnsnnnswenwwsnwesenewnwnnsessssewenweeeneswnwn
This test is executing your program with the following command line: 
/home/cs104/cs104/hw-nyilkhan/hw5/cave
Your program's STDIN was piped from: /home/cs104/cs104/hw-nyilkhan/hw5/hw5_tests/cave_tests/testFiles/RandomCorrectPath/input.txt
Your program's STDOUT was written to: /home/cs104/cs104/hw-nyilkhan/hw5/hw5_tests/cave_tests/testFiles/RandomCorrectPath/output.txt
wnsewnswnswsswswweeneswnnswwwneenwswwnswewsnwwseesnwwneesnewenseeneswwseeenssenwswweenennensensewnse
This test is executing your program with the following command line: 
/home/cs104/cs104/hw-nyilkhan/hw5/cave
Your program's STDIN was piped from: /home/cs104/cs104/hw-nyilkhan/hw5/hw5_tests/cave_tests/testFiles/RandomCorrectPath/input.txt
Your program's STDOUT was written to: /home/cs104/cs104/hw-nyilkhan/hw5/hw5_tests/cave_tests/testFiles/RandomCorrectPath/output.txt
sseneneeneewsseswwweeennnwnneswsewnswnswnsensewsnwesnewnswnsensensewnenwssessswwweeenwnnewwswwswswnn
This test is executing your program with the following command line: 
/home/cs104/cs104/hw-nyilkhan/hw5/cave
Your program's STDIN was piped from: /home/cs104/cs104/hw-nyilkhan/hw5/hw5_tests/cave_tests/testFiles/RandomCorrectPath/input.txt
Your program's STDOUT was written to: /home/cs104/cs104/hw-nyilkhan/hw5/hw5_tests/cave_tests/testFiles/RandomCorrectPath/output.txt
wswennesnsnwewssewsnnsnsssswwnnnsswewswwwwwwesenwsneswnweeeeeenewennssseennnnsnssnewnnewesnsnwsswene
This test is executing your program with the following command line: 
/home/cs104/cs104/hw-nyilkhan/hw5/cave
Your program's STDIN was piped from: /home/cs104/cs104/hw-nyilkhan/hw5/hw5_tests/cave_tests/testFiles/RandomCorrectPath/input.txt
Your program's STDOUT was written to: /home/cs104/cs104/hw-nyilkhan/hw5/hw5_tests/cave_tests/testFiles/RandomCorrectPath/output.txt
nswnsesesnswswnnswwwweswnwsnesnssnneewenswwsnsnssewnnsnsneenswewwssnnsnwsnesenweeeenssenensnwnwnsens
This test is executing your program with the following command line: 
/home/cs104/cs104/hw-nyilkhan/hw5/cave
Your program's STDIN was piped from: /home/cs104/cs104/hw-nyilkhan/hw5/hw5_tests/cave_tests/testFiles/RandomCorrectPath/input.txt
Your program's STDOUT was written to: /home/cs104/cs104/hw-nyilkhan/hw5/hw5_tests/cave_tests/testFiles/RandomCorrectPath/output.txt
esenessensnsnsesenwwseswnsswsswwnenseneewssnwnwnssnnsesesnnewwswnswseennennsenwneeswnwnsnsnswnnwswnw
This test is executing your program with the following command line: 
/home/cs104/cs104/hw-nyilkhan/hw5/cave
Your program's STDIN was piped from: /home/cs104/cs104/hw-nyilkhan/hw5/hw5_tests/cave_tests/testFiles/RandomCorrectPath/input.txt
Your program's STDOUT was written to: /home/cs104/cs104/hw-nyilkhan/hw5/hw5_tests/cave_tests/testFiles/RandomCorrectPath/output.txt
newnseseseseseeewewwesewswnnessnssesensenwnnwnneewewwssesseswnswnwnnsnnwssenewnweewewwwnwnwnwnwnsews
This test is executing your program with the following command line: 
/home/cs104/cs104/hw-nyilkhan/hw5/cave
Your program's STDIN was piped from: /home/cs104/cs104/hw-nyilkhan/hw5/hw5_tests/cave_tests/testFiles/RandomCorrectPath/input.txt
Your program's STDOUT was written to: /home/cs104/cs104/hw-nyilkhan/hw5/hw5_tests/cave_tests/testFiles/RandomCorrectPath/output.txt
sssneensnsnwswseewnenneweweswswweewsenwnssnweeewsnsnewwwesnnseswnewweenenwewewsswsewwnenesnsnswwsnnn
This test is executing your program with the following command line: 
/home/cs104/cs104/hw-nyilkhan/hw5/cave
Your program's STDIN was piped from: /home/cs104/cs104/hw-nyilkhan/hw5/hw5_tests/cave_tests/testFiles/RandomCorrectPath/input.txt
Your program's STDOUT was written to: /home/cs104/cs104/hw-nyilkhan/hw5/hw5_tests/cave_tests/testFiles/RandomCorrectPath/output.txt
nsweennnsnewssnwessnneswsswnsensnseensssnwswweweesnwweweenesnnnswwnsnswnsennenwssnnwesnnewsnssswwens
This test is executing your program with the following command line: 
/home/cs104/cs104/hw-nyilkhan/hw5/cave
Your program's STDIN was piped from: /home/cs104/cs104/hw-nyilkhan/hw5/hw5_tests/cave_tests/testFiles/RandomCorrectPath/input.txt
Your program's STDOUT was written to: /home/cs104/cs104/hw-nyilkhan/hw5/hw5_tests/cave_tests/testFiles/RandomCorrectPath/output.txt
ewnweeesensnwwwnwsswnnseswweeweenwwenensesnsewnnesnwssewnsnwnswsweeswwewweenwnssenneseeesnswnwwwesew
This test is executing your program with the following command line: 
/home/cs104/cs104/hw-nyilkhan/hw5/cave
Your program's STDIN was piped from: /home/cs104/cs104/hw-nyilkhan/hw5/hw5_tests/cave_tests/testFiles/RandomCorrectPath/input.txt
Your program's STDOUT was written to: /home/cs104/cs104/hw-nyilkhan/hw5/hw5_tests/cave_tests/testFiles/RandomCorrectPath/output.txt
seewswenenewnnwwwwseswnwenewsennnsneennweewnwnnewewewssesewwesswwsnssswnewswesenwneeeessewswswenewwn
This test is executing your program with the following command line: 
/home/cs104/cs104/hw-nyilkhan/hw5/cave
Your program's STDIN was piped from: /home/cs104/cs104/hw-nyilkhan/hw5/hw5_tests/cave_tests/testFiles/RandomCorrectPath/input.txt
Your program's STDOUT was written to: /home/cs104/cs104/hw-nyilkhan/hw5/hw5_tests/cave_tests/testFiles/RandomCorrectPath/output.txt
wweewsweswwnnseeswnwwnenswsewwsssenenswenessnwwesnsnweesnnwswenswswnnneewnenswseesenwwnsseenwenewwee
This test is executing your program with the following command line: 
/home/cs104/cs104/hw-nyilkhan/hw5/cave
Your program's STDIN was piped from: /home/cs104/cs104/hw-nyilkhan/hw5/hw5_tests/cave_tests/testFiles/RandomCorrectPath/input.txt
Your program's STDOUT was written to: /home/cs104/cs104/hw-nyilkhan/hw5/hw5_tests/cave_tests/testFiles/RandomCorrectPath/output.txt
weswesseesweeennewwswessnwnwseeeeneewwnwewnnenswswenenswsseweseewwswwwwnesesnnweneewsswwwenwwnnwenwe
This test is executing your program with the following command line: 
/home/cs104/cs104/hw-nyilkhan/hw5/cave
Your program's STDIN was piped from: /home/cs104/cs104/hw-nyilkhan/hw5/hw5_tests/cave_tests/testFiles/RandomCorrectPath/input.txt
Your program's STDOUT was written to: /home/cs104/cs104/hw-nyilkhan/hw5/hw5_tests/cave_tests/testFiles/RandomCorrectPath/output.txt
sessnewwwwswwwsnewnnsennwnsewseeewswsweswesewenensnswswewnwenwenenewwwnewnsesswnssewsneeeneeeewsnnwn
This test is executing your program with the following command line: 
/home/cs104/cs104/hw-nyilkhan/hw5/cave
Your program's STDIN was piped from: /home/cs104/cs104/hw-nyilkhan/hw5/hw5_tests/cave_tests/testFiles/RandomCorrectPath/input.txt
Your program's STDOUT was written to: /home/cs104/cs104/hw-nyilkhan/hw5/hw5_tests/cave_tests/testFiles/RandomCorrectPath/output.txt
nwsenesswwewsweeeweweswswsennwwwewweseewnsnnennwewewesswssnsewwnweeweeesswnenenwewewwweneweennwswnes
This test is executing your program with the following command line: 
/home/cs104/cs104/hw-nyilkhan/hw5/cave
Your program's STDIN was piped from: /home/cs104/cs104/hw-nyilkhan/hw5/hw5_tests/cave_tests/testFiles/RandomCorrectPath/input.txt
Your program's STDOUT was written to: /home/cs104/cs104/hw-nyilkhan/hw5/hw5_tests/cave_tests/testFiles/RandomCorrectPath/output.txt
nwnwewwsnwnseeswneennsseneweewennnsseensswwwneenwsneswwseeennswwnnssswewwewswnnsswwsenwwnsesneeweses
This test is executing your program with the following command line: 
/home/cs104/cs104/hw-nyilkhan/hw5/cave
Your program's STDIN was piped from: /home/cs104/cs104/hw-nyilkhan/hw5/hw5_tests/cave_tests/testFiles/RandomCorrectPath/input.txt
Your program's STDOUT was written to: /home/cs104/cs104/hw-nyilkhan/hw5/hw5_tests/cave_tests/testFiles/RandomCorrectPath/output.txt
[       OK ] CaveStress.RandomCorrectPath (121 ms)
[----------] 1 test from CaveStress (121 ms total)

[----------] Global test environment tear-down
[==========] 1 test from 1 test case ran. (121 ms total)
[  PASSED  ] 1 test.
<end of output>
Test time =   0.12 sec
----------------------------------------------------------
Test Passed.
"CaveStress.RandomCorrectPath" end time: Nov 27 11:00 PST
"CaveStress.RandomCorrectPath" time elapsed: 00:00:00
----------------------------------------------------------

14/61 Testing: FunctorSimple.Numbers
14/61 Test: FunctorSimple.Numbers
Command: "/usr/bin/valgrind" "--tool=memcheck" "--leak-check=yes" "--trace-children=no" "/home/cs104/cs104/hw-nyilkhan/hw5/hw5_tests/functor_tests/functor_test" "--gtest_filter=FunctorSimple.Numbers"
Directory: /home/cs104/cs104/hw-nyilkhan/hw5/hw5_tests/functor_tests
"FunctorSimple.Numbers" start time: Nov 27 11:00 PST
Output:
----------------------------------------------------------
==19023== Memcheck, a memory error detector
==19023== Copyright (C) 2002-2017, and GNU GPL'd, by Julian Seward et al.
==19023== Using Valgrind-3.13.0 and LibVEX; rerun with -h for copyright info
==19023== Command: /home/cs104/cs104/hw-nyilkhan/hw5/hw5_tests/functor_tests/functor_test --gtest_filter=FunctorSimple.Numbers
==19023== 
Running main() from gtest_main.cc
Note: Google Test filter = FunctorSimple.Numbers
[==========] Running 1 test from 1 test case.
[----------] Global test environment set-up.
[----------] 1 test from FunctorSimple
[ RUN      ] FunctorSimple.Numbers
[       OK ] FunctorSimple.Numbers (9 ms)
[----------] 1 test from FunctorSimple (14 ms total)

[----------] Global test environment tear-down
[==========] 1 test from 1 test case ran. (40 ms total)
[  PASSED  ] 1 test.
==19023== 
==19023== HEAP SUMMARY:
==19023==     in use at exit: 72,704 bytes in 1 blocks
==19023==   total heap usage: 336 allocs, 335 frees, 127,342 bytes allocated
==19023== 
==19023== LEAK SUMMARY:
==19023==    definitely lost: 0 bytes in 0 blocks
==19023==    indirectly lost: 0 bytes in 0 blocks
==19023==      possibly lost: 0 bytes in 0 blocks
==19023==    still reachable: 0 bytes in 0 blocks
==19023==         suppressed: 72,704 bytes in 1 blocks
==19023== 
==19023== For counts of detected and suppressed errors, rerun with: -v
==19023== ERROR SUMMARY: 0 errors from 0 contexts (suppressed: 0 from 0)
<end of output>
Test time =   0.69 sec
----------------------------------------------------------
Test Passed.
"FunctorSimple.Numbers" end time: Nov 27 11:00 PST
"FunctorSimple.Numbers" time elapsed: 00:00:00
----------------------------------------------------------

15/61 Testing: FunctorSimple.CapitalLetters
15/61 Test: FunctorSimple.CapitalLetters
Command: "/usr/bin/valgrind" "--tool=memcheck" "--leak-check=yes" "--trace-children=no" "/home/cs104/cs104/hw-nyilkhan/hw5/hw5_tests/functor_tests/functor_test" "--gtest_filter=FunctorSimple.CapitalLetters"
Directory: /home/cs104/cs104/hw-nyilkhan/hw5/hw5_tests/functor_tests
"FunctorSimple.CapitalLetters" start time: Nov 27 11:00 PST
Output:
----------------------------------------------------------
==19024== Memcheck, a memory error detector
==19024== Copyright (C) 2002-2017, and GNU GPL'd, by Julian Seward et al.
==19024== Using Valgrind-3.13.0 and LibVEX; rerun with -h for copyright info
==19024== Command: /home/cs104/cs104/hw-nyilkhan/hw5/hw5_tests/functor_tests/functor_test --gtest_filter=FunctorSimple.CapitalLetters
==19024== 
Running main() from gtest_main.cc
Note: Google Test filter = FunctorSimple.CapitalLetters
[==========] Running 1 test from 1 test case.
[----------] Global test environment set-up.
[----------] 1 test from FunctorSimple
[ RUN      ] FunctorSimple.CapitalLetters
[       OK ] FunctorSimple.CapitalLetters (9 ms)
[----------] 1 test from FunctorSimple (14 ms total)

[----------] Global test environment tear-down
[==========] 1 test from 1 test case ran. (40 ms total)
[  PASSED  ] 1 test.
==19024== 
==19024== HEAP SUMMARY:
==19024==     in use at exit: 72,704 bytes in 1 blocks
==19024==   total heap usage: 336 allocs, 335 frees, 127,391 bytes allocated
==19024== 
==19024== LEAK SUMMARY:
==19024==    definitely lost: 0 bytes in 0 blocks
==19024==    indirectly lost: 0 bytes in 0 blocks
==19024==      possibly lost: 0 bytes in 0 blocks
==19024==    still reachable: 0 bytes in 0 blocks
==19024==         suppressed: 72,704 bytes in 1 blocks
==19024== 
==19024== For counts of detected and suppressed errors, rerun with: -v
==19024== ERROR SUMMARY: 0 errors from 0 contexts (suppressed: 0 from 0)
<end of output>
Test time =   0.69 sec
----------------------------------------------------------
Test Passed.
"FunctorSimple.CapitalLetters" end time: Nov 27 11:00 PST
"FunctorSimple.CapitalLetters" time elapsed: 00:00:00
----------------------------------------------------------

16/61 Testing: FunctorSimple.Word1
16/61 Test: FunctorSimple.Word1
Command: "/usr/bin/valgrind" "--tool=memcheck" "--leak-check=yes" "--trace-children=no" "/home/cs104/cs104/hw-nyilkhan/hw5/hw5_tests/functor_tests/functor_test" "--gtest_filter=FunctorSimple.Word1"
Directory: /home/cs104/cs104/hw-nyilkhan/hw5/hw5_tests/functor_tests
"FunctorSimple.Word1" start time: Nov 27 11:00 PST
Output:
----------------------------------------------------------
==19025== Memcheck, a memory error detector
==19025== Copyright (C) 2002-2017, and GNU GPL'd, by Julian Seward et al.
==19025== Using Valgrind-3.13.0 and LibVEX; rerun with -h for copyright info
==19025== Command: /home/cs104/cs104/hw-nyilkhan/hw5/hw5_tests/functor_tests/functor_test --gtest_filter=FunctorSimple.Word1
==19025== 
Running main() from gtest_main.cc
Note: Google Test filter = FunctorSimple.Word1
[==========] Running 1 test from 1 test case.
[----------] Global test environment set-up.
[----------] 1 test from FunctorSimple
[ RUN      ] FunctorSimple.Word1
[       OK ] FunctorSimple.Word1 (9 ms)
[----------] 1 test from FunctorSimple (15 ms total)

[----------] Global test environment tear-down
[==========] 1 test from 1 test case ran. (41 ms total)
[  PASSED  ] 1 test.
==19025== 
==19025== HEAP SUMMARY:
==19025==     in use at exit: 72,704 bytes in 1 blocks
==19025==   total heap usage: 336 allocs, 335 frees, 127,328 bytes allocated
==19025== 
==19025== LEAK SUMMARY:
==19025==    definitely lost: 0 bytes in 0 blocks
==19025==    indirectly lost: 0 bytes in 0 blocks
==19025==      possibly lost: 0 bytes in 0 blocks
==19025==    still reachable: 0 bytes in 0 blocks
==19025==         suppressed: 72,704 bytes in 1 blocks
==19025== 
==19025== For counts of detected and suppressed errors, rerun with: -v
==19025== ERROR SUMMARY: 0 errors from 0 contexts (suppressed: 0 from 0)
<end of output>
Test time =   0.69 sec
----------------------------------------------------------
Test Passed.
"FunctorSimple.Word1" end time: Nov 27 11:00 PST
"FunctorSimple.Word1" time elapsed: 00:00:00
----------------------------------------------------------

17/61 Testing: FunctorSimple.Word2
17/61 Test: FunctorSimple.Word2
Command: "/usr/bin/valgrind" "--tool=memcheck" "--leak-check=yes" "--trace-children=no" "/home/cs104/cs104/hw-nyilkhan/hw5/hw5_tests/functor_tests/functor_test" "--gtest_filter=FunctorSimple.Word2"
Directory: /home/cs104/cs104/hw-nyilkhan/hw5/hw5_tests/functor_tests
"FunctorSimple.Word2" start time: Nov 27 11:00 PST
Output:
----------------------------------------------------------
==19026== Memcheck, a memory error detector
==19026== Copyright (C) 2002-2017, and GNU GPL'd, by Julian Seward et al.
==19026== Using Valgrind-3.13.0 and LibVEX; rerun with -h for copyright info
==19026== Command: /home/cs104/cs104/hw-nyilkhan/hw5/hw5_tests/functor_tests/functor_test --gtest_filter=FunctorSimple.Word2
==19026== 
Running main() from gtest_main.cc
Note: Google Test filter = FunctorSimple.Word2
[==========] Running 1 test from 1 test case.
[----------] Global test environment set-up.
[----------] 1 test from FunctorSimple
[ RUN      ] FunctorSimple.Word2
[       OK ] FunctorSimple.Word2 (10 ms)
[----------] 1 test from FunctorSimple (15 ms total)

[----------] Global test environment tear-down
[==========] 1 test from 1 test case ran. (42 ms total)
[  PASSED  ] 1 test.
==19026== 
==19026== HEAP SUMMARY:
==19026==     in use at exit: 72,704 bytes in 1 blocks
==19026==   total heap usage: 336 allocs, 335 frees, 127,328 bytes allocated
==19026== 
==19026== LEAK SUMMARY:
==19026==    definitely lost: 0 bytes in 0 blocks
==19026==    indirectly lost: 0 bytes in 0 blocks
==19026==      possibly lost: 0 bytes in 0 blocks
==19026==    still reachable: 0 bytes in 0 blocks
==19026==         suppressed: 72,704 bytes in 1 blocks
==19026== 
==19026== For counts of detected and suppressed errors, rerun with: -v
==19026== ERROR SUMMARY: 0 errors from 0 contexts (suppressed: 0 from 0)
<end of output>
Test time =   0.69 sec
----------------------------------------------------------
Test Passed.
"FunctorSimple.Word2" end time: Nov 27 11:00 PST
"FunctorSimple.Word2" time elapsed: 00:00:00
----------------------------------------------------------

18/61 Testing: FunctorSimple.RepeatedCharacter
18/61 Test: FunctorSimple.RepeatedCharacter
Command: "/usr/bin/valgrind" "--tool=memcheck" "--leak-check=yes" "--trace-children=no" "/home/cs104/cs104/hw-nyilkhan/hw5/hw5_tests/functor_tests/functor_test" "--gtest_filter=FunctorSimple.RepeatedCharacter"
Directory: /home/cs104/cs104/hw-nyilkhan/hw5/hw5_tests/functor_tests
"FunctorSimple.RepeatedCharacter" start time: Nov 27 11:00 PST
Output:
----------------------------------------------------------
==19027== Memcheck, a memory error detector
==19027== Copyright (C) 2002-2017, and GNU GPL'd, by Julian Seward et al.
==19027== Using Valgrind-3.13.0 and LibVEX; rerun with -h for copyright info
==19027== Command: /home/cs104/cs104/hw-nyilkhan/hw5/hw5_tests/functor_tests/functor_test --gtest_filter=FunctorSimple.RepeatedCharacter
==19027== 
Running main() from gtest_main.cc
Note: Google Test filter = FunctorSimple.RepeatedCharacter
[==========] Running 1 test from 1 test case.
[----------] Global test environment set-up.
[----------] 1 test from FunctorSimple
[ RUN      ] FunctorSimple.RepeatedCharacter
[       OK ] FunctorSimple.RepeatedCharacter (9 ms)
[----------] 1 test from FunctorSimple (14 ms total)

[----------] Global test environment tear-down
[==========] 1 test from 1 test case ran. (40 ms total)
[  PASSED  ] 1 test.
==19027== 
==19027== HEAP SUMMARY:
==19027==     in use at exit: 72,704 bytes in 1 blocks
==19027==   total heap usage: 336 allocs, 335 frees, 127,427 bytes allocated
==19027== 
==19027== LEAK SUMMARY:
==19027==    definitely lost: 0 bytes in 0 blocks
==19027==    indirectly lost: 0 bytes in 0 blocks
==19027==      possibly lost: 0 bytes in 0 blocks
==19027==    still reachable: 0 bytes in 0 blocks
==19027==         suppressed: 72,704 bytes in 1 blocks
==19027== 
==19027== For counts of detected and suppressed errors, rerun with: -v
==19027== ERROR SUMMARY: 0 errors from 0 contexts (suppressed: 0 from 0)
<end of output>
Test time =   0.69 sec
----------------------------------------------------------
Test Passed.
"FunctorSimple.RepeatedCharacter" end time: Nov 27 11:00 PST
"FunctorSimple.RepeatedCharacter" time elapsed: 00:00:00
----------------------------------------------------------

19/61 Testing: FunctorSimple.LongWord
19/61 Test: FunctorSimple.LongWord
Command: "/usr/bin/valgrind" "--tool=memcheck" "--leak-check=yes" "--trace-children=no" "/home/cs104/cs104/hw-nyilkhan/hw5/hw5_tests/functor_tests/functor_test" "--gtest_filter=FunctorSimple.LongWord"
Directory: /home/cs104/cs104/hw-nyilkhan/hw5/hw5_tests/functor_tests
"FunctorSimple.LongWord" start time: Nov 27 11:00 PST
Output:
----------------------------------------------------------
==19028== Memcheck, a memory error detector
==19028== Copyright (C) 2002-2017, and GNU GPL'd, by Julian Seward et al.
==19028== Using Valgrind-3.13.0 and LibVEX; rerun with -h for copyright info
==19028== Command: /home/cs104/cs104/hw-nyilkhan/hw5/hw5_tests/functor_tests/functor_test --gtest_filter=FunctorSimple.LongWord
==19028== 
Running main() from gtest_main.cc
Note: Google Test filter = FunctorSimple.LongWord
[==========] Running 1 test from 1 test case.
[----------] Global test environment set-up.
[----------] 1 test from FunctorSimple
[ RUN      ] FunctorSimple.LongWord
[       OK ] FunctorSimple.LongWord (10 ms)
[----------] 1 test from FunctorSimple (15 ms total)

[----------] Global test environment tear-down
[==========] 1 test from 1 test case ran. (43 ms total)
[  PASSED  ] 1 test.
==19028== 
==19028== HEAP SUMMARY:
==19028==     in use at exit: 72,704 bytes in 1 blocks
==19028==   total heap usage: 338 allocs, 337 frees, 127,419 bytes allocated
==19028== 
==19028== LEAK SUMMARY:
==19028==    definitely lost: 0 bytes in 0 blocks
==19028==    indirectly lost: 0 bytes in 0 blocks
==19028==      possibly lost: 0 bytes in 0 blocks
==19028==    still reachable: 0 bytes in 0 blocks
==19028==         suppressed: 72,704 bytes in 1 blocks
==19028== 
==19028== For counts of detected and suppressed errors, rerun with: -v
==19028== ERROR SUMMARY: 0 errors from 0 contexts (suppressed: 0 from 0)
<end of output>
Test time =   0.69 sec
----------------------------------------------------------
Test Passed.
"FunctorSimple.LongWord" end time: Nov 27 11:00 PST
"FunctorSimple.LongWord" time elapsed: 00:00:00
----------------------------------------------------------

20/61 Testing: FunctorSimple.ExactValue
20/61 Test: FunctorSimple.ExactValue
Command: "/usr/bin/valgrind" "--tool=memcheck" "--leak-check=yes" "--trace-children=no" "/home/cs104/cs104/hw-nyilkhan/hw5/hw5_tests/functor_tests/functor_test" "--gtest_filter=FunctorSimple.ExactValue"
Directory: /home/cs104/cs104/hw-nyilkhan/hw5/hw5_tests/functor_tests
"FunctorSimple.ExactValue" start time: Nov 27 11:00 PST
Output:
----------------------------------------------------------
==19029== Memcheck, a memory error detector
==19029== Copyright (C) 2002-2017, and GNU GPL'd, by Julian Seward et al.
==19029== Using Valgrind-3.13.0 and LibVEX; rerun with -h for copyright info
==19029== Command: /home/cs104/cs104/hw-nyilkhan/hw5/hw5_tests/functor_tests/functor_test --gtest_filter=FunctorSimple.ExactValue
==19029== 
Running main() from gtest_main.cc
Note: Google Test filter = FunctorSimple.ExactValue
[==========] Running 1 test from 1 test case.
[----------] Global test environment set-up.
[----------] 1 test from FunctorSimple
[ RUN      ] FunctorSimple.ExactValue
[       OK ] FunctorSimple.ExactValue (11 ms)
[----------] 1 test from FunctorSimple (16 ms total)

[----------] Global test environment tear-down
[==========] 1 test from 1 test case ran. (42 ms total)
[  PASSED  ] 1 test.
==19029== 
==19029== HEAP SUMMARY:
==19029==     in use at exit: 72,704 bytes in 1 blocks
==19029==   total heap usage: 336 allocs, 335 frees, 127,363 bytes allocated
==19029== 
==19029== LEAK SUMMARY:
==19029==    definitely lost: 0 bytes in 0 blocks
==19029==    indirectly lost: 0 bytes in 0 blocks
==19029==      possibly lost: 0 bytes in 0 blocks
==19029==    still reachable: 0 bytes in 0 blocks
==19029==         suppressed: 72,704 bytes in 1 blocks
==19029== 
==19029== For counts of detected and suppressed errors, rerun with: -v
==19029== ERROR SUMMARY: 0 errors from 0 contexts (suppressed: 0 from 0)
<end of output>
Test time =   0.69 sec
----------------------------------------------------------
Test Passed.
"FunctorSimple.ExactValue" end time: Nov 27 11:00 PST
"FunctorSimple.ExactValue" time elapsed: 00:00:00
----------------------------------------------------------

21/61 Testing: FunctorTiebreaker.SimpleLexicographic
21/61 Test: FunctorTiebreaker.SimpleLexicographic
Command: "/usr/bin/valgrind" "--tool=memcheck" "--leak-check=yes" "--trace-children=no" "/home/cs104/cs104/hw-nyilkhan/hw5/hw5_tests/functor_tests/functor_test" "--gtest_filter=FunctorTiebreaker.SimpleLexicographic"
Directory: /home/cs104/cs104/hw-nyilkhan/hw5/hw5_tests/functor_tests
"FunctorTiebreaker.SimpleLexicographic" start time: Nov 27 11:00 PST
Output:
----------------------------------------------------------
==19030== Memcheck, a memory error detector
==19030== Copyright (C) 2002-2017, and GNU GPL'd, by Julian Seward et al.
==19030== Using Valgrind-3.13.0 and LibVEX; rerun with -h for copyright info
==19030== Command: /home/cs104/cs104/hw-nyilkhan/hw5/hw5_tests/functor_tests/functor_test --gtest_filter=FunctorTiebreaker.SimpleLexicographic
==19030== 
Running main() from gtest_main.cc
Note: Google Test filter = FunctorTiebreaker.SimpleLexicographic
[==========] Running 1 test from 1 test case.
[----------] Global test environment set-up.
[----------] 1 test from FunctorTiebreaker
[ RUN      ] FunctorTiebreaker.SimpleLexicographic
[       OK ] FunctorTiebreaker.SimpleLexicographic (12 ms)
[----------] 1 test from FunctorTiebreaker (17 ms total)

[----------] Global test environment tear-down
[==========] 1 test from 1 test case ran. (43 ms total)
[  PASSED  ] 1 test.
==19030== 
==19030== HEAP SUMMARY:
==19030==     in use at exit: 72,704 bytes in 1 blocks
==19030==   total heap usage: 336 allocs, 335 frees, 127,559 bytes allocated
==19030== 
==19030== LEAK SUMMARY:
==19030==    definitely lost: 0 bytes in 0 blocks
==19030==    indirectly lost: 0 bytes in 0 blocks
==19030==      possibly lost: 0 bytes in 0 blocks
==19030==    still reachable: 0 bytes in 0 blocks
==19030==         suppressed: 72,704 bytes in 1 blocks
==19030== 
==19030== For counts of detected and suppressed errors, rerun with: -v
==19030== ERROR SUMMARY: 0 errors from 0 contexts (suppressed: 0 from 0)
<end of output>
Test time =   0.69 sec
----------------------------------------------------------
Test Passed.
"FunctorTiebreaker.SimpleLexicographic" end time: Nov 27 11:00 PST
"FunctorTiebreaker.SimpleLexicographic" time elapsed: 00:00:00
----------------------------------------------------------

22/61 Testing: FunctorTiebreaker.ComplexLexicographic
22/61 Test: FunctorTiebreaker.ComplexLexicographic
Command: "/usr/bin/valgrind" "--tool=memcheck" "--leak-check=yes" "--trace-children=no" "/home/cs104/cs104/hw-nyilkhan/hw5/hw5_tests/functor_tests/functor_test" "--gtest_filter=FunctorTiebreaker.ComplexLexicographic"
Directory: /home/cs104/cs104/hw-nyilkhan/hw5/hw5_tests/functor_tests
"FunctorTiebreaker.ComplexLexicographic" start time: Nov 27 11:00 PST
Output:
----------------------------------------------------------
==19031== Memcheck, a memory error detector
==19031== Copyright (C) 2002-2017, and GNU GPL'd, by Julian Seward et al.
==19031== Using Valgrind-3.13.0 and LibVEX; rerun with -h for copyright info
==19031== Command: /home/cs104/cs104/hw-nyilkhan/hw5/hw5_tests/functor_tests/functor_test --gtest_filter=FunctorTiebreaker.ComplexLexicographic
==19031== 
Running main() from gtest_main.cc
Note: Google Test filter = FunctorTiebreaker.ComplexLexicographic
[==========] Running 1 test from 1 test case.
[----------] Global test environment set-up.
[----------] 1 test from FunctorTiebreaker
[ RUN      ] FunctorTiebreaker.ComplexLexicographic
[       OK ] FunctorTiebreaker.ComplexLexicographic (11 ms)
[----------] 1 test from FunctorTiebreaker (16 ms total)

[----------] Global test environment tear-down
[==========] 1 test from 1 test case ran. (42 ms total)
[  PASSED  ] 1 test.
==19031== 
==19031== HEAP SUMMARY:
==19031==     in use at exit: 72,704 bytes in 1 blocks
==19031==   total heap usage: 336 allocs, 335 frees, 127,581 bytes allocated
==19031== 
==19031== LEAK SUMMARY:
==19031==    definitely lost: 0 bytes in 0 blocks
==19031==    indirectly lost: 0 bytes in 0 blocks
==19031==      possibly lost: 0 bytes in 0 blocks
==19031==    still reachable: 0 bytes in 0 blocks
==19031==         suppressed: 72,704 bytes in 1 blocks
[...]
==19067== Command: /home/cs104/cs104/hw-nyilkhan/hw5/hw5_tests/fatalist_tests/fatalist_test --gtest_filter=Fatalist.LargerConformantGroup
==19067== 
Running main() from gtest_main.cc
Note: Google Test filter = Fatalist.LargerConformantGroup
[==========] Running 1 test from 1 test case.
[----------] Global test environment set-up.
[----------] 1 test from Fatalist
[ RUN      ] Fatalist.LargerConformantGroup
[       OK ] Fatalist.LargerConformantGroup (47 ms)
[----------] 1 test from Fatalist (55 ms total)

[----------] Global test environment tear-down
[==========] 1 test from 1 test case ran. (98 ms total)
[  PASSED  ] 1 test.
==19067== 
==19067== HEAP SUMMARY:
==19067==     in use at exit: 72,704 bytes in 1 blocks
==19067==   total heap usage: 256 allocs, 255 frees, 125,328 bytes allocated
==19067== 
==19067== LEAK SUMMARY:
==19067==    definitely lost: 0 bytes in 0 blocks
==19067==    indirectly lost: 0 bytes in 0 blocks
==19067==      possibly lost: 0 bytes in 0 blocks
==19067==    still reachable: 0 bytes in 0 blocks
==19067==         suppressed: 72,704 bytes in 1 blocks
==19067== 
==19067== For counts of detected and suppressed errors, rerun with: -v
==19067== ERROR SUMMARY: 0 errors from 0 contexts (suppressed: 0 from 0)
<end of output>
Test time =   0.97 sec
----------------------------------------------------------
Test Passed.
"Fatalist.LargerConformantGroup" end time: Nov 27 11:00 PST
"Fatalist.LargerConformantGroup" time elapsed: 00:00:00
----------------------------------------------------------

57/61 Testing: Fatalist.LargerNonConformantGroup
57/61 Test: Fatalist.LargerNonConformantGroup
Command: "/usr/bin/valgrind" "--tool=memcheck" "--leak-check=yes" "--trace-children=no" "/home/cs104/cs104/hw-nyilkhan/hw5/hw5_tests/fatalist_tests/fatalist_test" "--gtest_filter=Fatalist.LargerNonConformantGroup"
Directory: /home/cs104/cs104/hw-nyilkhan/hw5/hw5_tests/fatalist_tests
"Fatalist.LargerNonConformantGroup" start time: Nov 27 11:00 PST
Output:
----------------------------------------------------------
==19068== Memcheck, a memory error detector
==19068== Copyright (C) 2002-2017, and GNU GPL'd, by Julian Seward et al.
==19068== Using Valgrind-3.13.0 and LibVEX; rerun with -h for copyright info
==19068== Command: /home/cs104/cs104/hw-nyilkhan/hw5/hw5_tests/fatalist_tests/fatalist_test --gtest_filter=Fatalist.LargerNonConformantGroup
==19068== 
Running main() from gtest_main.cc
Note: Google Test filter = Fatalist.LargerNonConformantGroup
[==========] Running 1 test from 1 test case.
[----------] Global test environment set-up.
[----------] 1 test from Fatalist
[ RUN      ] Fatalist.LargerNonConformantGroup
[       OK ] Fatalist.LargerNonConformantGroup (23 ms)
[----------] 1 test from Fatalist (28 ms total)

[----------] Global test environment tear-down
[==========] 1 test from 1 test case ran. (56 ms total)
[  PASSED  ] 1 test.
==19068== 
==19068== HEAP SUMMARY:
==19068==     in use at exit: 72,704 bytes in 1 blocks
==19068==   total heap usage: 256 allocs, 255 frees, 125,388 bytes allocated
==19068== 
==19068== LEAK SUMMARY:
==19068==    definitely lost: 0 bytes in 0 blocks
==19068==    indirectly lost: 0 bytes in 0 blocks
==19068==      possibly lost: 0 bytes in 0 blocks
==19068==    still reachable: 0 bytes in 0 blocks
==19068==         suppressed: 72,704 bytes in 1 blocks
==19068== 
==19068== For counts of detected and suppressed errors, rerun with: -v
==19068== ERROR SUMMARY: 0 errors from 0 contexts (suppressed: 0 from 0)
<end of output>
Test time =   0.82 sec
----------------------------------------------------------
Test Passed.
"Fatalist.LargerNonConformantGroup" end time: Nov 27 11:00 PST
"Fatalist.LargerNonConformantGroup" time elapsed: 00:00:00
----------------------------------------------------------

58/61 Testing: Fatalist.VeryNonConformantGroup
58/61 Test: Fatalist.VeryNonConformantGroup
Command: "/usr/bin/valgrind" "--tool=memcheck" "--leak-check=yes" "--trace-children=no" "/home/cs104/cs104/hw-nyilkhan/hw5/hw5_tests/fatalist_tests/fatalist_test" "--gtest_filter=Fatalist.VeryNonConformantGroup"
Directory: /home/cs104/cs104/hw-nyilkhan/hw5/hw5_tests/fatalist_tests
"Fatalist.VeryNonConformantGroup" start time: Nov 27 11:00 PST
Output:
----------------------------------------------------------
==19069== Memcheck, a memory error detector
==19069== Copyright (C) 2002-2017, and GNU GPL'd, by Julian Seward et al.
==19069== Using Valgrind-3.13.0 and LibVEX; rerun with -h for copyright info
==19069== Command: /home/cs104/cs104/hw-nyilkhan/hw5/hw5_tests/fatalist_tests/fatalist_test --gtest_filter=Fatalist.VeryNonConformantGroup
==19069== 
Running main() from gtest_main.cc
Note: Google Test filter = Fatalist.VeryNonConformantGroup
[==========] Running 1 test from 1 test case.
[----------] Global test environment set-up.
[----------] 1 test from Fatalist
[ RUN      ] Fatalist.VeryNonConformantGroup
[       OK ] Fatalist.VeryNonConformantGroup (23 ms)
[----------] 1 test from Fatalist (29 ms total)

[----------] Global test environment tear-down
[==========] 1 test from 1 test case ran. (62 ms total)
[  PASSED  ] 1 test.
==19069== 
==19069== HEAP SUMMARY:
==19069==     in use at exit: 72,704 bytes in 1 blocks
==19069==   total heap usage: 256 allocs, 255 frees, 125,348 bytes allocated
==19069== 
==19069== LEAK SUMMARY:
==19069==    definitely lost: 0 bytes in 0 blocks
==19069==    indirectly lost: 0 bytes in 0 blocks
==19069==      possibly lost: 0 bytes in 0 blocks
==19069==    still reachable: 0 bytes in 0 blocks
==19069==         suppressed: 72,704 bytes in 1 blocks
==19069== 
==19069== For counts of detected and suppressed errors, rerun with: -v
==19069== ERROR SUMMARY: 0 errors from 0 contexts (suppressed: 0 from 0)
<end of output>
Test time =   0.82 sec
----------------------------------------------------------
Test Passed.
"Fatalist.VeryNonConformantGroup" end time: Nov 27 11:00 PST
"Fatalist.VeryNonConformantGroup" time elapsed: 00:00:00
----------------------------------------------------------

59/61 Testing: FatalistStress.ConformantGroup
59/61 Test: FatalistStress.ConformantGroup
Command: "/usr/bin/valgrind" "--tool=memcheck" "--leak-check=yes" "--trace-children=no" "/home/cs104/cs104/hw-nyilkhan/hw5/hw5_tests/fatalist_tests/fatalist_test" "--gtest_filter=FatalistStress.ConformantGroup"
Directory: /home/cs104/cs104/hw-nyilkhan/hw5/hw5_tests/fatalist_tests
"FatalistStress.ConformantGroup" start time: Nov 27 11:00 PST
Output:
----------------------------------------------------------
==19070== Memcheck, a memory error detector
==19070== Copyright (C) 2002-2017, and GNU GPL'd, by Julian Seward et al.
==19070== Using Valgrind-3.13.0 and LibVEX; rerun with -h for copyright info
==19070== Command: /home/cs104/cs104/hw-nyilkhan/hw5/hw5_tests/fatalist_tests/fatalist_test --gtest_filter=FatalistStress.ConformantGroup
==19070== 
Running main() from gtest_main.cc
Note: Google Test filter = FatalistStress.ConformantGroup
[==========] Running 1 test from 1 test case.
[----------] Global test environment set-up.
[----------] 1 test from FatalistStress
[ RUN      ] FatalistStress.ConformantGroup
[       OK ] FatalistStress.ConformantGroup (53 ms)
[----------] 1 test from FatalistStress (59 ms total)

[----------] Global test environment tear-down
[==========] 1 test from 1 test case ran. (95 ms total)
[  PASSED  ] 1 test.
==19070== 
==19070== HEAP SUMMARY:
==19070==     in use at exit: 72,704 bytes in 1 blocks
==19070==   total heap usage: 265 allocs, 264 frees, 130,976 bytes allocated
==19070== 
==19070== LEAK SUMMARY:
==19070==    definitely lost: 0 bytes in 0 blocks
==19070==    indirectly lost: 0 bytes in 0 blocks
==19070==      possibly lost: 0 bytes in 0 blocks
==19070==    still reachable: 0 bytes in 0 blocks
==19070==         suppressed: 72,704 bytes in 1 blocks
==19070== 
==19070== For counts of detected and suppressed errors, rerun with: -v
==19070== ERROR SUMMARY: 0 errors from 0 contexts (suppressed: 0 from 0)
<end of output>
Test time =   0.77 sec
----------------------------------------------------------
Test Passed.
"FatalistStress.ConformantGroup" end time: Nov 27 11:00 PST
"FatalistStress.ConformantGroup" time elapsed: 00:00:00
----------------------------------------------------------

60/61 Testing: FatalistStress.NonConformantGroup
60/61 Test: FatalistStress.NonConformantGroup
Command: "/usr/bin/valgrind" "--tool=memcheck" "--leak-check=yes" "--trace-children=no" "/home/cs104/cs104/hw-nyilkhan/hw5/hw5_tests/fatalist_tests/fatalist_test" "--gtest_filter=FatalistStress.NonConformantGroup"
Directory: /home/cs104/cs104/hw-nyilkhan/hw5/hw5_tests/fatalist_tests
"FatalistStress.NonConformantGroup" start time: Nov 27 11:00 PST
Output:
----------------------------------------------------------
==19071== Memcheck, a memory error detector
==19071== Copyright (C) 2002-2017, and GNU GPL'd, by Julian Seward et al.
==19071== Using Valgrind-3.13.0 and LibVEX; rerun with -h for copyright info
==19071== Command: /home/cs104/cs104/hw-nyilkhan/hw5/hw5_tests/fatalist_tests/fatalist_test --gtest_filter=FatalistStress.NonConformantGroup
==19071== 
Running main() from gtest_main.cc
Note: Google Test filter = FatalistStress.NonConformantGroup
[==========] Running 1 test from 1 test case.
[----------] Global test environment set-up.
[----------] 1 test from FatalistStress
[ RUN      ] FatalistStress.NonConformantGroup
[       OK ] FatalistStress.NonConformantGroup (40 ms)
[----------] 1 test from FatalistStress (46 ms total)

[----------] Global test environment tear-down
[==========] 1 test from 1 test case ran. (74 ms total)
[  PASSED  ] 1 test.
==19071== 
==19071== HEAP SUMMARY:
==19071==     in use at exit: 72,704 bytes in 1 blocks
==19071==   total heap usage: 265 allocs, 264 frees, 131,036 bytes allocated
==19071== 
==19071== LEAK SUMMARY:
==19071==    definitely lost: 0 bytes in 0 blocks
==19071==    indirectly lost: 0 bytes in 0 blocks
==19071==      possibly lost: 0 bytes in 0 blocks
==19071==    still reachable: 0 bytes in 0 blocks
==19071==         suppressed: 72,704 bytes in 1 blocks
==19071== 
==19071== For counts of detected and suppressed errors, rerun with: -v
==19071== ERROR SUMMARY: 0 errors from 0 contexts (suppressed: 0 from 0)
<end of output>
Test time =   0.89 sec
----------------------------------------------------------
Test Passed.
"FatalistStress.NonConformantGroup" end time: Nov 27 11:00 PST
"FatalistStress.NonConformantGroup" time elapsed: 00:00:00
----------------------------------------------------------

61/61 Testing: FatalistRuntime.FatalistHypothesis
61/61 Test: FatalistRuntime.FatalistHypothesis
Command: "/home/cs104/cs104/hw-nyilkhan/hw5/hw5_tests/fatalist_tests/fatalist_runtime_test" "--gtest_filter=FatalistRuntime.FatalistHypothesis"
Directory: /home/cs104/cs104/hw-nyilkhan/hw5/hw5_tests/fatalist_tests
"FatalistRuntime.FatalistHypothesis" start time: Nov 27 11:00 PST
Output:
----------------------------------------------------------
Running main() from gtest_main.cc
Note: Google Test filter = FatalistRuntime.FatalistHypothesis
[==========] Running 1 test from 1 test case.
[----------] Global test environment set-up.
[----------] 1 test from FatalistRuntime
[ RUN      ] FatalistRuntime.FatalistHypothesis
>> Evaluating runtime of FatalistHypothesis()
Testing with 2^1 (2) elements (trial 1/40)2/40)3/40)4/40)5/40)6/40)7/40)8/40)9/40)10/40)11/40)12/40)13/40)14/40)15/40)16/40)17/40)18/40)19/40)20/40)21/40)22/40)23/40)24/40)25/40)26/40)27/40)28/40)29/40)30/40)31/40)32/40)33/40)34/40)35/40)36/40)37/40)38/40)39/40)40/40)
Testing with 2^2 (4) elements (trial 1/40)2/40)3/40)4/40)5/40)6/40)7/40)8/40)9/40)10/40)11/40)12/40)13/40)14/40)15/40)16/40)17/40)18/40)19/40)20/40)21/40)22/40)23/40)24/40)25/40)26/40)27/40)28/40)29/40)30/40)31/40)32/40)33/40)34/40)35/40)36/40)37/40)38/40)39/40)40/40)
Testing with 2^3 (8) elements (trial 1/40)2/40)3/40)4/40)5/40)6/40)7/40)8/40)9/40)10/40)11/40)12/40)13/40)14/40)15/40)16/40)17/40)18/40)19/40)20/40)21/40)22/40)23/40)24/40)25/40)26/40)27/40)28/40)29/40)30/40)31/40)32/40)33/40)34/40)35/40)36/40)37/40)38/40)39/40)40/40)
Testing with 2^4 (16) elements (trial 1/40)2/40)3/40)4/40)5/40)6/40)7/40)8/40)9/40)10/40)11/40)12/40)13/40)14/40)15/40)16/40)17/40)18/40)19/40)20/40)21/40)22/40)23/40)24/40)25/40)26/40)27/40)28/40)29/40)30/40)31/40)32/40)33/40)34/40)35/40)36/40)37/40)38/40)39/40)40/40)
Testing with 2^5 (32) elements (trial 1/40)2/40)3/40)4/40)5/40)6/40)7/40)8/40)9/40)10/40)11/40)12/40)13/40)14/40)15/40)16/40)17/40)18/40)19/40)20/40)21/40)22/40)23/40)24/40)25/40)26/40)27/40)28/40)29/40)30/40)31/40)32/40)33/40)34/40)35/40)36/40)37/40)38/40)39/40)40/40)
Testing with 2^6 (64) elements (trial 1/40)2/40)3/40)4/40)5/40)6/40)7/40)8/40)9/40)10/40)11/40)12/40)13/40)14/40)15/40)16/40)17/40)18/40)19/40)20/40)21/40)22/40)23/40)24/40)25/40)26/40)27/40)28/40)29/40)30/40)31/40)32/40)33/40)34/40)35/40)36/40)37/40)38/40)39/40)40/40)
Testing with 2^7 (128) elements (trial 1/40)2/40)3/40)4/40)5/40)6/40)7/40)8/40)9/40)10/40)11/40)12/40)13/40)14/40)15/40)16/40)17/40)18/40)19/40)20/40)21/40)22/40)23/40)24/40)25/40)26/40)27/40)28/40)29/40)30/40)31/40)32/40)33/40)34/40)35/40)36/40)37/40)38/40)39/40)40/40)
Testing with 2^8 (256) elements (trial 1/40)2/40)3/40)4/40)5/40)6/40)7/40)8/40)9/40)10/40)11/40)12/40)13/40)14/40)15/40)16/40)17/40)18/40)19/40)20/40)21/40)22/40)23/40)24/40)25/40)26/40)27/40)28/40)29/40)30/40)31/40)32/40)33/40)34/40)35/40)36/40)37/40)38/40)39/40)40/40)
Testing with 2^9 (512) elements (trial 1/40)2/40)3/40)4/40)5/40)6/40)7/40)8/40)9/40)10/40)11/40)12/40)13/40)14/40)15/40)16/40)17/40)18/40)19/40)20/40)21/40)22/40)23/40)24/40)25/40)26/40)27/40)28/40)29/40)30/40)31/40)32/40)33/40)34/40)35/40)36/40)37/40)38/40)39/40)40/40)
Testing with 2^10 (1024) elements (trial 1/40)2/40)3/40)4/40)5/40)6/40)7/40)8/40)9/40)10/40)11/40)12/40)13/40)14/40)15/40)16/40)17/40)18/40)19/40)20/40)21/40)22/40)23/40)24/40)25/40)26/40)27/40)28/40)29/40)30/40)31/40)32/40)33/40)34/40)35/40)36/40)37/40)38/40)39/40)40/40)
Testing with 2^11 (2048) elements (trial 1/40)2/40)3/40)4/40)5/40)6/40)7/40)8/40)9/40)10/40)11/40)12/40)13/40)14/40)15/40)16/40)17/40)18/40)19/40)20/40)21/40)22/40)23/40)24/40)25/40)26/40)27/40)28/40)29/40)30/40)31/40)32/40)33/40)34/40)35/40)36/40)37/40)38/40)39/40)40/40)
Testing with 2^12 (4096) elements (trial 1/40)2/40)3/40)4/40)5/40)6/40)7/40)8/40)9/40)10/40)11/40)12/40)13/40)14/40)15/40)16/40)17/40)18/40)19/40)20/40)21/40)22/40)23/40)24/40)25/40)26/40)27/40)28/40)29/40)30/40)31/40)32/40)33/40)34/40)35/40)36/40)37/40)38/40)39/40)40/40)
Testing with 2^13 (8192) elements (trial 1/40)2/40)3/40)4/40)5/40)6/40)7/40)8/40)9/40)10/40)11/40)12/40)13/40)14/40)15/40)16/40)17/40)18/40)19/40)20/40)21/40)22/40)23/40)24/40)25/40)26/40)27/40)28/40)29/40)30/40)31/40)32/40)33/40)34/40)35/40)36/40)37/40)38/40)39/40)40/40)
Testing with 2^14 (16384) elements (trial 1/40)2/40)3/40)4/40)5/40)6/40)7/40)8/40)9/40)10/40)11/40)12/40)13/40)14/40)15/40)16/40)17/40)18/40)19/40)20/40)21/40)22/40)23/40)24/40)25/40)26/40)27/40)28/40)29/40)30/40)31/40)32/40)33/40)34/40)35/40)36/40)37/40)38/40)39/40)40/40)
Testing with 2^15 (32768) elements (trial 1/40)2/40)3/40)4/40)5/40)6/40)7/40)8/40)9/40)10/40)11/40)12/40)13/40)14/40)15/40)16/40)17/40)18/40)19/40)20/40)21/40)22/40)23/40)24/40)25/40)26/40)27/40)28/40)29/40)30/40)31/40)32/40)33/40)34/40)35/40)36/40)37/40)38/40)39/40)40/40)
Testing if time complexity could be linear...
Correlation factor (2.7243) is >= threshold (1.4000)
>> Time complexity of FatalistHypothesis() is likely linear
Testing if time complexity could be constant...
Correlation factor (-3.0832) is < threshold (1.4000)
Testing if time complexity could be logarithmic...
Correlation factor (0.2715) is < threshold (1.4000)
Testing if time complexity could be linearithmic...
Correlation factor (0.8988) is < threshold (1.4000)
Testing if time complexity could be quadratic...
Correlation factor (1.1144) is < threshold (1.4000)
Testing if time complexity could be cubic...
Correlation factor (0.6680) is < threshold (1.4000)
[       OK ] FatalistRuntime.FatalistHypothesis (1903 ms)
[----------] 1 test from FatalistRuntime (1903 ms total)

[----------] Global test environment tear-down
[==========] 1 test from 1 test case ran. (1903 ms total)
[  PASSED  ] 1 test.
<end of output>
Test time =   1.91 sec
----------------------------------------------------------
Test Passed.
"FatalistRuntime.FatalistHypothesis" end time: Nov 27 11:01 PST
"FatalistRuntime.FatalistHypothesis" time elapsed: 00:00:01
----------------------------------------------------------

End testing: Nov 27 11:01 PST
