<?xml version="1.0" encoding="UTF-8"?>
<Site BuildName="(empty)"
	BuildStamp="20181127-1900-Experimental"
	Name="(empty)"
	Generator="ctest-3.5.1"
	CompilerName=""
	CompilerVersion=""
	OSName="Linux"
	Hostname="studentVM"
	OSRelease="4.4.0-104-generic"
	OSVersion="#127-Ubuntu SMP Mon Dec 11 12:16:42 UTC 2017"
	OSPlatform="x86_64"
	Is64Bits="1"
	VendorString="GenuineIntel"
	VendorID="Intel Corporation"
	FamilyID="6"
	ModelID="61"
	ProcessorCacheSize="3072"
	NumberOfLogicalCPU="2"
	NumberOfPhysicalCPU="1"
	TotalVirtualMemory="2045"
	TotalPhysicalMemory="2000"
	LogicalProcessorsPerPhysical="2"
	ProcessorClockFrequency="2700"
	>
	<Testing>
		<StartDateTime>Nov 27 11:00 PST</StartDateTime>
		<StartTestTime>1543345201</StartTestTime>
		<TestList>
			<Test>./cave_tests/Cave.OneMove</Test>
			<Test>./cave_tests/Cave.TwoMoves</Test>
			<Test>./cave_tests/Cave.OneTripEW</Test>
			<Test>./cave_tests/Cave.OneTripWE</Test>
			<Test>./cave_tests/Cave.OneTripNS</Test>
			<Test>./cave_tests/Cave.SmallLoop</Test>
			<Test>./cave_tests/Cave.LargeLoop</Test>
			<Test>./cave_tests/Cave.LoopRetrace</Test>
			<Test>./cave_tests/Cave.Branching</Test>
			<Test>./cave_tests/Cave.RightMovesWrongOrder</Test>
			<Test>./cave_tests/CaveStress.TenThousandMoves</Test>
			<Test>./cave_tests/CaveStress.RandomMovements</Test>
			<Test>./cave_tests/CaveStress.RandomCorrectPath</Test>
			<Test>./functor_tests/FunctorSimple.Numbers</Test>
			<Test>./functor_tests/FunctorSimple.CapitalLetters</Test>
			<Test>./functor_tests/FunctorSimple.Word1</Test>
			<Test>./functor_tests/FunctorSimple.Word2</Test>
			<Test>./functor_tests/FunctorSimple.RepeatedCharacter</Test>
			<Test>./functor_tests/FunctorSimple.LongWord</Test>
			<Test>./functor_tests/FunctorSimple.ExactValue</Test>
			<Test>./functor_tests/FunctorTiebreaker.SimpleLexicographic</Test>
			<Test>./functor_tests/FunctorTiebreaker.ComplexLexicographic</Test>
			<Test>./functor_tests/FunctorTiebreaker.NotLexicographic</Test>
			<Test>./functor_tests/FunctorTiebreaker.Equal</Test>
			<Test>./functor_tests/FunctorUnknownChars.TreatedAsZero</Test>
			<Test>./functor_tests/FunctorUnknownChars.EmptyString</Test>
			<Test>./msort_tests/MSortTest.SortEmpty</Test>
			<Test>./msort_tests/MSortTest.SortSingleElement</Test>
			<Test>./msort_tests/MSortTest.SortTwoElements_InOrder</Test>
			<Test>./msort_tests/MSortTest.SortTwoElements_OutOfOrder</Test>
			<Test>./msort_tests/MSortTest.SortThreeElements_10_20_30</Test>
			<Test>./msort_tests/MSortTest.SortThreeElements_10_30_20</Test>
			<Test>./msort_tests/MSortTest.SortThreeElements_20_10_30</Test>
			<Test>./msort_tests/MSortTest.SortThreeElements_20_30_10</Test>
			<Test>./msort_tests/MSortTest.SortThreeElements_30_10_20</Test>
			<Test>./msort_tests/MSortTest.SortThreeElements_30_20_10</Test>
			<Test>./msort_tests/MSortTest.SortThreeElements_Greater</Test>
			<Test>./msort_tests/MSortTest.SortStrings</Test>
			<Test>./msort_tests/MSortTest.SortPairs</Test>
			<Test>./msort_tests/MSortTest.Split_k_20</Test>
			<Test>./msort_tests/MSortTest.Split_k_50</Test>
			<Test>./msort_tests/MSortTest.Split_k_100</Test>
			<Test>./msort_tests/MSortTest.Split_k_200</Test>
			<Test>./msort_tests/MSortTest.Stress10Elements_Less</Test>
			<Test>./msort_tests/MSortTest.Stress100Elements_Less</Test>
			<Test>./msort_tests/MSortTest.Stress1000Elements_Less</Test>
			<Test>./msort_tests/MSortTest.Stress10000Elements_Less</Test>
			<Test>./msort_tests/MergeSortRuntime.KEqual2</Test>
			<Test>./msort_tests/MergeSortRuntime.KEqualN</Test>
			<Test>./fatalist_tests/Fatalist.OneStudent</Test>
			<Test>./fatalist_tests/Fatalist.AllEqual</Test>
			<Test>./fatalist_tests/Fatalist.Higher170Grade</Test>
			<Test>./fatalist_tests/Fatalist.Higher104Grade</Test>
			<Test>./fatalist_tests/Fatalist.BothGradesHigher</Test>
			<Test>./fatalist_tests/Fatalist.NonConformantData</Test>
			<Test>./fatalist_tests/Fatalist.LargerConformantGroup</Test>
			<Test>./fatalist_tests/Fatalist.LargerNonConformantGroup</Test>
			<Test>./fatalist_tests/Fatalist.VeryNonConformantGroup</Test>
			<Test>./fatalist_tests/FatalistStress.ConformantGroup</Test>
			<Test>./fatalist_tests/FatalistStress.NonConformantGroup</Test>
			<Test>./fatalist_tests/FatalistRuntime.FatalistHypothesis</Test>
		</TestList>
		<Test Status="passed">
			<Name>Cave.OneMove</Name>
			<Path>./cave_tests</Path>
			<FullName>./cave_tests/Cave.OneMove</FullName>
			<FullCommandLine>/home/cs104/cs104/hw-nyilkhan/hw5/hw5_tests/cave_tests/cave_test "--gtest_filter=Cave.OneMove"</FullCommandLine>
			<Results>
				<NamedMeasurement type="numeric/double" name="Execution Time">
					<Value>0.564283</Value>
				</NamedMeasurement>
				<NamedMeasurement type="text/string" name="Completion Status">
					<Value>Completed</Value>
				</NamedMeasurement>
				<NamedMeasurement type="text/string" name="Command Line">
					<Value>/home/cs104/cs104/hw-nyilkhan/hw5/hw5_tests/cave_tests/cave_test "--gtest_filter=Cave.OneMove"</Value>
				</NamedMeasurement>
				<Measurement>
					<Value>Running main() from gtest_main.cc
Note: Google Test filter = Cave.OneMove
[==========] Running 1 test from 1 test case.
[----------] Global test environment set-up.
[----------] 1 test from Cave
[ RUN      ] Cave.OneMove
This test is executing your program with the following command line: 
/usr/bin/valgrind --tool=memcheck -q --leak-check=yes --error-exitcode=113 /home/cs104/cs104/hw-nyilkhan/hw5/cave
Your program's STDIN was piped from: /home/cs104/cs104/hw-nyilkhan/hw5/hw5_tests/cave_tests/testFiles/OneMove/input.txt
Your program's STDOUT was written to: /home/cs104/cs104/hw-nyilkhan/hw5/hw5_tests/cave_tests/testFiles/OneMove/output.txt
[       OK ] Cave.OneMove (562 ms)
[----------] 1 test from Cave (562 ms total)

[----------] Global test environment tear-down
[==========] 1 test from 1 test case ran. (562 ms total)
[  PASSED  ] 1 test.
</Value>
				</Measurement>
			</Results>
		</Test>
		<Test Status="passed">
			<Name>Cave.TwoMoves</Name>
			<Path>./cave_tests</Path>
			<FullName>./cave_tests/Cave.TwoMoves</FullName>
			<FullCommandLine>/home/cs104/cs104/hw-nyilkhan/hw5/hw5_tests/cave_tests/cave_test "--gtest_filter=Cave.TwoMoves"</FullCommandLine>
			<Results>
				<NamedMeasurement type="numeric/double" name="Execution Time">
					<Value>0.579439</Value>
				</NamedMeasurement>
				<NamedMeasurement type="text/string" name="Completion Status">
					<Value>Completed</Value>
				</NamedMeasurement>
				<NamedMeasurement type="text/string" name="Command Line">
					<Value>/home/cs104/cs104/hw-nyilkhan/hw5/hw5_tests/cave_tests/cave_test "--gtest_filter=Cave.TwoMoves"</Value>
				</NamedMeasurement>
				<Measurement>
					<Value>Running main() from gtest_main.cc
Note: Google Test filter = Cave.TwoMoves
[==========] Running 1 test from 1 test case.
[----------] Global test environment set-up.
[----------] 1 test from Cave
[ RUN      ] Cave.TwoMoves
This test is executing your program with the following command line: 
/usr/bin/valgrind --tool=memcheck -q --leak-check=yes --error-exitcode=113 /home/cs104/cs104/hw-nyilkhan/hw5/cave
Your program's STDIN was piped from: /home/cs104/cs104/hw-nyilkhan/hw5/hw5_tests/cave_tests/testFiles/TwoMoves/input.txt
Your program's STDOUT was written to: /home/cs104/cs104/hw-nyilkhan/hw5/hw5_tests/cave_tests/testFiles/TwoMoves/output.txt
[       OK ] Cave.TwoMoves (577 ms)
[----------] 1 test from Cave (577 ms total)

[----------] Global test environment tear-down
[==========] 1 test from 1 test case ran. (577 ms total)
[  PASSED  ] 1 test.
</Value>
				</Measurement>
			</Results>
		</Test>
		<Test Status="passed">
			<Name>Cave.OneTripEW</Name>
			<Path>./cave_tests</Path>
			<FullName>./cave_tests/Cave.OneTripEW</FullName>
			<FullCommandLine>/home/cs104/cs104/hw-nyilkhan/hw5/hw5_tests/cave_tests/cave_test "--gtest_filter=Cave.OneTripEW"</FullCommandLine>
			<Results>
				<NamedMeasurement type="numeric/double" name="Execution Time">
					<Value>0.576271</Value>
				</NamedMeasurement>
				<NamedMeasurement type="text/string" name="Completion Status">
					<Value>Completed</Value>
				</NamedMeasurement>
				<NamedMeasurement type="text/string" name="Command Line">
					<Value>/home/cs104/cs104/hw-nyilkhan/hw5/hw5_tests/cave_tests/cave_test "--gtest_filter=Cave.OneTripEW"</Value>
				</NamedMeasurement>
				<Measurement>
					<Value>Running main() from gtest_main.cc
Note: Google Test filter = Cave.OneTripEW
[==========] Running 1 test from 1 test case.
[----------] Global test environment set-up.
[----------] 1 test from Cave
[ RUN      ] Cave.OneTripEW
This test is executing your program with the following command line: 
/usr/bin/valgrind --tool=memcheck -q --leak-check=yes --error-exitcode=113 /home/cs104/cs104/hw-nyilkhan/hw5/cave
Your program's STDIN was piped from: /home/cs104/cs104/hw-nyilkhan/hw5/hw5_tests/cave_tests/testFiles/OneTripEW/input.txt
Your program's STDOUT was written to: /home/cs104/cs104/hw-nyilkhan/hw5/hw5_tests/cave_tests/testFiles/OneTripEW/output.txt
[       OK ] Cave.OneTripEW (574 ms)
[----------] 1 test from Cave (574 ms total)

[----------] Global test environment tear-down
[==========] 1 test from 1 test case ran. (574 ms total)
[  PASSED  ] 1 test.
</Value>
				</Measurement>
			</Results>
		</Test>
		<Test Status="passed">
			<Name>Cave.OneTripWE</Name>
			<Path>./cave_tests</Path>
			<FullName>./cave_tests/Cave.OneTripWE</FullName>
			<FullCommandLine>/home/cs104/cs104/hw-nyilkhan/hw5/hw5_tests/cave_tests/cave_test "--gtest_filter=Cave.OneTripWE"</FullCommandLine>
			<Results>
				<NamedMeasurement type="numeric/double" name="Execution Time">
					<Value>0.585531</Value>
				</NamedMeasurement>
				<NamedMeasurement type="text/string" name="Completion Status">
					<Value>Completed</Value>
				</NamedMeasurement>
				<NamedMeasurement type="text/string" name="Command Line">
					<Value>/home/cs104/cs104/hw-nyilkhan/hw5/hw5_tests/cave_tests/cave_test "--gtest_filter=Cave.OneTripWE"</Value>
				</NamedMeasurement>
				<Measurement>
					<Value>Running main() from gtest_main.cc
Note: Google Test filter = Cave.OneTripWE
[==========] Running 1 test from 1 test case.
[----------] Global test environment set-up.
[----------] 1 test from Cave
[ RUN      ] Cave.OneTripWE
This test is executing your program with the following command line: 
/usr/bin/valgrind --tool=memcheck -q --leak-check=yes --error-exitcode=113 /home/cs104/cs104/hw-nyilkhan/hw5/cave
Your program's STDIN was piped from: /home/cs104/cs104/hw-nyilkhan/hw5/hw5_tests/cave_tests/testFiles/OneTripWE/input.txt
Your program's STDOUT was written to: /home/cs104/cs104/hw-nyilkhan/hw5/hw5_tests/cave_tests/testFiles/OneTripWE/output.txt
[       OK ] Cave.OneTripWE (583 ms)
[----------] 1 test from Cave (583 ms total)

[----------] Global test environment tear-down
[==========] 1 test from 1 test case ran. (583 ms total)
[  PASSED  ] 1 test.
</Value>
				</Measurement>
			</Results>
		</Test>
		<Test Status="passed">
			<Name>Cave.OneTripNS</Name>
			<Path>./cave_tests</Path>
			<FullName>./cave_tests/Cave.OneTripNS</FullName>
			<FullCommandLine>/home/cs104/cs104/hw-nyilkhan/hw5/hw5_tests/cave_tests/cave_test "--gtest_filter=Cave.OneTripNS"</FullCommandLine>
			<Results>
				<NamedMeasurement type="numeric/double" name="Execution Time">
					<Value>0.591182</Value>
				</NamedMeasurement>
				<NamedMeasurement type="text/string" name="Completion Status">
					<Value>Completed</Value>
				</NamedMeasurement>
				<NamedMeasurement type="text/string" name="Command Line">
					<Value>/home/cs104/cs104/hw-nyilkhan/hw5/hw5_tests/cave_tests/cave_test "--gtest_filter=Cave.OneTripNS"</Value>
				</NamedMeasurement>
				<Measurement>
					<Value>Running main() from gtest_main.cc
Note: Google Test filter = Cave.OneTripNS
[==========] Running 1 test from 1 test case.
[----------] Global test environment set-up.
[----------] 1 test from Cave
[ RUN      ] Cave.OneTripNS
This test is executing your program with the following command line: 
/usr/bin/valgrind --tool=memcheck -q --leak-check=yes --error-exitcode=113 /home/cs104/cs104/hw-nyilkhan/hw5/cave
Your program's STDIN was piped from: /home/cs104/cs104/hw-nyilkhan/hw5/hw5_tests/cave_tests/testFiles/OneTripNS/input.txt
Your program's STDOUT was written to: /home/cs104/cs104/hw-nyilkhan/hw5/hw5_tests/cave_tests/testFiles/OneTripNS/output.txt
[       OK ] Cave.OneTripNS (588 ms)
[----------] 1 test from Cave (588 ms total)

[----------] Global test environment tear-down
[==========] 1 test from 1 test case ran. (588 ms total)
[  PASSED  ] 1 test.
</Value>
				</Measurement>
			</Results>
		</Test>
		<Test Status="passed">
			<Name>Cave.SmallLoop</Name>
			<Path>./cave_tests</Path>
			<FullName>./cave_tests/Cave.SmallLoop</FullName>
			<FullCommandLine>/home/cs104/cs104/hw-nyilkhan/hw5/hw5_tests/cave_tests/cave_test "--gtest_filter=Cave.SmallLoop"</FullCommandLine>
			<Results>
				<NamedMeasurement type="numeric/double" name="Execution Time">
					<Value>0.642205</Value>
				</NamedMeasurement>
				<NamedMeasurement type="text/string" name="Completion Status">
					<Value>Completed</Value>
				</NamedMeasurement>
				<NamedMeasurement type="text/string" name="Command Line">
					<Value>/home/cs104/cs104/hw-nyilkhan/hw5/hw5_tests/cave_tests/cave_test "--gtest_filter=Cave.SmallLoop"</Value>
				</NamedMeasurement>
				<Measurement>
					<Value>Running main() from gtest_main.cc
Note: Google Test filter = Cave.SmallLoop
[==========] Running 1 test from 1 test case.
[----------] Global test environment set-up.
[----------] 1 test from Cave
[ RUN      ] Cave.SmallLoop
This test is executing your program with the following command line: 
/usr/bin/valgrind --tool=memcheck -q --leak-check=yes --error-exitcode=113 /home/cs104/cs104/hw-nyilkhan/hw5/cave
Your program's STDIN was piped from: /home/cs104/cs104/hw-nyilkhan/hw5/hw5_tests/cave_tests/testFiles/SmallLoop/input.txt
Your program's STDOUT was written to: /home/cs104/cs104/hw-nyilkhan/hw5/hw5_tests/cave_tests/testFiles/SmallLoop/output.txt
[       OK ] Cave.SmallLoop (640 ms)
[----------] 1 test from Cave (640 ms total)

[----------] Global test environment tear-down
[==========] 1 test from 1 test case ran. (640 ms total)
[  PASSED  ] 1 test.
</Value>
				</Measurement>
			</Results>
		</Test>
		<Test Status="passed">
			<Name>Cave.LargeLoop</Name>
			<Path>./cave_tests</Path>
			<FullName>./cave_tests/Cave.LargeLoop</FullName>
			<FullCommandLine>/home/cs104/cs104/hw-nyilkhan/hw5/hw5_tests/cave_tests/cave_test "--gtest_filter=Cave.LargeLoop"</FullCommandLine>
			<Results>
				<NamedMeasurement type="numeric/double" name="Execution Time">
					<Value>0.574046</Value>
				</NamedMeasurement>
				<NamedMeasurement type="text/string" name="Completion Status">
					<Value>Completed</Value>
				</NamedMeasurement>
				<NamedMeasurement type="text/string" name="Command Line">
					<Value>/home/cs104/cs104/hw-nyilkhan/hw5/hw5_tests/cave_tests/cave_test "--gtest_filter=Cave.LargeLoop"</Value>
				</NamedMeasurement>
				<Measurement>
					<Value>Running main() from gtest_main.cc
Note: Google Test filter = Cave.LargeLoop
[==========] Running 1 test from 1 test case.
[----------] Global test environment set-up.
[----------] 1 test from Cave
[ RUN      ] Cave.LargeLoop
This test is executing your program with the following command line: 
/usr/bin/valgrind --tool=memcheck -q --leak-check=yes --error-exitcode=113 /home/cs104/cs104/hw-nyilkhan/hw5/cave
Your program's STDIN was piped from: /home/cs104/cs104/hw-nyilkhan/hw5/hw5_tests/cave_tests/testFiles/LargeLoop/input.txt
Your program's STDOUT was written to: /home/cs104/cs104/hw-nyilkhan/hw5/hw5_tests/cave_tests/testFiles/LargeLoop/output.txt
[       OK ] Cave.LargeLoop (571 ms)
[----------] 1 test from Cave (571 ms total)

[----------] Global test environment tear-down
[==========] 1 test from 1 test case ran. (572 ms total)
[  PASSED  ] 1 test.
</Value>
				</Measurement>
			</Results>
		</Test>
		<Test Status="passed">
			<Name>Cave.LoopRetrace</Name>
			<Path>./cave_tests</Path>
			<FullName>./cave_tests/Cave.LoopRetrace</FullName>
			<FullCommandLine>/home/cs104/cs104/hw-nyilkhan/hw5/hw5_tests/cave_tests/cave_test "--gtest_filter=Cave.LoopRetrace"</FullCommandLine>
			<Results>
				<NamedMeasurement type="numeric/double" name="Execution Time">
					<Value>0.584709</Value>
				</NamedMeasurement>
				<NamedMeasurement type="text/string" name="Completion Status">
					<Value>Completed</Value>
				</NamedMeasurement>
				<NamedMeasurement type="text/string" name="Command Line">
					<Value>/home/cs104/cs104/hw-nyilkhan/hw5/hw5_tests/cave_tests/cave_test "--gtest_filter=Cave.LoopRetrace"</Value>
				</NamedMeasurement>
				<Measurement>
					<Value>Running main() from gtest_main.cc
Note: Google Test filter = Cave.LoopRetrace
[==========] Running 1 test from 1 test case.
[----------] Global test environment set-up.
[----------] 1 test from Cave
[ RUN      ] Cave.LoopRetrace
This test is executing your program with the following command line: 
/usr/bin/valgrind --tool=memcheck -q --leak-check=yes --error-exitcode=113 /home/cs104/cs104/hw-nyilkhan/hw5/cave
Your program's STDIN was piped from: /home/cs104/cs104/hw-nyilkhan/hw5/hw5_tests/cave_tests/testFiles/LoopRetrace/input.txt
Your program's STDOUT was written to: /home/cs104/cs104/hw-nyilkhan/hw5/hw5_tests/cave_tests/testFiles/LoopRetrace/output.txt
[       OK ] Cave.LoopRetrace (582 ms)
[----------] 1 test from Cave (582 ms total)

[----------] Global test environment tear-down
[==========] 1 test from 1 test case ran. (582 ms total)
[  PASSED  ] 1 test.
</Value>
				</Measurement>
			</Results>
		</Test>
		<Test Status="passed">
			<Name>Cave.Branching</Name>
			<Path>./cave_tests</Path>
			<FullName>./cave_tests/Cave.Branching</FullName>
			<FullCommandLine>/home/cs104/cs104/hw-nyilkhan/hw5/hw5_tests/cave_tests/cave_test "--gtest_filter=Cave.Branching"</FullCommandLine>
			<Results>
				<NamedMeasurement type="numeric/double" name="Execution Time">
					<Value>0.557664</Value>
				</NamedMeasurement>
				<NamedMeasurement type="text/string" name="Completion Status">
					<Value>Completed</Value>
				</NamedMeasurement>
				<NamedMeasurement type="text/string" name="Command Line">
					<Value>/home/cs104/cs104/hw-nyilkhan/hw5/hw5_tests/cave_tests/cave_test "--gtest_filter=Cave.Branching"</Value>
				</NamedMeasurement>
				<Measurement>
					<Value>Running main() from gtest_main.cc
Note: Google Test filter = Cave.Branching
[==========] Running 1 test from 1 test case.
[----------] Global test environment set-up.
[----------] 1 test from Cave
[ RUN      ] Cave.Branching
This test is executing your program with the following command line: 
/usr/bin/valgrind --tool=memcheck -q --leak-check=yes --error-exitcode=113 /home/cs104/cs104/hw-nyilkhan/hw5/cave
Your program's STDIN was piped from: /home/cs104/cs104/hw-nyilkhan/hw5/hw5_tests/cave_tests/testFiles/Branching/input.txt
Your program's STDOUT was written to: /home/cs104/cs104/hw-nyilkhan/hw5/hw5_tests/cave_tests/testFiles/Branching/output.txt
[       OK ] Cave.Branching (556 ms)
[----------] 1 test from Cave (556 ms total)

[----------] Global test environment tear-down
[==========] 1 test from 1 test case ran. (556 ms total)
[  PASSED  ] 1 test.
</Value>
				</Measurement>
			</Results>
		</Test>
		<Test Status="passed">
			<Name>Cave.RightMovesWrongOrder</Name>
			<Path>./cave_tests</Path>
			<FullName>./cave_tests/Cave.RightMovesWrongOrder</FullName>
			<FullCommandLine>/home/cs104/cs104/hw-nyilkhan/hw5/hw5_tests/cave_tests/cave_test "--gtest_filter=Cave.RightMovesWrongOrder"</FullCommandLine>
			<Results>
				<NamedMeasurement type="numeric/double" name="Execution Time">
					<Value>0.611563</Value>
				</NamedMeasurement>
				<NamedMeasurement type="text/string" name="Completion Status">
					<Value>Completed</Value>
				</NamedMeasurement>
				<NamedMeasurement type="text/string" name="Command Line">
					<Value>/home/cs104/cs104/hw-nyilkhan/hw5/hw5_tests/cave_tests/cave_test "--gtest_filter=Cave.RightMovesWrongOrder"</Value>
				</NamedMeasurement>
				<Measurement>
					<Value>Running main() from gtest_main.cc
Note: Google Test filter = Cave.RightMovesWrongOrder
[==========] Running 1 test from 1 test case.
[----------] Global test environment set-up.
[----------] 1 test from Cave
[ RUN      ] Cave.RightMovesWrongOrder
This test is executing your program with the following command line: 
/usr/bin/valgrind --tool=memcheck -q --leak-check=yes --error-exitcode=113 /home/cs104/cs104/hw-nyilkhan/hw5/cave
Your program's STDIN was piped from: /home/cs104/cs104/hw-nyilkhan/hw5/hw5_tests/cave_tests/testFiles/Branching/input.txt
Your program's STDOUT was written to: /home/cs104/cs104/hw-nyilkhan/hw5/hw5_tests/cave_tests/testFiles/Branching/output.txt
[       OK ] Cave.RightMovesWrongOrder (610 ms)
[----------] 1 test from Cave (610 ms total)

[----------] Global test environment tear-down
[==========] 1 test from 1 test case ran. (610 ms total)
[  PASSED  ] 1 test.
</Value>
				</Measurement>
			</Results>
		</Test>
		<Test Status="passed">
			<Name>CaveStress.TenThousandMoves</Name>
			<Path>./cave_tests</Path>
			<FullName>./cave_tests/CaveStress.TenThousandMoves</FullName>
			<FullCommandLine>/home/cs104/cs104/hw-nyilkhan/hw5/hw5_tests/cave_tests/cave_test "--gtest_filter=CaveStress.TenThousandMoves"</FullCommandLine>
			<Results>
				<NamedMeasurement type="numeric/double" name="Execution Time">
					<Value>0.627767</Value>
				</NamedMeasurement>
				<NamedMeasurement type="text/string" name="Completion Status">
					<Value>Completed</Value>
				</NamedMeasurement>
				<NamedMeasurement type="text/string" name="Command Line">
					<Value>/home/cs104/cs104/hw-nyilkhan/hw5/hw5_tests/cave_tests/cave_test "--gtest_filter=CaveStress.TenThousandMoves"</Value>
				</NamedMeasurement>
				<Measurement>
					<Value>Running main() from gtest_main.cc
Note: Google Test filter = CaveStress.TenThousandMoves
[==========] Running 1 test from 1 test case.
[----------] Global test environment set-up.
[----------] 1 test from CaveStress
[ RUN      ] CaveStress.TenThousandMoves
This test is executing your program with the following command line: 
/usr/bin/valgrind --tool=memcheck -q --leak-check=yes --error-exitcode=113 /home/cs104/cs104/hw-nyilkhan/hw5/cave
Your program's STDIN was piped from: /home/cs104/cs104/hw-nyilkhan/hw5/hw5_tests/cave_tests/testFiles/TenThousandMoves/input.txt
Your program's STDOUT was written to: /home/cs104/cs104/hw-nyilkhan/hw5/hw5_tests/cave_tests/testFiles/TenThousandMoves/output.txt
[       OK ] CaveStress.TenThousandMoves (626 ms)
[----------] 1 test from CaveStress (626 ms total)

[----------] Global test environment tear-down
[==========] 1 test from 1 test case ran. (626 ms total)
[  PASSED  ] 1 test.
</Value>
				</Measurement>
			</Results>
		</Test>
		<Test Status="passed">
			<Name>CaveStress.RandomMovements</Name>
			<Path>./cave_tests</Path>
			<FullName>./cave_tests/CaveStress.RandomMovements</FullName>
			<FullCommandLine>/home/cs104/cs104/hw-nyilkhan/hw5/hw5_tests/cave_tests/cave_test "--gtest_filter=CaveStress.RandomMovements"</FullCommandLine>
			<Results>
				<NamedMeasurement type="numeric/double" name="Execution Time">
					<Value>0.131172</Value>
				</NamedMeasurement>
				<NamedMeasurement type="text/string" name="Completion Status">
					<Value>Completed</Value>
				</NamedMeasurement>
				<NamedMeasurement type="text/string" name="Command Line">
					<Value>/home/cs104/cs104/hw-nyilkhan/hw5/hw5_tests/cave_tests/cave_test "--gtest_filter=CaveStress.RandomMovements"</Value>
				</NamedMeasurement>
				<Measurement>
					<Value>Running main() from gtest_main.cc
Note: Google Test filter = CaveStress.RandomMovements
[==========] Running 1 test from 1 test case.
[----------] Global test environment set-up.
[----------] 1 test from CaveStress
[ RUN      ] CaveStress.RandomMovements
This test is executing your program with the following command line: 
/home/cs104/cs104/hw-nyilkhan/hw5/cave
Your program's STDIN was piped from: /home/cs104/cs104/hw-nyilkhan/hw5/hw5_tests/cave_tests/testFiles/RandomMovements/input.txt
Your program's STDOUT was written to: /home/cs104/cs104/hw-nyilkhan/hw5/hw5_tests/cave_tests/testFiles/RandomMovements/output.txt
This test is executing your program with the following command line: 
/home/cs104/cs104/hw-nyilkhan/hw5/cave
Your program's STDIN was piped from: /home/cs104/cs104/hw-nyilkhan/hw5/hw5_tests/cave_tests/testFiles/RandomMovements/input.txt
Your program's STDOUT was written to: /home/cs104/cs104/hw-nyilkhan/hw5/hw5_tests/cave_tests/testFiles/RandomMovements/output.txt
This test is executing your program with the following command line: 
/home/cs104/cs104/hw-nyilkhan/hw5/cave
Your program's STDIN was piped from: /home/cs104/cs104/hw-nyilkhan/hw5/hw5_tests/cave_tests/testFiles/RandomMovements/input.txt
Your program's STDOUT was written to: /home/cs104/cs104/hw-nyilkhan/hw5/hw5_tests/cave_tests/testFiles/RandomMovements/output.txt
This test is executing your program with the following command line: 
/home/cs104/cs104/hw-nyilkhan/hw5/cave
Your program's STDIN was piped from: /home/cs104/cs104/hw-nyilkhan/hw5/hw5_tests/cave_tests/testFiles/RandomMovements/input.txt
Your program's STDOUT was written to: /home/cs104/cs104/hw-nyilkhan/hw5/hw5_tests/cave_tests/testFiles/RandomMovements/output.txt
This test is executing your program with the following command line: 
/home/cs104/cs104/hw-nyilkhan/hw5/cave
Your program's STDIN was piped from: /home/cs104/cs104/hw-nyilkhan/hw5/hw5_tests/cave_tests/testFiles/RandomMovements/input.txt
Your program's STDOUT was written to: /home/cs104/cs104/hw-nyilkhan/hw5/hw5_tests/cave_tests/testFiles/RandomMovements/output.txt
This test is executing your program with the following command line: 
/home/cs104/cs104/hw-nyilkhan/hw5/cave
Your program's STDIN was piped from: /home/cs104/cs104/hw-nyilkhan/hw5/hw5_tests/cave_tests/testFiles/RandomMovements/input.txt
Your program's STDOUT was written to: /home/cs104/cs104/hw-nyilkhan/hw5/hw5_tests/cave_tests/testFiles/RandomMovements/output.txt
This test is executing your program with the following command line: 
/home/cs104/cs104/hw-nyilkhan/hw5/cave
Your program's STDIN was piped from: /home/cs104/cs104/hw-nyilkhan/hw5/hw5_tests/cave_tests/testFiles/RandomMovements/input.txt
Your program's STDOUT was written to: /home/cs104/cs104/hw-nyilkhan/hw5/hw5_tests/cave_tests/testFiles/RandomMovements/output.txt
This test is executing your program with the following command line: 
/home/cs104/cs104/hw-nyilkhan/hw5/cave
Your program's STDIN was piped from: /home/cs104/cs104/hw-nyilkhan/hw5/hw5_tests/cave_tests/testFiles/RandomMovements/input.txt
Your program's STDOUT was written to: /home/cs104/cs104/hw-nyilkhan/hw5/hw5_tests/cave_tests/testFiles/RandomMovements/output.txt
This test is executing your program with the following command line: 
/home/cs104/cs104/hw-nyilkhan/hw5/cave
Your program's STDIN was piped from: /home/cs104/cs104/hw-nyilkhan/hw5/hw5_tests/cave_tests/testFiles/RandomMovements/input.txt
Your program's STDOUT was written to: /home/cs104/cs104/hw-nyilkhan/hw5/hw5_tests/cave_tests/testFiles/RandomMovements/output.txt
This test is executing your program with the following command line: 
/home/cs104/cs104/hw-nyilkhan/hw5/cave
Your program's STDIN was piped from: /home/cs104/cs104/hw-nyilkhan/hw5/hw5_tests/cave_tests/testFiles/RandomMovements/input.txt
Your program's STDOUT was written to: /home/cs104/cs104/hw-nyilkhan/hw5/hw5_tests/cave_tests/testFiles/RandomMovements/output.txt
This test is executing your program with the following command line: 
/home/cs104/cs104/hw-nyilkhan/hw5/cave
Your program's STDIN was piped from: /home/cs104/cs104/hw-nyilkhan/hw5/hw5_tests/cave_tests/testFiles/RandomMovements/input.txt
Your program's STDOUT was written to: /home/cs104/cs104/hw-nyilkhan/hw5/hw5_tests/cave_tests/testFiles/RandomMovements/output.txt
This test is executing your program with the following command line: 
/home/cs104/cs104/hw-nyilkhan/hw5/cave
Your program's STDIN was piped from: /home/cs104/cs104/hw-nyilkhan/hw5/hw5_tests/cave_tests/testFiles/RandomMovements/input.txt
Your program's STDOUT was written to: /home/cs104/cs104/hw-nyilkhan/hw5/hw5_tests/cave_tests/testFiles/RandomMovements/output.txt
This test is executing your program with the following command line: 
/home/cs104/cs104/hw-nyilkhan/hw5/cave
Your program's STDIN was piped from: /home/cs104/cs104/hw-nyilkhan/hw5/hw5_tests/cave_tests/testFiles/RandomMovements/input.txt
Your program's STDOUT was written to: /home/cs104/cs104/hw-nyilkhan/hw5/hw5_tests/cave_tests/testFiles/RandomMovements/output.txt
This test is executing your program with the following command line: 
/home/cs104/cs104/hw-nyilkhan/hw5/cave
Your program's STDIN was piped from: /home/cs104/cs104/hw-nyilkhan/hw5/hw5_tests/cave_tests/testFiles/RandomMovements/input.txt
Your program's STDOUT was written to: /home/cs104/cs104/hw-nyilkhan/hw5/hw5_tests/cave_tests/testFiles/RandomMovements/output.txt
This test is executing your program with the following command line: 
/home/cs104/cs104/hw-nyilkhan/hw5/cave
Your program's STDIN was piped from: /home/cs104/cs104/hw-nyilkhan/hw5/hw5_tests/cave_tests/testFiles/RandomMovements/input.txt
Your program's STDOUT was written to: /home/cs104/cs104/hw-nyilkhan/hw5/hw5_tests/cave_tests/testFiles/RandomMovements/output.txt
This test is executing your program with the following command line: 
/home/cs104/cs104/hw-nyilkhan/hw5/cave
Your program's STDIN was piped from: /home/cs104/cs104/hw-nyilkhan/hw5/hw5_tests/cave_tests/testFiles/RandomMovements/input.txt
Your program's STDOUT was written to: /home/cs104/cs104/hw-nyilkhan/hw5/hw5_tests/cave_tests/testFiles/RandomMovements/output.txt
This test is executing your program with the following command line: 
/home/cs104/cs104/hw-nyilkhan/hw5/cave
Your program's STDIN was piped from: /home/cs104/cs104/hw-nyilkhan/hw5/hw5_tests/cave_tests/testFiles/RandomMovements/input.txt
Your program's STDOUT was written to: /home/cs104/cs104/hw-nyilkhan/hw5/hw5_tests/cave_tests/testFiles/RandomMovements/output.txt
This test is executing your program with the following command line: 
/home/cs104/cs104/hw-nyilkhan/hw5/cave
Your program's STDIN was piped from: /home/cs104/cs104/hw-nyilkhan/hw5/hw5_tests/cave_tests/testFiles/RandomMovements/input.txt
Your program's STDOUT was written to: /home/cs104/cs104/hw-nyilkhan/hw5/hw5_tests/cave_tests/testFiles/RandomMovements/output.txt
This test is executing your program with the following command line: 
/home/cs104/cs104/hw-nyilkhan/hw5/cave
Your program's STDIN was piped from: /home/cs104/cs104/hw-nyilkhan/hw5/hw5_tests/cave_tests/testFiles/RandomMovements/input.txt
Your program's STDOUT was written to: /home/cs104/cs104/hw-nyilkhan/hw5/hw5_tests/cave_tests/testFiles/RandomMovements/output.txt
This test is executing your program with the following command line: 
/home/cs104/cs104/hw-nyilkhan/hw5/cave
Your program's STDIN was piped from: /home/cs104/cs104/hw-nyilkhan/hw5/hw5_tests/cave_tests/testFiles/RandomMovements/input.txt
Your program's STDOUT was written to: /home/cs104/cs104/hw-nyilkhan/hw5/hw5_tests/cave_tests/testFiles/RandomMovements/output.txt
This test is executing your program with the following command line: 
/home/cs104/cs104/hw-nyilkhan/hw5/cave
Your program's STDIN was piped from: /home/cs104/cs104/hw-nyilkhan/hw5/hw5_tests/cave_tests/testFiles/RandomMovements/input.txt
Your program's STDOUT was written to: /home/cs104/cs104/hw-nyilkhan/hw5/hw5_tests/cave_tests/testFiles/RandomMovements/output.txt
This test is executing your program with the following command line: 
/home/cs104/cs104/hw-nyilkhan/hw5/cave
Your program's STDIN was piped from: /home/cs104/cs104/hw-nyilkhan/hw5/hw5_tests/cave_tests/testFiles/RandomMovements/input.txt
Your program's STDOUT was written to: /home/cs104/cs104/hw-nyilkhan/hw5/hw5_tests/cave_tests/testFiles/RandomMovements/output.txt
This test is executing your program with the following command line: 
/home/cs104/cs104/hw-nyilkhan/hw5/cave
Your program's STDIN was piped from: /home/cs104/cs104/hw-nyilkhan/hw5/hw5_tests/cave_tests/testFiles/RandomMovements/input.txt
Your program's STDOUT was written to: /home/cs104/cs104/hw-nyilkhan/hw5/hw5_tests/cave_tests/testFiles/RandomMovements/output.txt
This test is executing your program with the following command line: 
/home/cs104/cs104/hw-nyilkhan/hw5/cave
Your program's STDIN was piped from: /home/cs104/cs104/hw-nyilkhan/hw5/hw5_tests/cave_tests/testFiles/RandomMovements/input.txt
Your program's STDOUT was written to: /home/cs104/cs104/hw-nyilkhan/hw5/hw5_tests/cave_tests/testFiles/RandomMovements/output.txt
This test is executing your program with the following command line: 
/home/cs104/cs104/hw-nyilkhan/hw5/cave
Your program's STDIN was piped from: /home/cs104/cs104/hw-nyilkhan/hw5/hw5_tests/cave_tests/testFiles/RandomMovements/input.txt
Your program's STDOUT was written to: /home/cs104/cs104/hw-nyilkhan/hw5/hw5_tests/cave_tests/testFiles/RandomMovements/output.txt
This test is executing your program with the following command line: 
/home/cs104/cs104/hw-nyilkhan/hw5/cave
Your program's STDIN was piped from: /home/cs104/cs104/hw-nyilkhan/hw5/hw5_tests/cave_tests/testFiles/RandomMovements/input.txt
Your program's STDOUT was written to: /home/cs104/cs104/hw-nyilkhan/hw5/hw5_tests/cave_tests/testFiles/RandomMovements/output.txt
This test is executing your program with the following command line: 
/home/cs104/cs104/hw-nyilkhan/hw5/cave
Your program's STDIN was piped from: /home/cs104/cs104/hw-nyilkhan/hw5/hw5_tests/cave_tests/testFiles/RandomMovements/input.txt
Your program's STDOUT was written to: /home/cs104/cs104/hw-nyilkhan/hw5/hw5_tests/cave_tests/testFiles/RandomMovements/output.txt
This test is executing your program with the following command line: 
/home/cs104/cs104/hw-nyilkhan/hw5/cave
Your program's STDIN was piped from: /home/cs104/cs104/hw-nyilkhan/hw5/hw5_tests/cave_tests/testFiles/RandomMovements/input.txt
Your program's STDOUT was written to: /home/cs104/cs104/hw-nyilkhan/hw5/hw5_tests/cave_tests/testFiles/RandomMovements/output.txt
This test is executing your program with the following command line: 
/home/cs104/cs104/hw-nyilkhan/hw5/cave
Your program's STDIN was piped from: /home/cs104/cs104/hw-nyilkhan/hw5/hw5_tests/cave_tests/testFiles/RandomMovements/input.txt
Your program's STDOUT was written to: /home/cs104/cs104/hw-nyilkhan/hw5/hw5_tests/cave_tests/testFiles/RandomMovements/output.txt
This test is executing your program with the following command line: 
/home/cs104/cs104/hw-nyilkhan/hw5/cave
Your program's STDIN was piped from: /home/cs104/cs104/hw-nyilkhan/hw5/hw5_tests/cave_tests/testFiles/RandomMovements/input.txt
Your program's STDOUT was written to: /home/cs104/cs104/hw-nyilkhan/hw5/hw5_tests/cave_tests/testFiles/RandomMovements/output.txt
This test is executing your program with the following command line: 
/home/cs104/cs104/hw-nyilkhan/hw5/cave
Your program's STDIN was piped from: /home/cs104/cs104/hw-nyilkhan/hw5/hw5_tests/cave_tests/testFiles/RandomMovements/input.txt
Your program's STDOUT was written to: /home/cs104/cs104/hw-nyilkhan/hw5/hw5_tests/cave_tests/testFiles/RandomMovements/output.txt
This test is executing your program with the following command line: 
/home/cs104/cs104/hw-nyilkhan/hw5/cave
Your program's STDIN was piped from: /home/cs104/cs104/hw-nyilkhan/hw5/hw5_tests/cave_tests/testFiles/RandomMovements/input.txt
Your program's STDOUT was written to: /home/cs104/cs104/hw-nyilkhan/hw5/hw5_tests/cave_tests/testFiles/RandomMovements/output.txt
This test is executing your program with the following command line: 
/home/cs104/cs104/hw-nyilkhan/hw5/cave
Your program's STDIN was piped from: /home/cs104/cs104/hw-nyilkhan/hw5/hw5_tests/cave_tests/testFiles/RandomMovements/input.txt
Your program's STDOUT was written to: /home/cs104/cs104/hw-nyilkhan/hw5/hw5_tests/cave_tests/testFiles/RandomMovements/output.txt
This test is executing your program with the following command line: 
/home/cs104/cs104/hw-nyilkhan/hw5/cave
Your program's STDIN was piped from: /home/cs104/cs104/hw-nyilkhan/hw5/hw5_tests/cave_tests/testFiles/RandomMovements/input.txt
Your program's STDOUT was written to: /home/cs104/cs104/hw-nyilkhan/hw5/hw5_tests/cave_tests/testFiles/RandomMovements/output.txt
This test is executing your program with the following command line: 
/home/cs104/cs104/hw-nyilkhan/hw5/cave
Your program's STDIN was piped from: /home/cs104/cs104/hw-nyilkhan/hw5/hw5_tests/cave_tests/testFiles/RandomMovements/input.txt
Your program's STDOUT was written to: /home/cs104/cs104/hw-nyilkhan/hw5/hw5_tests/cave_tests/testFiles/RandomMovements/output.txt
This test is executing your program with the following command line: 
/home/cs104/cs104/hw-nyilkhan/hw5/cave
Your program's STDIN was piped from: /home/cs104/cs104/hw-nyilkhan/hw5/hw5_tests/cave_tests/testFiles/RandomMovements/input.txt
Your program's STDOUT was written to: /home/cs104/cs104/hw-nyilkhan/hw5/hw5_tests/cave_tests/testFiles/RandomMovements/output.txt
This test is executing your program with the following command line: 
/home/cs104/cs104/hw-nyilkhan/hw5/cave
Your program's STDIN was piped from: /home/cs104/cs104/hw-nyilkhan/hw5/hw5_tests/cave_tests/testFiles/RandomMovements/input.txt
Your program's STDOUT was written to: /home/cs104/cs104/hw-nyilkhan/hw5/hw5_tests/cave_tests/testFiles/RandomMovements/output.txt
This test is executing your program with the following command line: 
/home/cs104/cs104/hw-nyilkhan/hw5/cave
Your program's STDIN was piped from: /home/cs104/cs104/hw-nyilkhan/hw5/hw5_tests/cave_tests/testFiles/RandomMovements/input.txt
Your program's STDOUT was written to: /home/cs104/cs104/hw-nyilkhan/hw5/hw5_tests/cave_tests/testFiles/RandomMovements/output.txt
This test is executing your program with the following command line: 
/home/cs104/cs104/hw-nyilkhan/hw5/cave
Your program's STDIN was piped from: /home/cs104/cs104/hw-nyilkhan/hw5/hw5_tests/cave_tests/testFiles/RandomMovements/input.txt
Your program's STDOUT was written to: /home/cs104/cs104/hw-nyilkhan/hw5/hw5_tests/cave_tests/testFiles/RandomMovements/output.txt
This test is executing your program with the following command line: 
/home/cs104/cs104/hw-nyilkhan/hw5/cave
Your program's STDIN was piped from: /home/cs104/cs104/hw-nyilkhan/hw5/hw5_tests/cave_tests/testFiles/RandomMovements/input.txt
Your program's STDOUT was written to: /home/cs104/cs104/hw-nyilkhan/hw5/hw5_tests/cave_tests/testFiles/RandomMovements/output.txt
This test is executing your program with the following command line: 
/home/cs104/cs104/hw-nyilkhan/hw5/cave
Your program's STDIN was piped from: /home/cs104/cs104/hw-nyilkhan/hw5/hw5_tests/cave_tests/testFiles/RandomMovements/input.txt
Your program's STDOUT was written to: /home/cs104/cs104/hw-nyilkhan/hw5/hw5_tests/cave_tests/testFiles/RandomMovements/output.txt
This test is executing your program with the following command line: 
/home/cs104/cs104/hw-nyilkhan/hw5/cave
Your program's STDIN was piped from: /home/cs104/cs104/hw-nyilkhan/hw5/hw5_tests/cave_tests/testFiles/RandomMovements/input.txt
Your program's STDOUT was written to: /home/cs104/cs104/hw-nyilkhan/hw5/hw5_tests/cave_tests/testFiles/RandomMovements/output.txt
This test is executing your program with the following command line: 
/home/cs104/cs104/hw-nyilkhan/hw5/cave
Your program's STDIN was piped from: /home/cs104/cs104/hw-nyilkhan/hw5/hw5_tests/cave_tests/testFiles/RandomMovements/input.txt
Your program's STDOUT was written to: /home/cs104/cs104/hw-nyilkhan/hw5/hw5_tests/cave_tests/testFiles/RandomMovements/output.txt
This test is executing your program with the following command line: 
/home/cs104/cs104/hw-nyilkhan/hw5/cave
Your program's STDIN was piped from: /home/cs104/cs104/hw-nyilkhan/hw5/hw5_tests/cave_tests/testFiles/RandomMovements/input.txt
Your program's STDOUT was written to: /home/cs104/cs104/hw-nyilkhan/hw5/hw5_tests/cave_tests/testFiles/RandomMovements/output.txt
This test is executing your program with the following command line: 
/home/cs104/cs104/hw-nyilkhan/hw5/cave
Your program's STDIN was piped from: /home/cs104/cs104/hw-nyilkhan/hw5/hw5_tests/cave_tests/testFiles/RandomMovements/input.txt
Your program's STDOUT was written to: /home/cs104/cs104/hw-nyilkhan/hw5/hw5_tests/cave_tests/testFiles/RandomMovements/output.txt
This test is executing your program with the following command line: 
/home/cs104/cs104/hw-nyilkhan/hw5/cave
Your program's STDIN was piped from: /home/cs104/cs104/hw-nyilkhan/hw5/hw5_tests/cave_tests/testFiles/RandomMovements/input.txt
Your program's STDOUT was written to: /home/cs104/cs104/hw-nyilkhan/hw5/hw5_tests/cave_tests/testFiles/RandomMovements/output.txt
This test is executing your program with the following command line: 
/home/cs104/cs104/hw-nyilkhan/hw5/cave
Your program's STDIN was piped from: /home/cs104/cs104/hw-nyilkhan/hw5/hw5_tests/cave_tests/testFiles/RandomMovements/input.txt
Your program's STDOUT was written to: /home/cs104/cs104/hw-nyilkhan/hw5/hw5_tests/cave_tests/testFiles/RandomMovements/output.txt
This test is executing your program with the following command line: 
/home/cs104/cs104/hw-nyilkhan/hw5/cave
Your program's STDIN was piped from: /home/cs104/cs104/hw-nyilkhan/hw5/hw5_tests/cave_tests/testFiles/RandomMovements/input.txt
Your program's STDOUT was written to: /home/cs104/cs104/hw-nyilkhan/hw5/hw5_tests/cave_tests/testFiles/RandomMovements/output.txt
This test is executing your program with the following command line: 
/home/cs104/cs104/hw-nyilkhan/hw5/cave
Your program's STDIN was piped from: /home/cs104/cs104/hw-nyilkhan/hw5/hw5_tests/cave_tests/testFiles/RandomMovements/input.txt
Your program's STDOUT was written to: /home/cs104/cs104/hw-nyilkhan/hw5/hw5_tests/cave_tests/testFiles/RandomMovements/output.txt
This test is executing your program with the following command line: 
/home/cs104/cs104/hw-nyilkhan/hw5/cave
Your program's STDIN was piped from: /home/cs104/cs104/hw-nyilkhan/hw5/hw5_tests/cave_tests/testFiles/RandomMovements/input.txt
Your program's STDOUT was written to: /home/cs104/cs104/hw-nyilkhan/hw5/hw5_tests/cave_tests/testFiles/RandomMovements/output.txt
[       OK ] CaveStress.RandomMovements (129 ms)
[----------] 1 test from CaveStress (129 ms total)

[----------] Global test environment tear-down
[==========] 1 test from 1 test case ran. (129 ms total)
[  PASSED  ] 1 test.
</Value>
				</Measurement>
			</Results>
		</Test>
		<Test Status="passed">
			<Name>CaveStress.RandomCorrectPath</Name>
			<Path>./cave_tests</Path>
			<FullName>./cave_tests/CaveStress.RandomCorrectPath</FullName>
			<FullCommandLine>/home/cs104/cs104/hw-nyilkhan/hw5/hw5_tests/cave_tests/cave_test "--gtest_filter=CaveStress.RandomCorrectPath"</FullCommandLine>
			<Results>
				<NamedMeasurement type="numeric/double" name="Execution Time">
					<Value>0.123845</Value>
				</NamedMeasurement>
				<NamedMeasurement type="text/string" name="Completion Status">
					<Value>Completed</Value>
				</NamedMeasurement>
				<NamedMeasurement type="text/string" name="Command Line">
					<Value>/home/cs104/cs104/hw-nyilkhan/hw5/hw5_tests/cave_tests/cave_test "--gtest_filter=CaveStress.RandomCorrectPath"</Value>
				</NamedMeasurement>
				<Measurement>
					<Value>Running main() from gtest_main.cc
Note: Google Test filter = CaveStress.RandomCorrectPath
[==========] Running 1 test from 1 test case.
[----------] Global test environment set-up.
[----------] 1 test from CaveStress
[ RUN      ] CaveStress.RandomCorrectPath
ewwsesswnswnwwwnwwessssenwesessssewnsewsenwennswnwesenssweswnewnsewnnnnwnweswnnnnweeseeesensennwneew
This test is executing your program with the following command line: 
/home/cs104/cs104/hw-nyilkhan/hw5/cave
Your program's STDIN was piped from: /home/cs104/cs104/hw-nyilkhan/hw5/hw5_tests/cave_tests/testFiles/RandomCorrectPath/input.txt
Your program's STDOUT was written to: /home/cs104/cs104/hw-nyilkhan/hw5/hw5_tests/cave_tests/testFiles/RandomCorrectPath/output.txt
wsweswwwsssennneweweeeeewswsewnwsswnwsswwnnsnwwssewnneesnsseennesennesewnenewwwwwewewssswnnneeenwene
This test is executing your program with the following command line: 
/home/cs104/cs104/hw-nyilkhan/hw5/cave
Your program's STDIN was piped from: /home/cs104/cs104/hw-nyilkhan/hw5/hw5_tests/cave_tests/testFiles/RandomCorrectPath/input.txt
Your program's STDOUT was written to: /home/cs104/cs104/hw-nyilkhan/hw5/hw5_tests/cave_tests/testFiles/RandomCorrectPath/output.txt
wewnswnsswsnssnewsswnsnwewwsnnessnnwwssenwsneesseewwnnwwsneswnneessnnwssneewesnsennewsnnsnennsensewe
This test is executing your program with the following command line: 
/home/cs104/cs104/hw-nyilkhan/hw5/cave
Your program's STDIN was piped from: /home/cs104/cs104/hw-nyilkhan/hw5/hw5_tests/cave_tests/testFiles/RandomCorrectPath/input.txt
Your program's STDOUT was written to: /home/cs104/cs104/hw-nyilkhan/hw5/hw5_tests/cave_tests/testFiles/RandomCorrectPath/output.txt
newwneewnssesnwswnwnnssnswswwwwesnesnwsennnswnenwnseswsenssswnesnwsnweeeenensnnssesenesnwnnsewwseews
This test is executing your program with the following command line: 
/home/cs104/cs104/hw-nyilkhan/hw5/cave
Your program's STDIN was piped from: /home/cs104/cs104/hw-nyilkhan/hw5/hw5_tests/cave_tests/testFiles/RandomCorrectPath/input.txt
Your program's STDOUT was written to: /home/cs104/cs104/hw-nyilkhan/hw5/hw5_tests/cave_tests/testFiles/RandomCorrectPath/output.txt
sewsnwsswwsnnnwnenwnswwweeesnwwnnneswsnewswsnnenwweeswssnenewsnenwssseesnwwweeenseswsesssneennesnewn
This test is executing your program with the following command line: 
/home/cs104/cs104/hw-nyilkhan/hw5/cave
Your program's STDIN was piped from: /home/cs104/cs104/hw-nyilkhan/hw5/hw5_tests/cave_tests/testFiles/RandomCorrectPath/input.txt
Your program's STDOUT was written to: /home/cs104/cs104/hw-nyilkhan/hw5/hw5_tests/cave_tests/testFiles/RandomCorrectPath/output.txt
nneeesswenwsnssnwswsenesnssenwenwewwwnnswnwseewwweweeewwnesensseeewesweswnnsnwswnenesnnsneswennwwwss
This test is executing your program with the following command line: 
/home/cs104/cs104/hw-nyilkhan/hw5/cave
Your program's STDIN was piped from: /home/cs104/cs104/hw-nyilkhan/hw5/hw5_tests/cave_tests/testFiles/RandomCorrectPath/input.txt
Your program's STDOUT was written to: /home/cs104/cs104/hw-nyilkhan/hw5/hw5_tests/cave_tests/testFiles/RandomCorrectPath/output.txt
wssnewenewnsewsweesnssnsensewnnswwseewnweesnwnensnsnswsesnwwesewwneenssewnswnsnnsnwwenewnsewswewsnne
This test is executing your program with the following command line: 
/home/cs104/cs104/hw-nyilkhan/hw5/cave
Your program's STDIN was piped from: /home/cs104/cs104/hw-nyilkhan/hw5/hw5_tests/cave_tests/testFiles/RandomCorrectPath/input.txt
Your program's STDOUT was written to: /home/cs104/cs104/hw-nyilkhan/hw5/hw5_tests/cave_tests/testFiles/RandomCorrectPath/output.txt
nesssnwsseseewwnneewesenssnsnnwnwsnnnseennwwseeesnsnwwwneesswwnsssnesessnsnnswnwewwsseewwnwnnesnnnws
This test is executing your program with the following command line: 
/home/cs104/cs104/hw-nyilkhan/hw5/cave
Your program's STDIN was piped from: /home/cs104/cs104/hw-nyilkhan/hw5/hw5_tests/cave_tests/testFiles/RandomCorrectPath/input.txt
Your program's STDOUT was written to: /home/cs104/cs104/hw-nyilkhan/hw5/hw5_tests/cave_tests/testFiles/RandomCorrectPath/output.txt
enssenwnwswesnesnewseswewwnesswesneewswwsnwnnwsenweswnessesneenewwsnwennwseewenwnewsnwsnweneseswnnsw
This test is executing your program with the following command line: 
/home/cs104/cs104/hw-nyilkhan/hw5/cave
Your program's STDIN was piped from: /home/cs104/cs104/hw-nyilkhan/hw5/hw5_tests/cave_tests/testFiles/RandomCorrectPath/input.txt
Your program's STDOUT was written to: /home/cs104/cs104/hw-nyilkhan/hw5/hw5_tests/cave_tests/testFiles/RandomCorrectPath/output.txt
enwnnwwswwwwewwwesenwensnennwwnwenwewewwenssnenennsswswsnnsweewewesweseesswsnsweswnweeeweeeeneessesw
This test is executing your program with the following command line: 
/home/cs104/cs104/hw-nyilkhan/hw5/cave
Your program's STDIN was piped from: /home/cs104/cs104/hw-nyilkhan/hw5/hw5_tests/cave_tests/testFiles/RandomCorrectPath/input.txt
Your program's STDOUT was written to: /home/cs104/cs104/hw-nyilkhan/hw5/hw5_tests/cave_tests/testFiles/RandomCorrectPath/output.txt
nwessewnewnenennnnneeseswwwssnneeeswnweenenwnsweeewwwenseswswwesenwwwssnneeenwnwwssssswswsewsewnnwes
This test is executing your program with the following command line: 
/home/cs104/cs104/hw-nyilkhan/hw5/cave
Your program's STDIN was piped from: /home/cs104/cs104/hw-nyilkhan/hw5/hw5_tests/cave_tests/testFiles/RandomCorrectPath/input.txt
Your program's STDOUT was written to: /home/cs104/cs104/hw-nyilkhan/hw5/hw5_tests/cave_tests/testFiles/RandomCorrectPath/output.txt
snwsseswwwnsewsnnwssswssnsensnwnewnwweewwweesennnewssswnwweeewweesewsesnswnsnnennnessnewnseeenwnnesn
This test is executing your program with the following command line: 
/home/cs104/cs104/hw-nyilkhan/hw5/cave
Your program's STDIN was piped from: /home/cs104/cs104/hw-nyilkhan/hw5/hw5_tests/cave_tests/testFiles/RandomCorrectPath/input.txt
Your program's STDOUT was written to: /home/cs104/cs104/hw-nyilkhan/hw5/hw5_tests/cave_tests/testFiles/RandomCorrectPath/output.txt
swneesnswwnsneewnsseenswnnwswwssnenwewwsewwnwweenweswweeseewneeweswsnneenessenswwnnsewwsnseensnwwsen
This test is executing your program with the following command line: 
/home/cs104/cs104/hw-nyilkhan/hw5/cave
Your program's STDIN was piped from: /home/cs104/cs104/hw-nyilkhan/hw5/hw5_tests/cave_tests/testFiles/RandomCorrectPath/input.txt
Your program's STDOUT was written to: /home/cs104/cs104/hw-nyilkhan/hw5/hw5_tests/cave_tests/testFiles/RandomCorrectPath/output.txt
nseewwwnwenwwswsnsnssweswnnwnwesennnnesnsennwssnesnwsnnesswnsnwsssswnwesessenwennsnsneneesweseeewwns
This test is executing your program with the following command line: 
/home/cs104/cs104/hw-nyilkhan/hw5/cave
Your program's STDIN was piped from: /home/cs104/cs104/hw-nyilkhan/hw5/hw5_tests/cave_tests/testFiles/RandomCorrectPath/input.txt
Your program's STDOUT was written to: /home/cs104/cs104/hw-nyilkhan/hw5/hw5_tests/cave_tests/testFiles/RandomCorrectPath/output.txt
eweennewenweeesnnnwnseeennnnnesessessneseenwsewsnwesnewneswwnwsnnwnnwnwssssswwwnsesssnwwweswewsswwew
This test is executing your program with the following command line: 
/home/cs104/cs104/hw-nyilkhan/hw5/cave
Your program's STDIN was piped from: /home/cs104/cs104/hw-nyilkhan/hw5/hw5_tests/cave_tests/testFiles/RandomCorrectPath/input.txt
Your program's STDOUT was written to: /home/cs104/cs104/hw-nyilkhan/hw5/hw5_tests/cave_tests/testFiles/RandomCorrectPath/output.txt
nnsnwnsesenwesnnsewwnsswnewenwneswwseweewsneswwnewewseenwsnewwewneenwseswewsennseewnssnweswnwnsesnss
This test is executing your program with the following command line: 
/home/cs104/cs104/hw-nyilkhan/hw5/cave
Your program's STDIN was piped from: /home/cs104/cs104/hw-nyilkhan/hw5/hw5_tests/cave_tests/testFiles/RandomCorrectPath/input.txt
Your program's STDOUT was written to: /home/cs104/cs104/hw-nyilkhan/hw5/hw5_tests/cave_tests/testFiles/RandomCorrectPath/output.txt
enseweeswwnwnsewsnnewesweswwnsssenesseeswnweseewesnwewwnwesenwwnnwswnnnseenwenwewssnewnseseenwwewnsw
This test is executing your program with the following command line: 
/home/cs104/cs104/hw-nyilkhan/hw5/cave
Your program's STDIN was piped from: /home/cs104/cs104/hw-nyilkhan/hw5/hw5_tests/cave_tests/testFiles/RandomCorrectPath/input.txt
Your program's STDOUT was written to: /home/cs104/cs104/hw-nyilkhan/hw5/hw5_tests/cave_tests/testFiles/RandomCorrectPath/output.txt
nennenewnwewewnseenweewswnnnswewesssswsnsnewweneswenwsweewsnsnennnnwewensssenewweswwnsewewesewswssws
This test is executing your program with the following command line: 
/home/cs104/cs104/hw-nyilkhan/hw5/cave
Your program's STDIN was piped from: /home/cs104/cs104/hw-nyilkhan/hw5/hw5_tests/cave_tests/testFiles/RandomCorrectPath/input.txt
Your program's STDOUT was written to: /home/cs104/cs104/hw-nyilkhan/hw5/hw5_tests/cave_tests/testFiles/RandomCorrectPath/output.txt
sessewenenswseseswewnnnnewwnnwnnwnnnsnwewnnnnswnwsnesenssssewesnsssessesseewssssewenwnwnenswswewnnwn
This test is executing your program with the following command line: 
/home/cs104/cs104/hw-nyilkhan/hw5/cave
Your program's STDIN was piped from: /home/cs104/cs104/hw-nyilkhan/hw5/hw5_tests/cave_tests/testFiles/RandomCorrectPath/input.txt
Your program's STDOUT was written to: /home/cs104/cs104/hw-nyilkhan/hw5/hw5_tests/cave_tests/testFiles/RandomCorrectPath/output.txt
senwnesnennweewwnssnnwswwnnsnwenweweswwswnsnenewwnseewswsnseneenweweswesnsseenessnnseewwesswsnwseswn
This test is executing your program with the following command line: 
/home/cs104/cs104/hw-nyilkhan/hw5/cave
Your program's STDIN was piped from: /home/cs104/cs104/hw-nyilkhan/hw5/hw5_tests/cave_tests/testFiles/RandomCorrectPath/input.txt
Your program's STDOUT was written to: /home/cs104/cs104/hw-nyilkhan/hw5/hw5_tests/cave_tests/testFiles/RandomCorrectPath/output.txt
wenwwnewwsnnnennewewenswewwennsnwwenweensesenneswnsenwsswnwnswwesweesnssweewenswewewsswsssneewseeswe
This test is executing your program with the following command line: 
/home/cs104/cs104/hw-nyilkhan/hw5/cave
Your program's STDIN was piped from: /home/cs104/cs104/hw-nyilkhan/hw5/hw5_tests/cave_tests/testFiles/RandomCorrectPath/input.txt
Your program's STDOUT was written to: /home/cs104/cs104/hw-nyilkhan/hw5/hw5_tests/cave_tests/testFiles/RandomCorrectPath/output.txt
neennwewwwwsnnnnnewwenssnnennwewnneewweeewswnwsnewewsnesenewwweewwssewesswssnnsweewsssssneeeewesswws
This test is executing your program with the following command line: 
/home/cs104/cs104/hw-nyilkhan/hw5/cave
Your program's STDIN was piped from: /home/cs104/cs104/hw-nyilkhan/hw5/hw5_tests/cave_tests/testFiles/RandomCorrectPath/input.txt
Your program's STDOUT was written to: /home/cs104/cs104/hw-nyilkhan/hw5/hw5_tests/cave_tests/testFiles/RandomCorrectPath/output.txt
ssnnsennnessnswsennwswwewesseenswnsnwswwneenwwsswewenneeswwseenesnsenswwnnweweenesswnensnnwssswnssnn
This test is executing your program with the following command line: 
/home/cs104/cs104/hw-nyilkhan/hw5/cave
Your program's STDIN was piped from: /home/cs104/cs104/hw-nyilkhan/hw5/hw5_tests/cave_tests/testFiles/RandomCorrectPath/input.txt
Your program's STDOUT was written to: /home/cs104/cs104/hw-nyilkhan/hw5/hw5_tests/cave_tests/testFiles/RandomCorrectPath/output.txt
eseeeswsssnennnneewswesenwwesenewnwswwswenssnsennsnsswnsnnsweneenesewswnweeswnwenewwsssswsnnnenwwwnw
This test is executing your program with the following command line: 
/home/cs104/cs104/hw-nyilkhan/hw5/cave
Your program's STDIN was piped from: /home/cs104/cs104/hw-nyilkhan/hw5/hw5_tests/cave_tests/testFiles/RandomCorrectPath/input.txt
Your program's STDOUT was written to: /home/cs104/cs104/hw-nyilkhan/hw5/hw5_tests/cave_tests/testFiles/RandomCorrectPath/output.txt
enewneweswnessssewsswewsewnneeesseewssseeewnnsnwsnsnesnssewwwnnnewwnnwwwssewnewennewnnnnwsenwewsewsw
This test is executing your program with the following command line: 
/home/cs104/cs104/hw-nyilkhan/hw5/cave
Your program's STDIN was piped from: /home/cs104/cs104/hw-nyilkhan/hw5/hw5_tests/cave_tests/testFiles/RandomCorrectPath/input.txt
Your program's STDOUT was written to: /home/cs104/cs104/hw-nyilkhan/hw5/hw5_tests/cave_tests/testFiles/RandomCorrectPath/output.txt
seenesnwsnsswsnsnennesewssnneneenwnnnnesssweeennesnwsswwwennnwsssseswwswssnnewnwsswsnsnennsnesnwswwn
This test is executing your program with the following command line: 
/home/cs104/cs104/hw-nyilkhan/hw5/cave
Your program's STDIN was piped from: /home/cs104/cs104/hw-nyilkhan/hw5/hw5_tests/cave_tests/testFiles/RandomCorrectPath/input.txt
Your program's STDOUT was written to: /home/cs104/cs104/hw-nyilkhan/hw5/hw5_tests/cave_tests/testFiles/RandomCorrectPath/output.txt
enwwnnswsseswswwwweennwnsessswneensnwnssnwnwwnnwenswesseesesnnsesnswwsennnwnsesswweeeenenwnnensseesw
This test is executing your program with the following command line: 
/home/cs104/cs104/hw-nyilkhan/hw5/cave
Your program's STDIN was piped from: /home/cs104/cs104/hw-nyilkhan/hw5/hw5_tests/cave_tests/testFiles/RandomCorrectPath/input.txt
Your program's STDOUT was written to: /home/cs104/cs104/hw-nyilkhan/hw5/hw5_tests/cave_tests/testFiles/RandomCorrectPath/output.txt
wnsewwwwnsnnnwwwesnwesenswnwnnssenwesewwseeenewnnnsssewswwwneewnweswnnssesenswnwesnweeesssnseeeewnse
This test is executing your program with the following command line: 
/home/cs104/cs104/hw-nyilkhan/hw5/cave
Your program's STDIN was piped from: /home/cs104/cs104/hw-nyilkhan/hw5/hw5_tests/cave_tests/testFiles/RandomCorrectPath/input.txt
Your program's STDOUT was written to: /home/cs104/cs104/hw-nyilkhan/hw5/hw5_tests/cave_tests/testFiles/RandomCorrectPath/output.txt
nswswsnenwssnnnwwsnwnnnswnwsssswswwesewenwnnnwswnsnsenessseswewnweenennnnesensssesneesssnneswsnenens
This test is executing your program with the following command line: 
/home/cs104/cs104/hw-nyilkhan/hw5/cave
Your program's STDIN was piped from: /home/cs104/cs104/hw-nyilkhan/hw5/hw5_tests/cave_tests/testFiles/RandomCorrectPath/input.txt
Your program's STDOUT was written to: /home/cs104/cs104/hw-nyilkhan/hw5/hw5_tests/cave_tests/testFiles/RandomCorrectPath/output.txt
swesnnwnnnwweewenesnewewnseeewswnseeennewesewnesnwesnwsewnwewsswwwnsenewwwnsewewsnwswewweesssessnwen
This test is executing your program with the following command line: 
/home/cs104/cs104/hw-nyilkhan/hw5/cave
Your program's STDIN was piped from: /home/cs104/cs104/hw-nyilkhan/hw5/hw5_tests/cave_tests/testFiles/RandomCorrectPath/input.txt
Your program's STDOUT was written to: /home/cs104/cs104/hw-nyilkhan/hw5/hw5_tests/cave_tests/testFiles/RandomCorrectPath/output.txt
nseswenseewenwnwesnswwnnesnsnnswnnnewnneenesnwswewewenesnwswwssewsssenssnsnwsseensnweseswewwnswenwns
This test is executing your program with the following command line: 
/home/cs104/cs104/hw-nyilkhan/hw5/cave
Your program's STDIN was piped from: /home/cs104/cs104/hw-nyilkhan/hw5/hw5_tests/cave_tests/testFiles/RandomCorrectPath/input.txt
Your program's STDOUT was written to: /home/cs104/cs104/hw-nyilkhan/hw5/hw5_tests/cave_tests/testFiles/RandomCorrectPath/output.txt
sessewseesnssnwwwswwsensenesnwweenssesenwesneennswensswwsnweswnwnnswweesnwswnswneeneeesnnsnwwnewnnwn
This test is executing your program with the following command line: 
/home/cs104/cs104/hw-nyilkhan/hw5/cave
Your program's STDIN was piped from: /home/cs104/cs104/hw-nyilkhan/hw5/hw5_tests/cave_tests/testFiles/RandomCorrectPath/input.txt
Your program's STDOUT was written to: /home/cs104/cs104/hw-nyilkhan/hw5/hw5_tests/cave_tests/testFiles/RandomCorrectPath/output.txt
snnseswssewnwewssnnewnnsweessnnsssswewswesennssewsnewnnsswnwenewennnnssnnwwenssewssnnewesewnnenwnssn
This test is executing your program with the following command line: 
/home/cs104/cs104/hw-nyilkhan/hw5/cave
Your program's STDIN was piped from: /home/cs104/cs104/hw-nyilkhan/hw5/hw5_tests/cave_tests/testFiles/RandomCorrectPath/input.txt
Your program's STDOUT was written to: /home/cs104/cs104/hw-nyilkhan/hw5/hw5_tests/cave_tests/testFiles/RandomCorrectPath/output.txt
nnsseeennnsnwneeenewessnwnnwseeseewsewssnwnwnsewssnnewnsesesnnewnewwnwwnessesnnwewswwwsesnssswwwnnss
This test is executing your program with the following command line: 
/home/cs104/cs104/hw-nyilkhan/hw5/cave
Your program's STDIN was piped from: /home/cs104/cs104/hw-nyilkhan/hw5/hw5_tests/cave_tests/testFiles/RandomCorrectPath/input.txt
Your program's STDOUT was written to: /home/cs104/cs104/hw-nyilkhan/hw5/hw5_tests/cave_tests/testFiles/RandomCorrectPath/output.txt
sesenwswwweswewnnnnwnssesewswnwesneeswensssnseeswsnenwwnsnnnswenwwsnwesenewnwnnsessssewenweeeneswnwn
This test is executing your program with the following command line: 
/home/cs104/cs104/hw-nyilkhan/hw5/cave
Your program's STDIN was piped from: /home/cs104/cs104/hw-nyilkhan/hw5/hw5_tests/cave_tests/testFiles/RandomCorrectPath/input.txt
Your program's STDOUT was written to: /home/cs104/cs104/hw-nyilkhan/hw5/hw5_tests/cave_tests/testFiles/RandomCorrectPath/output.txt
wnsewnswnswsswswweeneswnnswwwneenwswwnswewsnwwseesnwwneesnewenseeneswwseeenssenwswweenennensensewnse
This test is executing your program with the following command line: 
/home/cs104/cs104/hw-nyilkhan/hw5/cave
Your program's STDIN was piped from: /home/cs104/cs104/hw-nyilkhan/hw5/hw5_tests/cave_tests/testFiles/RandomCorrectPath/input.txt
Your program's STDOUT was written to: /home/cs104/cs104/hw-nyilkhan/hw5/hw5_tests/cave_tests/testFiles/RandomCorrectPath/output.txt
sseneneeneewsseswwweeennnwnneswsewnswnswnsensewsnwesnewnswnsensensewnenwssessswwweeenwnnewwswwswswnn
This test is executing your program with the following command line: 
/home/cs104/cs104/hw-nyilkhan/hw5/cave
Your program's STDIN was piped from: /home/cs104/cs104/hw-nyilkhan/hw5/hw5_tests/cave_tests/testFiles/RandomCorrectPath/input.txt
Your program's STDOUT was written to: /home/cs104/cs104/hw-nyilkhan/hw5/hw5_tests/cave_tests/testFiles/RandomCorrectPath/output.txt
wswennesnsnwewssewsnnsnsssswwnnnsswewswwwwwwesenwsneswnweeeeeenewennssseennnnsnssnewnnewesnsnwsswene
This test is executing your program with the following command line: 
/home/cs104/cs104/hw-nyilkhan/hw5/cave
Your program's STDIN was piped from: /home/cs104/cs104/hw-nyilkhan/hw5/hw5_tests/cave_tests/testFiles/RandomCorrectPath/input.txt
Your program's STDOUT was written to: /home/cs104/cs104/hw-nyilkhan/hw5/hw5_tests/cave_tests/testFiles/RandomCorrectPath/output.txt
nswnsesesnswswnnswwwweswnwsnesnssnneewenswwsnsnssewnnsnsneenswewwssnnsnwsnesenweeeenssenensnwnwnsens
This test is executing your program with the following command line: 
/home/cs104/cs104/hw-nyilkhan/hw5/cave
Your program's STDIN was piped from: /home/cs104/cs104/hw-nyilkhan/hw5/hw5_tests/cave_tests/testFiles/RandomCorrectPath/input.txt
Your program's STDOUT was written to: /home/cs104/cs104/hw-nyilkhan/hw5/hw5_tests/cave_tests/testFiles/RandomCorrectPath/output.txt
esenessensnsnsesenwwseswnsswsswwnenseneewssnwnwnssnnsesesnnewwswnswseennennsenwneeswnwnsnsnswnnwswnw
This test is executing your program with the following command line: 
/home/cs104/cs104/hw-nyilkhan/hw5/cave
Your program's STDIN was piped from: /home/cs104/cs104/hw-nyilkhan/hw5/hw5_tests/cave_tests/testFiles/RandomCorrectPath/input.txt
Your program's STDOUT was written to: /home/cs104/cs104/hw-nyilkhan/hw5/hw5_tests/cave_tests/testFiles/RandomCorrectPath/output.txt
newnseseseseseeewewwesewswnnessnssesensenwnnwnneewewwssesseswnswnwnnsnnwssenewnweewewwwnwnwnwnwnsews
This test is executing your program with the following command line: 
/home/cs104/cs104/hw-nyilkhan/hw5/cave
Your program's STDIN was piped from: /home/cs104/cs104/hw-nyilkhan/hw5/hw5_tests/cave_tests/testFiles/RandomCorrectPath/input.txt
Your program's STDOUT was written to: /home/cs104/cs104/hw-nyilkhan/hw5/hw5_tests/cave_tests/testFiles/RandomCorrectPath/output.txt
sssneensnsnwswseewnenneweweswswweewsenwnssnweeewsnsnewwwesnnseswnewweenenwewewsswsewwnenesnsnswwsnnn
This test is executing your program with the following command line: 
/home/cs104/cs104/hw-nyilkhan/hw5/cave
Your program's STDIN was piped from: /home/cs104/cs104/hw-nyilkhan/hw5/hw5_tests/cave_tests/testFiles/RandomCorrectPath/input.txt
Your program's STDOUT was written to: /home/cs104/cs104/hw-nyilkhan/hw5/hw5_tests/cave_tests/testFiles/RandomCorrectPath/output.txt
nsweennnsnewssnwessnneswsswnsensnseensssnwswweweesnwweweenesnnnswwnsnswnsennenwssnnwesnnewsnssswwens
This test is executing your program with the following command line: 
/home/cs104/cs104/hw-nyilkhan/hw5/cave
Your program's STDIN was piped from: /home/cs104/cs104/hw-nyilkhan/hw5/hw5_tests/cave_tests/testFiles/RandomCorrectPath/input.txt
Your program's STDOUT was written to: /home/cs104/cs104/hw-nyilkhan/hw5/hw5_tests/cave_tests/testFiles/RandomCorrectPath/output.txt
ewnweeesensnwwwnwsswnnseswweeweenwwenensesnsewnnesnwssewnsnwnswsweeswwewweenwnssenneseeesnswnwwwesew
This test is executing your program with the following command line: 
/home/cs104/cs104/hw-nyilkhan/hw5/cave
Your program's STDIN was piped from: /home/cs104/cs104/hw-nyilkhan/hw5/hw5_tests/cave_tests/testFiles/RandomCorrectPath/input.txt
Your program's STDOUT was written to: /home/cs104/cs104/hw-nyilkhan/hw5/hw5_tests/cave_tests/testFiles/RandomCorrectPath/output.txt
seewswenenewnnwwwwseswnwenewsennnsneennweewnwnnewewewssesewwesswwsnssswnewswesenwneeeessewswswenewwn
This test is executing your program with the following command line: 
/home/cs104/cs104/hw-nyilkhan/hw5/cave
Your program's STDIN was piped from: /home/cs104/cs104/hw-nyilkhan/hw5/hw5_tests/cave_tests/testFiles/RandomCorrectPath/input.txt
Your program's STDOUT was written to: /home/cs104/cs104/hw-nyilkhan/hw5/hw5_tests/cave_tests/testFiles/RandomCorrectPath/output.txt
wweewsweswwnnseeswnwwnenswsewwsssenenswenessnwwesnsnweesnnwswenswswnnneewnenswseesenwwnsseenwenewwee
This test is executing your program with the following command line: 
/home/cs104/cs104/hw-nyilkhan/hw5/cave
Your program's STDIN was piped from: /home/cs104/cs104/hw-nyilkhan/hw5/hw5_tests/cave_tests/testFiles/RandomCorrectPath/input.txt
Your program's STDOUT was written to: /home/cs104/cs104/hw-nyilkhan/hw5/hw5_tests/cave_tests/testFiles/RandomCorrectPath/output.txt
weswesseesweeennewwswessnwnwseeeeneewwnwewnnenswswenenswsseweseewwswwwwnesesnnweneewsswwwenwwnnwenwe
This test is executing your program with the following command line: 
/home/cs104/cs104/hw-nyilkhan/hw5/cave
Your program's STDIN was piped from: /home/cs104/cs104/hw-nyilkhan/hw5/hw5_tests/cave_tests/testFiles/RandomCorrectPath/input.txt
Your program's STDOUT was written to: /home/cs104/cs104/hw-nyilkhan/hw5/hw5_tests/cave_tests/testFiles/RandomCorrectPath/output.txt
sessnewwwwswwwsnewnnsennwnsewseeewswsweswesewenensnswswewnwenwenenewwwnewnsesswnssewsneeeneeeewsnnwn
This test is executing your program with the following command line: 
/home/cs104/cs104/hw-nyilkhan/hw5/cave
Your program's STDIN was piped from: /home/cs104/cs104/hw-nyilkhan/hw5/hw5_tests/cave_tests/testFiles/RandomCorrectPath/input.txt
Your program's STDOUT was written to: /home/cs104/cs104/hw-nyilkhan/hw5/hw5_tests/cave_tests/testFiles/RandomCorrectPath/output.txt
nwsenesswwewsweeeweweswswsennwwwewweseewnsnnennwewewesswssnsewwnweeweeesswnenenwewewwweneweennwswnes
This test is executing your program with the following command line: 
/home/cs104/cs104/hw-nyilkhan/hw5/cave
Your program's STDIN was piped from: /home/cs104/cs104/hw-nyilkhan/hw5/hw5_tests/cave_tests/testFiles/RandomCorrectPath/input.txt
Your program's STDOUT was written to: /home/cs104/cs104/hw-nyilkhan/hw5/hw5_tests/cave_tests/testFiles/RandomCorrectPath/output.txt
nwnwewwsnwnseeswneennsseneweewennnsseensswwwneenwsneswwseeennswwnnssswewwewswnnsswwsenwwnsesneeweses
This test is executing your program with the following command line: 
/home/cs104/cs104/hw-nyilkhan/hw5/cave
Your program's STDIN was piped from: /home/cs104/cs104/hw-nyilkhan/hw5/hw5_tests/cave_tests/testFiles/RandomCorrectPath/input.txt
Your program's STDOUT was written to: /home/cs104/cs104/hw-nyilkhan/hw5/hw5_tests/cave_tests/testFiles/RandomCorrectPath/output.txt
[       OK ] CaveStress.RandomCorrectPath (121 ms)
[----------] 1 test from CaveStress (121 ms total)

[----------] Global test environment tear-down
[==========] 1 test from 1 test case ran. (121 ms total)
[  PASSED  ] 1 test.
</Value>
				</Measurement>
			</Results>
		</Test>
		<Test Status="passed">
			<Name>FunctorSimple.Numbers</Name>
			<Path>./functor_tests</Path>
			<FullName>./functor_tests/FunctorSimple.Numbers</FullName>
			<FullCommandLine>/usr/bin/valgrind "--tool=memcheck" "--leak-check=yes" "--trace-children=no" "/home/cs104/cs104/hw-nyilkhan/hw5/hw5_tests/functor_tests/functor_test" "--gtest_filter=FunctorSimple.Numbers"</FullCommandLine>
			<Results>
				<NamedMeasurement type="numeric/double" name="Execution Time">
					<Value>0.689125</Value>
				</NamedMeasurement>
				<NamedMeasurement type="text/string" name="Completion Status">
					<Value>Completed</Value>
				</NamedMeasurement>
				<NamedMeasurement type="text/string" name="Command Line">
					<Value>/usr/bin/valgrind "--tool=memcheck" "--leak-check=yes" "--trace-children=no" "/home/cs104/cs104/hw-nyilkhan/hw5/hw5_tests/functor_tests/functor_test" "--gtest_filter=FunctorSimple.Numbers"</Value>
				</NamedMeasurement>
				<Measurement>
					<Value>==19023== Memcheck, a memory error detector
==19023== Copyright (C) 2002-2017, and GNU GPL'd, by Julian Seward et al.
==19023== Using Valgrind-3.13.0 and LibVEX; rerun with -h for copyright info
==19023== Command: /home/cs104/cs104/hw-nyilkhan/hw5/hw5_tests/functor_tests/functor_test --gtest_filter=FunctorSimple.Numbers
==19023== 
Running main() from gtest_main.cc
Note: Google Test filter = FunctorSimple.Numbers
[==========] Running 1 test from 1 test case.
[----------] Global test environment set-up.
[----------] 1 test from FunctorSimple
[ RUN      ] FunctorSimple.Numbers
[       OK ] FunctorSimple.Numbers (9 ms)
[----------] 1 test from FunctorSimple (14 ms total)

[----------] Global test environment tear-down
[==========] 1 test from 1 test case ran. (40 ms total)
[  PASSED  ] 1 test.
==19023== 
==19023== HEAP SUMMARY:
==19023==     in use at exit: 72,704 bytes in 1 blocks
==19023==   total heap usage: 336 allocs, 335 frees, 127,342 bytes allocated
==19023== 
==19023== LEAK SUMMARY:
==19023==    definitely lost: 0 bytes in 0 blocks
==19023==    indirectly lost: 0 bytes in 0 blocks
==19023==      possibly lost: 0 bytes in 0 blocks
==19023==    still reachable: 0 bytes in 0 blocks
==19023==         suppressed: 72,704 bytes in 1 blocks
==19023== 
==19023== For counts of detected and suppressed errors, rerun with: -v
==19023== ERROR SUMMARY: 0 errors from 0 contexts (suppressed: 0 from 0)
</Value>
				</Measurement>
			</Results>
		</Test>
		<Test Status="passed">
			<Name>FunctorSimple.CapitalLetters</Name>
			<Path>./functor_tests</Path>
			<FullName>./functor_tests/FunctorSimple.CapitalLetters</FullName>
			<FullCommandLine>/usr/bin/valgrind "--tool=memcheck" "--leak-check=yes" "--trace-children=no" "/home/cs104/cs104/hw-nyilkhan/hw5/hw5_tests/functor_tests/functor_test" "--gtest_filter=FunctorSimple.CapitalLetters"</FullCommandLine>
			<Results>
				<NamedMeasurement type="numeric/double" name="Execution Time">
					<Value>0.688771</Value>
				</NamedMeasurement>
				<NamedMeasurement type="text/string" name="Completion Status">
					<Value>Completed</Value>
				</NamedMeasurement>
				<NamedMeasurement type="text/string" name="Command Line">
					<Value>/usr/bin/valgrind "--tool=memcheck" "--leak-check=yes" "--trace-children=no" "/home/cs104/cs104/hw-nyilkhan/hw5/hw5_tests/functor_tests/functor_test" "--gtest_filter=FunctorSimple.CapitalLetters"</Value>
				</NamedMeasurement>
				<Measurement>
					<Value>==19024== Memcheck, a memory error detector
==19024== Copyright (C) 2002-2017, and GNU GPL'd, by Julian Seward et al.
==19024== Using Valgrind-3.13.0 and LibVEX; rerun with -h for copyright info
==19024== Command: /home/cs104/cs104/hw-nyilkhan/hw5/hw5_tests/functor_tests/functor_test --gtest_filter=FunctorSimple.CapitalLetters
==19024== 
Running main() from gtest_main.cc
Note: Google Test filter = FunctorSimple.CapitalLetters
[==========] Running 1 test from 1 test case.
[----------] Global test environment set-up.
[----------] 1 test from FunctorSimple
[ RUN      ] FunctorSimple.CapitalLetters
[       OK ] FunctorSimple.CapitalLetters (9 ms)
[----------] 1 test from FunctorSimple (14 ms total)

[----------] Global test environment tear-down
[==========] 1 test from 1 test case ran. (40 ms total)
[  PASSED  ] 1 test.
==19024== 
==19024== HEAP SUMMARY:
==19024==     in use at exit: 72,704 bytes in 1 blocks
==19024==   total heap usage: 336 allocs, 335 frees, 127,391 bytes allocated
==19024== 
==19024== LEAK SUMMARY:
==19024==    definitely lost: 0 bytes in 0 blocks
==19024==    indirectly lost: 0 bytes in 0 blocks
==19024==      possibly lost: 0 bytes in 0 blocks
==19024==    still reachable: 0 bytes in 0 blocks
==19024==         suppressed: 72,704 bytes in 1 blocks
==19024== 
==19024== For counts of detected and suppressed errors, rerun with: -v
==19024== ERROR SUMMARY: 0 errors from 0 contexts (suppressed: 0 from 0)
</Value>
				</Measurement>
			</Results>
		</Test>
		<Test Status="passed">
			<Name>FunctorSimple.Word1</Name>
			<Path>./functor_tests</Path>
			<FullName>./functor_tests/FunctorSimple.Word1</FullName>
			<FullCommandLine>/usr/bin/valgrind "--tool=memcheck" "--leak-check=yes" "--trace-children=no" "/home/cs104/cs104/hw-nyilkhan/hw5/hw5_tests/functor_tests/functor_test" "--gtest_filter=FunctorSimple.Word1"</FullCommandLine>
			<Results>
				<NamedMeasurement type="numeric/double" name="Execution Time">
					<Value>0.689438</Value>
				</NamedMeasurement>
				<NamedMeasurement type="text/string" name="Completion Status">
					<Value>Completed</Value>
				</NamedMeasurement>
				<NamedMeasurement type="text/string" name="Command Line">
					<Value>/usr/bin/valgrind "--tool=memcheck" "--leak-check=yes" "--trace-children=no" "/home/cs104/cs104/hw-nyilkhan/hw5/hw5_tests/functor_tests/functor_test" "--gtest_filter=FunctorSimple.Word1"</Value>
				</NamedMeasurement>
				<Measurement>
					<Value>==19025== Memcheck, a memory error detector
==19025== Copyright (C) 2002-2017, and GNU GPL'd, by Julian Seward et al.
==19025== Using Valgrind-3.13.0 and LibVEX; rerun with -h for copyright info
==19025== Command: /home/cs104/cs104/hw-nyilkhan/hw5/hw5_tests/functor_tests/functor_test --gtest_filter=FunctorSimple.Word1
==19025== 
Running main() from gtest_main.cc
Note: Google Test filter = FunctorSimple.Word1
[==========] Running 1 test from 1 test case.
[----------] Global test environment set-up.
[----------] 1 test from FunctorSimple
[ RUN      ] FunctorSimple.Word1
[       OK ] FunctorSimple.Word1 (9 ms)
[----------] 1 test from FunctorSimple (15 ms total)

[----------] Global test environment tear-down
[==========] 1 test from 1 test case ran. (41 ms total)
[  PASSED  ] 1 test.
==19025== 
==19025== HEAP SUMMARY:
==19025==     in use at exit: 72,704 bytes in 1 blocks
==19025==   total heap usage: 336 allocs, 335 frees, 127,328 bytes allocated
==19025== 
==19025== LEAK SUMMARY:
==19025==    definitely lost: 0 bytes in 0 blocks
==19025==    indirectly lost: 0 bytes in 0 blocks
==19025==      possibly lost: 0 bytes in 0 blocks
==19025==    still reachable: 0 bytes in 0 blocks
==19025==         suppressed: 72,704 bytes in 1 blocks
==19025== 
==19025== For counts of detected and suppressed errors, rerun with: -v
==19025== ERROR SUMMARY: 0 errors from 0 contexts (suppressed: 0 from 0)
</Value>
				</Measurement>
			</Results>
		</Test>
		<Test Status="passed">
			<Name>FunctorSimple.Word2</Name>
			<Path>./functor_tests</Path>
			<FullName>./functor_tests/FunctorSimple.Word2</FullName>
			<FullCommandLine>/usr/bin/valgrind "--tool=memcheck" "--leak-check=yes" "--trace-children=no" "/home/cs104/cs104/hw-nyilkhan/hw5/hw5_tests/functor_tests/functor_test" "--gtest_filter=FunctorSimple.Word2"</FullCommandLine>
			<Results>
				<NamedMeasurement type="numeric/double" name="Execution Time">
					<Value>0.686331</Value>
				</NamedMeasurement>
				<NamedMeasurement type="text/string" name="Completion Status">
					<Value>Completed</Value>
				</NamedMeasurement>
				<NamedMeasurement type="text/string" name="Command Line">
					<Value>/usr/bin/valgrind "--tool=memcheck" "--leak-check=yes" "--trace-children=no" "/home/cs104/cs104/hw-nyilkhan/hw5/hw5_tests/functor_tests/functor_test" "--gtest_filter=FunctorSimple.Word2"</Value>
				</NamedMeasurement>
				<Measurement>
					<Value>==19026== Memcheck, a memory error detector
==19026== Copyright (C) 2002-2017, and GNU GPL'd, by Julian Seward et al.
==19026== Using Valgrind-3.13.0 and LibVEX; rerun with -h for copyright info
==19026== Command: /home/cs104/cs104/hw-nyilkhan/hw5/hw5_tests/functor_tests/functor_test --gtest_filter=FunctorSimple.Word2
==19026== 
Running main() from gtest_main.cc
Note: Google Test filter = FunctorSimple.Word2
[==========] Running 1 test from 1 test case.
[----------] Global test environment set-up.
[----------] 1 test from FunctorSimple
[ RUN      ] FunctorSimple.Word2
[       OK ] FunctorSimple.Word2 (10 ms)
[----------] 1 test from FunctorSimple (15 ms total)

[----------] Global test environment tear-down
[==========] 1 test from 1 test case ran. (42 ms total)
[  PASSED  ] 1 test.
==19026== 
==19026== HEAP SUMMARY:
==19026==     in use at exit: 72,704 bytes in 1 blocks
==19026==   total heap usage: 336 allocs, 335 frees, 127,328 bytes allocated
==19026== 
==19026== LEAK SUMMARY:
==19026==    definitely lost: 0 bytes in 0 blocks
==19026==    indirectly lost: 0 bytes in 0 blocks
==19026==      possibly lost: 0 bytes in 0 blocks
==19026==    still reachable: 0 bytes in 0 blocks
==19026==         suppressed: 72,704 bytes in 1 blocks
==19026== 
==19026== For counts of detected and suppressed errors, rerun with: -v
==19026== ERROR SUMMARY: 0 errors from 0 contexts (suppressed: 0 from 0)
</Value>
				</Measurement>
			</Results>
		</Test>
		<Test Status="passed">
			<Name>FunctorSimple.RepeatedCharacter</Name>
			<Path>./functor_tests</Path>
			<FullName>./functor_tests/FunctorSimple.RepeatedCharacter</FullName>
			<FullCommandLine>/usr/bin/valgrind "--tool=memcheck" "--leak-check=yes" "--trace-children=no" "/home/cs104/cs104/hw-nyilkhan/hw5/hw5_tests/functor_tests/functor_test" "--gtest_filter=FunctorSimple.RepeatedCharacter"</FullCommandLine>
			<Results>
				<NamedMeasurement type="numeric/double" name="Execution Time">
					<Value>0.686343</Value>
				</NamedMeasurement>
				<NamedMeasurement type="text/string" name="Completion Status">
					<Value>Completed</Value>
				</NamedMeasurement>
				<NamedMeasurement type="text/string" name="Command Line">
					<Value>/usr/bin/valgrind "--tool=memcheck" "--leak-check=yes" "--trace-children=no" "/home/cs104/cs104/hw-nyilkhan/hw5/hw5_tests/functor_tests/functor_test" "--gtest_filter=FunctorSimple.RepeatedCharacter"</Value>
				</NamedMeasurement>
				<Measurement>
					<Value>==19027== Memcheck, a memory error detector
==19027== Copyright (C) 2002-2017, and GNU GPL'd, by Julian Seward et al.
==19027== Using Valgrind-3.13.0 and LibVEX; rerun with -h for copyright info
==19027== Command: /home/cs104/cs104/hw-nyilkhan/hw5/hw5_tests/functor_tests/functor_test --gtest_filter=FunctorSimple.RepeatedCharacter
==19027== 
Running main() from gtest_main.cc
Note: Google Test filter = FunctorSimple.RepeatedCharacter
[==========] Running 1 test from 1 test case.
[----------] Global test environment set-up.
[----------] 1 test from FunctorSimple
[ RUN      ] FunctorSimple.RepeatedCharacter
[       OK ] FunctorSimple.RepeatedCharacter (9 ms)
[----------] 1 test from FunctorSimple (14 ms total)

[----------] Global test environment tear-down
[==========] 1 test from 1 test case ran. (40 ms total)
[  PASSED  ] 1 test.
==19027== 
==19027== HEAP SUMMARY:
==19027==     in use at exit: 72,704 bytes in 1 blocks
==19027==   total heap usage: 336 allocs, 335 frees, 127,427 bytes allocated
==19027== 
==19027== LEAK SUMMARY:
==19027==    definitely lost: 0 bytes in 0 blocks
==19027==    indirectly lost: 0 bytes in 0 blocks
==19027==      possibly lost: 0 bytes in 0 blocks
==19027==    still reachable: 0 bytes in 0 blocks
==19027==         suppressed: 72,704 bytes in 1 blocks
==19027== 
==19027== For counts of detected and suppressed errors, rerun with: -v
==19027== ERROR SUMMARY: 0 errors from 0 contexts (suppressed: 0 from 0)
</Value>
				</Measurement>
			</Results>
		</Test>
		<Test Status="passed">
			<Name>FunctorSimple.LongWord</Name>
			<Path>./functor_tests</Path>
			<FullName>./functor_tests/FunctorSimple.LongWord</FullName>
[...]
Testing with 2^12 (4096) elements (trial 1/40)[NON-XML-CHAR-0x8][NON-XML-CHAR-0x8][NON-XML-CHAR-0x8][NON-XML-CHAR-0x8][NON-XML-CHAR-0x8]2/40)[NON-XML-CHAR-0x8][NON-XML-CHAR-0x8][NON-XML-CHAR-0x8][NON-XML-CHAR-0x8][NON-XML-CHAR-0x8]3/40)[NON-XML-CHAR-0x8][NON-XML-CHAR-0x8][NON-XML-CHAR-0x8][NON-XML-CHAR-0x8][NON-XML-CHAR-0x8]4/40)[NON-XML-CHAR-0x8][NON-XML-CHAR-0x8][NON-XML-CHAR-0x8][NON-XML-CHAR-0x8][NON-XML-CHAR-0x8]5/40)[NON-XML-CHAR-0x8][NON-XML-CHAR-0x8][NON-XML-CHAR-0x8][NON-XML-CHAR-0x8][NON-XML-CHAR-0x8]6/40)[NON-XML-CHAR-0x8][NON-XML-CHAR-0x8][NON-XML-CHAR-0x8][NON-XML-CHAR-0x8][NON-XML-CHAR-0x8]7/40)[NON-XML-CHAR-0x8][NON-XML-CHAR-0x8][NON-XML-CHAR-0x8][NON-XML-CHAR-0x8][NON-XML-CHAR-0x8]8/40)[NON-XML-CHAR-0x8][NON-XML-CHAR-0x8][NON-XML-CHAR-0x8][NON-XML-CHAR-0x8][NON-XML-CHAR-0x8]9/40)[NON-XML-CHAR-0x8][NON-XML-CHAR-0x8][NON-XML-CHAR-0x8][NON-XML-CHAR-0x8][NON-XML-CHAR-0x8]10/40)[NON-XML-CHAR-0x8][NON-XML-CHAR-0x8][NON-XML-CHAR-0x8][NON-XML-CHAR-0x8][NON-XML-CHAR-0x8][NON-XML-CHAR-0x8]11/40)[NON-XML-CHAR-0x8][NON-XML-CHAR-0x8][NON-XML-CHAR-0x8][NON-XML-CHAR-0x8][NON-XML-CHAR-0x8][NON-XML-CHAR-0x8]12/40)[NON-XML-CHAR-0x8][NON-XML-CHAR-0x8][NON-XML-CHAR-0x8][NON-XML-CHAR-0x8][NON-XML-CHAR-0x8][NON-XML-CHAR-0x8]13/40)[NON-XML-CHAR-0x8][NON-XML-CHAR-0x8][NON-XML-CHAR-0x8][NON-XML-CHAR-0x8][NON-XML-CHAR-0x8][NON-XML-CHAR-0x8]14/40)[NON-XML-CHAR-0x8][NON-XML-CHAR-0x8][NON-XML-CHAR-0x8][NON-XML-CHAR-0x8][NON-XML-CHAR-0x8][NON-XML-CHAR-0x8]15/40)[NON-XML-CHAR-0x8][NON-XML-CHAR-0x8][NON-XML-CHAR-0x8][NON-XML-CHAR-0x8][NON-XML-CHAR-0x8][NON-XML-CHAR-0x8]16/40)[NON-XML-CHAR-0x8][NON-XML-CHAR-0x8][NON-XML-CHAR-0x8][NON-XML-CHAR-0x8][NON-XML-CHAR-0x8][NON-XML-CHAR-0x8]17/40)[NON-XML-CHAR-0x8][NON-XML-CHAR-0x8][NON-XML-CHAR-0x8][NON-XML-CHAR-0x8][NON-XML-CHAR-0x8][NON-XML-CHAR-0x8]18/40)[NON-XML-CHAR-0x8][NON-XML-CHAR-0x8][NON-XML-CHAR-0x8][NON-XML-CHAR-0x8][NON-XML-CHAR-0x8][NON-XML-CHAR-0x8]19/40)[NON-XML-CHAR-0x8][NON-XML-CHAR-0x8][NON-XML-CHAR-0x8][NON-XML-CHAR-0x8][NON-XML-CHAR-0x8][NON-XML-CHAR-0x8]20/40)[NON-XML-CHAR-0x8][NON-XML-CHAR-0x8][NON-XML-CHAR-0x8][NON-XML-CHAR-0x8][NON-XML-CHAR-0x8][NON-XML-CHAR-0x8]21/40)[NON-XML-CHAR-0x8][NON-XML-CHAR-0x8][NON-XML-CHAR-0x8][NON-XML-CHAR-0x8][NON-XML-CHAR-0x8][NON-XML-CHAR-0x8]22/40)[NON-XML-CHAR-0x8][NON-XML-CHAR-0x8][NON-XML-CHAR-0x8][NON-XML-CHAR-0x8][NON-XML-CHAR-0x8][NON-XML-CHAR-0x8]23/40)[NON-XML-CHAR-0x8][NON-XML-CHAR-0x8][NON-XML-CHAR-0x8][NON-XML-CHAR-0x8][NON-XML-CHAR-0x8][NON-XML-CHAR-0x8]24/40)[NON-XML-CHAR-0x8][NON-XML-CHAR-0x8][NON-XML-CHAR-0x8][NON-XML-CHAR-0x8][NON-XML-CHAR-0x8][NON-XML-CHAR-0x8]25/40)[NON-XML-CHAR-0x8][NON-XML-CHAR-0x8][NON-XML-CHAR-0x8][NON-XML-CHAR-0x8][NON-XML-CHAR-0x8][NON-XML-CHAR-0x8]26/40)[NON-XML-CHAR-0x8][NON-XML-CHAR-0x8][NON-XML-CHAR-0x8][NON-XML-CHAR-0x8][NON-XML-CHAR-0x8][NON-XML-CHAR-0x8]27/40)[NON-XML-CHAR-0x8][NON-XML-CHAR-0x8][NON-XML-CHAR-0x8][NON-XML-CHAR-0x8][NON-XML-CHAR-0x8][NON-XML-CHAR-0x8]28/40)[NON-XML-CHAR-0x8][NON-XML-CHAR-0x8][NON-XML-CHAR-0x8][NON-XML-CHAR-0x8][NON-XML-CHAR-0x8][NON-XML-CHAR-0x8]29/40)[NON-XML-CHAR-0x8][NON-XML-CHAR-0x8][NON-XML-CHAR-0x8][NON-XML-CHAR-0x8][NON-XML-CHAR-0x8][NON-XML-CHAR-0x8]30/40)[NON-XML-CHAR-0x8][NON-XML-CHAR-0x8][NON-XML-CHAR-0x8][NON-XML-CHAR-0x8][NON-XML-CHAR-0x8][NON-XML-CHAR-0x8]31/40)[NON-XML-CHAR-0x8][NON-XML-CHAR-0x8][NON-XML-CHAR-0x8][NON-XML-CHAR-0x8][NON-XML-CHAR-0x8][NON-XML-CHAR-0x8]32/40)[NON-XML-CHAR-0x8][NON-XML-CHAR-0x8][NON-XML-CHAR-0x8][NON-XML-CHAR-0x8][NON-XML-CHAR-0x8][NON-XML-CHAR-0x8]33/40)[NON-XML-CHAR-0x8][NON-XML-CHAR-0x8][NON-XML-CHAR-0x8][NON-XML-CHAR-0x8][NON-XML-CHAR-0x8][NON-XML-CHAR-0x8]34/40)[NON-XML-CHAR-0x8][NON-XML-CHAR-0x8][NON-XML-CHAR-0x8][NON-XML-CHAR-0x8][NON-XML-CHAR-0x8][NON-XML-CHAR-0x8]35/40)[NON-XML-CHAR-0x8][NON-XML-CHAR-0x8][NON-XML-CHAR-0x8][NON-XML-CHAR-0x8][NON-XML-CHAR-0x8][NON-XML-CHAR-0x8]36/40)[NON-XML-CHAR-0x8][NON-XML-CHAR-0x8][NON-XML-CHAR-0x8][NON-XML-CHAR-0x8][NON-XML-CHAR-0x8][NON-XML-CHAR-0x8]37/40)[NON-XML-CHAR-0x8][NON-XML-CHAR-0x8][NON-XML-CHAR-0x8][NON-XML-CHAR-0x8][NON-XML-CHAR-0x8][NON-XML-CHAR-0x8]38/40)[NON-XML-CHAR-0x8][NON-XML-CHAR-0x8][NON-XML-CHAR-0x8][NON-XML-CHAR-0x8][NON-XML-CHAR-0x8][NON-XML-CHAR-0x8]39/40)[NON-XML-CHAR-0x8][NON-XML-CHAR-0x8][NON-XML-CHAR-0x8][NON-XML-CHAR-0x8][NON-XML-CHAR-0x8][NON-XML-CHAR-0x8]40/40)
Testing with 2^13 (8192) elements (trial 1/40)[NON-XML-CHAR-0x8][NON-XML-CHAR-0x8][NON-XML-CHAR-0x8][NON-XML-CHAR-0x8][NON-XML-CHAR-0x8]2/40)[NON-XML-CHAR-0x8][NON-XML-CHAR-0x8][NON-XML-CHAR-0x8][NON-XML-CHAR-0x8][NON-XML-CHAR-0x8]3/40)[NON-XML-CHAR-0x8][NON-XML-CHAR-0x8][NON-XML-CHAR-0x8][NON-XML-CHAR-0x8][NON-XML-CHAR-0x8]4/40)[NON-XML-CHAR-0x8][NON-XML-CHAR-0x8][NON-XML-CHAR-0x8][NON-XML-CHAR-0x8][NON-XML-CHAR-0x8]5/40)[NON-XML-CHAR-0x8][NON-XML-CHAR-0x8][NON-XML-CHAR-0x8][NON-XML-CHAR-0x8][NON-XML-CHAR-0x8]6/40)[NON-XML-CHAR-0x8][NON-XML-CHAR-0x8][NON-XML-CHAR-0x8][NON-XML-CHAR-0x8][NON-XML-CHAR-0x8]7/40)[NON-XML-CHAR-0x8][NON-XML-CHAR-0x8][NON-XML-CHAR-0x8][NON-XML-CHAR-0x8][NON-XML-CHAR-0x8]8/40)[NON-XML-CHAR-0x8][NON-XML-CHAR-0x8][NON-XML-CHAR-0x8][NON-XML-CHAR-0x8][NON-XML-CHAR-0x8]9/40)[NON-XML-CHAR-0x8][NON-XML-CHAR-0x8][NON-XML-CHAR-0x8][NON-XML-CHAR-0x8][NON-XML-CHAR-0x8]10/40)[NON-XML-CHAR-0x8][NON-XML-CHAR-0x8][NON-XML-CHAR-0x8][NON-XML-CHAR-0x8][NON-XML-CHAR-0x8][NON-XML-CHAR-0x8]11/40)[NON-XML-CHAR-0x8][NON-XML-CHAR-0x8][NON-XML-CHAR-0x8][NON-XML-CHAR-0x8][NON-XML-CHAR-0x8][NON-XML-CHAR-0x8]12/40)[NON-XML-CHAR-0x8][NON-XML-CHAR-0x8][NON-XML-CHAR-0x8][NON-XML-CHAR-0x8][NON-XML-CHAR-0x8][NON-XML-CHAR-0x8]13/40)[NON-XML-CHAR-0x8][NON-XML-CHAR-0x8][NON-XML-CHAR-0x8][NON-XML-CHAR-0x8][NON-XML-CHAR-0x8][NON-XML-CHAR-0x8]14/40)[NON-XML-CHAR-0x8][NON-XML-CHAR-0x8][NON-XML-CHAR-0x8][NON-XML-CHAR-0x8][NON-XML-CHAR-0x8][NON-XML-CHAR-0x8]15/40)[NON-XML-CHAR-0x8][NON-XML-CHAR-0x8][NON-XML-CHAR-0x8][NON-XML-CHAR-0x8][NON-XML-CHAR-0x8][NON-XML-CHAR-0x8]16/40)[NON-XML-CHAR-0x8][NON-XML-CHAR-0x8][NON-XML-CHAR-0x8][NON-XML-CHAR-0x8][NON-XML-CHAR-0x8][NON-XML-CHAR-0x8]17/40)[NON-XML-CHAR-0x8][NON-XML-CHAR-0x8][NON-XML-CHAR-0x8][NON-XML-CHAR-0x8][NON-XML-CHAR-0x8][NON-XML-CHAR-0x8]18/40)[NON-XML-CHAR-0x8][NON-XML-CHAR-0x8][NON-XML-CHAR-0x8][NON-XML-CHAR-0x8][NON-XML-CHAR-0x8][NON-XML-CHAR-0x8]19/40)[NON-XML-CHAR-0x8][NON-XML-CHAR-0x8][NON-XML-CHAR-0x8][NON-XML-CHAR-0x8][NON-XML-CHAR-0x8][NON-XML-CHAR-0x8]20/40)[NON-XML-CHAR-0x8][NON-XML-CHAR-0x8][NON-XML-CHAR-0x8][NON-XML-CHAR-0x8][NON-XML-CHAR-0x8][NON-XML-CHAR-0x8]21/40)[NON-XML-CHAR-0x8][NON-XML-CHAR-0x8][NON-XML-CHAR-0x8][NON-XML-CHAR-0x8][NON-XML-CHAR-0x8][NON-XML-CHAR-0x8]22/40)[NON-XML-CHAR-0x8][NON-XML-CHAR-0x8][NON-XML-CHAR-0x8][NON-XML-CHAR-0x8][NON-XML-CHAR-0x8][NON-XML-CHAR-0x8]23/40)[NON-XML-CHAR-0x8][NON-XML-CHAR-0x8][NON-XML-CHAR-0x8][NON-XML-CHAR-0x8][NON-XML-CHAR-0x8][NON-XML-CHAR-0x8]24/40)[NON-XML-CHAR-0x8][NON-XML-CHAR-0x8][NON-XML-CHAR-0x8][NON-XML-CHAR-0x8][NON-XML-CHAR-0x8][NON-XML-CHAR-0x8]25/40)[NON-XML-CHAR-0x8][NON-XML-CHAR-0x8][NON-XML-CHAR-0x8][NON-XML-CHAR-0x8][NON-XML-CHAR-0x8][NON-XML-CHAR-0x8]26/40)[NON-XML-CHAR-0x8][NON-XML-CHAR-0x8][NON-XML-CHAR-0x8][NON-XML-CHAR-0x8][NON-XML-CHAR-0x8][NON-XML-CHAR-0x8]27/40)[NON-XML-CHAR-0x8][NON-XML-CHAR-0x8][NON-XML-CHAR-0x8][NON-XML-CHAR-0x8][NON-XML-CHAR-0x8][NON-XML-CHAR-0x8]28/40)[NON-XML-CHAR-0x8][NON-XML-CHAR-0x8][NON-XML-CHAR-0x8][NON-XML-CHAR-0x8][NON-XML-CHAR-0x8][NON-XML-CHAR-0x8]29/40)[NON-XML-CHAR-0x8][NON-XML-CHAR-0x8][NON-XML-CHAR-0x8][NON-XML-CHAR-0x8][NON-XML-CHAR-0x8][NON-XML-CHAR-0x8]30/40)[NON-XML-CHAR-0x8][NON-XML-CHAR-0x8][NON-XML-CHAR-0x8][NON-XML-CHAR-0x8][NON-XML-CHAR-0x8][NON-XML-CHAR-0x8]31/40)[NON-XML-CHAR-0x8][NON-XML-CHAR-0x8][NON-XML-CHAR-0x8][NON-XML-CHAR-0x8][NON-XML-CHAR-0x8][NON-XML-CHAR-0x8]32/40)[NON-XML-CHAR-0x8][NON-XML-CHAR-0x8][NON-XML-CHAR-0x8][NON-XML-CHAR-0x8][NON-XML-CHAR-0x8][NON-XML-CHAR-0x8]33/40)[NON-XML-CHAR-0x8][NON-XML-CHAR-0x8][NON-XML-CHAR-0x8][NON-XML-CHAR-0x8][NON-XML-CHAR-0x8][NON-XML-CHAR-0x8]34/40)[NON-XML-CHAR-0x8][NON-XML-CHAR-0x8][NON-XML-CHAR-0x8][NON-XML-CHAR-0x8][NON-XML-CHAR-0x8][NON-XML-CHAR-0x8]35/40)[NON-XML-CHAR-0x8][NON-XML-CHAR-0x8][NON-XML-CHAR-0x8][NON-XML-CHAR-0x8][NON-XML-CHAR-0x8][NON-XML-CHAR-0x8]36/40)[NON-XML-CHAR-0x8][NON-XML-CHAR-0x8][NON-XML-CHAR-0x8][NON-XML-CHAR-0x8][NON-XML-CHAR-0x8][NON-XML-CHAR-0x8]37/40)[NON-XML-CHAR-0x8][NON-XML-CHAR-0x8][NON-XML-CHAR-0x8][NON-XML-CHAR-0x8][NON-XML-CHAR-0x8][NON-XML-CHAR-0x8]38/40)[NON-XML-CHAR-0x8][NON-XML-CHAR-0x8][NON-XML-CHAR-0x8][NON-XML-CHAR-0x8][NON-XML-CHAR-0x8][NON-XML-CHAR-0x8]39/40)[NON-XML-CHAR-0x8][NON-XML-CHAR-0x8][NON-XML-CHAR-0x8][NON-XML-CHAR-0x8][NON-XML-CHAR-0x8][NON-XML-CHAR-0x8]40/40)
Testing with 2^14 (16384) elements (trial 1/40)[NON-XML-CHAR-0x8][NON-XML-CHAR-0x8][NON-XML-CHAR-0x8][NON-XML-CHAR-0x8][NON-XML-CHAR-0x8]2/40)[NON-XML-CHAR-0x8][NON-XML-CHAR-0x8][NON-XML-CHAR-0x8][NON-XML-CHAR-0x8][NON-XML-CHAR-0x8]3/40)[NON-XML-CHAR-0x8][NON-XML-CHAR-0x8][NON-XML-CHAR-0x8][NON-XML-CHAR-0x8][NON-XML-CHAR-0x8]4/40)[NON-XML-CHAR-0x8][NON-XML-CHAR-0x8][NON-XML-CHAR-0x8][NON-XML-CHAR-0x8][NON-XML-CHAR-0x8]5/40)[NON-XML-CHAR-0x8][NON-XML-CHAR-0x8][NON-XML-CHAR-0x8][NON-XML-CHAR-0x8][NON-XML-CHAR-0x8]6/40)[NON-XML-CHAR-0x8][NON-XML-CHAR-0x8][NON-XML-CHAR-0x8][NON-XML-CHAR-0x8][NON-XML-CHAR-0x8]7/40)[NON-XML-CHAR-0x8][NON-XML-CHAR-0x8][NON-XML-CHAR-0x8][NON-XML-CHAR-0x8][NON-XML-CHAR-0x8]8/40)[NON-XML-CHAR-0x8][NON-XML-CHAR-0x8][NON-XML-CHAR-0x8][NON-XML-CHAR-0x8][NON-XML-CHAR-0x8]9/40)[NON-XML-CHAR-0x8][NON-XML-CHAR-0x8][NON-XML-CHAR-0x8][NON-XML-CHAR-0x8][NON-XML-CHAR-0x8]10/40)[NON-XML-CHAR-0x8][NON-XML-CHAR-0x8][NON-XML-CHAR-0x8][NON-XML-CHAR-0x8][NON-XML-CHAR-0x8][NON-XML-CHAR-0x8]11/40)[NON-XML-CHAR-0x8][NON-XML-CHAR-0x8][NON-XML-CHAR-0x8][NON-XML-CHAR-0x8][NON-XML-CHAR-0x8][NON-XML-CHAR-0x8]12/40)[NON-XML-CHAR-0x8][NON-XML-CHAR-0x8][NON-XML-CHAR-0x8][NON-XML-CHAR-0x8][NON-XML-CHAR-0x8][NON-XML-CHAR-0x8]13/40)[NON-XML-CHAR-0x8][NON-XML-CHAR-0x8][NON-XML-CHAR-0x8][NON-XML-CHAR-0x8][NON-XML-CHAR-0x8][NON-XML-CHAR-0x8]14/40)[NON-XML-CHAR-0x8][NON-XML-CHAR-0x8][NON-XML-CHAR-0x8][NON-XML-CHAR-0x8][NON-XML-CHAR-0x8][NON-XML-CHAR-0x8]15/40)[NON-XML-CHAR-0x8][NON-XML-CHAR-0x8][NON-XML-CHAR-0x8][NON-XML-CHAR-0x8][NON-XML-CHAR-0x8][NON-XML-CHAR-0x8]16/40)[NON-XML-CHAR-0x8][NON-XML-CHAR-0x8][NON-XML-CHAR-0x8][NON-XML-CHAR-0x8][NON-XML-CHAR-0x8][NON-XML-CHAR-0x8]17/40)[NON-XML-CHAR-0x8][NON-XML-CHAR-0x8][NON-XML-CHAR-0x8][NON-XML-CHAR-0x8][NON-XML-CHAR-0x8][NON-XML-CHAR-0x8]18/40)[NON-XML-CHAR-0x8][NON-XML-CHAR-0x8][NON-XML-CHAR-0x8][NON-XML-CHAR-0x8][NON-XML-CHAR-0x8][NON-XML-CHAR-0x8]19/40)[NON-XML-CHAR-0x8][NON-XML-CHAR-0x8][NON-XML-CHAR-0x8][NON-XML-CHAR-0x8][NON-XML-CHAR-0x8][NON-XML-CHAR-0x8]20/40)[NON-XML-CHAR-0x8][NON-XML-CHAR-0x8][NON-XML-CHAR-0x8][NON-XML-CHAR-0x8][NON-XML-CHAR-0x8][NON-XML-CHAR-0x8]21/40)[NON-XML-CHAR-0x8][NON-XML-CHAR-0x8][NON-XML-CHAR-0x8][NON-XML-CHAR-0x8][NON-XML-CHAR-0x8][NON-XML-CHAR-0x8]22/40)[NON-XML-CHAR-0x8][NON-XML-CHAR-0x8][NON-XML-CHAR-0x8][NON-XML-CHAR-0x8][NON-XML-CHAR-0x8][NON-XML-CHAR-0x8]23/40)[NON-XML-CHAR-0x8][NON-XML-CHAR-0x8][NON-XML-CHAR-0x8][NON-XML-CHAR-0x8][NON-XML-CHAR-0x8][NON-XML-CHAR-0x8]24/40)[NON-XML-CHAR-0x8][NON-XML-CHAR-0x8][NON-XML-CHAR-0x8][NON-XML-CHAR-0x8][NON-XML-CHAR-0x8][NON-XML-CHAR-0x8]25/40)[NON-XML-CHAR-0x8][NON-XML-CHAR-0x8][NON-XML-CHAR-0x8][NON-XML-CHAR-0x8][NON-XML-CHAR-0x8][NON-XML-CHAR-0x8]26/40)[NON-XML-CHAR-0x8][NON-XML-CHAR-0x8][NON-XML-CHAR-0x8][NON-XML-CHAR-0x8][NON-XML-CHAR-0x8][NON-XML-CHAR-0x8]27/40)[NON-XML-CHAR-0x8][NON-XML-CHAR-0x8][NON-XML-CHAR-0x8][NON-XML-CHAR-0x8][NON-XML-CHAR-0x8][NON-XML-CHAR-0x8]28/40)[NON-XML-CHAR-0x8][NON-XML-CHAR-0x8][NON-XML-CHAR-0x8][NON-XML-CHAR-0x8][NON-XML-CHAR-0x8][NON-XML-CHAR-0x8]29/40)[NON-XML-CHAR-0x8][NON-XML-CHAR-0x8][NON-XML-CHAR-0x8][NON-XML-CHAR-0x8][NON-XML-CHAR-0x8][NON-XML-CHAR-0x8]30/40)[NON-XML-CHAR-0x8][NON-XML-CHAR-0x8][NON-XML-CHAR-0x8][NON-XML-CHAR-0x8][NON-XML-CHAR-0x8][NON-XML-CHAR-0x8]31/40)[NON-XML-CHAR-0x8][NON-XML-CHAR-0x8][NON-XML-CHAR-0x8][NON-XML-CHAR-0x8][NON-XML-CHAR-0x8][NON-XML-CHAR-0x8]32/40)[NON-XML-CHAR-0x8][NON-XML-CHAR-0x8][NON-XML-CHAR-0x8][NON-XML-CHAR-0x8][NON-XML-CHAR-0x8][NON-XML-CHAR-0x8]33/40)[NON-XML-CHAR-0x8][NON-XML-CHAR-0x8][NON-XML-CHAR-0x8][NON-XML-CHAR-0x8][NON-XML-CHAR-0x8][NON-XML-CHAR-0x8]34/40)[NON-XML-CHAR-0x8][NON-XML-CHAR-0x8][NON-XML-CHAR-0x8][NON-XML-CHAR-0x8][NON-XML-CHAR-0x8][NON-XML-CHAR-0x8]35/40)[NON-XML-CHAR-0x8][NON-XML-CHAR-0x8][NON-XML-CHAR-0x8][NON-XML-CHAR-0x8][NON-XML-CHAR-0x8][NON-XML-CHAR-0x8]36/40)[NON-XML-CHAR-0x8][NON-XML-CHAR-0x8][NON-XML-CHAR-0x8][NON-XML-CHAR-0x8][NON-XML-CHAR-0x8][NON-XML-CHAR-0x8]37/40)[NON-XML-CHAR-0x8][NON-XML-CHAR-0x8][NON-XML-CHAR-0x8][NON-XML-CHAR-0x8][NON-XML-CHAR-0x8][NON-XML-CHAR-0x8]38/40)[NON-XML-CHAR-0x8][NON-XML-CHAR-0x8][NON-XML-CHAR-0x8][NON-XML-CHAR-0x8][NON-XML-CHAR-0x8][NON-XML-CHAR-0x8]39/40)[NON-XML-CHAR-0x8][NON-XML-CHAR-0x8][NON-XML-CHAR-0x8][NON-XML-CHAR-0x8][NON-XML-CHAR-0x8][NON-XML-CHAR-0x8]40/40)
Testing with 2^15 (32768) elements (trial 1/40)[NON-XML-CHAR-0x8][NON-XML-CHAR-0x8][NON-XML-CHAR-0x8][NON-XML-CHAR-0x8][NON-XML-CHAR-0x8]2/40)[NON-XML-CHAR-0x8][NON-XML-CHAR-0x8][NON-XML-CHAR-0x8][NON-XML-CHAR-0x8][NON-XML-CHAR-0x8]3/40)[NON-XML-CHAR-0x8][NON-XML-CHAR-0x8][NON-XML-CHAR-0x8][NON-XML-CHAR-0x8][NON-XML-CHAR-0x8]4/40)[NON-XML-CHAR-0x8][NON-XML-CHAR-0x8][NON-XML-CHAR-0x8][NON-XML-CHAR-0x8][NON-XML-CHAR-0x8]5/40)[NON-XML-CHAR-0x8][NON-XML-CHAR-0x8][NON-XML-CHAR-0x8][NON-XML-CHAR-0x8][NON-XML-CHAR-0x8]6/40)[NON-XML-CHAR-0x8][NON-XML-CHAR-0x8][NON-XML-CHAR-0x8][NON-XML-CHAR-0x8][NON-XML-CHAR-0x8]7/40)[NON-XML-CHAR-0x8][NON-XML-CHAR-0x8][NON-XML-CHAR-0x8][NON-XML-CHAR-0x8][NON-XML-CHAR-0x8]8/40)[NON-XML-CHAR-0x8][NON-XML-CHAR-0x8][NON-XML-CHAR-0x8][NON-XML-CHAR-0x8][NON-XML-CHAR-0x8]9/40)[NON-XML-CHAR-0x8][NON-XML-CHAR-0x8][NON-XML-CHAR-0x8][NON-XML-CHAR-0x8][NON-XML-CHAR-0x8]10/40)[NON-XML-CHAR-0x8][NON-XML-CHAR-0x8][NON-XML-CHAR-0x8][NON-XML-CHAR-0x8][NON-XML-CHAR-0x8][NON-XML-CHAR-0x8]11/40)[NON-XML-CHAR-0x8][NON-XML-CHAR-0x8][NON-XML-CHAR-0x8][NON-XML-CHAR-0x8][NON-XML-CHAR-0x8][NON-XML-CHAR-0x8]12/40)[NON-XML-CHAR-0x8][NON-XML-CHAR-0x8][NON-XML-CHAR-0x8][NON-XML-CHAR-0x8][NON-XML-CHAR-0x8][NON-XML-CHAR-0x8]13/40)[NON-XML-CHAR-0x8][NON-XML-CHAR-0x8][NON-XML-CHAR-0x8][NON-XML-CHAR-0x8][NON-XML-CHAR-0x8][NON-XML-CHAR-0x8]14/40)[NON-XML-CHAR-0x8][NON-XML-CHAR-0x8][NON-XML-CHAR-0x8][NON-XML-CHAR-0x8][NON-XML-CHAR-0x8][NON-XML-CHAR-0x8]15/40)[NON-XML-CHAR-0x8][NON-XML-CHAR-0x8][NON-XML-CHAR-0x8][NON-XML-CHAR-0x8][NON-XML-CHAR-0x8][NON-XML-CHAR-0x8]16/40)[NON-XML-CHAR-0x8][NON-XML-CHAR-0x8][NON-XML-CHAR-0x8][NON-XML-CHAR-0x8][NON-XML-CHAR-0x8][NON-XML-CHAR-0x8]17/40)[NON-XML-CHAR-0x8][NON-XML-CHAR-0x8][NON-XML-CHAR-0x8][NON-XML-CHAR-0x8][NON-XML-CHAR-0x8][NON-XML-CHAR-0x8]18/40)[NON-XML-CHAR-0x8][NON-XML-CHAR-0x8][NON-XML-CHAR-0x8][NON-XML-CHAR-0x8][NON-XML-CHAR-0x8][NON-XML-CHAR-0x8]19/40)[NON-XML-CHAR-0x8][NON-XML-CHAR-0x8][NON-XML-CHAR-0x8][NON-XML-CHAR-0x8][NON-XML-CHAR-0x8][NON-XML-CHAR-0x8]20/40)[NON-XML-CHAR-0x8][NON-XML-CHAR-0x8][NON-XML-CHAR-0x8][NON-XML-CHAR-0x8][NON-XML-CHAR-0x8][NON-XML-CHAR-0x8]21/40)[NON-XML-CHAR-0x8][NON-XML-CHAR-0x8][NON-XML-CHAR-0x8][NON-XML-CHAR-0x8][NON-XML-CHAR-0x8][NON-XML-CHAR-0x8]22/40)[NON-XML-CHAR-0x8][NON-XML-CHAR-0x8][NON-XML-CHAR-0x8][NON-XML-CHAR-0x8][NON-XML-CHAR-0x8][NON-XML-CHAR-0x8]23/40)[NON-XML-CHAR-0x8][NON-XML-CHAR-0x8][NON-XML-CHAR-0x8][NON-XML-CHAR-0x8][NON-XML-CHAR-0x8][NON-XML-CHAR-0x8]24/40)[NON-XML-CHAR-0x8][NON-XML-CHAR-0x8][NON-XML-CHAR-0x8][NON-XML-CHAR-0x8][NON-XML-CHAR-0x8][NON-XML-CHAR-0x8]25/40)[NON-XML-CHAR-0x8][NON-XML-CHAR-0x8][NON-XML-CHAR-0x8][NON-XML-CHAR-0x8][NON-XML-CHAR-0x8][NON-XML-CHAR-0x8]26/40)[NON-XML-CHAR-0x8][NON-XML-CHAR-0x8][NON-XML-CHAR-0x8][NON-XML-CHAR-0x8][NON-XML-CHAR-0x8][NON-XML-CHAR-0x8]27/40)[NON-XML-CHAR-0x8][NON-XML-CHAR-0x8][NON-XML-CHAR-0x8][NON-XML-CHAR-0x8][NON-XML-CHAR-0x8][NON-XML-CHAR-0x8]28/40)[NON-XML-CHAR-0x8][NON-XML-CHAR-0x8][NON-XML-CHAR-0x8][NON-XML-CHAR-0x8][NON-XML-CHAR-0x8][NON-XML-CHAR-0x8]29/40)[NON-XML-CHAR-0x8][NON-XML-CHAR-0x8][NON-XML-CHAR-0x8][NON-XML-CHAR-0x8][NON-XML-CHAR-0x8][NON-XML-CHAR-0x8]30/40)[NON-XML-CHAR-0x8][NON-XML-CHAR-0x8][NON-XML-CHAR-0x8][NON-XML-CHAR-0x8][NON-XML-CHAR-0x8][NON-XML-CHAR-0x8]31/40)[NON-XML-CHAR-0x8][NON-XML-CHAR-0x8][NON-XML-CHAR-0x8][NON-XML-CHAR-0x8][NON-XML-CHAR-0x8][NON-XML-CHAR-0x8]32/40)[NON-XML-CHAR-0x8][NON-XML-CHAR-0x8][NON-XML-CHAR-0x8][NON-XML-CHAR-0x8][NON-XML-CHAR-0x8][NON-XML-CHAR-0x8]33/40)[NON-XML-CHAR-0x8][NON-XML-CHAR-0x8][NON-XML-CHAR-0x8][NON-XML-CHAR-0x8][NON-XML-CHAR-0x8][NON-XML-CHAR-0x8]34/40)[NON-XML-CHAR-0x8][NON-XML-CHAR-0x8][NON-XML-CHAR-0x8][NON-XML-CHAR-0x8][NON-XML-CHAR-0x8][NON-XML-CHAR-0x8]35/40)[NON-XML-CHAR-0x8][NON-XML-CHAR-0x8][NON-XML-CHAR-0x8][NON-XML-CHAR-0x8][NON-XML-CHAR-0x8][NON-XML-CHAR-0x8]36/40)[NON-XML-CHAR-0x8][NON-XML-CHAR-0x8][NON-XML-CHAR-0x8][NON-XML-CHAR-0x8][NON-XML-CHAR-0x8][NON-XML-CHAR-0x8]37/40)[NON-XML-CHAR-0x8][NON-XML-CHAR-0x8][NON-XML-CHAR-0x8][NON-XML-CHAR-0x8][NON-XML-CHAR-0x8][NON-XML-CHAR-0x8]38/40)[NON-XML-CHAR-0x8][NON-XML-CHAR-0x8][NON-XML-CHAR-0x8][NON-XML-CHAR-0x8][NON-XML-CHAR-0x8][NON-XML-CHAR-0x8]39/40)[NON-XML-CHAR-0x8][NON-XML-CHAR-0x8][NON-XML-CHAR-0x8][NON-XML-CHAR-0x8][NON-XML-CHAR-0x8][NON-XML-CHAR-0x8]40/40)
Testing if time complexity could be linear...
Correlation factor (2.7243) is &gt;= threshold (1.4000)
&gt;&gt; Time complexity of FatalistHypothesis() is likely linear
Testing if time complexity could be constant...
Correlation factor (-3.0832) is &lt; threshold (1.4000)
Testing if time complexity could be logarithmic...
Correlation factor (0.2715) is &lt; threshold (1.4000)
Testing if time complexity could be linearithmic...
Correlation factor (0.8988) is &lt; threshold (1.4000)
Testing if time complexity could be quadratic...
Correlation factor (1.1144) is &lt; threshold (1.4000)
Testing if time complexity could be cubic...
Correlation factor (0.6680) is &lt; threshold (1.4000)
[       OK ] FatalistRuntime.FatalistHypothesis (1903 ms)
[----------] 1 test from FatalistRuntime (1903 ms total)

[----------] Global test environment tear-down
[==========] 1 test from 1 test case ran. (1903 ms total)
[  PASSED  ] 1 test.
</Value>
				</Measurement>
			</Results>
		</Test>
		<EndDateTime>Nov 27 11:01 PST</EndDateTime>
		<EndTestTime>1543345260</EndTestTime>
		<ElapsedMinutes>0.9</ElapsedMinutes>
	</Testing>
</Site>
